#
# There is insufficient memory for the Java Runtime Environment to continue.
# Native memory allocation (malloc) failed to allocate 131088 bytes. Error detail: Chunk::new
# Possible reasons:
#   The system is out of physical RAM or swap space
#   This process is running with CompressedOops enabled, and the Java Heap may be blocking the growth of the native heap
# Possible solutions:
#   Reduce memory load on the system
#   Increase physical memory or swap space
#   Check if swap backing store is full
#   Decrease Java heap size (-Xmx/-Xms)
#   Decrease number of Java threads
#   Decrease Java thread stack sizes (-Xss)
#   Set larger code cache with -XX:ReservedCodeCacheSize=
#   JVM is running with Zero Based Compressed Oops mode in which the Java heap is
#     placed in the first 32GB address space. The Java Heap base address is the
#     maximum limit for the native heap growth. Please use -XX:HeapBaseMinAddress
#     to set the Java Heap base and to place the Java Heap above 32GB virtual address.
# This output file may be truncated or incomplete.
#
#  Out of Memory Error (arena.cpp:191), pid=9336, tid=6280
#
# JRE version: OpenJDK Runtime Environment Temurin-17.0.16+8 (17.0.16+8) (build 17.0.16+8)
# Java VM: OpenJDK 64-Bit Server VM Temurin-17.0.16+8 (17.0.16+8, mixed mode, sharing, tiered, compressed oops, compressed class ptrs, g1 gc, windows-amd64)
# No core dump will be written. Minidumps are not enabled by default on client versions of Windows
#

---------------  S U M M A R Y ------------

Command Line: org.jetbrains.kotlin.cli.jvm.K2JVMCompiler @E:\AI\cursor\ChatApp\app\whoxa-flutter-app\build\flutter_image_compress_common\20250920_7660393049369376547.compiler.options

Host: 13th Gen Intel(R) Core(TM) i5-13400F, 16 cores, 31G,  Windows 10 , 64 bit Build 19041 (10.0.19041.3636)
Time: Sat Sep 20 13:23:42 2025  Windows 10 , 64 bit Build 19041 (10.0.19041.3636) elapsed time: 10.405455 seconds (0d 0h 0m 10s)

---------------  T H R E A D  ---------------

Current thread (0x000002957fe78eb0):  JavaThread "C2 CompilerThread0" daemon [_thread_in_native, id=6280, stack(0x000000e3d8b00000,0x000000e3d8c00000)]


Current CompileTask:
C2:  10405 8232       4       org.jetbrains.kotlin.resolve.calls.util.PsiUtilsKt::getCalleeExpressionIfAny (104 bytes)

Stack: [0x000000e3d8b00000,0x000000e3d8c00000]
Native frames: (J=compiled Java code, j=interpreted, Vv=VM code, C=native code)
V  [jvm.dll+0x683169]
V  [jvm.dll+0x839ac8]
V  [jvm.dll+0x83b573]
V  [jvm.dll+0x83bbe3]
V  [jvm.dll+0x2473ff]
V  [jvm.dll+0xace94]
V  [jvm.dll+0xad52c]
V  [jvm.dll+0xacfa4]
V  [jvm.dll+0x6a88b5]
V  [jvm.dll+0x1a75e3]
V  [jvm.dll+0x6a6dc9]
V  [jvm.dll+0x2210c8]
V  [jvm.dll+0x219e5b]
V  [jvm.dll+0x21765b]
V  [jvm.dll+0x1a32a0]
V  [jvm.dll+0x227b3c]
V  [jvm.dll+0x225ccb]
V  [jvm.dll+0x7ef2d8]
V  [jvm.dll+0x7e979c]
V  [jvm.dll+0x682047]
C  [ucrtbase.dll+0x21bb2]
C  [KERNEL32.DLL+0x17344]
C  [ntdll.dll+0x526b1]


---------------  P R O C E S S  ---------------

Threads class SMR info:
_java_thread_list=0x0000029567838970, length=16, elements={
0x000002957051e5f0, 0x000002957fe567a0, 0x000002957fe57620, 0x000002957fe6f250,
0x000002957fe73e20, 0x000002957fe77800, 0x000002957fe781c0, 0x000002957fe78eb0,
0x000002957fe798b0, 0x000002957fe8e520, 0x000002951fbb6230, 0x000002951fbcbc60,
0x000002951fbcd0a0, 0x000002951fddcc80, 0x000002951fddd560, 0x00000295693d6af0
}

Java Threads: ( => current thread )
  0x000002957051e5f0 JavaThread "main" [_thread_in_Java, id=17632, stack(0x000000e3d7e00000,0x000000e3d7f00000)]
  0x000002957fe567a0 JavaThread "Reference Handler" daemon [_thread_blocked, id=14484, stack(0x000000e3d8500000,0x000000e3d8600000)]
  0x000002957fe57620 JavaThread "Finalizer" daemon [_thread_blocked, id=9928, stack(0x000000e3d8600000,0x000000e3d8700000)]
  0x000002957fe6f250 JavaThread "Signal Dispatcher" daemon [_thread_blocked, id=15192, stack(0x000000e3d8700000,0x000000e3d8800000)]
  0x000002957fe73e20 JavaThread "Attach Listener" daemon [_thread_blocked, id=17440, stack(0x000000e3d8800000,0x000000e3d8900000)]
  0x000002957fe77800 JavaThread "Service Thread" daemon [_thread_blocked, id=11920, stack(0x000000e3d8900000,0x000000e3d8a00000)]
  0x000002957fe781c0 JavaThread "Monitor Deflation Thread" daemon [_thread_blocked, id=5452, stack(0x000000e3d8a00000,0x000000e3d8b00000)]
=>0x000002957fe78eb0 JavaThread "C2 CompilerThread0" daemon [_thread_in_native, id=6280, stack(0x000000e3d8b00000,0x000000e3d8c00000)]
  0x000002957fe798b0 JavaThread "C1 CompilerThread0" daemon [_thread_blocked, id=25692, stack(0x000000e3d8c00000,0x000000e3d8d00000)]
  0x000002957fe8e520 JavaThread "Sweeper thread" daemon [_thread_blocked, id=19232, stack(0x000000e3d8d00000,0x000000e3d8e00000)]
  0x000002951fbb6230 JavaThread "C1 CompilerThread1" daemon [_thread_blocked, id=14272, stack(0x000000e3d8e00000,0x000000e3d8f00000)]
  0x000002951fbcbc60 JavaThread "Notification Thread" daemon [_thread_blocked, id=33836, stack(0x000000e3d8f00000,0x000000e3d9000000)]
  0x000002951fbcd0a0 JavaThread "Common-Cleaner" daemon [_thread_blocked, id=34032, stack(0x000000e3d9100000,0x000000e3d9200000)]
  0x000002951fddcc80 JavaThread "C1 CompilerThread2" daemon [_thread_in_native, id=29972, stack(0x000000e3d9300000,0x000000e3d9400000)]
  0x000002951fddd560 JavaThread "C1 CompilerThread3" daemon [_thread_blocked, id=15380, stack(0x000000e3d9400000,0x000000e3d9500000)]
  0x00000295693d6af0 JavaThread "C2 CompilerThread1" daemon [_thread_in_native, id=29960, stack(0x000000e3d9200000,0x000000e3d9300000)]

Other Threads:
  0x000002957fe4e830 VMThread "VM Thread" [stack: 0x000000e3d8400000,0x000000e3d8500000] [id=31928]
  0x000002951fbce7e0 WatcherThread [stack: 0x000000e3d9000000,0x000000e3d9100000] [id=31428]
  0x00000295727a9040 GCTaskThread "GC Thread#0" [stack: 0x000000e3d7f00000,0x000000e3d8000000] [id=5652]
  0x000002956530faf0 GCTaskThread "GC Thread#1" [stack: 0x000000e3d9500000,0x000000e3d9600000] [id=4192]
  0x000002956530fdb0 GCTaskThread "GC Thread#2" [stack: 0x000000e3d9600000,0x000000e3d9700000] [id=27936]
  0x0000029565310070 GCTaskThread "GC Thread#3" [stack: 0x000000e3d9700000,0x000000e3d9800000] [id=23896]
  0x00000295653017d0 GCTaskThread "GC Thread#4" [stack: 0x000000e3d9800000,0x000000e3d9900000] [id=16444]
  0x0000029565301a90 GCTaskThread "GC Thread#5" [stack: 0x000000e3d9900000,0x000000e3d9a00000] [id=24888]
  0x0000029565301d50 GCTaskThread "GC Thread#6" [stack: 0x000000e3d9a00000,0x000000e3d9b00000] [id=21068]
  0x000002956538f040 GCTaskThread "GC Thread#7" [stack: 0x000000e3d9b00000,0x000000e3d9c00000] [id=32448]
  0x000002956538f300 GCTaskThread "GC Thread#8" [stack: 0x000000e3d9c00000,0x000000e3d9d00000] [id=29136]
  0x00000295653935d0 GCTaskThread "GC Thread#9" [stack: 0x000000e3d9d00000,0x000000e3d9e00000] [id=26112]
  0x0000029565395ca0 GCTaskThread "GC Thread#10" [stack: 0x000000e3d9e00000,0x000000e3d9f00000] [id=9524]
  0x0000029565347fb0 GCTaskThread "GC Thread#11" [stack: 0x000000e3d9f00000,0x000000e3da000000] [id=23564]
  0x00000295655ab3a0 GCTaskThread "GC Thread#12" [stack: 0x000000e3da100000,0x000000e3da200000] [id=26916]
  0x00000295727b9e10 ConcurrentGCThread "G1 Main Marker" [stack: 0x000000e3d8000000,0x000000e3d8100000] [id=17068]
  0x00000295727bafd0 ConcurrentGCThread "G1 Conc#0" [stack: 0x000000e3d8100000,0x000000e3d8200000] [id=22512]
  0x00000295655ab920 ConcurrentGCThread "G1 Conc#1" [stack: 0x000000e3da400000,0x000000e3da500000] [id=17520]
  0x00000295655abbe0 ConcurrentGCThread "G1 Conc#2" [stack: 0x000000e3da500000,0x000000e3da600000] [id=32248]
  0x000002957fd860d0 ConcurrentGCThread "G1 Refine#0" [stack: 0x000000e3d8200000,0x000000e3d8300000] [id=9636]
  0x000002956658be40 ConcurrentGCThread "G1 Refine#1" [stack: 0x000000e3da200000,0x000000e3da300000] [id=6548]
  0x000002956658e940 ConcurrentGCThread "G1 Refine#2" [stack: 0x000000e3da300000,0x000000e3da400000] [id=31288]
  0x000002957fd86b00 ConcurrentGCThread "G1 Service" [stack: 0x000000e3d8300000,0x000000e3d8400000] [id=11112]

Threads with active compile tasks:
C2 CompilerThread0    10418 8232       4       org.jetbrains.kotlin.resolve.calls.util.PsiUtilsKt::getCalleeExpressionIfAny (104 bytes)
C1 CompilerThread2    10418 8377       3       org.jetbrains.kotlin.cfg.pseudocode.instructions.eval.ReadValueInstruction::accept (12 bytes)
C2 CompilerThread1    10418 8347       4       org.jetbrains.kotlin.util.slicedMap.SlicedMapImpl::put (187 bytes)

VM state: not at safepoint (normal execution)

VM Mutex/Monitor currently owned by a thread: None

Heap address: 0x0000000603000000, size: 8144 MB, Compressed Oops mode: Zero based, Oop shift amount: 3

CDS archive(s) mapped at: [0x0000029520000000-0x0000029520bb0000-0x0000029520bb0000), size 12255232, SharedBaseAddress: 0x0000029520000000, ArchiveRelocationMode: 1.
Compressed class space mapped at: 0x0000029521000000-0x0000029561000000, reserved size: 1073741824
Narrow klass base: 0x0000029520000000, Narrow klass shift: 0, Narrow klass range: 0x100000000

GC Precious Log:
 CPUs: 16 total, 16 available
 Memory: 32561M
 Large Page Support: Disabled
 NUMA Support: Disabled
 Compressed Oops: Enabled (Zero based)
 Heap Region Size: 4M
 Heap Min Capacity: 8M
 Heap Initial Capacity: 512M
 Heap Max Capacity: 8144M
 Pre-touch: Disabled
 Parallel Workers: 13
 Concurrent Workers: 3
 Concurrent Refinement Workers: 13
 Periodic GC: Disabled

Heap:
 garbage-first heap   total 139264K, used 49870K [0x0000000603000000, 0x0000000800000000)
  region size 4096K, 6 young (24576K), 1 survivors (4096K)
 Metaspace       used 50872K, committed 51072K, reserved 1114112K
  class space    used 5896K, committed 6016K, reserved 1048576K

Heap Regions: E=young(eden), S=young(survivor), O=old, HS=humongous(starts), HC=humongous(continues), CS=collection set, F=free, OA=open archive, CA=closed archive, TAMS=top-at-mark-start (previous, next)
|   0|0x0000000603000000, 0x0000000603400000, 0x0000000603400000|100%|HS|  |TAMS 0x0000000603400000, 0x0000000603000000| Complete 
|   1|0x0000000603400000, 0x0000000603800000, 0x0000000603800000|100%| O|  |TAMS 0x0000000603800000, 0x0000000603400000| Untracked 
|   2|0x0000000603800000, 0x0000000603c00000, 0x0000000603c00000|100%| O|  |TAMS 0x0000000603c00000, 0x0000000603800000| Untracked 
|   3|0x0000000603c00000, 0x0000000604000000, 0x0000000604000000|100%| O|  |TAMS 0x0000000604000000, 0x0000000603c00000| Untracked 
|   4|0x0000000604000000, 0x0000000604400000, 0x0000000604400000|100%| O|  |TAMS 0x0000000604400000, 0x0000000604000000| Untracked 
|   5|0x0000000604400000, 0x0000000604800000, 0x0000000604800000|100%| O|  |TAMS 0x0000000604800000, 0x0000000604400000| Untracked 
|   6|0x0000000604800000, 0x0000000604c00000, 0x0000000604c00000|100%| O|  |TAMS 0x0000000604c00000, 0x0000000604800000| Untracked 
|   7|0x0000000604c00000, 0x0000000604f87200, 0x0000000605000000| 88%| O|  |TAMS 0x0000000604c49600, 0x0000000604c00000| Untracked 
|   8|0x0000000605000000, 0x0000000605000000, 0x0000000605400000|  0%| F|  |TAMS 0x0000000605000000, 0x0000000605000000| Untracked 
|   9|0x0000000605400000, 0x0000000605400000, 0x0000000605800000|  0%| F|  |TAMS 0x0000000605400000, 0x0000000605400000| Untracked 
|  10|0x0000000605800000, 0x0000000605800000, 0x0000000605c00000|  0%| F|  |TAMS 0x0000000605800000, 0x0000000605800000| Untracked 
|  11|0x0000000605c00000, 0x0000000605c00000, 0x0000000606000000|  0%| F|  |TAMS 0x0000000605c00000, 0x0000000605c00000| Untracked 
|  12|0x0000000606000000, 0x000000060612c9c0, 0x0000000606400000| 29%| S|CS|TAMS 0x0000000606000000, 0x0000000606000000| Complete 
|  13|0x0000000606400000, 0x0000000606400000, 0x0000000606800000|  0%| F|  |TAMS 0x0000000606400000, 0x0000000606400000| Untracked 
|  14|0x0000000606800000, 0x0000000606800000, 0x0000000606c00000|  0%| F|  |TAMS 0x0000000606800000, 0x0000000606800000| Untracked 
|  15|0x0000000606c00000, 0x0000000606c00000, 0x0000000607000000|  0%| F|  |TAMS 0x0000000606c00000, 0x0000000606c00000| Untracked 
|  16|0x0000000607000000, 0x0000000607000000, 0x0000000607400000|  0%| F|  |TAMS 0x0000000607000000, 0x0000000607000000| Untracked 
|  17|0x0000000607400000, 0x0000000607400000, 0x0000000607800000|  0%| F|  |TAMS 0x0000000607400000, 0x0000000607400000| Untracked 
|  18|0x0000000607800000, 0x0000000607800000, 0x0000000607c00000|  0%| F|  |TAMS 0x0000000607800000, 0x0000000607800000| Untracked 
|  19|0x0000000607c00000, 0x0000000607c00000, 0x0000000608000000|  0%| F|  |TAMS 0x0000000607c00000, 0x0000000607c00000| Untracked 
|  20|0x0000000608000000, 0x0000000608000000, 0x0000000608400000|  0%| F|  |TAMS 0x0000000608000000, 0x0000000608000000| Untracked 
|  21|0x0000000608400000, 0x0000000608400000, 0x0000000608800000|  0%| F|  |TAMS 0x0000000608400000, 0x0000000608400000| Untracked 
|  22|0x0000000608800000, 0x0000000608800000, 0x0000000608c00000|  0%| F|  |TAMS 0x0000000608800000, 0x0000000608800000| Untracked 
|  23|0x0000000608c00000, 0x0000000608c00000, 0x0000000609000000|  0%| F|  |TAMS 0x0000000608c00000, 0x0000000608c00000| Untracked 
|  24|0x0000000609000000, 0x0000000609000000, 0x0000000609400000|  0%| F|  |TAMS 0x0000000609000000, 0x0000000609000000| Untracked 
|  25|0x0000000609400000, 0x0000000609400000, 0x0000000609800000|  0%| F|  |TAMS 0x0000000609400000, 0x0000000609400000| Untracked 
|  26|0x0000000609800000, 0x0000000609800000, 0x0000000609c00000|  0%| F|  |TAMS 0x0000000609800000, 0x0000000609800000| Untracked 
|  27|0x0000000609c00000, 0x0000000609c00000, 0x000000060a000000|  0%| F|  |TAMS 0x0000000609c00000, 0x0000000609c00000| Untracked 
|  28|0x000000060a000000, 0x000000060a000000, 0x000000060a400000|  0%| F|  |TAMS 0x000000060a000000, 0x000000060a000000| Untracked 
|  29|0x000000060a400000, 0x000000060a800000, 0x000000060a800000|100%| E|  |TAMS 0x000000060a400000, 0x000000060a400000| Complete 
|  30|0x000000060a800000, 0x000000060ac00000, 0x000000060ac00000|100%| E|CS|TAMS 0x000000060a800000, 0x000000060a800000| Complete 
|  31|0x000000060ac00000, 0x000000060b000000, 0x000000060b000000|100%| E|CS|TAMS 0x000000060ac00000, 0x000000060ac00000| Complete 
|  32|0x000000060b000000, 0x000000060b400000, 0x000000060b400000|100%| E|CS|TAMS 0x000000060b000000, 0x000000060b000000| Complete 
| 127|0x0000000622c00000, 0x0000000623000000, 0x0000000623000000|100%| E|CS|TAMS 0x0000000622c00000, 0x0000000622c00000| Complete 

Card table byte_map: [0x000002957bae0000,0x000002957cad0000] _byte_map_base: 0x0000029578ac8000

Marking Bits (Prev, Next): (CMBitMap*) 0x00000295727a96a0, (CMBitMap*) 0x00000295727a9660
 Prev Bits: [0x0000029516f40000, 0x000002951ee80000)
 Next Bits: [0x000002950f000000, 0x0000029516f40000)

Polling page: 0x0000029571ec0000

Metaspace:

Usage:
  Non-class:     43.92 MB used.
      Class:      5.76 MB used.
       Both:     49.68 MB used.

Virtual space:
  Non-class space:       64.00 MB reserved,      44.06 MB ( 69%) committed,  1 nodes.
      Class space:        1.00 GB reserved,       5.88 MB ( <1%) committed,  1 nodes.
             Both:        1.06 GB reserved,      49.94 MB (  5%) committed. 

Chunk freelists:
   Non-Class:  2.86 MB
       Class:  10.14 MB
        Both:  13.00 MB

MaxMetaspaceSize: unlimited
CompressedClassSpaceSize: 1.00 GB
Initial GC threshold: 21.00 MB
Current GC threshold: 80.62 MB
CDS: on
MetaspaceReclaimPolicy: balanced
 - commit_granule_bytes: 65536.
 - commit_granule_words: 8192.
 - virtual_space_node_default_size: 8388608.
 - enlarge_chunks_in_place: 1.
 - new_chunks_are_fully_committed: 0.
 - uncommit_free_chunks: 1.
 - use_allocation_guard: 0.
 - handle_deallocations: 1.


Internal statistics:

num_allocs_failed_limit: 6.
num_arena_births: 252.
num_arena_deaths: 0.
num_vsnodes_births: 2.
num_vsnodes_deaths: 0.
num_space_committed: 797.
num_space_uncommitted: 0.
num_chunks_returned_to_freelist: 6.
num_chunks_taken_from_freelist: 2079.
num_chunk_merges: 6.
num_chunk_splits: 1656.
num_chunks_enlarged: 1462.
num_inconsistent_stats: 0.

CodeHeap 'non-profiled nmethods': size=119168Kb used=4073Kb max_used=4073Kb free=115094Kb
 bounds [0x0000029507ba0000, 0x0000029507fa0000, 0x000002950f000000]
CodeHeap 'profiled nmethods': size=119104Kb used=23540Kb max_used=23540Kb free=95563Kb
 bounds [0x0000029500000000, 0x0000029501700000, 0x0000029507450000]
CodeHeap 'non-nmethods': size=7488Kb used=2989Kb max_used=3048Kb free=4498Kb
 bounds [0x0000029507450000, 0x0000029507750000, 0x0000029507ba0000]
 total_blobs=8195 nmethods=7587 adapters=515
 compilation: enabled
              stopped_count=0, restarted_count=0
 full_count=0

Compilation events (20 events):
Event: 10.403 Thread 0x000002957fe798b0 8357       3       org.jetbrains.kotlin.cfg.pseudocode.instructions.eval.AccessTarget::<init> (5 bytes)
Event: 10.403 Thread 0x000002951fbb6230 nmethod 8356 0x00000295016def10 code [0x00000295016df0c0, 0x00000295016df278]
Event: 10.403 Thread 0x000002957fe798b0 nmethod 8357 0x00000295016df390 code [0x00000295016df540, 0x00000295016df698]
Event: 10.403 Thread 0x000002951fddcc80 8359       1       org.jetbrains.kotlin.cfg.BreakableBlockInfo::getReferablePoints (5 bytes)
Event: 10.403 Thread 0x000002951fddd560 nmethod 8358 0x00000295016df790 code [0x00000295016df960, 0x00000295016dfcb8]
Event: 10.403 Thread 0x000002951fbb6230 8360       3       org.jetbrains.kotlin.com.intellij.util.SmartFMap::entrySet (147 bytes)
Event: 10.403 Thread 0x000002951fddcc80 nmethod 8359 0x0000029507f99a10 code [0x0000029507f99ba0, 0x0000029507f99c78]
Event: 10.403 Thread 0x000002951fddcc80 8361       3       org.jetbrains.kotlin.com.intellij.util.SmartFMap::plus (25 bytes)
Event: 10.403 Thread 0x000002951fddd560 8362       3       org.jetbrains.kotlin.com.intellij.util.SmartFMap::<init> (10 bytes)
Event: 10.403 Thread 0x000002957fe798b0 8363       3       org.jetbrains.kotlin.com.intellij.util.SmartFMap::doPlus (172 bytes)
Event: 10.404 Thread 0x000002951fddd560 nmethod 8362 0x00000295016dfd90 code [0x00000295016dff40, 0x00000295016e00f8]
Event: 10.404 Thread 0x000002951fddd560 8364       3       java.util.ArrayList$ListItr::hasPrevious (13 bytes)
Event: 10.404 Thread 0x000002951fddcc80 nmethod 8361 0x00000295016e0190 code [0x00000295016e0360, 0x00000295016e06b8]
Event: 10.404 Thread 0x000002951fddcc80 8365       1       org.jetbrains.kotlin.cfg.pseudocode.PseudocodeLabel::getTargetInstructionIndex (5 bytes)
Event: 10.404 Thread 0x000002951fddcc80 nmethod 8365 0x0000029507f99d10 code [0x0000029507f99ea0, 0x0000029507f99f78]
Event: 10.404 Thread 0x000002951fddd560 nmethod 8364 0x00000295016e0810 code [0x00000295016e09a0, 0x00000295016e0af8]
Event: 10.404 Thread 0x000002951fddcc80 8366       3       org.jetbrains.kotlin.cfg.pseudocode.instructions.InstructionImpl::outgoingEdgeTo (28 bytes)
Event: 10.404 Thread 0x000002951fddcc80 nmethod 8366 0x00000295016e0b90 code [0x00000295016e0d40, 0x00000295016e1148]
Event: 10.404 Thread 0x000002957fe798b0 nmethod 8363 0x00000295016e1290 code [0x00000295016e1580, 0x00000295016e2b28]
Event: 10.404 Thread 0x000002951fbb6230 nmethod 8360 0x00000295016e3090 code [0x00000295016e3440, 0x00000295016e53a8]

GC Heap History (20 events):
Event: 1.695 GC heap before
{Heap before GC invocations=2 (full 0):
 garbage-first heap   total 524288K, used 45710K [0x0000000603000000, 0x0000000800000000)
  region size 4096K, 11 young (45056K), 1 survivors (4096K)
 Metaspace       used 21361K, committed 21504K, reserved 1114112K
  class space    used 2889K, committed 2944K, reserved 1048576K
}
Event: 1.698 GC heap after
{Heap after GC invocations=3 (full 0):
 garbage-first heap   total 524288K, used 13673K [0x0000000603000000, 0x0000000800000000)
  region size 4096K, 2 young (8192K), 2 survivors (8192K)
 Metaspace       used 21361K, committed 21504K, reserved 1114112K
  class space    used 2889K, committed 2944K, reserved 1048576K
}
Event: 2.153 GC heap before
{Heap before GC invocations=4 (full 0):
 garbage-first heap   total 69632K, used 46441K [0x0000000603000000, 0x0000000800000000)
  region size 4096K, 10 young (40960K), 2 survivors (8192K)
 Metaspace       used 27205K, committed 27392K, reserved 1114112K
  class space    used 3444K, committed 3520K, reserved 1048576K
}
Event: 2.157 GC heap after
{Heap after GC invocations=5 (full 0):
 garbage-first heap   total 69632K, used 16859K [0x0000000603000000, 0x0000000800000000)
  region size 4096K, 1 young (4096K), 1 survivors (4096K)
 Metaspace       used 27205K, committed 27392K, reserved 1114112K
  class space    used 3444K, committed 3520K, reserved 1048576K
}
Event: 2.241 GC heap before
{Heap before GC invocations=5 (full 0):
 garbage-first heap   total 69632K, used 20955K [0x0000000603000000, 0x0000000800000000)
  region size 4096K, 2 young (8192K), 1 survivors (4096K)
 Metaspace       used 28345K, committed 28480K, reserved 1114112K
  class space    used 3573K, committed 3648K, reserved 1048576K
}
Event: 2.246 GC heap after
{Heap after GC invocations=6 (full 0):
 garbage-first heap   total 69632K, used 17274K [0x0000000603000000, 0x0000000800000000)
  region size 4096K, 1 young (4096K), 1 survivors (4096K)
 Metaspace       used 28345K, committed 28480K, reserved 1114112K
  class space    used 3573K, committed 3648K, reserved 1048576K
}
Event: 3.181 GC heap before
{Heap before GC invocations=6 (full 0):
 garbage-first heap   total 69632K, used 41850K [0x0000000603000000, 0x0000000800000000)
  region size 4096K, 7 young (28672K), 1 survivors (4096K)
 Metaspace       used 33995K, committed 34240K, reserved 1114112K
  class space    used 4212K, committed 4352K, reserved 1048576K
}
Event: 3.186 GC heap after
{Heap after GC invocations=7 (full 0):
 garbage-first heap   total 69632K, used 21021K [0x0000000603000000, 0x0000000800000000)
  region size 4096K, 1 young (4096K), 1 survivors (4096K)
 Metaspace       used 33995K, committed 34240K, reserved 1114112K
  class space    used 4212K, committed 4352K, reserved 1048576K
}
Event: 3.709 GC heap before
{Heap before GC invocations=7 (full 0):
 garbage-first heap   total 69632K, used 45597K [0x0000000603000000, 0x0000000800000000)
  region size 4096K, 7 young (28672K), 1 survivors (4096K)
 Metaspace       used 35706K, committed 35968K, reserved 1114112K
  class space    used 4364K, committed 4480K, reserved 1048576K
}
Event: 3.717 GC heap after
{Heap after GC invocations=8 (full 0):
 garbage-first heap   total 69632K, used 23087K [0x0000000603000000, 0x0000000800000000)
  region size 4096K, 1 young (4096K), 1 survivors (4096K)
 Metaspace       used 35706K, committed 35968K, reserved 1114112K
  class space    used 4364K, committed 4480K, reserved 1048576K
}
Event: 4.062 GC heap before
{Heap before GC invocations=8 (full 0):
 garbage-first heap   total 69632K, used 39471K [0x0000000603000000, 0x0000000800000000)
  region size 4096K, 6 young (24576K), 1 survivors (4096K)
 Metaspace       used 35896K, committed 36096K, reserved 1114112K
  class space    used 4382K, committed 4480K, reserved 1048576K
}
Event: 4.067 GC heap after
{Heap after GC invocations=9 (full 0):
 garbage-first heap   total 69632K, used 23783K [0x0000000603000000, 0x0000000800000000)
  region size 4096K, 1 young (4096K), 1 survivors (4096K)
 Metaspace       used 35896K, committed 36096K, reserved 1114112K
  class space    used 4382K, committed 4480K, reserved 1048576K
}
Event: 5.413 GC heap before
{Heap before GC invocations=10 (full 0):
 garbage-first heap   total 69632K, used 48359K [0x0000000603000000, 0x0000000800000000)
  region size 4096K, 7 young (28672K), 1 survivors (4096K)
 Metaspace       used 40673K, committed 40896K, reserved 1114112K
  class space    used 4940K, committed 5056K, reserved 1048576K
}
Event: 5.422 GC heap after
{Heap after GC invocations=11 (full 0):
 garbage-first heap   total 69632K, used 26877K [0x0000000603000000, 0x0000000800000000)
  region size 4096K, 1 young (4096K), 1 survivors (4096K)
 Metaspace       used 40673K, committed 40896K, reserved 1114112K
  class space    used 4940K, committed 5056K, reserved 1048576K
}
Event: 7.853 GC heap before
{Heap before GC invocations=11 (full 0):
 garbage-first heap   total 69632K, used 47357K [0x0000000603000000, 0x0000000800000000)
  region size 4096K, 6 young (24576K), 1 survivors (4096K)
 Metaspace       used 44139K, committed 44416K, reserved 1114112K
  class space    used 5120K, committed 5248K, reserved 1048576K
}
Event: 7.866 GC heap after
{Heap after GC invocations=12 (full 0):
 garbage-first heap   total 69632K, used 29316K [0x0000000603000000, 0x0000000800000000)
  region size 4096K, 1 young (4096K), 1 survivors (4096K)
 Metaspace       used 44139K, committed 44416K, reserved 1114112K
  class space    used 5120K, committed 5248K, reserved 1048576K
}
Event: 8.270 GC heap before
{Heap before GC invocations=12 (full 0):
 garbage-first heap   total 69632K, used 49796K [0x0000000603000000, 0x0000000800000000)
  region size 4096K, 6 young (24576K), 1 survivors (4096K)
 Metaspace       used 44675K, committed 44928K, reserved 1114112K
  class space    used 5132K, committed 5248K, reserved 1048576K
}
Event: 8.282 GC heap after
{Heap after GC invocations=13 (full 0):
 garbage-first heap   total 69632K, used 32435K [0x0000000603000000, 0x0000000800000000)
  region size 4096K, 1 young (4096K), 1 survivors (4096K)
 Metaspace       used 44675K, committed 44928K, reserved 1114112K
  class space    used 5132K, committed 5248K, reserved 1048576K
}
Event: 8.915 GC heap before
{Heap before GC invocations=13 (full 0):
 garbage-first heap   total 69632K, used 48819K [0x0000000603000000, 0x0000000800000000)
  region size 4096K, 5 young (20480K), 1 survivors (4096K)
 Metaspace       used 49162K, committed 49408K, reserved 1114112K
  class space    used 5760K, committed 5888K, reserved 1048576K
}
Event: 8.921 GC heap after
{Heap after GC invocations=14 (full 0):
 garbage-first heap   total 299008K, used 33486K [0x0000000603000000, 0x0000000800000000)
  region size 4096K, 1 young (4096K), 1 survivors (4096K)
 Metaspace       used 49162K, committed 49408K, reserved 1114112K
  class space    used 5760K, committed 5888K, reserved 1048576K
}

Dll operation events (7 events):
Event: 0.004 Loaded shared library C:\Program Files\Eclipse Adoptium\jdk-17.0.16.8-hotspot\bin\java.dll
Event: 0.018 Loaded shared library C:\Program Files\Eclipse Adoptium\jdk-17.0.16.8-hotspot\bin\jsvml.dll
Event: 0.061 Loaded shared library C:\Program Files\Eclipse Adoptium\jdk-17.0.16.8-hotspot\bin\net.dll
Event: 0.063 Loaded shared library C:\Program Files\Eclipse Adoptium\jdk-17.0.16.8-hotspot\bin\nio.dll
Event: 0.094 Loaded shared library C:\Program Files\Eclipse Adoptium\jdk-17.0.16.8-hotspot\bin\zip.dll
Event: 0.114 Loaded shared library C:\Program Files\Eclipse Adoptium\jdk-17.0.16.8-hotspot\bin\jimage.dll
Event: 0.768 Loaded shared library C:\Program Files\Eclipse Adoptium\jdk-17.0.16.8-hotspot\bin\verify.dll

Deoptimization events (20 events):
Event: 10.321 Thread 0x000002957051e5f0 Uncommon trap: trap_request=0xffffffc6 fr.pc=0x0000029507bd6584 relative=0x0000000000000664
Event: 10.321 Thread 0x000002957051e5f0 Uncommon trap: reason=bimorphic_or_optimized_type_check action=maybe_recompile pc=0x0000029507bd6584 method=org.jetbrains.kotlin.util.slicedMap.SlicedMapImpl.get(Lorg/jetbrains/kotlin/util/slicedMap/ReadOnlySlice;Ljava/lang/Object;)Ljava/lang/Object; @ 62
Event: 10.321 Thread 0x000002957051e5f0 DEOPT PACKING pc=0x0000029507bd6584 sp=0x000000e3d7efe600
Event: 10.321 Thread 0x000002957051e5f0 DEOPT UNPACKING pc=0x00000295074a69a3 sp=0x000000e3d7efe4c8 mode 2
Event: 10.322 Thread 0x000002957051e5f0 Uncommon trap: trap_request=0xffffffc6 fr.pc=0x0000029507be9d80 relative=0x00000000000006e0
Event: 10.322 Thread 0x000002957051e5f0 Uncommon trap: reason=bimorphic_or_optimized_type_check action=maybe_recompile pc=0x0000029507be9d80 method=org.jetbrains.kotlin.util.slicedMap.SlicedMapImpl.get(Lorg/jetbrains/kotlin/util/slicedMap/ReadOnlySlice;Ljava/lang/Object;)Ljava/lang/Object; @ 62
Event: 10.322 Thread 0x000002957051e5f0 DEOPT PACKING pc=0x0000029507be9d80 sp=0x000000e3d7efdb30
Event: 10.322 Thread 0x000002957051e5f0 DEOPT UNPACKING pc=0x00000295074a69a3 sp=0x000000e3d7efd988 mode 2
Event: 10.322 Thread 0x000002957051e5f0 Uncommon trap: trap_request=0xffffffc6 fr.pc=0x0000029507d72b5c relative=0x0000000000001f1c
Event: 10.322 Thread 0x000002957051e5f0 Uncommon trap: reason=bimorphic_or_optimized_type_check action=maybe_recompile pc=0x0000029507d72b5c method=kotlin.collections.CollectionsKt__MutableCollectionsKt.addAll(Ljava/util/Collection;Ljava/lang/Iterable;)Z @ 59 c2
Event: 10.322 Thread 0x000002957051e5f0 DEOPT PACKING pc=0x0000029507d72b5c sp=0x000000e3d7efdf10
Event: 10.322 Thread 0x000002957051e5f0 DEOPT UNPACKING pc=0x00000295074a69a3 sp=0x000000e3d7efdf20 mode 2
Event: 10.323 Thread 0x000002957051e5f0 Uncommon trap: trap_request=0xffffffc6 fr.pc=0x0000029507edbcc0 relative=0x0000000000000440
Event: 10.323 Thread 0x000002957051e5f0 Uncommon trap: reason=bimorphic_or_optimized_type_check action=maybe_recompile pc=0x0000029507edbcc0 method=org.jetbrains.kotlin.util.slicedMap.SlicedMapImpl.get(Lorg/jetbrains/kotlin/util/slicedMap/ReadOnlySlice;Ljava/lang/Object;)Ljava/lang/Object; @ 62
Event: 10.323 Thread 0x000002957051e5f0 DEOPT PACKING pc=0x0000029507edbcc0 sp=0x000000e3d7efe560
Event: 10.323 Thread 0x000002957051e5f0 DEOPT UNPACKING pc=0x00000295074a69a3 sp=0x000000e3d7efe4d8 mode 2
Event: 10.327 Thread 0x000002957051e5f0 Uncommon trap: trap_request=0xffffffc6 fr.pc=0x0000029507d72b5c relative=0x0000000000001f1c
Event: 10.327 Thread 0x000002957051e5f0 Uncommon trap: reason=bimorphic_or_optimized_type_check action=maybe_recompile pc=0x0000029507d72b5c method=kotlin.collections.CollectionsKt__MutableCollectionsKt.addAll(Ljava/util/Collection;Ljava/lang/Iterable;)Z @ 59 c2
Event: 10.327 Thread 0x000002957051e5f0 DEOPT PACKING pc=0x0000029507d72b5c sp=0x000000e3d7efdf10
Event: 10.327 Thread 0x000002957051e5f0 DEOPT UNPACKING pc=0x00000295074a69a3 sp=0x000000e3d7efdf20 mode 2

Classes loaded (20 events):
Event: 8.956 Loading class java/util/stream/Node$OfInt done
Event: 8.956 Loading class java/util/stream/Nodes$EmptyNode$OfInt done
Event: 8.956 Loading class java/util/stream/Nodes$EmptyNode$OfLong
Event: 8.956 Loading class java/util/stream/Node$OfLong
Event: 8.957 Loading class java/util/stream/Node$OfLong done
Event: 8.957 Loading class java/util/stream/Nodes$EmptyNode$OfLong done
Event: 8.957 Loading class java/util/stream/Nodes$EmptyNode$OfDouble
Event: 8.957 Loading class java/util/stream/Node$OfDouble
Event: 8.957 Loading class java/util/stream/Node$OfDouble done
Event: 8.957 Loading class java/util/stream/Nodes$EmptyNode$OfDouble done
Event: 8.957 Loading class java/util/stream/Nodes$SpinedNodeBuilder
Event: 8.958 Loading class java/util/stream/Node$Builder
Event: 8.958 Loading class java/util/stream/Node$Builder done
Event: 8.958 Loading class java/util/stream/SpinedBuffer
Event: 8.958 Loading class java/util/stream/AbstractSpinedBuffer
Event: 8.959 Loading class java/util/stream/AbstractSpinedBuffer done
Event: 8.959 Loading class java/util/stream/SpinedBuffer done
Event: 8.959 Loading class java/util/stream/Nodes$SpinedNodeBuilder done
Event: 9.276 Loading class java/util/concurrent/locks/AbstractQueuedSynchronizer$Node
Event: 9.276 Loading class java/util/concurrent/locks/AbstractQueuedSynchronizer$Node done

Classes unloaded (0 events):
No events

Classes redefined (0 events):
No events

Internal exceptions (20 events):
Event: 4.448 Thread 0x000002957051e5f0 Exception <a 'java/lang/NoSuchMethodError'{0x00000006202f76d8}: 'java.lang.Object java.lang.invoke.DirectMethodHandle$Holder.newInvokeSpecial(java.lang.Object, java.lang.Object, java.lang.Object, java.lang.Object, java.lang.Object)'> (0x00000006202f76d8) 
thrown [s\src\hotspot\share\interpreter\linkResolver.cpp, line 759]
Event: 4.569 Thread 0x000002957051e5f0 Implicit null exception at 0x0000029507cc5d74 to 0x0000029507cc5f68
Event: 4.758 Thread 0x000002957051e5f0 Implicit null exception at 0x0000029507bd5b2f to 0x0000029507bd5ba9
Event: 4.834 Thread 0x000002957051e5f0 Implicit null exception at 0x0000029507c8d54c to 0x0000029507c8d634
Event: 4.846 Thread 0x000002957051e5f0 Exception <a 'java/lang/NoSuchMethodError'{0x000000060668b0c0}: 'int java.lang.invoke.DirectMethodHandle$Holder.invokeStaticInit(java.lang.Object, int)'> (0x000000060668b0c0) 
thrown [s\src\hotspot\share\interpreter\linkResolver.cpp, line 759]
Event: 4.881 Thread 0x000002957051e5f0 Exception <a 'java/lang/NoSuchMethodError'{0x00000006067afe08}: 'java.lang.Object java.lang.invoke.DirectMethodHandle$Holder.newInvokeSpecial(java.lang.Object, int, java.lang.Object)'> (0x00000006067afe08) 
thrown [s\src\hotspot\share\interpreter\linkResolver.cpp, line 759]
Event: 4.920 Thread 0x000002957051e5f0 Exception <a 'java/lang/NoSuchMethodError'{0x00000006060ab8d8}: 'java.lang.Object java.lang.invoke.DirectMethodHandle$Holder.newInvokeSpecial(java.lang.Object, java.lang.Object, java.lang.Object, java.lang.Object, java.lang.Object, java.lang.Object, java.lang.Object)'> (0x00000006060ab8d8) 
thrown [s\src\hotspot\share\interpreter\linkResolver.cpp, line 759]
Event: 4.921 Thread 0x000002957051e5f0 Exception <a 'java/lang/NoSuchMethodError'{0x00000006060b0490}: 'java.lang.Object java.lang.invoke.Invokers$Holder.linkToTargetMethod(java.lang.Object, java.lang.Object, java.lang.Object, java.lang.Object, java.lang.Object, java.lang.Object, java.lang.Object)'> (0x00000006060b0490) 
thrown [s\src\hotspot\share\interpreter\linkResolver.cpp, line 759]
Event: 5.701 Thread 0x000002957051e5f0 Exception <a 'java/lang/NoSuchMethodError'{0x0000000622fdbd70}: 'java.lang.Object java.lang.invoke.DirectMethodHandle$Holder.invokeInterface(java.lang.Object, java.lang.Object, java.lang.Object)'> (0x0000000622fdbd70) 
thrown [s\src\hotspot\share\interpreter\linkResolver.cpp, line 759]
Event: 5.701 Thread 0x000002957051e5f0 Exception <a 'java/lang/IncompatibleClassChangeError'{0x0000000622fdf6e0}: Found class java.lang.Object, but interface was expected> (0x0000000622fdf6e0) 
thrown [s\src\hotspot\share\interpreter\linkResolver.cpp, line 826]
Event: 5.787 Thread 0x000002957051e5f0 Implicit null exception at 0x0000029507c74294 to 0x0000029507c744dc
Event: 5.813 Thread 0x000002957051e5f0 Exception <a 'java/lang/NoSuchMethodError'{0x0000000620226d20}: 'java.lang.Object java.lang.invoke.DirectMethodHandle$Holder.invokeStatic(java.lang.Object, int, java.lang.Object)'> (0x0000000620226d20) 
thrown [s\src\hotspot\share\interpreter\linkResolver.cpp, line 759]
Event: 7.796 Thread 0x000002957051e5f0 Exception <a 'java/lang/NoSuchMethodError'{0x0000000606375f88}: 'java.lang.Object java.lang.invoke.DirectMethodHandle$Holder.newInvokeSpecial(java.lang.Object, int, java.lang.Object, java.lang.Object)'> (0x0000000606375f88) 
thrown [s\src\hotspot\share\interpreter\linkResolver.cpp, line 759]
Event: 7.797 Thread 0x000002957051e5f0 Exception <a 'java/lang/NoSuchMethodError'{0x000000060637a980}: 'java.lang.Object java.lang.invoke.DirectMethodHandle$Holder.invokeSpecial(java.lang.Object, java.lang.Object, int, java.lang.Object, java.lang.Object)'> (0x000000060637a980) 
thrown [s\src\hotspot\share\interpreter\linkResolver.cpp, line 759]
Event: 8.701 Thread 0x000002957051e5f0 Exception <a 'java/lang/NoSuchMethodError'{0x000000061fe7dc80}: 'java.lang.Object java.lang.invoke.DirectMethodHandle$Holder.invokeStatic(java.lang.Object, java.lang.Object, java.lang.Object, java.lang.Object, int)'> (0x000000061fe7dc80) 
thrown [s\src\hotspot\share\interpreter\linkResolver.cpp, line 759]
Event: 8.702 Thread 0x000002957051e5f0 Exception <a 'java/lang/NoSuchMethodError'{0x000000061fe87c10}: 'java.lang.Object java.lang.invoke.DirectMethodHandle$Holder.newInvokeSpecial(java.lang.Object, java.lang.Object, java.lang.Object, java.lang.Object, int)'> (0x000000061fe87c10) 
thrown [s\src\hotspot\share\interpreter\linkResolver.cpp, line 759]
Event: 8.703 Thread 0x000002957051e5f0 Exception <a 'java/lang/NoSuchMethodError'{0x000000061fe8c8f0}: 'java.lang.Object java.lang.invoke.DirectMethodHandle$Holder.invokeSpecial(java.lang.Object, java.lang.Object, java.lang.Object, java.lang.Object, java.lang.Object, int)'> (0x000000061fe8c8f0) 
thrown [s\src\hotspot\share\interpreter\linkResolver.cpp, line 759]
Event: 8.703 Thread 0x000002957051e5f0 Exception <a 'java/lang/NoSuchMethodError'{0x000000061fe91078}: 'java.lang.Object java.lang.invoke.Invokers$Holder.linkToTargetMethod(java.lang.Object, java.lang.Object, java.lang.Object, int, java.lang.Object)'> (0x000000061fe91078) 
thrown [s\src\hotspot\share\interpreter\linkResolver.cpp, line 759]
Event: 8.950 Thread 0x000002957051e5f0 Exception <a 'java/lang/NoSuchMethodError'{0x0000000622c59e08}: 'void java.lang.invoke.DirectMethodHandle$Holder.invokeInterface(java.lang.Object, java.lang.Object)'> (0x0000000622c59e08) 
thrown [s\src\hotspot\share\interpreter\linkResolver.cpp, line 759]
Event: 10.319 Thread 0x000002957051e5f0 Implicit null exception at 0x0000029507d4c574 to 0x0000029507d4c770

VM Operations (20 events):
Event: 8.945 Executing VM operation: G1PauseCleanup
Event: 8.945 Executing VM operation: G1PauseCleanup done
Event: 8.945 Executing VM operation: HandshakeAllThreads
Event: 8.945 Executing VM operation: HandshakeAllThreads done
Event: 9.230 Executing VM operation: ICBufferFull
Event: 9.230 Executing VM operation: ICBufferFull done
Event: 9.720 Executing VM operation: ICBufferFull
Event: 9.720 Executing VM operation: ICBufferFull done
Event: 9.954 Executing VM operation: HandshakeAllThreads
Event: 9.954 Executing VM operation: HandshakeAllThreads done
Event: 10.225 Executing VM operation: ICBufferFull
Event: 10.225 Executing VM operation: ICBufferFull done
Event: 10.263 Executing VM operation: HandshakeAllThreads
Event: 10.263 Executing VM operation: HandshakeAllThreads done
Event: 10.280 Executing VM operation: HandshakeAllThreads
Event: 10.280 Executing VM operation: HandshakeAllThreads done
Event: 10.376 Executing VM operation: HandshakeAllThreads
Event: 10.376 Executing VM operation: HandshakeAllThreads done
Event: 10.382 Executing VM operation: ICBufferFull
Event: 10.383 Executing VM operation: ICBufferFull done

Memory protections (0 events):
No events

Nmethod flushes (20 events):
Event: 6.651 Thread 0x000002957fe8e520 flushing  nmethod 0x00000295008e0a10
Event: 6.651 Thread 0x000002957fe8e520 flushing  nmethod 0x00000295008ef410
Event: 6.651 Thread 0x000002957fe8e520 flushing  nmethod 0x00000295008f6790
Event: 6.651 Thread 0x000002957fe8e520 flushing  nmethod 0x00000295008fb010
Event: 6.651 Thread 0x000002957fe8e520 flushing  nmethod 0x0000029500915590
Event: 6.651 Thread 0x000002957fe8e520 flushing  nmethod 0x000002950091f390
Event: 6.651 Thread 0x000002957fe8e520 flushing  nmethod 0x0000029500932810
Event: 6.651 Thread 0x000002957fe8e520 flushing  nmethod 0x0000029500942510
Event: 6.651 Thread 0x000002957fe8e520 flushing  nmethod 0x000002950096ff90
Event: 6.651 Thread 0x000002957fe8e520 flushing  nmethod 0x0000029500a17790
Event: 6.652 Thread 0x000002957fe8e520 flushing  nmethod 0x0000029500a66690
Event: 6.652 Thread 0x000002957fe8e520 flushing  nmethod 0x0000029500b07510
Event: 6.652 Thread 0x000002957fe8e520 flushing  nmethod 0x0000029500b12290
Event: 6.652 Thread 0x000002957fe8e520 flushing  nmethod 0x0000029500b24110
Event: 6.652 Thread 0x000002957fe8e520 flushing  nmethod 0x0000029500c4a510
Event: 6.652 Thread 0x000002957fe8e520 flushing  nmethod 0x0000029500c4b910
Event: 6.652 Thread 0x000002957fe8e520 flushing  nmethod 0x0000029500c4c910
Event: 9.957 Thread 0x000002957fe8e520 flushing  nmethod 0x00000295002b0a10
Event: 9.958 Thread 0x000002957fe8e520 flushing  nmethod 0x0000029500443410
Event: 9.958 Thread 0x000002957fe8e520 flushing  nmethod 0x0000029500479e90

Events (20 events):
Event: 3.696 Thread 0x000002951fbb6230 Thread added: 0x000002956587a120
Event: 3.698 Thread 0x000002957fe798b0 Thread added: 0x000002956587abc0
Event: 3.698 Thread 0x000002957fe798b0 Thread added: 0x000002956587a670
Event: 3.698 Thread 0x000002957fe798b0 Thread added: 0x000002956587b110
Event: 3.968 Thread 0x000002956587b110 Thread exited: 0x000002956587b110
Event: 3.970 Thread 0x000002956587a670 Thread exited: 0x000002956587a670
Event: 4.000 Thread 0x000002956587abc0 Thread exited: 0x000002956587abc0
Event: 4.529 Thread 0x000002956587a120 Thread exited: 0x000002956587a120
Event: 4.979 Thread 0x0000029565879680 Thread exited: 0x0000029565879680
Event: 4.991 Thread 0x0000029565879130 Thread exited: 0x0000029565879130
Event: 6.575 Thread 0x0000029565878690 Thread exited: 0x0000029565878690
Event: 6.625 Thread 0x000002957fe798b0 Thread added: 0x000002956587abc0
Event: 7.650 Thread 0x000002956587abc0 Thread exited: 0x000002956587abc0
Event: 7.994 Thread 0x000002957fe78eb0 Thread added: 0x000002956587b110
Event: 8.284 Thread 0x000002951fddcc80 Thread added: 0x0000029565879bd0
Event: 9.191 Thread 0x0000029565879bd0 Thread exited: 0x0000029565879bd0
Event: 9.236 Thread 0x000002956587b110 Thread exited: 0x000002956587b110
Event: 9.474 Thread 0x000002957fe798b0 Thread added: 0x00000295693d65a0
Event: 10.172 Thread 0x00000295693d65a0 Thread exited: 0x00000295693d65a0
Event: 10.208 Thread 0x000002957fe798b0 Thread added: 0x00000295693d6af0


Dynamic libraries:
0x00007ff737410000 - 0x00007ff73741e000 	C:\Program Files\Eclipse Adoptium\jdk-17.0.16.8-hotspot\bin\java.exe
0x00007ffe40d90000 - 0x00007ffe40f88000 	C:\Windows\SYSTEM32\ntdll.dll
0x00007ffe3edf0000 - 0x00007ffe3eead000 	C:\Windows\System32\KERNEL32.DLL
0x00007ffe3ea10000 - 0x00007ffe3ed06000 	C:\Windows\System32\KERNELBASE.dll
0x00007ffe3e470000 - 0x00007ffe3e570000 	C:\Windows\System32\ucrtbase.dll
0x00007ffe1bb10000 - 0x00007ffe1bb27000 	C:\Program Files\Eclipse Adoptium\jdk-17.0.16.8-hotspot\bin\jli.dll
0x00007ffe13540000 - 0x00007ffe1355e000 	C:\Program Files\Eclipse Adoptium\jdk-17.0.16.8-hotspot\bin\VCRUNTIME140.dll
0x00007ffe3f250000 - 0x00007ffe3f3ee000 	C:\Windows\System32\USER32.dll
0x00007ffe3e770000 - 0x00007ffe3e792000 	C:\Windows\System32\win32u.dll
0x00007ffe2a0c0000 - 0x00007ffe2a35a000 	C:\Windows\WinSxS\amd64_microsoft.windows.common-controls_6595b64144ccf1df_6.0.19041.3636_none_60b6a03d71f818d5\COMCTL32.dll
0x00007ffe3f1b0000 - 0x00007ffe3f24e000 	C:\Windows\System32\msvcrt.dll
0x00007ffe3f180000 - 0x00007ffe3f1ac000 	C:\Windows\System32\GDI32.dll
0x00007ffe3e5c0000 - 0x00007ffe3e6da000 	C:\Windows\System32\gdi32full.dll
0x00007ffe3e7a0000 - 0x00007ffe3e83d000 	C:\Windows\System32\msvcp_win.dll
0x00007ffe40d20000 - 0x00007ffe40d50000 	C:\Windows\System32\IMM32.DLL
0x00007ffe24c40000 - 0x00007ffe24c4c000 	C:\Program Files\Eclipse Adoptium\jdk-17.0.16.8-hotspot\bin\vcruntime140_1.dll
0x00007ffe0cd10000 - 0x00007ffe0cd9d000 	C:\Program Files\Eclipse Adoptium\jdk-17.0.16.8-hotspot\bin\msvcp140.dll
0x00007ffd88930000 - 0x00007ffd8959b000 	C:\Program Files\Eclipse Adoptium\jdk-17.0.16.8-hotspot\bin\server\jvm.dll
0x00007ffe409b0000 - 0x00007ffe40a5f000 	C:\Windows\System32\ADVAPI32.dll
0x00007ffe405f0000 - 0x00007ffe4068c000 	C:\Windows\System32\sechost.dll
0x00007ffe3eeb0000 - 0x00007ffe3efd6000 	C:\Windows\System32\RPCRT4.dll
0x00007ffe40690000 - 0x00007ffe406fb000 	C:\Windows\System32\WS2_32.dll
0x00007ffe2c1b0000 - 0x00007ffe2c1d7000 	C:\Windows\SYSTEM32\WINMM.dll
0x00007ffe38c50000 - 0x00007ffe38c5a000 	C:\Windows\SYSTEM32\VERSION.dll
0x00007ffe3da20000 - 0x00007ffe3da6b000 	C:\Windows\SYSTEM32\POWRPROF.dll
0x00007ffe3d890000 - 0x00007ffe3d8a2000 	C:\Windows\SYSTEM32\UMPDC.dll
0x00007ffe3c350000 - 0x00007ffe3c362000 	C:\Windows\SYSTEM32\kernel.appcore.dll
0x00007ffe22420000 - 0x00007ffe2242a000 	C:\Program Files\Eclipse Adoptium\jdk-17.0.16.8-hotspot\bin\jimage.dll
0x00007ffe2a550000 - 0x00007ffe2a734000 	C:\Windows\SYSTEM32\DBGHELP.DLL
0x00007ffe28050000 - 0x00007ffe28084000 	C:\Windows\SYSTEM32\dbgcore.DLL
0x00007ffe3e6e0000 - 0x00007ffe3e762000 	C:\Windows\System32\bcryptPrimitives.dll
0x00007ffe134d0000 - 0x00007ffe134f5000 	C:\Program Files\Eclipse Adoptium\jdk-17.0.16.8-hotspot\bin\java.dll
0x00007ffe0cc30000 - 0x00007ffe0cd07000 	C:\Program Files\Eclipse Adoptium\jdk-17.0.16.8-hotspot\bin\jsvml.dll
0x00007ffe3fea0000 - 0x00007ffe405e5000 	C:\Windows\System32\SHELL32.dll
0x00007ffe3c550000 - 0x00007ffe3cceb000 	C:\Windows\SYSTEM32\windows.storage.dll
0x00007ffe3f8f0000 - 0x00007ffe3fc44000 	C:\Windows\System32\combase.dll
0x00007ffe3deb0000 - 0x00007ffe3dedd000 	C:\Windows\SYSTEM32\Wldp.dll
0x00007ffe40a60000 - 0x00007ffe40b0d000 	C:\Windows\System32\SHCORE.dll
0x00007ffe40950000 - 0x00007ffe409a5000 	C:\Windows\System32\shlwapi.dll
0x00007ffe3e3a0000 - 0x00007ffe3e3c5000 	C:\Windows\SYSTEM32\profapi.dll
0x00007ffe134b0000 - 0x00007ffe134c9000 	C:\Program Files\Eclipse Adoptium\jdk-17.0.16.8-hotspot\bin\net.dll
0x00007ffe382c0000 - 0x00007ffe383ca000 	C:\Windows\SYSTEM32\WINHTTP.dll
0x00007ffe3dc10000 - 0x00007ffe3dc7a000 	C:\Windows\system32\mswsock.dll
0x00007ffe13490000 - 0x00007ffe134a6000 	C:\Program Files\Eclipse Adoptium\jdk-17.0.16.8-hotspot\bin\nio.dll
0x00007ffe0e8f0000 - 0x00007ffe0e908000 	C:\Program Files\Eclipse Adoptium\jdk-17.0.16.8-hotspot\bin\zip.dll
0x00007ffe21a70000 - 0x00007ffe21a80000 	C:\Program Files\Eclipse Adoptium\jdk-17.0.16.8-hotspot\bin\verify.dll

dbghelp: loaded successfully - version: 4.0.5 - missing functions: none
symbol engine: initialized successfully - sym options: 0x614 - pdb path: .;C:\Program Files\Eclipse Adoptium\jdk-17.0.16.8-hotspot\bin;C:\Windows\SYSTEM32;C:\Windows\WinSxS\amd64_microsoft.windows.common-controls_6595b64144ccf1df_6.0.19041.3636_none_60b6a03d71f818d5;C:\Program Files\Eclipse Adoptium\jdk-17.0.16.8-hotspot\bin\server

VM Arguments:
java_command: org.jetbrains.kotlin.cli.jvm.K2JVMCompiler @E:\AI\cursor\ChatApp\app\whoxa-flutter-app\build\flutter_image_compress_common\20250920_7660393049369376547.compiler.options
java_class_path (initial): C:\Users\Administrator\.gradle\caches\modules-2\files-2.1\org.jetbrains.kotlin\kotlin-compiler-embeddable\1.9.25\6e698f23ca1f74d6672827f61e92c2fe015d1b88\kotlin-compiler-embeddable-1.9.25.jar;C:\Users\Administrator\.gradle\caches\modules-2\files-2.1\org.jetbrains.kotlin\kotlin-stdlib\1.9.25\f700a2f2b8f0d6d0fde48f56d894dc722fb029d7\kotlin-stdlib-1.9.25.jar;C:\Users\Administrator\.gradle\caches\modules-2\files-2.1\org.jetbrains.kotlin\kotlin-script-runtime\1.9.25\43cdc99e4582c67c2b60f609d0e4c015d33a8e89\kotlin-script-runtime-1.9.25.jar;C:\Users\Administrator\.gradle\caches\modules-2\files-2.1\org.jetbrains.kotlin\kotlin-reflect\1.6.10\1cbe9c92c12a94eea200d23c2bbaedaf3daf5132\kotlin-reflect-1.6.10.jar;C:\Users\Administrator\.gradle\caches\modules-2\files-2.1\org.jetbrains.kotlin\kotlin-daemon-embeddable\1.9.25\3a1ebb4f98ed480e4774f45e3be215626eb3ae02\kotlin-daemon-embeddable-1.9.25.jar;C:\Users\Administrator\.gradle\caches\modules-2\files-2.1\org.jetbrains.intellij.deps\trove4j\1.0.20200330\3afb14d5f9ceb459d724e907a21145e8ff394f02\trove4j-1.0.20200330.jar;C:\Users\Administrator\.gradle\caches\modules-2\files-2.1\org.jetbrains\annotations\13.0\919f0dfe192fb4e063e7dacadee7f8bb9a2672a9\annotations-13.0.jar
Launcher Type: SUN_STANDARD

[Global flags]
     intx CICompilerCount                          = 12                                        {product} {ergonomic}
     uint ConcGCThreads                            = 3                                         {product} {ergonomic}
     uint G1ConcRefinementThreads                  = 13                                        {product} {ergonomic}
   size_t G1HeapRegionSize                         = 4194304                                   {product} {ergonomic}
    uintx GCDrainStackTargetSize                   = 64                                        {product} {ergonomic}
   size_t InitialHeapSize                          = 536870912                                 {product} {ergonomic}
   size_t MarkStackSize                            = 4194304                                   {product} {ergonomic}
   size_t MaxHeapSize                              = 8539602944                                {product} {ergonomic}
   size_t MaxNewSize                               = 5121245184                                {product} {ergonomic}
   size_t MinHeapDeltaBytes                        = 4194304                                   {product} {ergonomic}
   size_t MinHeapSize                              = 8388608                                   {product} {ergonomic}
    uintx NonNMethodCodeHeapSize                   = 7602480                                {pd product} {ergonomic}
    uintx NonProfiledCodeHeapSize                  = 122027880                              {pd product} {ergonomic}
    uintx ProfiledCodeHeapSize                     = 122027880                              {pd product} {ergonomic}
    uintx ReservedCodeCacheSize                    = 251658240                              {pd product} {ergonomic}
     bool SegmentedCodeCache                       = true                                      {product} {ergonomic}
   size_t SoftMaxHeapSize                          = 8539602944                             {manageable} {ergonomic}
     bool UseCompressedClassPointers               = true                           {product lp64_product} {ergonomic}
     bool UseCompressedOops                        = true                           {product lp64_product} {ergonomic}
     bool UseG1GC                                  = true                                      {product} {ergonomic}
     bool UseLargePagesIndividualAllocation        = false                                  {pd product} {ergonomic}

Logging:
Log output configuration:
 #0: stdout all=warning uptime,level,tags
 #1: stderr all=off uptime,level,tags

Environment Variables:
JAVA_HOME=C:\Program Files\Eclipse Adoptium\jdk-17.0.16.8-hotspot
CLASSPATH=E:\AI\cursor\ChatApp\app\whoxa-flutter-app\android\\gradle\wrapper\gradle-wrapper.jar
PATH=C:\Program Files\Eclipse Adoptium\jdk-17.0.16.8-hotspot\bin;D:\Flutter4\flutter\bin;C:\Program Files\Eclipse Adoptium\jdk-17.0.16.8-hotspot\bin;C:\Program Files\Eclipse Adoptium\jdk-17.0.16.8-hotspot\bin;C:\Windows\system32;C:\Windows;C:\Windows\System32\Wbem;C:\Windows\System32\WindowsPowerShell\v1.0\;C:\Windows\System32\OpenSSH\;C:\Users\Administrator\AppData\Local\Microsoft\WindowsApps;C:\Users\Administrator\Desktop\useself\ai\cursor\cursor\resources\app\bin;D:\Flutter\install\flutter\bin;;D:\Flutter4\flutter\bin\mingit\cmd
USERNAME=Administrator
OS=Windows_NT
PROCESSOR_IDENTIFIER=Intel64 Family 6 Model 183 Stepping 1, GenuineIntel
TMP=C:\Users\ADMINI~1\AppData\Local\Temp
TEMP=C:\Users\ADMINI~1\AppData\Local\Temp



Periodic native trim disabled


---------------  S Y S T E M  ---------------

OS:
 Windows 10 , 64 bit Build 19041 (10.0.19041.3636)
OS uptime: 0 days 22:13 hours

CPU: total 16 (initial active 16) (16 cores per cpu, 1 threads per core) family 6 model 183 stepping 1 microcode 0x12c, cx8, cmov, fxsr, mmx, 3dnowpref, sse, sse2, sse3, ssse3, sse4.1, sse4.2, popcnt, lzcnt, tsc, tscinvbit, avx, avx2, aes, erms, clmul, bmi1, bmi2, adx, sha, fma, vzeroupper, clflush, clflushopt, clwb
Processor Information for all 16 processors :
  Max Mhz: 2500, Current Mhz: 2500, Mhz Limit: 2500

Memory: 4k page, system-wide physical 32561M (2832M free)
TotalPageFile size 51761M (AvailPageFile size 3M)
current process WorkingSet (physical memory assigned to process): 230M, peak: 240M
current process commit charge ("private bytes"): 348M, peak: 681M

vm_info: OpenJDK 64-Bit Server VM (17.0.16+8) for windows-amd64 JRE (17.0.16+8), built on Jul 16 2025 10:37:56 by "admin" with MS VC++ 17.7 (VS2022)

END.
