#
# There is insufficient memory for the Java Runtime Environment to continue.
# Native memory allocation (malloc) failed to allocate 638544 bytes. Error detail: Chunk::new
# Possible reasons:
#   The system is out of physical RAM or swap space
#   This process is running with CompressedOops enabled, and the Java Heap may be blocking the growth of the native heap
# Possible solutions:
#   Reduce memory load on the system
#   Increase physical memory or swap space
#   Check if swap backing store is full
#   Decrease Java heap size (-Xmx/-Xms)
#   Decrease number of Java threads
#   Decrease Java thread stack sizes (-Xss)
#   Set larger code cache with -XX:ReservedCodeCacheSize=
#   JVM is running with Zero Based Compressed Oops mode in which the Java heap is
#     placed in the first 32GB address space. The Java Heap base address is the
#     maximum limit for the native heap growth. Please use -XX:HeapBaseMinAddress
#     to set the Java Heap base and to place the Java Heap above 32GB virtual address.
# This output file may be truncated or incomplete.
#
#  Out of Memory Error (arena.cpp:191), pid=24820, tid=31908
#
# JRE version: OpenJDK Runtime Environment Temurin-17.0.16+8 (17.0.16+8) (build 17.0.16+8)
# Java VM: OpenJDK 64-Bit Server VM Temurin-17.0.16+8 (17.0.16+8, mixed mode, sharing, tiered, compressed oops, compressed class ptrs, g1 gc, windows-amd64)
# No core dump will be written. Minidumps are not enabled by default on client versions of Windows
#

---------------  S U M M A R Y ------------

Command Line: org.jetbrains.kotlin.cli.jvm.K2JVMCompiler @E:\AI\cursor\ChatApp\app\whoxa-flutter-app\build\audioplayers_android\20250921_5625333053793581522.compiler.options

Host: 13th Gen Intel(R) Core(TM) i5-13400F, 16 cores, 31G,  Windows 10 , 64 bit Build 19041 (10.0.19041.3636)
Time: Sun Sep 21 08:34:01 2025  Windows 10 , 64 bit Build 19041 (10.0.19041.3636) elapsed time: 10.952644 seconds (0d 0h 0m 10s)

---------------  T H R E A D  ---------------

Current thread (0x000001eb950b19c0):  JavaThread "C2 CompilerThread3" daemon [_thread_in_native, id=31908, stack(0x0000002c46900000,0x0000002c46a00000)]


Current CompileTask:
C2:  10952 10004       4       org.jetbrains.kotlin.resolve.calls.util.CallUtilKt::getResolvedCall (30 bytes)

Stack: [0x0000002c46900000,0x0000002c46a00000]
Native frames: (J=compiled Java code, j=interpreted, Vv=VM code, C=native code)
V  [jvm.dll+0x683169]
V  [jvm.dll+0x839ac8]
V  [jvm.dll+0x83b573]
V  [jvm.dll+0x83bbe3]
V  [jvm.dll+0x2473ff]
V  [jvm.dll+0xace94]
V  [jvm.dll+0xad52c]
V  [jvm.dll+0x365e0e]
V  [jvm.dll+0x1babb9]
V  [jvm.dll+0x218477]
V  [jvm.dll+0x21775f]
V  [jvm.dll+0x1a32a0]
V  [jvm.dll+0x227b3c]
V  [jvm.dll+0x225ccb]
V  [jvm.dll+0x7ef2d8]
V  [jvm.dll+0x7e979c]
V  [jvm.dll+0x682047]
C  [ucrtbase.dll+0x21bb2]
C  [KERNEL32.DLL+0x17344]
C  [ntdll.dll+0x526b1]


---------------  P R O C E S S  ---------------

Threads class SMR info:
_java_thread_list=0x000001eb99429950, length=18, elements={
0x000001eb1f5a7350, 0x000001eb4bcc2d00, 0x000001eb4bcc3b80, 0x000001eb4bcdb420,
0x000001eb4bcdfff0, 0x000001eb4bce49d0, 0x000001eb4bce5390, 0x000001eb4bce66a0,
0x000001eb4bce85c0, 0x000001eb4c93a1c0, 0x000001eb4ca44c00, 0x000001eb4ca638d0,
0x000001eb4ca91830, 0x000001eb4ca903f0, 0x000001eb921b4050, 0x000001eb950aca10,
0x000001eb950aff30, 0x000001eb950b19c0
}

Java Threads: ( => current thread )
  0x000001eb1f5a7350 JavaThread "main" [_thread_in_Java, id=19236, stack(0x0000002c44600000,0x0000002c44700000)]
  0x000001eb4bcc2d00 JavaThread "Reference Handler" daemon [_thread_blocked, id=20640, stack(0x0000002c44d00000,0x0000002c44e00000)]
  0x000001eb4bcc3b80 JavaThread "Finalizer" daemon [_thread_blocked, id=22232, stack(0x0000002c44e00000,0x0000002c44f00000)]
  0x000001eb4bcdb420 JavaThread "Signal Dispatcher" daemon [_thread_blocked, id=28036, stack(0x0000002c44f00000,0x0000002c45000000)]
  0x000001eb4bcdfff0 JavaThread "Attach Listener" daemon [_thread_blocked, id=26312, stack(0x0000002c45000000,0x0000002c45100000)]
  0x000001eb4bce49d0 JavaThread "Service Thread" daemon [_thread_blocked, id=10840, stack(0x0000002c45100000,0x0000002c45200000)]
  0x000001eb4bce5390 JavaThread "Monitor Deflation Thread" daemon [_thread_blocked, id=10880, stack(0x0000002c45200000,0x0000002c45300000)]
  0x000001eb4bce66a0 JavaThread "C2 CompilerThread0" daemon [_thread_in_native, id=33936, stack(0x0000002c45300000,0x0000002c45400000)]
  0x000001eb4bce85c0 JavaThread "C1 CompilerThread0" daemon [_thread_blocked, id=30128, stack(0x0000002c45400000,0x0000002c45500000)]
  0x000001eb4c93a1c0 JavaThread "Sweeper thread" daemon [_thread_blocked, id=17580, stack(0x0000002c45500000,0x0000002c45600000)]
  0x000001eb4ca44c00 JavaThread "C1 CompilerThread1" daemon [_thread_blocked, id=18388, stack(0x0000002c45600000,0x0000002c45700000)]
  0x000001eb4ca638d0 JavaThread "C1 CompilerThread2" daemon [_thread_blocked, id=5996, stack(0x0000002c45700000,0x0000002c45800000)]
  0x000001eb4ca91830 JavaThread "Notification Thread" daemon [_thread_blocked, id=26804, stack(0x0000002c45800000,0x0000002c45900000)]
  0x000001eb4ca903f0 JavaThread "Common-Cleaner" daemon [_thread_blocked, id=18356, stack(0x0000002c45a00000,0x0000002c45b00000)]
  0x000001eb921b4050 JavaThread "C1 CompilerThread3" daemon [_thread_blocked, id=11628, stack(0x0000002c45c00000,0x0000002c45d00000)]
  0x000001eb950aca10 JavaThread "C2 CompilerThread1" daemon [_thread_blocked, id=27100, stack(0x0000002c45b00000,0x0000002c45c00000)]
  0x000001eb950aff30 JavaThread "C2 CompilerThread2" daemon [_thread_in_native, id=17424, stack(0x0000002c46800000,0x0000002c46900000)]
=>0x000001eb950b19c0 JavaThread "C2 CompilerThread3" daemon [_thread_in_native, id=31908, stack(0x0000002c46900000,0x0000002c46a00000)]

Other Threads:
  0x000001eb4bcbd660 VMThread "VM Thread" [stack: 0x0000002c44c00000,0x0000002c44d00000] [id=9356]
  0x000001eb4ca93480 WatcherThread [stack: 0x0000002c45900000,0x0000002c45a00000] [id=29576]
  0x000001eb1f6562d0 GCTaskThread "GC Thread#0" [stack: 0x0000002c44700000,0x0000002c44800000] [id=34840]
  0x000001eb4cb68e60 GCTaskThread "GC Thread#1" [stack: 0x0000002c45d00000,0x0000002c45e00000] [id=27524]
  0x000001eb4cb69c20 GCTaskThread "GC Thread#2" [stack: 0x0000002c45e00000,0x0000002c45f00000] [id=14444]
  0x000001eb4cb68360 GCTaskThread "GC Thread#3" [stack: 0x0000002c45f00000,0x0000002c46000000] [id=22980]
  0x000001eb4cb680a0 GCTaskThread "GC Thread#4" [stack: 0x0000002c46000000,0x0000002c46100000] [id=33152]
  0x000001eb4cb68620 GCTaskThread "GC Thread#5" [stack: 0x0000002c46100000,0x0000002c46200000] [id=25432]
  0x000001eb4cb68ba0 GCTaskThread "GC Thread#6" [stack: 0x0000002c46200000,0x0000002c46300000] [id=10824]
  0x000001eb4cb69120 GCTaskThread "GC Thread#7" [stack: 0x0000002c46300000,0x0000002c46400000] [id=23280]
  0x000001eb4cb696a0 GCTaskThread "GC Thread#8" [stack: 0x0000002c46400000,0x0000002c46500000] [id=31496]
  0x000001eb4cb69960 GCTaskThread "GC Thread#9" [stack: 0x0000002c46500000,0x0000002c46600000] [id=34784]
  0x000001eb4cb688e0 GCTaskThread "GC Thread#10" [stack: 0x0000002c46600000,0x0000002c46700000] [id=19532]
  0x000001eb923dd4a0 GCTaskThread "GC Thread#11" [stack: 0x0000002c46700000,0x0000002c46800000] [id=29476]
  0x000001eb923da5e0 GCTaskThread "GC Thread#12" [stack: 0x0000002c46f00000,0x0000002c47000000] [id=7356]
  0x000001eb1f6670a0 ConcurrentGCThread "G1 Main Marker" [stack: 0x0000002c44800000,0x0000002c44900000] [id=16796]
  0x000001eb1f668260 ConcurrentGCThread "G1 Conc#0" [stack: 0x0000002c44900000,0x0000002c44a00000] [id=10900]
  0x000001eb923dc160 ConcurrentGCThread "G1 Conc#1" [stack: 0x0000002c46d00000,0x0000002c46e00000] [id=8348]
  0x000001eb923db3a0 ConcurrentGCThread "G1 Conc#2" [stack: 0x0000002c46e00000,0x0000002c46f00000] [id=6008]
  0x000001eb4bbf7270 ConcurrentGCThread "G1 Refine#0" [stack: 0x0000002c44a00000,0x0000002c44b00000] [id=30528]
  0x000001eb94a30010 ConcurrentGCThread "G1 Refine#1" [stack: 0x0000002c46c00000,0x0000002c46d00000] [id=28592]
  0x000001eb4bbf7ca0 ConcurrentGCThread "G1 Service" [stack: 0x0000002c44b00000,0x0000002c44c00000] [id=20168]

Threads with active compile tasks:
C2 CompilerThread0    10961 10158       4       org.jetbrains.kotlin.cfg.variable.PseudocodeVariablesData::getUpperLevelDeclaredVariables (56 bytes)
C2 CompilerThread2    10961 10167       4       org.jetbrains.kotlin.cfg.variable.PseudocodeVariablesData::getAllDeclaredVariables (118 bytes)
C2 CompilerThread3    10961 10004       4       org.jetbrains.kotlin.resolve.calls.util.CallUtilKt::getResolvedCall (30 bytes)

VM state: not at safepoint (normal execution)

VM Mutex/Monitor currently owned by a thread: None

Heap address: 0x0000000603000000, size: 8144 MB, Compressed Oops mode: Zero based, Oop shift amount: 3

CDS archive(s) mapped at: [0x000001eb4d000000-0x000001eb4dbb0000-0x000001eb4dbb0000), size 12255232, SharedBaseAddress: 0x000001eb4d000000, ArchiveRelocationMode: 1.
Compressed class space mapped at: 0x000001eb4e000000-0x000001eb8e000000, reserved size: 1073741824
Narrow klass base: 0x000001eb4d000000, Narrow klass shift: 0, Narrow klass range: 0x100000000

GC Precious Log:
 CPUs: 16 total, 16 available
 Memory: 32561M
 Large Page Support: Disabled
 NUMA Support: Disabled
 Compressed Oops: Enabled (Zero based)
 Heap Region Size: 4M
 Heap Min Capacity: 8M
 Heap Initial Capacity: 512M
 Heap Max Capacity: 8144M
 Pre-touch: Disabled
 Parallel Workers: 13
 Concurrent Workers: 3
 Concurrent Refinement Workers: 13
 Periodic GC: Disabled

Heap:
 garbage-first heap   total 110592K, used 52964K [0x0000000603000000, 0x0000000800000000)
  region size 4096K, 6 young (24576K), 2 survivors (8192K)
 Metaspace       used 48918K, committed 49216K, reserved 1114112K
  class space    used 5425K, committed 5568K, reserved 1048576K

Heap Regions: E=young(eden), S=young(survivor), O=old, HS=humongous(starts), HC=humongous(continues), CS=collection set, F=free, OA=open archive, CA=closed archive, TAMS=top-at-mark-start (previous, next)
|   0|0x0000000603000000, 0x0000000603400000, 0x0000000603400000|100%|HS|  |TAMS 0x0000000603400000, 0x0000000603000000| Complete 
|   1|0x0000000603400000, 0x0000000603663400, 0x0000000603800000| 59%| O|  |TAMS 0x0000000603663400, 0x0000000603400000| Untracked 
|   2|0x0000000603800000, 0x0000000603c00000, 0x0000000603c00000|100%| O|  |TAMS 0x0000000603c00000, 0x0000000603800000| Untracked 
|   3|0x0000000603c00000, 0x0000000604000000, 0x0000000604000000|100%| O|  |TAMS 0x0000000603c00000, 0x0000000603c00000| Untracked 
|   4|0x0000000604000000, 0x0000000604400000, 0x0000000604400000|100%| O|  |TAMS 0x0000000604000000, 0x0000000604000000| Untracked 
|   5|0x0000000604400000, 0x0000000604555e00, 0x0000000604800000| 33%| O|  |TAMS 0x0000000604400000, 0x0000000604400000| Untracked 
|   6|0x0000000604800000, 0x0000000604c00000, 0x0000000604c00000|100%| O|  |TAMS 0x0000000604c00000, 0x0000000604800000| Untracked 
|   7|0x0000000604c00000, 0x0000000605000000, 0x0000000605000000|100%| O|  |TAMS 0x0000000605000000, 0x0000000604c00000| Untracked 
|   8|0x0000000605000000, 0x0000000605400000, 0x0000000605400000|100%| O|  |TAMS 0x0000000605400000, 0x0000000605000000| Untracked 
|   9|0x0000000605400000, 0x0000000605400000, 0x0000000605800000|  0%| F|  |TAMS 0x0000000605400000, 0x0000000605400000| Untracked 
|  10|0x0000000605800000, 0x0000000605800000, 0x0000000605c00000|  0%| F|  |TAMS 0x0000000605800000, 0x0000000605800000| Untracked 
|  11|0x0000000605c00000, 0x0000000605c00000, 0x0000000606000000|  0%| F|  |TAMS 0x0000000605c00000, 0x0000000605c00000| Untracked 
|  12|0x0000000606000000, 0x0000000606000000, 0x0000000606400000|  0%| F|  |TAMS 0x0000000606000000, 0x0000000606000000| Untracked 
|  13|0x0000000606400000, 0x0000000606400000, 0x0000000606800000|  0%| F|  |TAMS 0x0000000606400000, 0x0000000606400000| Untracked 
|  14|0x0000000606800000, 0x0000000606c00000, 0x0000000606c00000|100%| S|CS|TAMS 0x0000000606800000, 0x0000000606800000| Complete 
|  15|0x0000000606c00000, 0x0000000607000000, 0x0000000607000000|100%| S|CS|TAMS 0x0000000606c00000, 0x0000000606c00000| Complete 
|  16|0x0000000607000000, 0x0000000607000000, 0x0000000607400000|  0%| F|  |TAMS 0x0000000607000000, 0x0000000607000000| Untracked 
|  17|0x0000000607400000, 0x0000000607400000, 0x0000000607800000|  0%| F|  |TAMS 0x0000000607400000, 0x0000000607400000| Untracked 
|  18|0x0000000607800000, 0x0000000607800000, 0x0000000607c00000|  0%| F|  |TAMS 0x0000000607800000, 0x0000000607800000| Untracked 
|  19|0x0000000607c00000, 0x0000000607c00000, 0x0000000608000000|  0%| F|  |TAMS 0x0000000607c00000, 0x0000000607c00000| Untracked 
|  20|0x0000000608000000, 0x0000000608000000, 0x0000000608400000|  0%| F|  |TAMS 0x0000000608000000, 0x0000000608000000| Untracked 
|  21|0x0000000608400000, 0x0000000608400000, 0x0000000608800000|  0%| F|  |TAMS 0x0000000608400000, 0x0000000608400000| Untracked 
|  22|0x0000000608800000, 0x0000000608800000, 0x0000000608c00000|  0%| F|  |TAMS 0x0000000608800000, 0x0000000608800000| Untracked 
|  23|0x0000000608c00000, 0x0000000608d5da18, 0x0000000609000000| 34%| E|  |TAMS 0x0000000608c00000, 0x0000000608c00000| Complete 
|  24|0x0000000609000000, 0x0000000609400000, 0x0000000609400000|100%| E|CS|TAMS 0x0000000609000000, 0x0000000609000000| Complete 
|  25|0x0000000609400000, 0x0000000609800000, 0x0000000609800000|100%| E|CS|TAMS 0x0000000609400000, 0x0000000609400000| Complete 
| 127|0x0000000622c00000, 0x0000000623000000, 0x0000000623000000|100%| E|CS|TAMS 0x0000000622c00000, 0x0000000622c00000| Complete 

Card table byte_map: [0x000001eb37990000,0x000001eb38980000] _byte_map_base: 0x000001eb34978000

Marking Bits (Prev, Next): (CMBitMap*) 0x000001eb1f6568f0, (CMBitMap*) 0x000001eb1f656930
 Prev Bits: [0x000001eb39970000, 0x000001eb418b0000)
 Next Bits: [0x000001eb418b0000, 0x000001eb497f0000)

Polling page: 0x000001eb1d550000

Metaspace:

Usage:
  Non-class:     42.47 MB used.
      Class:      5.30 MB used.
       Both:     47.77 MB used.

Virtual space:
  Non-class space:       64.00 MB reserved,      42.62 MB ( 67%) committed,  1 nodes.
      Class space:        1.00 GB reserved,       5.44 MB ( <1%) committed,  1 nodes.
             Both:        1.06 GB reserved,      48.06 MB (  4%) committed. 

Chunk freelists:
   Non-Class:  4.17 MB
       Class:  10.58 MB
        Both:  14.75 MB

MaxMetaspaceSize: unlimited
CompressedClassSpaceSize: 1.00 GB
Initial GC threshold: 21.00 MB
Current GC threshold: 59.06 MB
CDS: on
MetaspaceReclaimPolicy: balanced
 - commit_granule_bytes: 65536.
 - commit_granule_words: 8192.
 - virtual_space_node_default_size: 8388608.
 - enlarge_chunks_in_place: 1.
 - new_chunks_are_fully_committed: 0.
 - uncommit_free_chunks: 1.
 - use_allocation_guard: 0.
 - handle_deallocations: 1.


Internal statistics:

num_allocs_failed_limit: 6.
num_arena_births: 262.
num_arena_deaths: 0.
num_vsnodes_births: 2.
num_vsnodes_deaths: 0.
num_space_committed: 767.
num_space_uncommitted: 0.
num_chunks_returned_to_freelist: 6.
num_chunks_taken_from_freelist: 2030.
num_chunk_merges: 6.
num_chunk_splits: 1608.
num_chunks_enlarged: 1412.
num_inconsistent_stats: 0.

CodeHeap 'non-profiled nmethods': size=119168Kb used=5356Kb max_used=5356Kb free=113811Kb
 bounds [0x000001eb2ecb0000, 0x000001eb2f1f0000, 0x000001eb36110000]
CodeHeap 'profiled nmethods': size=119104Kb used=28132Kb max_used=28132Kb free=90971Kb
 bounds [0x000001eb27110000, 0x000001eb28c90000, 0x000001eb2e560000]
CodeHeap 'non-nmethods': size=7488Kb used=2988Kb max_used=3054Kb free=4499Kb
 bounds [0x000001eb2e560000, 0x000001eb2e870000, 0x000001eb2ecb0000]
 total_blobs=9528 nmethods=8923 adapters=511
 compilation: enabled
              stopped_count=0, restarted_count=0
 full_count=0

Compilation events (20 events):
Event: 10.927 Thread 0x000001eb4bce66a0 10158       4       org.jetbrains.kotlin.cfg.variable.PseudocodeVariablesData::getUpperLevelDeclaredVariables (56 bytes)
Event: 10.927 Thread 0x000001eb4ca638d0 10159       3       org.jetbrains.kotlin.cfg.ControlFlowBuilderAdapter::write (53 bytes)
Event: 10.927 Thread 0x000001eb4ca44c00 10160       3       org.jetbrains.kotlin.cfg.pseudocode.ControlFlowInstructionsGenerator$ControlFlowInstructionsGeneratorWorker::write (63 bytes)
Event: 10.927 Thread 0x000001eb4bce85c0 10161       3       org.jetbrains.kotlin.cfg.pseudocode.instructions.eval.WriteValueInstruction::<init> (61 bytes)
Event: 10.927 Thread 0x000001eb921b4050 10162       3       org.jetbrains.kotlin.cfg.pseudocode.instructions.eval.WriteValueInstruction::getInputValues (26 bytes)
Event: 10.927 Thread 0x000001eb921b4050 nmethod 10162 0x000001eb28c78f10 code [0x000001eb28c79140, 0x000001eb28c79968]
Event: 10.928 Thread 0x000001eb4ca638d0 nmethod 10159 0x000001eb28c79c10 code [0x000001eb28c7a040, 0x000001eb28c7bad8]
Event: 10.928 Thread 0x000001eb4bce85c0 nmethod 10161 0x000001eb28c7c410 code [0x000001eb28c7c8a0, 0x000001eb28c7e688]
Event: 10.928 Thread 0x000001eb4ca44c00 nmethod 10160 0x000001eb28c7f110 code [0x000001eb28c7f5c0, 0x000001eb28c816e8]
Event: 10.929 Thread 0x000001eb950aff30 10163       4       org.jetbrains.kotlin.cfg.pseudocodeTraverser.Edges::<init> (15 bytes)
Event: 10.929 Thread 0x000001eb4ca638d0 10164       3       org.jetbrains.kotlin.cfg.ControlFlowInfo::getOrNull (19 bytes)
Event: 10.929 Thread 0x000001eb4ca638d0 nmethod 10164 0x000001eb28c82310 code [0x000001eb28c82560, 0x000001eb28c82d98]
Event: 10.930 Thread 0x000001eb950aff30 nmethod 10163 0x000001eb2f1ea110 code [0x000001eb2f1ea280, 0x000001eb2f1ea4b8]
Event: 10.931 Thread 0x000001eb950aca10 10165       4       java.util.HashMap$HashIterator::<init> (79 bytes)
Event: 10.931 Thread 0x000001eb4bce85c0 10166       3       org.jetbrains.kotlin.cfg.ControlFlowInformationProviderImpl::checkIsInitialized (432 bytes)
Event: 10.931 Thread 0x000001eb950aff30 10167       4       org.jetbrains.kotlin.cfg.variable.PseudocodeVariablesData::getAllDeclaredVariables (118 bytes)
Event: 10.932 Thread 0x000001eb4bce85c0 nmethod 10166 0x000001eb28c83090 code [0x000001eb28c83540, 0x000001eb28c860a8]
Event: 10.932 Thread 0x000001eb921b4050 10168       1       org.jetbrains.kotlin.descriptors.impl.FunctionDescriptorImpl::isTailrec (5 bytes)
Event: 10.932 Thread 0x000001eb921b4050 nmethod 10168 0x000001eb2f1ea510 code [0x000001eb2f1ea6a0, 0x000001eb2f1ea778]
Event: 10.934 Thread 0x000001eb950aca10 nmethod 10165 0x000001eb2f1ea810 code [0x000001eb2f1ea9a0, 0x000001eb2f1ead58]

GC Heap History (20 events):
Event: 0.645 GC heap before
{Heap before GC invocations=1 (full 0):
 garbage-first heap   total 524288K, used 31686K [0x0000000603000000, 0x0000000800000000)
  region size 4096K, 8 young (32768K), 1 survivors (4096K)
 Metaspace       used 15292K, committed 15488K, reserved 1114112K
  class space    used 2018K, committed 2112K, reserved 1048576K
}
Event: 0.648 GC heap after
{Heap after GC invocations=2 (full 0):
 garbage-first heap   total 524288K, used 8841K [0x0000000603000000, 0x0000000800000000)
  region size 4096K, 1 young (4096K), 1 survivors (4096K)
 Metaspace       used 15292K, committed 15488K, reserved 1114112K
  class space    used 2018K, committed 2112K, reserved 1048576K
}
Event: 1.054 GC heap before
{Heap before GC invocations=2 (full 0):
 garbage-first heap   total 524288K, used 45705K [0x0000000603000000, 0x0000000800000000)
  region size 4096K, 11 young (45056K), 1 survivors (4096K)
 Metaspace       used 21372K, committed 21504K, reserved 1114112K
  class space    used 2889K, committed 2944K, reserved 1048576K
}
Event: 1.057 GC heap after
{Heap after GC invocations=3 (full 0):
 garbage-first heap   total 524288K, used 13740K [0x0000000603000000, 0x0000000800000000)
  region size 4096K, 2 young (8192K), 2 survivors (8192K)
 Metaspace       used 21372K, committed 21504K, reserved 1114112K
  class space    used 2889K, committed 2944K, reserved 1048576K
}
Event: 1.345 GC heap before
{Heap before GC invocations=4 (full 0):
 garbage-first heap   total 69632K, used 46508K [0x0000000603000000, 0x0000000800000000)
  region size 4096K, 11 young (45056K), 2 survivors (8192K)
 Metaspace       used 28399K, committed 28544K, reserved 1114112K
  class space    used 3575K, committed 3648K, reserved 1048576K
}
Event: 1.349 GC heap after
{Heap after GC invocations=5 (full 0):
 garbage-first heap   total 69632K, used 16933K [0x0000000603000000, 0x0000000800000000)
  region size 4096K, 3 young (12288K), 3 survivors (12288K)
 Metaspace       used 28399K, committed 28544K, reserved 1114112K
  class space    used 3575K, committed 3648K, reserved 1048576K
}
Event: 1.435 GC heap before
{Heap before GC invocations=5 (full 0):
 garbage-first heap   total 69632K, used 21029K [0x0000000603000000, 0x0000000800000000)
  region size 4096K, 4 young (16384K), 3 survivors (12288K)
 Metaspace       used 29592K, committed 29824K, reserved 1114112K
  class space    used 3683K, committed 3776K, reserved 1048576K
}
Event: 1.441 GC heap after
{Heap after GC invocations=6 (full 0):
 garbage-first heap   total 69632K, used 18431K [0x0000000603000000, 0x0000000800000000)
  region size 4096K, 1 young (4096K), 1 survivors (4096K)
 Metaspace       used 29592K, committed 29824K, reserved 1114112K
  class space    used 3683K, committed 3776K, reserved 1048576K
}
Event: 1.883 GC heap before
{Heap before GC invocations=6 (full 0):
 garbage-first heap   total 69632K, used 38911K [0x0000000603000000, 0x0000000800000000)
  region size 4096K, 7 young (28672K), 1 survivors (4096K)
 Metaspace       used 34812K, committed 35072K, reserved 1114112K
  class space    used 4283K, committed 4416K, reserved 1048576K
}
Event: 1.887 GC heap after
{Heap after GC invocations=7 (full 0):
 garbage-first heap   total 69632K, used 21717K [0x0000000603000000, 0x0000000800000000)
  region size 4096K, 1 young (4096K), 1 survivors (4096K)
 Metaspace       used 34812K, committed 35072K, reserved 1114112K
  class space    used 4283K, committed 4416K, reserved 1048576K
}
Event: 2.012 GC heap before
{Heap before GC invocations=7 (full 0):
 garbage-first heap   total 69632K, used 46293K [0x0000000603000000, 0x0000000800000000)
  region size 4096K, 7 young (28672K), 1 survivors (4096K)
 Metaspace       used 35725K, committed 35968K, reserved 1114112K
  class space    used 4369K, committed 4480K, reserved 1048576K
}
Event: 2.017 GC heap after
{Heap after GC invocations=8 (full 0):
 garbage-first heap   total 69632K, used 24664K [0x0000000603000000, 0x0000000800000000)
  region size 4096K, 1 young (4096K), 1 survivors (4096K)
 Metaspace       used 35725K, committed 35968K, reserved 1114112K
  class space    used 4369K, committed 4480K, reserved 1048576K
}
Event: 2.095 GC heap before
{Heap before GC invocations=8 (full 0):
 garbage-first heap   total 69632K, used 36952K [0x0000000603000000, 0x0000000800000000)
  region size 4096K, 5 young (20480K), 1 survivors (4096K)
 Metaspace       used 35920K, committed 36096K, reserved 1114112K
  class space    used 4380K, committed 4480K, reserved 1048576K
}
Event: 2.100 GC heap after
{Heap after GC invocations=9 (full 0):
 garbage-first heap   total 299008K, used 24949K [0x0000000603000000, 0x0000000800000000)
  region size 4096K, 1 young (4096K), 1 survivors (4096K)
 Metaspace       used 35920K, committed 36096K, reserved 1114112K
  class space    used 4380K, committed 4480K, reserved 1048576K
}
Event: 4.558 GC heap before
{Heap before GC invocations=10 (full 0):
 garbage-first heap   total 110592K, used 86389K [0x0000000603000000, 0x0000000800000000)
  region size 4096K, 16 young (65536K), 1 survivors (4096K)
 Metaspace       used 44514K, committed 44800K, reserved 1114112K
  class space    used 5153K, committed 5312K, reserved 1048576K
}
Event: 4.576 GC heap after
{Heap after GC invocations=11 (full 0):
 garbage-first heap   total 110592K, used 32472K [0x0000000603000000, 0x0000000800000000)
  region size 4096K, 2 young (8192K), 2 survivors (8192K)
 Metaspace       used 44514K, committed 44800K, reserved 1114112K
  class space    used 5153K, committed 5312K, reserved 1048576K
}
Event: 8.111 GC heap before
{Heap before GC invocations=11 (full 0):
 garbage-first heap   total 110592K, used 73432K [0x0000000603000000, 0x0000000800000000)
  region size 4096K, 12 young (49152K), 2 survivors (8192K)
 Metaspace       used 47018K, committed 47296K, reserved 1114112K
  class space    used 5276K, committed 5440K, reserved 1048576K
}
Event: 8.134 GC heap after
{Heap after GC invocations=12 (full 0):
 garbage-first heap   total 110592K, used 36580K [0x0000000603000000, 0x0000000800000000)
  region size 4096K, 1 young (4096K), 1 survivors (4096K)
 Metaspace       used 47018K, committed 47296K, reserved 1114112K
  class space    used 5276K, committed 5440K, reserved 1048576K
}
Event: 10.579 GC heap before
{Heap before GC invocations=12 (full 0):
 garbage-first heap   total 110592K, used 77540K [0x0000000603000000, 0x0000000800000000)
  region size 4096K, 11 young (45056K), 1 survivors (4096K)
 Metaspace       used 47736K, committed 48000K, reserved 1114112K
  class space    used 5305K, committed 5440K, reserved 1048576K
}
Event: 10.596 GC heap after
{Heap after GC invocations=13 (full 0):
 garbage-first heap   total 110592K, used 40676K [0x0000000603000000, 0x0000000800000000)
  region size 4096K, 2 young (8192K), 2 survivors (8192K)
 Metaspace       used 47736K, committed 48000K, reserved 1114112K
  class space    used 5305K, committed 5440K, reserved 1048576K
}

Dll operation events (7 events):
Event: 0.003 Loaded shared library C:\Program Files\Eclipse Adoptium\jdk-17.0.16.8-hotspot\bin\java.dll
Event: 0.013 Loaded shared library C:\Program Files\Eclipse Adoptium\jdk-17.0.16.8-hotspot\bin\jsvml.dll
Event: 0.036 Loaded shared library C:\Program Files\Eclipse Adoptium\jdk-17.0.16.8-hotspot\bin\net.dll
Event: 0.036 Loaded shared library C:\Program Files\Eclipse Adoptium\jdk-17.0.16.8-hotspot\bin\nio.dll
Event: 0.047 Loaded shared library C:\Program Files\Eclipse Adoptium\jdk-17.0.16.8-hotspot\bin\zip.dll
Event: 0.057 Loaded shared library C:\Program Files\Eclipse Adoptium\jdk-17.0.16.8-hotspot\bin\jimage.dll
Event: 0.488 Loaded shared library C:\Program Files\Eclipse Adoptium\jdk-17.0.16.8-hotspot\bin\verify.dll

Deoptimization events (20 events):
Event: 10.879 Thread 0x000001eb1f5a7350 Uncommon trap: trap_request=0xffffffde fr.pc=0x000001eb2eed469c relative=0x000000000000057c
Event: 10.879 Thread 0x000001eb1f5a7350 Uncommon trap: reason=class_check action=maybe_recompile pc=0x000001eb2eed469c method=org.jetbrains.kotlin.com.intellij.psi.impl.source.tree.CompositeElement.getPsi()Lorg/jetbrains/kotlin/com/intellij/psi/PsiElement; @ 15 c2
Event: 10.879 Thread 0x000001eb1f5a7350 DEOPT PACKING pc=0x000001eb2eed469c sp=0x0000002c446fe2e0
Event: 10.879 Thread 0x000001eb1f5a7350 DEOPT UNPACKING pc=0x000001eb2e5b69a3 sp=0x0000002c446fe2a0 mode 2
Event: 10.879 Thread 0x000001eb1f5a7350 Uncommon trap: trap_request=0xffffffc6 fr.pc=0x000001eb2f1bc7e4 relative=0x00000000000000a4
Event: 10.879 Thread 0x000001eb1f5a7350 Uncommon trap: reason=bimorphic_or_optimized_type_check action=maybe_recompile pc=0x000001eb2f1bc7e4 method=org.jetbrains.kotlin.com.intellij.psi.impl.source.tree.SharedImplUtil.getFirstChild(Lorg/jetbrains/kotlin/com/intellij/lang/ASTNode;)Lorg/jetbrains
Event: 10.879 Thread 0x000001eb1f5a7350 DEOPT PACKING pc=0x000001eb2f1bc7e4 sp=0x0000002c446fe230
Event: 10.879 Thread 0x000001eb1f5a7350 DEOPT UNPACKING pc=0x000001eb2e5b69a3 sp=0x0000002c446fe168 mode 2
Event: 10.879 Thread 0x000001eb1f5a7350 Uncommon trap: trap_request=0xffffff45 fr.pc=0x000001eb2ee89608 relative=0x0000000000004188
Event: 10.879 Thread 0x000001eb1f5a7350 Uncommon trap: reason=unstable_if action=reinterpret pc=0x000001eb2ee89608 method=org.jetbrains.kotlin.com.intellij.psi.impl.source.CharTableImpl.intern(Ljava/lang/CharSequence;II)Ljava/lang/CharSequence; @ 18 c2
Event: 10.879 Thread 0x000001eb1f5a7350 DEOPT PACKING pc=0x000001eb2ee89608 sp=0x0000002c446fdb10
Event: 10.879 Thread 0x000001eb1f5a7350 DEOPT UNPACKING pc=0x000001eb2e5b69a3 sp=0x0000002c446fda18 mode 2
Event: 10.881 Thread 0x000001eb1f5a7350 Uncommon trap: trap_request=0xffffffde fr.pc=0x000001eb2eed469c relative=0x000000000000057c
Event: 10.881 Thread 0x000001eb1f5a7350 Uncommon trap: reason=class_check action=maybe_recompile pc=0x000001eb2eed469c method=org.jetbrains.kotlin.com.intellij.psi.impl.source.tree.CompositeElement.getPsi()Lorg/jetbrains/kotlin/com/intellij/psi/PsiElement; @ 15 c2
Event: 10.881 Thread 0x000001eb1f5a7350 DEOPT PACKING pc=0x000001eb2eed469c sp=0x0000002c446fe420
Event: 10.881 Thread 0x000001eb1f5a7350 DEOPT UNPACKING pc=0x000001eb2e5b69a3 sp=0x0000002c446fe3e0 mode 2
Event: 10.881 Thread 0x000001eb1f5a7350 Uncommon trap: trap_request=0xffffffc6 fr.pc=0x000001eb2f1bc7e4 relative=0x00000000000000a4
Event: 10.881 Thread 0x000001eb1f5a7350 Uncommon trap: reason=bimorphic_or_optimized_type_check action=maybe_recompile pc=0x000001eb2f1bc7e4 method=org.jetbrains.kotlin.com.intellij.psi.impl.source.tree.SharedImplUtil.getFirstChild(Lorg/jetbrains/kotlin/com/intellij/lang/ASTNode;)Lorg/jetbrains
Event: 10.881 Thread 0x000001eb1f5a7350 DEOPT PACKING pc=0x000001eb2f1bc7e4 sp=0x0000002c446fe370
Event: 10.881 Thread 0x000001eb1f5a7350 DEOPT UNPACKING pc=0x000001eb2e5b69a3 sp=0x0000002c446fe2a8 mode 2

Classes loaded (20 events):
Event: 1.632 Loading class java/util/ArrayList$SubList$1
Event: 1.632 Loading class java/util/ArrayList$SubList$1 done
Event: 1.676 Loading class java/util/AbstractList$SubList$1
Event: 1.676 Loading class java/util/AbstractList$SubList$1 done
Event: 1.685 Loading class java/text/StringCharacterIterator
Event: 1.685 Loading class java/text/CharacterIterator
Event: 1.685 Loading class java/text/CharacterIterator done
Event: 1.685 Loading class java/text/StringCharacterIterator done
Event: 1.782 Loading class java/util/RegularEnumSet$EnumSetIterator
Event: 1.782 Loading class java/util/RegularEnumSet$EnumSetIterator done
Event: 4.418 Loading class jdk/internal/math/FloatingDecimal$ASCIIToBinaryBuffer
Event: 4.419 Loading class jdk/internal/math/FloatingDecimal$ASCIIToBinaryBuffer done
Event: 5.598 Loading class java/util/concurrent/locks/AbstractQueuedSynchronizer$Node
Event: 5.598 Loading class java/util/concurrent/locks/AbstractQueuedSynchronizer$Node done
Event: 7.013 Loading class java/util/regex/Pattern$Bound
Event: 7.013 Loading class java/util/regex/Pattern$Bound done
Event: 7.014 Loading class java/util/regex/Pattern$LookBehindEndNode
Event: 7.014 Loading class java/util/regex/Pattern$LookBehindEndNode done
Event: 7.014 Loading class java/util/regex/Pattern$NotBehind
Event: 7.014 Loading class java/util/regex/Pattern$NotBehind done

Classes unloaded (0 events):
No events

Classes redefined (0 events):
No events

Internal exceptions (20 events):
Event: 1.460 Thread 0x000001eb1f5a7350 Exception <a 'java/lang/NoSuchMethodError'{0x0000000622cfaa30}: 'java.lang.Object java.lang.invoke.Invokers$Holder.linkToTargetMethod(java.lang.Object, java.lang.Object, int, java.lang.Object)'> (0x0000000622cfaa30) 
thrown [s\src\hotspot\share\interpreter\linkResolver.cpp, line 759]
Event: 1.779 Thread 0x000001eb1f5a7350 Exception <a 'java/lang/NoSuchMethodError'{0x00000006058cd0f8}: 'java.lang.Object java.lang.invoke.DirectMethodHandle$Holder.invokeSpecial(java.lang.Object, java.lang.Object, java.lang.Object, java.lang.Object, java.lang.Object, java.lang.Object, int)'> (0x00000006058cd0f8) 
thrown [s\src\hotspot\share\interpreter\linkResolver.cpp, line 759]
Event: 1.780 Thread 0x000001eb1f5a7350 Exception <a 'java/lang/NoSuchMethodError'{0x00000006058d6f38}: 'java.lang.Object java.lang.invoke.DirectMethodHandle$Holder.newInvokeSpecial(java.lang.Object, java.lang.Object, java.lang.Object, java.lang.Object, java.lang.Object, java.lang.Object)'> (0x00000006058d6f38) 
thrown [s\src\hotspot\share\interpreter\linkResolver.cpp, line 759]
Event: 1.881 Thread 0x000001eb1f5a7350 Exception <a 'java/lang/NoSuchMethodError'{0x0000000605bccdf0}: 'java.lang.Object java.lang.invoke.DirectMethodHandle$Holder.newInvokeSpecial(java.lang.Object, java.lang.Object, java.lang.Object, java.lang.Object, java.lang.Object)'> (0x0000000605bccdf0) 
thrown [s\src\hotspot\share\interpreter\linkResolver.cpp, line 759]
Event: 2.123 Thread 0x000001eb1f5a7350 Implicit null exception at 0x000001eb2ed82610 to 0x000001eb2ed829bc
Event: 2.146 Thread 0x000001eb1f5a7350 Implicit null exception at 0x000001eb2eda57cc to 0x000001eb2eda58b4
Event: 2.277 Thread 0x000001eb1f5a7350 Exception <a 'java/lang/NoSuchMethodError'{0x00000006090dffe8}: 'java.lang.Object java.lang.invoke.DirectMethodHandle$Holder.newInvokeSpecial(java.lang.Object, java.lang.Object, java.lang.Object, java.lang.Object, java.lang.Object, java.lang.Object, java.lang.Object, java.lang.Object)'> (0x00000006090dffe8) 
thrown [s\src\hotspot\share\interpreter\linkResolver.cpp, line 759]
Event: 2.277 Thread 0x000001eb1f5a7350 Exception <a 'java/lang/NoSuchMethodError'{0x00000006090e5600}: 'java.lang.Object java.lang.invoke.DirectMethodHandle$Holder.invokeSpecial(java.lang.Object, java.lang.Object, java.lang.Object, java.lang.Object, java.lang.Object, java.lang.Object, java.lang.Object, java.lang.Object, java.lang.Object)'> (0x00000006090e5600) 
thrown [s\src\hotspot\share\interpreter\linkResolver.cpp, line 759]
Event: 2.278 Thread 0x000001eb1f5a7350 Exception <a 'java/lang/NoSuchMethodError'{0x00000006090ea530}: 'java.lang.Object java.lang.invoke.Invokers$Holder.linkToTargetMethod(java.lang.Object, java.lang.Object, java.lang.Object, java.lang.Object, java.lang.Object, java.lang.Object, java.lang.Object, java.lang.Object)'> (0x00000006090ea530) 
thrown [s\src\hotspot\share\interpreter\linkResolver.cpp, line 759]
Event: 2.902 Thread 0x000001eb1f5a7350 Exception <a 'java/lang/NoSuchMethodError'{0x00000006086e7fe8}: 'int java.lang.invoke.DirectMethodHandle$Holder.invokeInterface(java.lang.Object, java.lang.Object)'> (0x00000006086e7fe8) 
thrown [s\src\hotspot\share\interpreter\linkResolver.cpp, line 759]
Event: 2.925 Thread 0x000001eb1f5a7350 Exception <a 'java/lang/NoSuchMethodError'{0x000000060875b128}: 'java.lang.Object java.lang.invoke.DirectMethodHandle$Holder.newInvokeSpecial(java.lang.Object, int, java.lang.Object)'> (0x000000060875b128) 
thrown [s\src\hotspot\share\interpreter\linkResolver.cpp, line 759]
Event: 2.974 Thread 0x000001eb1f5a7350 Exception <a 'java/lang/NoSuchMethodError'{0x000000060800ca40}: 'java.lang.Object java.lang.invoke.DirectMethodHandle$Holder.invokeStatic(java.lang.Object, int, java.lang.Object)'> (0x000000060800ca40) 
thrown [s\src\hotspot\share\interpreter\linkResolver.cpp, line 759]
Event: 3.126 Thread 0x000001eb1f5a7350 Exception <a 'java/lang/NoSuchMethodError'{0x00000006083b3518}: 'java.lang.Object java.lang.invoke.DirectMethodHandle$Holder.invokeInterface(java.lang.Object, java.lang.Object, java.lang.Object)'> (0x00000006083b3518) 
thrown [s\src\hotspot\share\interpreter\linkResolver.cpp, line 759]
Event: 3.127 Thread 0x000001eb1f5a7350 Exception <a 'java/lang/IncompatibleClassChangeError'{0x00000006083b73d8}: Found class java.lang.Object, but interface was expected> (0x00000006083b73d8) 
thrown [s\src\hotspot\share\interpreter\linkResolver.cpp, line 826]
Event: 3.559 Thread 0x000001eb1f5a7350 Exception <a 'java/lang/NoSuchMethodError'{0x00000006076fc9f0}: 'int java.lang.invoke.DirectMethodHandle$Holder.invokeStaticInit(java.lang.Object, int)'> (0x00000006076fc9f0) 
thrown [s\src\hotspot\share\interpreter\linkResolver.cpp, line 759]
Event: 3.586 Thread 0x000001eb1f5a7350 Exception <a 'java/lang/NoSuchMethodError'{0x00000006077743a8}: 'java.lang.Object java.lang.invoke.DirectMethodHandle$Holder.newInvokeSpecial(java.lang.Object, java.lang.Object, java.lang.Object, java.lang.Object, java.lang.Object, java.lang.Object, java.lang.Object)'> (0x00000006077743a8) 
thrown [s\src\hotspot\share\interpreter\linkResolver.cpp, line 759]
Event: 3.587 Thread 0x000001eb1f5a7350 Exception <a 'java/lang/NoSuchMethodError'{0x0000000607779208}: 'java.lang.Object java.lang.invoke.Invokers$Holder.linkToTargetMethod(java.lang.Object, java.lang.Object, java.lang.Object, java.lang.Object, java.lang.Object, java.lang.Object, java.lang.Object)'> (0x0000000607779208) 
thrown [s\src\hotspot\share\interpreter\linkResolver.cpp, line 759]
Event: 6.185 Thread 0x000001eb1f5a7350 Exception <a 'java/lang/NoSuchMethodError'{0x0000000608877040}: 'java.lang.Object java.lang.invoke.DirectMethodHandle$Holder.newInvokeSpecial(java.lang.Object, int, java.lang.Object, java.lang.Object)'> (0x0000000608877040) 
thrown [s\src\hotspot\share\interpreter\linkResolver.cpp, line 759]
Event: 6.185 Thread 0x000001eb1f5a7350 Exception <a 'java/lang/NoSuchMethodError'{0x000000060887bf88}: 'java.lang.Object java.lang.invoke.DirectMethodHandle$Holder.invokeSpecial(java.lang.Object, java.lang.Object, int, java.lang.Object, java.lang.Object)'> (0x000000060887bf88) 
thrown [s\src\hotspot\share\interpreter\linkResolver.cpp, line 759]
Event: 7.703 Thread 0x000001eb1f5a7350 Implicit null exception at 0x000001eb2ed81c93 to 0x000001eb2ed820ac

VM Operations (20 events):
Event: 9.363 Executing VM operation: ICBufferFull
Event: 9.363 Executing VM operation: ICBufferFull done
Event: 10.028 Executing VM operation: HandshakeAllThreads
Event: 10.044 Executing VM operation: HandshakeAllThreads done
Event: 10.111 Executing VM operation: ICBufferFull
Event: 10.111 Executing VM operation: ICBufferFull done
Event: 10.237 Executing VM operation: HandshakeAllThreads
Event: 10.237 Executing VM operation: HandshakeAllThreads done
Event: 10.242 Executing VM operation: HandshakeAllThreads
Event: 10.242 Executing VM operation: HandshakeAllThreads done
Event: 10.447 Executing VM operation: ICBufferFull
Event: 10.447 Executing VM operation: ICBufferFull done
Event: 10.579 Executing VM operation: G1CollectForAllocation
Event: 10.596 Executing VM operation: G1CollectForAllocation done
Event: 10.614 Executing VM operation: HandshakeAllThreads
Event: 10.614 Executing VM operation: HandshakeAllThreads done
Event: 10.717 Executing VM operation: HandshakeAllThreads
Event: 10.717 Executing VM operation: HandshakeAllThreads done
Event: 10.809 Executing VM operation: ICBufferFull
Event: 10.810 Executing VM operation: ICBufferFull done

Memory protections (0 events):
No events

Nmethod flushes (20 events):
Event: 8.161 Thread 0x000001eb4c93a1c0 flushing  nmethod 0x000001eb27f93510
Event: 8.161 Thread 0x000001eb4c93a1c0 flushing  nmethod 0x000001eb28035e10
Event: 8.161 Thread 0x000001eb4c93a1c0 flushing  nmethod 0x000001eb2803b190
Event: 8.161 Thread 0x000001eb4c93a1c0 flushing  nmethod 0x000001eb2803de90
Event: 8.162 Thread 0x000001eb4c93a1c0 flushing  nmethod 0x000001eb280f3e10
Event: 8.162 Thread 0x000001eb4c93a1c0 flushing  nmethod 0x000001eb2813d890
Event: 8.162 Thread 0x000001eb4c93a1c0 flushing  nmethod 0x000001eb28148210
Event: 8.162 Thread 0x000001eb4c93a1c0 flushing  nmethod 0x000001eb281a9f90
Event: 8.162 Thread 0x000001eb4c93a1c0 flushing  nmethod 0x000001eb28241090
Event: 8.163 Thread 0x000001eb4c93a1c0 flushing  nmethod 0x000001eb28329b90
Event: 8.163 Thread 0x000001eb4c93a1c0 flushing  nmethod 0x000001eb28357590
Event: 8.163 Thread 0x000001eb4c93a1c0 flushing  nmethod 0x000001eb28358610
Event: 8.163 Thread 0x000001eb4c93a1c0 flushing  nmethod 0x000001eb2835cb10
Event: 8.163 Thread 0x000001eb4c93a1c0 flushing  nmethod 0x000001eb28387810
Event: 8.163 Thread 0x000001eb4c93a1c0 flushing  nmethod 0x000001eb283faa10
Event: 8.163 Thread 0x000001eb4c93a1c0 flushing  nmethod 0x000001eb2841c890
Event: 8.163 Thread 0x000001eb4c93a1c0 flushing  nmethod 0x000001eb28455090
Event: 8.163 Thread 0x000001eb4c93a1c0 flushing  nmethod 0x000001eb2845d090
Event: 8.163 Thread 0x000001eb4c93a1c0 flushing  nmethod 0x000001eb28462d90
Event: 8.166 Thread 0x000001eb4c93a1c0 flushing  nmethod 0x000001eb288e7110

Events (20 events):
Event: 1.048 Thread 0x000001eb921b45a0 Thread exited: 0x000001eb921b45a0
Event: 1.925 Thread 0x000001eb921b6030 Thread exited: 0x000001eb921b6030
Event: 2.065 Thread 0x000001eb4ca44c00 Thread added: 0x000001eb921b6030
Event: 2.065 Thread 0x000001eb4ca44c00 Thread added: 0x000001eb950aef40
Event: 3.735 Thread 0x000001eb950aef40 Thread exited: 0x000001eb950aef40
Event: 3.754 Thread 0x000001eb921b6030 Thread exited: 0x000001eb921b6030
Event: 4.683 Thread 0x000001eb921b5590 Thread exited: 0x000001eb921b5590
Event: 5.070 Thread 0x000001eb921b35b0 Thread exited: 0x000001eb921b35b0
Event: 5.122 Thread 0x000001eb921b3060 Thread exited: 0x000001eb921b3060
Event: 5.126 Thread 0x000001eb921b3b00 Thread exited: 0x000001eb921b3b00
Event: 6.609 Thread 0x000001eb4cad14c0 Thread exited: 0x000001eb4cad14c0
Event: 6.974 Thread 0x000001eb4bce85c0 Thread added: 0x000001eb950a9f90
Event: 7.199 Thread 0x000001eb4ca44c00 Thread added: 0x000001eb950aa4e0
Event: 9.223 Thread 0x000001eb950aa4e0 Thread exited: 0x000001eb950aa4e0
Event: 9.223 Thread 0x000001eb950a9f90 Thread exited: 0x000001eb950a9f90
Event: 9.631 Thread 0x000001eb4ca44c00 Thread added: 0x000001eb950aef40
Event: 9.924 Thread 0x000001eb950aef40 Thread exited: 0x000001eb950aef40
Event: 10.011 Thread 0x000001eb921b4050 Thread added: 0x000001eb950aca10
Event: 10.021 Thread 0x000001eb950aca10 Thread added: 0x000001eb950aff30
Event: 10.021 Thread 0x000001eb950aca10 Thread added: 0x000001eb950b19c0


Dynamic libraries:
0x00007ff737410000 - 0x00007ff73741e000 	C:\Program Files\Eclipse Adoptium\jdk-17.0.16.8-hotspot\bin\java.exe
0x00007ffe40d90000 - 0x00007ffe40f88000 	C:\Windows\SYSTEM32\ntdll.dll
0x00007ffe3edf0000 - 0x00007ffe3eead000 	C:\Windows\System32\KERNEL32.DLL
0x00007ffe3ea10000 - 0x00007ffe3ed06000 	C:\Windows\System32\KERNELBASE.dll
0x00007ffe3e470000 - 0x00007ffe3e570000 	C:\Windows\System32\ucrtbase.dll
0x00007ffe370c0000 - 0x00007ffe370d7000 	C:\Program Files\Eclipse Adoptium\jdk-17.0.16.8-hotspot\bin\jli.dll
0x00007ffe227e0000 - 0x00007ffe227fe000 	C:\Program Files\Eclipse Adoptium\jdk-17.0.16.8-hotspot\bin\VCRUNTIME140.dll
0x00007ffe3f250000 - 0x00007ffe3f3ee000 	C:\Windows\System32\USER32.dll
0x00007ffe3e770000 - 0x00007ffe3e792000 	C:\Windows\System32\win32u.dll
0x00007ffe3f180000 - 0x00007ffe3f1ac000 	C:\Windows\System32\GDI32.dll
0x00007ffe2a0c0000 - 0x00007ffe2a35a000 	C:\Windows\WinSxS\amd64_microsoft.windows.common-controls_6595b64144ccf1df_6.0.19041.3636_none_60b6a03d71f818d5\COMCTL32.dll
0x00007ffe3e5c0000 - 0x00007ffe3e6da000 	C:\Windows\System32\gdi32full.dll
0x00007ffe3f1b0000 - 0x00007ffe3f24e000 	C:\Windows\System32\msvcrt.dll
0x00007ffe3e7a0000 - 0x00007ffe3e83d000 	C:\Windows\System32\msvcp_win.dll
0x00007ffe40d20000 - 0x00007ffe40d50000 	C:\Windows\System32\IMM32.DLL
0x00007ffe39e60000 - 0x00007ffe39e6c000 	C:\Program Files\Eclipse Adoptium\jdk-17.0.16.8-hotspot\bin\vcruntime140_1.dll
0x00007ffe11890000 - 0x00007ffe1191d000 	C:\Program Files\Eclipse Adoptium\jdk-17.0.16.8-hotspot\bin\msvcp140.dll
0x00007ffddb0d0000 - 0x00007ffddbd3b000 	C:\Program Files\Eclipse Adoptium\jdk-17.0.16.8-hotspot\bin\server\jvm.dll
0x00007ffe409b0000 - 0x00007ffe40a5f000 	C:\Windows\System32\ADVAPI32.dll
0x00007ffe405f0000 - 0x00007ffe4068c000 	C:\Windows\System32\sechost.dll
0x00007ffe3eeb0000 - 0x00007ffe3efd6000 	C:\Windows\System32\RPCRT4.dll
0x00007ffe40690000 - 0x00007ffe406fb000 	C:\Windows\System32\WS2_32.dll
0x00007ffe3da20000 - 0x00007ffe3da6b000 	C:\Windows\SYSTEM32\POWRPROF.dll
0x00007ffe2c1b0000 - 0x00007ffe2c1d7000 	C:\Windows\SYSTEM32\WINMM.dll
0x00007ffe38c50000 - 0x00007ffe38c5a000 	C:\Windows\SYSTEM32\VERSION.dll
0x00007ffe3d890000 - 0x00007ffe3d8a2000 	C:\Windows\SYSTEM32\UMPDC.dll
0x00007ffe3c350000 - 0x00007ffe3c362000 	C:\Windows\SYSTEM32\kernel.appcore.dll
0x00007ffe27cb0000 - 0x00007ffe27cba000 	C:\Program Files\Eclipse Adoptium\jdk-17.0.16.8-hotspot\bin\jimage.dll
0x00007ffe2a550000 - 0x00007ffe2a734000 	C:\Windows\SYSTEM32\DBGHELP.DLL
0x00007ffe28050000 - 0x00007ffe28084000 	C:\Windows\SYSTEM32\dbgcore.DLL
0x00007ffe3e6e0000 - 0x00007ffe3e762000 	C:\Windows\System32\bcryptPrimitives.dll
0x00007ffe144a0000 - 0x00007ffe144c5000 	C:\Program Files\Eclipse Adoptium\jdk-17.0.16.8-hotspot\bin\java.dll
0x00007ffe114e0000 - 0x00007ffe115b7000 	C:\Program Files\Eclipse Adoptium\jdk-17.0.16.8-hotspot\bin\jsvml.dll
0x00007ffe3fea0000 - 0x00007ffe405e5000 	C:\Windows\System32\SHELL32.dll
0x00007ffe3c550000 - 0x00007ffe3cceb000 	C:\Windows\SYSTEM32\windows.storage.dll
0x00007ffe3f8f0000 - 0x00007ffe3fc44000 	C:\Windows\System32\combase.dll
0x00007ffe3deb0000 - 0x00007ffe3dedd000 	C:\Windows\SYSTEM32\Wldp.dll
0x00007ffe40a60000 - 0x00007ffe40b0d000 	C:\Windows\System32\SHCORE.dll
0x00007ffe40950000 - 0x00007ffe409a5000 	C:\Windows\System32\shlwapi.dll
0x00007ffe3e3a0000 - 0x00007ffe3e3c5000 	C:\Windows\SYSTEM32\profapi.dll
0x00007ffe1bb10000 - 0x00007ffe1bb29000 	C:\Program Files\Eclipse Adoptium\jdk-17.0.16.8-hotspot\bin\net.dll
0x00007ffe382c0000 - 0x00007ffe383ca000 	C:\Windows\SYSTEM32\WINHTTP.dll
0x00007ffe3dc10000 - 0x00007ffe3dc7a000 	C:\Windows\system32\mswsock.dll
0x00007ffe18430000 - 0x00007ffe18446000 	C:\Program Files\Eclipse Adoptium\jdk-17.0.16.8-hotspot\bin\nio.dll
0x00007ffe14390000 - 0x00007ffe143a8000 	C:\Program Files\Eclipse Adoptium\jdk-17.0.16.8-hotspot\bin\zip.dll
0x00007ffe24c80000 - 0x00007ffe24c90000 	C:\Program Files\Eclipse Adoptium\jdk-17.0.16.8-hotspot\bin\verify.dll

dbghelp: loaded successfully - version: 4.0.5 - missing functions: none
symbol engine: initialized successfully - sym options: 0x614 - pdb path: .;C:\Program Files\Eclipse Adoptium\jdk-17.0.16.8-hotspot\bin;C:\Windows\SYSTEM32;C:\Windows\WinSxS\amd64_microsoft.windows.common-controls_6595b64144ccf1df_6.0.19041.3636_none_60b6a03d71f818d5;C:\Program Files\Eclipse Adoptium\jdk-17.0.16.8-hotspot\bin\server

VM Arguments:
java_command: org.jetbrains.kotlin.cli.jvm.K2JVMCompiler @E:\AI\cursor\ChatApp\app\whoxa-flutter-app\build\audioplayers_android\20250921_5625333053793581522.compiler.options
java_class_path (initial): C:\Users\Administrator\.gradle\caches\modules-2\files-2.1\org.jetbrains.kotlin\kotlin-compiler-embeddable\1.9.25\6e698f23ca1f74d6672827f61e92c2fe015d1b88\kotlin-compiler-embeddable-1.9.25.jar;C:\Users\Administrator\.gradle\caches\modules-2\files-2.1\org.jetbrains.kotlin\kotlin-stdlib\1.9.25\f700a2f2b8f0d6d0fde48f56d894dc722fb029d7\kotlin-stdlib-1.9.25.jar;C:\Users\Administrator\.gradle\caches\modules-2\files-2.1\org.jetbrains.kotlin\kotlin-script-runtime\1.9.25\43cdc99e4582c67c2b60f609d0e4c015d33a8e89\kotlin-script-runtime-1.9.25.jar;C:\Users\Administrator\.gradle\caches\modules-2\files-2.1\org.jetbrains.kotlin\kotlin-reflect\1.6.10\1cbe9c92c12a94eea200d23c2bbaedaf3daf5132\kotlin-reflect-1.6.10.jar;C:\Users\Administrator\.gradle\caches\modules-2\files-2.1\org.jetbrains.kotlin\kotlin-daemon-embeddable\1.9.25\3a1ebb4f98ed480e4774f45e3be215626eb3ae02\kotlin-daemon-embeddable-1.9.25.jar;C:\Users\Administrator\.gradle\caches\modules-2\files-2.1\org.jetbrains.intellij.deps\trove4j\1.0.20200330\3afb14d5f9ceb459d724e907a21145e8ff394f02\trove4j-1.0.20200330.jar;C:\Users\Administrator\.gradle\caches\modules-2\files-2.1\org.jetbrains\annotations\13.0\919f0dfe192fb4e063e7dacadee7f8bb9a2672a9\annotations-13.0.jar
Launcher Type: SUN_STANDARD

[Global flags]
     intx CICompilerCount                          = 12                                        {product} {ergonomic}
     uint ConcGCThreads                            = 3                                         {product} {ergonomic}
     uint G1ConcRefinementThreads                  = 13                                        {product} {ergonomic}
   size_t G1HeapRegionSize                         = 4194304                                   {product} {ergonomic}
    uintx GCDrainStackTargetSize                   = 64                                        {product} {ergonomic}
   size_t InitialHeapSize                          = 536870912                                 {product} {ergonomic}
   size_t MarkStackSize                            = 4194304                                   {product} {ergonomic}
   size_t MaxHeapSize                              = 8539602944                                {product} {ergonomic}
   size_t MaxNewSize                               = 5121245184                                {product} {ergonomic}
   size_t MinHeapDeltaBytes                        = 4194304                                   {product} {ergonomic}
   size_t MinHeapSize                              = 8388608                                   {product} {ergonomic}
    uintx NonNMethodCodeHeapSize                   = 7602480                                {pd product} {ergonomic}
    uintx NonProfiledCodeHeapSize                  = 122027880                              {pd product} {ergonomic}
    uintx ProfiledCodeHeapSize                     = 122027880                              {pd product} {ergonomic}
    uintx ReservedCodeCacheSize                    = 251658240                              {pd product} {ergonomic}
     bool SegmentedCodeCache                       = true                                      {product} {ergonomic}
   size_t SoftMaxHeapSize                          = 8539602944                             {manageable} {ergonomic}
     bool UseCompressedClassPointers               = true                           {product lp64_product} {ergonomic}
     bool UseCompressedOops                        = true                           {product lp64_product} {ergonomic}
     bool UseG1GC                                  = true                                      {product} {ergonomic}
     bool UseLargePagesIndividualAllocation        = false                                  {pd product} {ergonomic}

Logging:
Log output configuration:
 #0: stdout all=warning uptime,level,tags
 #1: stderr all=off uptime,level,tags

Environment Variables:
JAVA_HOME=C:\Program Files\Eclipse Adoptium\jdk-17.0.16.8-hotspot
CLASSPATH=E:\AI\cursor\ChatApp\app\whoxa-flutter-app\android\\gradle\wrapper\gradle-wrapper.jar
PATH=C:\Program Files\Eclipse Adoptium\jdk-17.0.16.8-hotspot\bin;D:\Flutter4\flutter\bin;C:\Program Files\Eclipse Adoptium\jdk-17.0.16.8-hotspot\bin;C:\Program Files\Eclipse Adoptium\jdk-17.0.16.8-hotspot\bin;C:\Windows\system32;C:\Windows;C:\Windows\System32\Wbem;C:\Windows\System32\WindowsPowerShell\v1.0\;C:\Windows\System32\OpenSSH\;C:\Users\Administrator\AppData\Local\Microsoft\WindowsApps;C:\Users\Administrator\Desktop\useself\ai\cursor\cursor\resources\app\bin;D:\Flutter\install\flutter\bin;;D:\Flutter4\flutter\bin\mingit\cmd
USERNAME=Administrator
OS=Windows_NT
PROCESSOR_IDENTIFIER=Intel64 Family 6 Model 183 Stepping 1, GenuineIntel
TMP=C:\Users\ADMINI~1\AppData\Local\Temp
TEMP=C:\Users\ADMINI~1\AppData\Local\Temp



Periodic native trim disabled


---------------  S Y S T E M  ---------------

OS:
 Windows 10 , 64 bit Build 19041 (10.0.19041.3636)
OS uptime: 1 days 17:23 hours

CPU: total 16 (initial active 16) (8 cores per cpu, 2 threads per core) family 6 model 183 stepping 1 microcode 0x12c, cx8, cmov, fxsr, ht, mmx, 3dnowpref, sse, sse2, sse3, ssse3, sse4.1, sse4.2, popcnt, lzcnt, tsc, tscinvbit, avx, avx2, aes, erms, clmul, bmi1, bmi2, adx, sha, fma, vzeroupper, clflush, clflushopt, clwb
Processor Information for all 16 processors :
  Max Mhz: 2500, Current Mhz: 2500, Mhz Limit: 2500

Memory: 4k page, system-wide physical 32561M (5191M free)
TotalPageFile size 51761M (AvailPageFile size 5M)
current process WorkingSet (physical memory assigned to process): 298M, peak: 313M
current process commit charge ("private bytes"): 351M, peak: 688M

vm_info: OpenJDK 64-Bit Server VM (17.0.16+8) for windows-amd64 JRE (17.0.16+8), built on Jul 16 2025 10:37:56 by "admin" with MS VC++ 17.7 (VS2022)

END.
