#
# There is insufficient memory for the Java Runtime Environment to continue.
# Native memory allocation (malloc) failed to allocate 192896 bytes. Error detail: Chunk::new
# Possible reasons:
#   The system is out of physical RAM or swap space
#   This process is running with CompressedOops enabled, and the Java Heap may be blocking the growth of the native heap
# Possible solutions:
#   Reduce memory load on the system
#   Increase physical memory or swap space
#   Check if swap backing store is full
#   Decrease Java heap size (-Xmx/-Xms)
#   Decrease number of Java threads
#   Decrease Java thread stack sizes (-Xss)
#   Set larger code cache with -XX:ReservedCodeCacheSize=
#   JVM is running with Zero Based Compressed Oops mode in which the Java heap is
#     placed in the first 32GB address space. The Java Heap base address is the
#     maximum limit for the native heap growth. Please use -XX:HeapBaseMinAddress
#     to set the Java Heap base and to place the Java Heap above 32GB virtual address.
# This output file may be truncated or incomplete.
#
#  Out of Memory Error (arena.cpp:191), pid=26284, tid=13144
#
# JRE version: OpenJDK Runtime Environment Temurin-17.0.16+8 (17.0.16+8) (build 17.0.16+8)
# Java VM: OpenJDK 64-Bit Server VM Temurin-17.0.16+8 (17.0.16+8, mixed mode, sharing, tiered, compressed oops, compressed class ptrs, g1 gc, windows-amd64)
# No core dump will be written. Minidumps are not enabled by default on client versions of Windows
#

---------------  S U M M A R Y ------------

Command Line: org.jetbrains.kotlin.cli.jvm.K2JVMCompiler @E:\AI\cursor\ChatApp\app\whoxa-flutter-app\build\audioplayers_android\20250920_15272333938174893250.compiler.options

Host: 13th Gen Intel(R) Core(TM) i5-13400F, 16 cores, 31G,  Windows 10 , 64 bit Build 19041 (10.0.19041.3636)
Time: Sat Sep 20 13:23:42 2025  Windows 10 , 64 bit Build 19041 (10.0.19041.3636) elapsed time: 14.251243 seconds (0d 0h 0m 14s)

---------------  T H R E A D  ---------------

Current thread (0x0000013128b3a5b0):  JavaThread "C2 CompilerThread6" daemon [_thread_in_native, id=13144, stack(0x0000002571200000,0x0000002571300000)]


Current CompileTask:
C2:  14251 14713       4       org.jetbrains.org.objectweb.asm.tree.analysis.BasicValue::equals (54 bytes)

Stack: [0x0000002571200000,0x0000002571300000]
Native frames: (J=compiled Java code, j=interpreted, Vv=VM code, C=native code)
V  [jvm.dll+0x683169]
V  [jvm.dll+0x839ac8]
V  [jvm.dll+0x83b573]
V  [jvm.dll+0x83bbe3]
V  [jvm.dll+0x2473ff]
V  [jvm.dll+0xace94]
V  [jvm.dll+0xad52c]
V  [jvm.dll+0x2acc2f]
V  [jvm.dll+0x5891f9]
V  [jvm.dll+0x221182]
V  [jvm.dll+0x22157f]
V  [jvm.dll+0x21a580]
V  [jvm.dll+0x21765b]
V  [jvm.dll+0x1a32a0]
V  [jvm.dll+0x227b3c]
V  [jvm.dll+0x225ccb]
V  [jvm.dll+0x7ef2d8]
V  [jvm.dll+0x7e979c]
V  [jvm.dll+0x682047]
C  [ucrtbase.dll+0x21bb2]
C  [KERNEL32.DLL+0x17344]
C  [ntdll.dll+0x526b1]


---------------  P R O C E S S  ---------------

Threads class SMR info:
_java_thread_list=0x00000131245222f0, length=22, elements={
0x00000130ae649340, 0x00000130dccd6b30, 0x00000130dccd79b0, 0x00000130dcced2d0,
0x00000130dd925fe0, 0x00000130dd92b8e0, 0x00000130dd92c2a0, 0x00000130dd92cf90,
0x00000130dd92da40, 0x00000130dd942300, 0x00000130dda70f70, 0x00000130dda76530,
0x00000130dda817a0, 0x000001312313a960, 0x0000013123259790, 0x0000013128b3c590,
0x0000013128b3fab0, 0x0000013128b3f010, 0x0000013128b41540, 0x0000013128b40ff0,
0x0000013128b3a5b0, 0x0000013128b3ab00
}

Java Threads: ( => current thread )
  0x00000130ae649340 JavaThread "main" [_thread_in_Java, id=27548, stack(0x000000256ec00000,0x000000256ed00000)]
  0x00000130dccd6b30 JavaThread "Reference Handler" daemon [_thread_blocked, id=16820, stack(0x000000256f300000,0x000000256f400000)]
  0x00000130dccd79b0 JavaThread "Finalizer" daemon [_thread_blocked, id=23816, stack(0x000000256f400000,0x000000256f500000)]
  0x00000130dcced2d0 JavaThread "Signal Dispatcher" daemon [_thread_blocked, id=5320, stack(0x000000256f500000,0x000000256f600000)]
  0x00000130dd925fe0 JavaThread "Attach Listener" daemon [_thread_blocked, id=25576, stack(0x000000256f600000,0x000000256f700000)]
  0x00000130dd92b8e0 JavaThread "Service Thread" daemon [_thread_blocked, id=14288, stack(0x000000256f700000,0x000000256f800000)]
  0x00000130dd92c2a0 JavaThread "Monitor Deflation Thread" daemon [_thread_blocked, id=11828, stack(0x000000256f800000,0x000000256f900000)]
  0x00000130dd92cf90 JavaThread "C2 CompilerThread0" daemon [_thread_in_native, id=18700, stack(0x000000256f900000,0x000000256fa00000)]
  0x00000130dd92da40 JavaThread "C1 CompilerThread0" daemon [_thread_in_native, id=30004, stack(0x000000256fa00000,0x000000256fb00000)]
  0x00000130dd942300 JavaThread "Sweeper thread" daemon [_thread_blocked, id=26748, stack(0x000000256fb00000,0x000000256fc00000)]
  0x00000130dda70f70 JavaThread "Notification Thread" daemon [_thread_blocked, id=33736, stack(0x000000256fc00000,0x000000256fd00000)]
  0x00000130dda76530 JavaThread "Common-Cleaner" daemon [_thread_blocked, id=12380, stack(0x000000256fe00000,0x000000256ff00000)]
  0x00000130dda817a0 JavaThread "C1 CompilerThread1" daemon [_thread_in_native, id=17208, stack(0x000000256ff00000,0x0000002570000000)]
  0x000001312313a960 JavaThread "C1 CompilerThread2" daemon [_thread_in_native, id=12452, stack(0x0000002570100000,0x0000002570200000)]
  0x0000013123259790 JavaThread "C1 CompilerThread3" daemon [_thread_in_native, id=18692, stack(0x0000002570200000,0x0000002570300000)]
  0x0000013128b3c590 JavaThread "C2 CompilerThread1" daemon [_thread_in_native, id=6636, stack(0x0000002570000000,0x0000002570100000)]
  0x0000013128b3fab0 JavaThread "C2 CompilerThread2" daemon [_thread_in_native, id=25796, stack(0x0000002570e00000,0x0000002570f00000)]
  0x0000013128b3f010 JavaThread "C2 CompilerThread3" daemon [_thread_in_native, id=31556, stack(0x0000002570f00000,0x0000002571000000)]
  0x0000013128b41540 JavaThread "C2 CompilerThread4" daemon [_thread_in_native, id=32412, stack(0x0000002571000000,0x0000002571100000)]
  0x0000013128b40ff0 JavaThread "C2 CompilerThread5" daemon [_thread_in_native, id=33284, stack(0x0000002571100000,0x0000002571200000)]
=>0x0000013128b3a5b0 JavaThread "C2 CompilerThread6" daemon [_thread_in_native, id=13144, stack(0x0000002571200000,0x0000002571300000)]
  0x0000013128b3ab00 JavaThread "C2 CompilerThread7" daemon [_thread_in_native, id=25256, stack(0x0000002571b00000,0x0000002571c00000)]

Other Threads:
  0x00000130dccd1490 VMThread "VM Thread" [stack: 0x000000256f200000,0x000000256f300000] [id=29728]
  0x00000130dda74ca0 WatcherThread [stack: 0x000000256fd00000,0x000000256fe00000] [id=9272]
  0x00000130ae6f6710 GCTaskThread "GC Thread#0" [stack: 0x000000256ed00000,0x000000256ee00000] [id=16916]
  0x00000131233505b0 GCTaskThread "GC Thread#1" [stack: 0x0000002570300000,0x0000002570400000] [id=20828]
  0x0000013123350c80 GCTaskThread "GC Thread#2" [stack: 0x0000002570400000,0x0000002570500000] [id=2872]
  0x0000013123350f40 GCTaskThread "GC Thread#3" [stack: 0x0000002570500000,0x0000002570600000] [id=33124]
  0x0000013123381f50 GCTaskThread "GC Thread#4" [stack: 0x0000002570600000,0x0000002570700000] [id=13740]
  0x0000013123382830 GCTaskThread "GC Thread#5" [stack: 0x0000002570700000,0x0000002570800000] [id=27108]
  0x00000131233487c0 GCTaskThread "GC Thread#6" [stack: 0x0000002570800000,0x0000002570900000] [id=29568]
  0x0000013123349290 GCTaskThread "GC Thread#7" [stack: 0x0000002570900000,0x0000002570a00000] [id=2132]
  0x0000013123349960 GCTaskThread "GC Thread#8" [stack: 0x0000002570a00000,0x0000002570b00000] [id=29284]
  0x00000131233a8850 GCTaskThread "GC Thread#9" [stack: 0x0000002570b00000,0x0000002570c00000] [id=5360]
  0x00000131233a8f20 GCTaskThread "GC Thread#10" [stack: 0x0000002570c00000,0x0000002570d00000] [id=16760]
  0x00000131233a91e0 GCTaskThread "GC Thread#11" [stack: 0x0000002570d00000,0x0000002570e00000] [id=30112]
  0x00000131247424a0 GCTaskThread "GC Thread#12" [stack: 0x0000002571300000,0x0000002571400000] [id=21784]
  0x00000130ae7074e0 ConcurrentGCThread "G1 Main Marker" [stack: 0x000000256ee00000,0x000000256ef00000] [id=30316]
  0x00000130ae707f00 ConcurrentGCThread "G1 Conc#0" [stack: 0x000000256ef00000,0x000000256f000000] [id=26104]
  0x00000131237b7b20 ConcurrentGCThread "G1 Conc#1" [stack: 0x0000002571400000,0x0000002571500000] [id=28196]
  0x00000131237b8360 ConcurrentGCThread "G1 Conc#2" [stack: 0x0000002571500000,0x0000002571600000] [id=29664]
  0x00000130dcc0a1d0 ConcurrentGCThread "G1 Refine#0" [stack: 0x000000256f000000,0x000000256f100000] [id=33828]
  0x00000131254a7970 ConcurrentGCThread "G1 Refine#1" [stack: 0x0000002571600000,0x0000002571700000] [id=26480]
  0x00000131255215a0 ConcurrentGCThread "G1 Refine#2" [stack: 0x0000002571700000,0x0000002571800000] [id=31740]
  0x000001312551f990 ConcurrentGCThread "G1 Refine#3" [stack: 0x0000002571800000,0x0000002571900000] [id=31020]
  0x000001312551edd0 ConcurrentGCThread "G1 Refine#4" [stack: 0x0000002571900000,0x0000002571a00000] [id=31952]
  0x0000013125520550 ConcurrentGCThread "G1 Refine#5" [stack: 0x0000002571a00000,0x0000002571b00000] [id=31360]
  0x00000130dcc0ab10 ConcurrentGCThread "G1 Service" [stack: 0x000000256f100000,0x000000256f200000] [id=10564]

Threads with active compile tasks:
C2 CompilerThread0    14259 14707       4       org.jetbrains.org.objectweb.asm.tree.analysis.Frame::merge (96 bytes)
C2 CompilerThread1    14259 14690       4       org.jetbrains.kotlin.codegen.optimization.common.OptimizationBasicInterpreter::merge (203 bytes)
C2 CompilerThread2    14259 14683       4       org.jetbrains.kotlin.codegen.optimization.common.StrictBasicValue::equals (103 bytes)
C2 CompilerThread3    14259 14705       4       org.jetbrains.kotlin.codegen.optimization.ConstantConditionEliminationMethodTransformer$ConstantPropagationInterpreter::merge (16 bytes)
C2 CompilerThread4    14259 14691       4       org.jetbrains.kotlin.codegen.optimization.nullCheck.NullabilityInterpreter::merge (16 bytes)
C2 CompilerThread5    14259 14706       4       org.jetbrains.kotlin.codegen.optimization.ConstantConditionEliminationMethodTransformer$ConstantPropagationInterpreter::merge (51 bytes)
C2 CompilerThread6    14259 14713       4       org.jetbrains.org.objectweb.asm.tree.analysis.BasicValue::equals (54 bytes)
C2 CompilerThread7    14259 14745       4       org.jetbrains.kotlin.utils.SmartSet::add (216 bytes)

VM state: not at safepoint (normal execution)

VM Mutex/Monitor currently owned by a thread: None

Heap address: 0x0000000603000000, size: 8144 MB, Compressed Oops mode: Zero based, Oop shift amount: 3

CDS archive(s) mapped at: [0x00000130de000000-0x00000130debb0000-0x00000130debb0000), size 12255232, SharedBaseAddress: 0x00000130de000000, ArchiveRelocationMode: 1.
Compressed class space mapped at: 0x00000130df000000-0x000001311f000000, reserved size: 1073741824
Narrow klass base: 0x00000130de000000, Narrow klass shift: 0, Narrow klass range: 0x100000000

GC Precious Log:
 CPUs: 16 total, 16 available
 Memory: 32561M
 Large Page Support: Disabled
 NUMA Support: Disabled
 Compressed Oops: Enabled (Zero based)
 Heap Region Size: 4M
 Heap Min Capacity: 8M
 Heap Initial Capacity: 512M
 Heap Max Capacity: 8144M
 Pre-touch: Disabled
 Parallel Workers: 13
 Concurrent Workers: 3
 Concurrent Refinement Workers: 13
 Periodic GC: Disabled

Heap:
 garbage-first heap   total 110592K, used 61171K [0x0000000603000000, 0x0000000800000000)
  region size 4096K, 7 young (28672K), 2 survivors (8192K)
 Metaspace       used 70754K, committed 71040K, reserved 1114112K
  class space    used 7412K, committed 7552K, reserved 1048576K

Heap Regions: E=young(eden), S=young(survivor), O=old, HS=humongous(starts), HC=humongous(continues), CS=collection set, F=free, OA=open archive, CA=closed archive, TAMS=top-at-mark-start (previous, next)
|   0|0x0000000603000000, 0x0000000603400000, 0x0000000603400000|100%|HS|  |TAMS 0x0000000603400000, 0x0000000603000000| Complete 
|   1|0x0000000603400000, 0x0000000603586e00, 0x0000000603800000| 38%| O|  |TAMS 0x0000000603586e00, 0x0000000603400000| Untracked 
|   2|0x0000000603800000, 0x0000000603c00000, 0x0000000603c00000|100%| O|  |TAMS 0x0000000603c00000, 0x0000000603800000| Untracked 
|   3|0x0000000603c00000, 0x0000000604000000, 0x0000000604000000|100%| O|  |TAMS 0x0000000604000000, 0x0000000603c00000| Untracked 
|   4|0x0000000604000000, 0x0000000604400000, 0x0000000604400000|100%| O|  |TAMS 0x0000000604400000, 0x0000000604000000| Untracked 
|   5|0x0000000604400000, 0x0000000604800000, 0x0000000604800000|100%| O|  |TAMS 0x0000000604800000, 0x0000000604400000| Untracked 
|   6|0x0000000604800000, 0x0000000604c00000, 0x0000000604c00000|100%| O|  |TAMS 0x0000000604c00000, 0x0000000604800000| Untracked 
|   7|0x0000000604c00000, 0x0000000605000000, 0x0000000605000000|100%| O|  |TAMS 0x0000000605000000, 0x0000000604c00000| Untracked 
|   8|0x0000000605000000, 0x0000000605400000, 0x0000000605400000|100%| O|  |TAMS 0x0000000605400000, 0x0000000605000000| Untracked 
|   9|0x0000000605400000, 0x0000000605800000, 0x0000000605800000|100%| O|  |TAMS 0x0000000605562e00, 0x0000000605400000| Untracked 
|  10|0x0000000605800000, 0x00000006058f5000, 0x0000000605c00000| 23%| O|  |TAMS 0x0000000605800000, 0x0000000605800000| Untracked 
|  11|0x0000000605c00000, 0x0000000605c00000, 0x0000000606000000|  0%| F|  |TAMS 0x0000000605c00000, 0x0000000605c00000| Untracked 
|  12|0x0000000606000000, 0x0000000606000000, 0x0000000606400000|  0%| F|  |TAMS 0x0000000606000000, 0x0000000606000000| Untracked 
|  13|0x0000000606400000, 0x0000000606400000, 0x0000000606800000|  0%| F|  |TAMS 0x0000000606400000, 0x0000000606400000| Untracked 
|  14|0x0000000606800000, 0x0000000606800000, 0x0000000606c00000|  0%| F|  |TAMS 0x0000000606800000, 0x0000000606800000| Untracked 
|  15|0x0000000606c00000, 0x0000000606d411b0, 0x0000000607000000| 31%| S|CS|TAMS 0x0000000606c00000, 0x0000000606c00000| Complete 
|  16|0x0000000607000000, 0x0000000607400000, 0x0000000607400000|100%| S|CS|TAMS 0x0000000607000000, 0x0000000607000000| Complete 
|  17|0x0000000607400000, 0x0000000607400000, 0x0000000607800000|  0%| F|  |TAMS 0x0000000607400000, 0x0000000607400000| Untracked 
|  18|0x0000000607800000, 0x0000000607800000, 0x0000000607c00000|  0%| F|  |TAMS 0x0000000607800000, 0x0000000607800000| Untracked 
|  19|0x0000000607c00000, 0x0000000607c00000, 0x0000000608000000|  0%| F|  |TAMS 0x0000000607c00000, 0x0000000607c00000| Untracked 
|  20|0x0000000608000000, 0x0000000608000000, 0x0000000608400000|  0%| F|  |TAMS 0x0000000608000000, 0x0000000608000000| Untracked 
|  21|0x0000000608400000, 0x0000000608400000, 0x0000000608800000|  0%| F|  |TAMS 0x0000000608400000, 0x0000000608400000| Untracked 
|  22|0x0000000608800000, 0x0000000608c00000, 0x0000000608c00000|100%| E|  |TAMS 0x0000000608800000, 0x0000000608800000| Complete 
|  23|0x0000000608c00000, 0x0000000609000000, 0x0000000609000000|100%| E|CS|TAMS 0x0000000608c00000, 0x0000000608c00000| Complete 
|  24|0x0000000609000000, 0x0000000609400000, 0x0000000609400000|100%| E|CS|TAMS 0x0000000609000000, 0x0000000609000000| Complete 
|  25|0x0000000609400000, 0x0000000609800000, 0x0000000609800000|100%| E|CS|TAMS 0x0000000609400000, 0x0000000609400000| Complete 
| 127|0x0000000622c00000, 0x0000000623000000, 0x0000000623000000|100%| E|CS|TAMS 0x0000000622c00000, 0x0000000622c00000| Complete 

Card table byte_map: [0x00000130c89a0000,0x00000130c9990000] _byte_map_base: 0x00000130c5988000

Marking Bits (Prev, Next): (CMBitMap*) 0x00000130ae6f6d70, (CMBitMap*) 0x00000130ae6f6d30
 Prev Bits: [0x00000130d28c0000, 0x00000130da800000)
 Next Bits: [0x00000130ca980000, 0x00000130d28c0000)

Polling page: 0x00000130ae330000

Metaspace:

Usage:
  Non-class:     61.86 MB used.
      Class:      7.24 MB used.
       Both:     69.10 MB used.

Virtual space:
  Non-class space:       64.00 MB reserved,      62.00 MB ( 97%) committed,  1 nodes.
      Class space:        1.00 GB reserved,       7.38 MB ( <1%) committed,  1 nodes.
             Both:        1.06 GB reserved,      69.38 MB (  6%) committed. 

Chunk freelists:
   Non-Class:  928.00 KB
       Class:  8.64 MB
        Both:  9.55 MB

MaxMetaspaceSize: unlimited
CompressedClassSpaceSize: 1.00 GB
Initial GC threshold: 21.00 MB
Current GC threshold: 98.88 MB
CDS: on
MetaspaceReclaimPolicy: balanced
 - commit_granule_bytes: 65536.
 - commit_granule_words: 8192.
 - virtual_space_node_default_size: 8388608.
 - enlarge_chunks_in_place: 1.
 - new_chunks_are_fully_committed: 0.
 - uncommit_free_chunks: 1.
 - use_allocation_guard: 0.
 - handle_deallocations: 1.


Internal statistics:

num_allocs_failed_limit: 9.
num_arena_births: 314.
num_arena_deaths: 0.
num_vsnodes_births: 2.
num_vsnodes_deaths: 0.
num_space_committed: 1108.
num_space_uncommitted: 0.
num_chunks_returned_to_freelist: 9.
num_chunks_taken_from_freelist: 2785.
num_chunk_merges: 9.
num_chunk_splits: 2328.
num_chunks_enlarged: 2090.
num_inconsistent_stats: 0.

CodeHeap 'non-profiled nmethods': size=119168Kb used=6349Kb max_used=6349Kb free=112818Kb
 bounds [0x00000130bf580000, 0x00000130bfbc0000, 0x00000130c69e0000]
CodeHeap 'profiled nmethods': size=119104Kb used=42507Kb max_used=42507Kb free=76596Kb
 bounds [0x00000130b79e0000, 0x00000130ba370000, 0x00000130bee30000]
CodeHeap 'non-nmethods': size=7488Kb used=3102Kb max_used=3152Kb free=4385Kb
 bounds [0x00000130bee30000, 0x00000130bf150000, 0x00000130bf580000]
 total_blobs=13556 nmethods=12817 adapters=645
 compilation: enabled
              stopped_count=0, restarted_count=0
 full_count=0

Compilation events (20 events):
Event: 14.245 Thread 0x00000130dd92da40 14727       3       org.jetbrains.kotlin.codegen.optimization.fixStack.StackTransformationUtilsKt::top (12 bytes)
Event: 14.246 Thread 0x0000013123259790 nmethod 14726 0x00000130ba34ea90 code [0x00000130ba34ee20, 0x00000130ba350268]
Event: 14.246 Thread 0x00000130dd92da40 nmethod 14727 0x00000130ba350910 code [0x00000130ba350bc0, 0x00000130ba3518f8]
Event: 14.247 Thread 0x00000130dda817a0 14729       3       org.jetbrains.kotlin.codegen.optimization.temporaryVals.FastStoreLoadAnalyzer::indexOf (12 bytes)
Event: 14.247 Thread 0x0000013123259790 14730       3       org.jetbrains.kotlin.codegen.optimization.temporaryVals.TemporaryValsAnalyzer$StoreTrackingInterpreter::load (107 bytes)
Event: 14.247 Thread 0x00000130dda817a0 nmethod 14729 0x00000130ba351d90 code [0x00000130ba351f40, 0x00000130ba3521c8]
Event: 14.247 Thread 0x00000130dda817a0 14731       1       org.jetbrains.kotlin.codegen.optimization.temporaryVals.TemporaryValsAnalyzer$StoredValue$Store::getTemporaryVal (5 bytes)
Event: 14.247 Thread 0x000001312313a960 14732       3       org.jetbrains.kotlin.codegen.optimization.temporaryVals.TemporaryValsAnalyzer$StoreTrackingInterpreter::temporaryVals (49 bytes)
Event: 14.247 Thread 0x00000130dd92da40 14733       3       org.jetbrains.kotlin.utils.SmartSet$Companion::create (28 bytes)
Event: 14.247 Thread 0x00000130dda817a0 nmethod 14731 0x00000130bfbb1e10 code [0x00000130bfbb1fa0, 0x00000130bfbb2078]
Event: 14.247 Thread 0x00000130dda817a0 14734       3       org.jetbrains.kotlin.codegen.optimization.temporaryVals.TemporaryValsAnalyzer$StoredValue$DirtyStore::equals (30 bytes)
Event: 14.248 Thread 0x000001312313a960 nmethod 14732 0x00000130ba352310 code [0x00000130ba352520, 0x00000130ba352ea8]
Event: 14.248 Thread 0x000001312313a960 14736       3       org.jetbrains.kotlin.codegen.optimization.temporaryVals.StoreLoadFrame::merge (83 bytes)
Event: 14.248 Thread 0x00000130dda817a0 nmethod 14734 0x00000130ba353110 code [0x00000130ba3532e0, 0x00000130ba353848]
Event: 14.248 Thread 0x00000130dd92da40 nmethod 14733 0x00000130ba353990 code [0x00000130ba353be0, 0x00000130ba354488]
Event: 14.249 Thread 0x0000013123259790 nmethod 14730 0x00000130ba354810 code [0x00000130ba354b60, 0x00000130ba3561f8]
Event: 14.249 Thread 0x00000130dda817a0 14738       3       org.jetbrains.kotlin.utils.SmartSet::iterator (97 bytes)
Event: 14.249 Thread 0x00000130dd92da40 14740       3       org.jetbrains.kotlin.utils.SmartSet$ArrayIterator::<init> (19 bytes)
Event: 14.250 Thread 0x000001312313a960 nmethod 14736 0x00000130ba356810 code [0x00000130ba356c80, 0x00000130ba358d98]
Event: 14.250 Thread 0x00000130dd92da40 nmethod 14740 0x00000130ba359a90 code [0x00000130ba359dc0, 0x00000130ba35af38]

GC Heap History (20 events):
Event: 1.616 GC heap before
{Heap before GC invocations=5 (full 0):
 garbage-first heap   total 69632K, used 21374K [0x0000000603000000, 0x0000000800000000)
  region size 4096K, 2 young (8192K), 1 survivors (4096K)
 Metaspace       used 29473K, committed 29632K, reserved 1114112K
  class space    used 3664K, committed 3712K, reserved 1048576K
}
Event: 1.621 GC heap after
{Heap after GC invocations=6 (full 0):
 garbage-first heap   total 69632K, used 17720K [0x0000000603000000, 0x0000000800000000)
  region size 4096K, 1 young (4096K), 1 survivors (4096K)
 Metaspace       used 29473K, committed 29632K, reserved 1114112K
  class space    used 3664K, committed 3712K, reserved 1048576K
}
Event: 2.225 GC heap before
{Heap before GC invocations=6 (full 0):
 garbage-first heap   total 69632K, used 42296K [0x0000000603000000, 0x0000000800000000)
  region size 4096K, 7 young (28672K), 1 survivors (4096K)
 Metaspace       used 34725K, committed 34944K, reserved 1114112K
  class space    used 4275K, committed 4416K, reserved 1048576K
}
Event: 2.229 GC heap after
{Heap after GC invocations=7 (full 0):
 garbage-first heap   total 69632K, used 22080K [0x0000000603000000, 0x0000000800000000)
  region size 4096K, 1 young (4096K), 1 survivors (4096K)
 Metaspace       used 34725K, committed 34944K, reserved 1114112K
  class space    used 4275K, committed 4416K, reserved 1048576K
}
Event: 2.394 GC heap before
{Heap before GC invocations=7 (full 0):
 garbage-first heap   total 69632K, used 46656K [0x0000000603000000, 0x0000000800000000)
  region size 4096K, 7 young (28672K), 1 survivors (4096K)
 Metaspace       used 35719K, committed 35968K, reserved 1114112K
  class space    used 4369K, committed 4480K, reserved 1048576K
}
Event: 2.401 GC heap after
{Heap after GC invocations=8 (full 0):
 garbage-first heap   total 69632K, used 23610K [0x0000000603000000, 0x0000000800000000)
  region size 4096K, 1 young (4096K), 1 survivors (4096K)
 Metaspace       used 35719K, committed 35968K, reserved 1114112K
  class space    used 4369K, committed 4480K, reserved 1048576K
}
Event: 2.541 GC heap before
{Heap before GC invocations=8 (full 0):
 garbage-first heap   total 69632K, used 35898K [0x0000000603000000, 0x0000000800000000)
  region size 4096K, 5 young (20480K), 1 survivors (4096K)
 Metaspace       used 35908K, committed 36096K, reserved 1114112K
  class space    used 4379K, committed 4480K, reserved 1048576K
}
Event: 2.545 GC heap after
{Heap after GC invocations=9 (full 0):
 garbage-first heap   total 299008K, used 24192K [0x0000000603000000, 0x0000000800000000)
  region size 4096K, 1 young (4096K), 1 survivors (4096K)
 Metaspace       used 35908K, committed 36096K, reserved 1114112K
  class space    used 4379K, committed 4480K, reserved 1048576K
}
Event: 4.533 GC heap before
{Heap before GC invocations=10 (full 0):
 garbage-first heap   total 110592K, used 85632K [0x0000000603000000, 0x0000000800000000)
  region size 4096K, 16 young (65536K), 1 survivors (4096K)
 Metaspace       used 44668K, committed 44928K, reserved 1114112K
  class space    used 5163K, committed 5312K, reserved 1048576K
}
Event: 4.549 GC heap after
{Heap after GC invocations=11 (full 0):
 garbage-first heap   total 110592K, used 31681K [0x0000000603000000, 0x0000000800000000)
  region size 4096K, 2 young (8192K), 2 survivors (8192K)
 Metaspace       used 44668K, committed 44928K, reserved 1114112K
  class space    used 5163K, committed 5312K, reserved 1048576K
}
Event: 6.889 GC heap before
{Heap before GC invocations=11 (full 0):
 garbage-first heap   total 110592K, used 72641K [0x0000000603000000, 0x0000000800000000)
  region size 4096K, 12 young (49152K), 2 survivors (8192K)
 Metaspace       used 47028K, committed 47296K, reserved 1114112K
  class space    used 5278K, committed 5440K, reserved 1048576K
}
Event: 6.909 GC heap after
{Heap after GC invocations=12 (full 0):
 garbage-first heap   total 110592K, used 36529K [0x0000000603000000, 0x0000000800000000)
  region size 4096K, 2 young (8192K), 2 survivors (8192K)
 Metaspace       used 47028K, committed 47296K, reserved 1114112K
  class space    used 5278K, committed 5440K, reserved 1048576K
}
Event: 9.242 GC heap before
{Heap before GC invocations=12 (full 0):
 garbage-first heap   total 110592K, used 73393K [0x0000000603000000, 0x0000000800000000)
  region size 4096K, 11 young (45056K), 2 survivors (8192K)
 Metaspace       used 47596K, committed 47872K, reserved 1114112K
  class space    used 5303K, committed 5440K, reserved 1048576K
}
Event: 9.256 GC heap after
{Heap after GC invocations=13 (full 0):
 garbage-first heap   total 110592K, used 39978K [0x0000000603000000, 0x0000000800000000)
  region size 4096K, 2 young (8192K), 2 survivors (8192K)
 Metaspace       used 47596K, committed 47872K, reserved 1114112K
  class space    used 5303K, committed 5440K, reserved 1048576K
}
Event: 10.578 GC heap before
{Heap before GC invocations=13 (full 0):
 garbage-first heap   total 110592K, used 76842K [0x0000000603000000, 0x0000000800000000)
  region size 4096K, 11 young (45056K), 2 survivors (8192K)
 Metaspace       used 53011K, committed 53248K, reserved 1114112K
  class space    used 5826K, committed 5952K, reserved 1048576K
}
Event: 10.591 GC heap after
{Heap after GC invocations=14 (full 0):
 garbage-first heap   total 110592K, used 41857K [0x0000000603000000, 0x0000000800000000)
  region size 4096K, 2 young (8192K), 2 survivors (8192K)
 Metaspace       used 53011K, committed 53248K, reserved 1114112K
  class space    used 5826K, committed 5952K, reserved 1048576K
}
Event: 12.126 GC heap before
{Heap before GC invocations=14 (full 0):
 garbage-first heap   total 110592K, used 70529K [0x0000000603000000, 0x0000000800000000)
  region size 4096K, 10 young (40960K), 2 survivors (8192K)
 Metaspace       used 60165K, committed 60480K, reserved 1114112K
  class space    used 6484K, committed 6656K, reserved 1048576K
}
Event: 12.139 GC heap after
{Heap after GC invocations=15 (full 0):
 garbage-first heap   total 110592K, used 44074K [0x0000000603000000, 0x0000000800000000)
  region size 4096K, 2 young (8192K), 2 survivors (8192K)
 Metaspace       used 60165K, committed 60480K, reserved 1114112K
  class space    used 6484K, committed 6656K, reserved 1048576K
}
Event: 13.550 GC heap before
{Heap before GC invocations=16 (full 0):
 garbage-first heap   total 110592K, used 76842K [0x0000000603000000, 0x0000000800000000)
  region size 4096K, 10 young (40960K), 2 survivors (8192K)
 Metaspace       used 67053K, committed 67328K, reserved 1114112K
  class space    used 7110K, committed 7232K, reserved 1048576K
}
Event: 13.559 GC heap after
{Heap after GC invocations=17 (full 0):
 garbage-first heap   total 110592K, used 44787K [0x0000000603000000, 0x0000000800000000)
  region size 4096K, 2 young (8192K), 2 survivors (8192K)
 Metaspace       used 67053K, committed 67328K, reserved 1114112K
  class space    used 7110K, committed 7232K, reserved 1048576K
}

Dll operation events (7 events):
Event: 0.003 Loaded shared library C:\Program Files\Eclipse Adoptium\jdk-17.0.16.8-hotspot\bin\java.dll
Event: 0.015 Loaded shared library C:\Program Files\Eclipse Adoptium\jdk-17.0.16.8-hotspot\bin\jsvml.dll
Event: 0.039 Loaded shared library C:\Program Files\Eclipse Adoptium\jdk-17.0.16.8-hotspot\bin\net.dll
Event: 0.040 Loaded shared library C:\Program Files\Eclipse Adoptium\jdk-17.0.16.8-hotspot\bin\nio.dll
Event: 0.052 Loaded shared library C:\Program Files\Eclipse Adoptium\jdk-17.0.16.8-hotspot\bin\zip.dll
Event: 0.064 Loaded shared library C:\Program Files\Eclipse Adoptium\jdk-17.0.16.8-hotspot\bin\jimage.dll
Event: 0.619 Loaded shared library C:\Program Files\Eclipse Adoptium\jdk-17.0.16.8-hotspot\bin\verify.dll

Deoptimization events (20 events):
Event: 14.079 Thread 0x00000130ae649340 Uncommon trap: trap_request=0xffffff45 fr.pc=0x00000130bf90bbbc relative=0x000000000000009c
Event: 14.079 Thread 0x00000130ae649340 Uncommon trap: reason=unstable_if action=reinterpret pc=0x00000130bf90bbbc method=java.lang.StringLatin1.lastIndexOf([BI[BII)I @ 32 c2
Event: 14.079 Thread 0x00000130ae649340 DEOPT PACKING pc=0x00000130bf90bbbc sp=0x000000256ecfb9a0
Event: 14.079 Thread 0x00000130ae649340 DEOPT UNPACKING pc=0x00000130bee869a3 sp=0x000000256ecfb920 mode 2
Event: 14.120 Thread 0x00000130ae649340 Uncommon trap: trap_request=0xffffff45 fr.pc=0x00000130bfb88b64 relative=0x00000000000055a4
Event: 14.120 Thread 0x00000130ae649340 Uncommon trap: reason=unstable_if action=reinterpret pc=0x00000130bfb88b64 method=org.jetbrains.kotlin.load.kotlin.TypeSignatureMappingKt.mapBuiltInType(Lorg/jetbrains/kotlin/types/TypeSystemCommonBackendContext;Lorg/jetbrains/kotlin/types/model/KotlinTyp
Event: 14.120 Thread 0x00000130ae649340 DEOPT PACKING pc=0x00000130bfb88b64 sp=0x000000256ecfb290
Event: 14.120 Thread 0x00000130ae649340 DEOPT UNPACKING pc=0x00000130bee869a3 sp=0x000000256ecfb260 mode 2
Event: 14.192 Thread 0x00000130ae649340 Uncommon trap: trap_request=0xffffff45 fr.pc=0x00000130bf8b6d64 relative=0x0000000000000604
Event: 14.192 Thread 0x00000130ae649340 Uncommon trap: reason=unstable_if action=reinterpret pc=0x00000130bf8b6d64 method=java.util.HashMap.putVal(ILjava/lang/Object;Ljava/lang/Object;ZZ)Ljava/lang/Object; @ 162 c2
Event: 14.192 Thread 0x00000130ae649340 DEOPT PACKING pc=0x00000130bf8b6d64 sp=0x000000256ecfd860
Event: 14.192 Thread 0x00000130ae649340 DEOPT UNPACKING pc=0x00000130bee869a3 sp=0x000000256ecfd718 mode 2
Event: 14.192 Thread 0x00000130ae649340 Uncommon trap: trap_request=0xffffff45 fr.pc=0x00000130bf60215c relative=0x00000000000009fc
Event: 14.192 Thread 0x00000130ae649340 Uncommon trap: reason=unstable_if action=reinterpret pc=0x00000130bf60215c method=java.util.HashMap.resize()[Ljava/util/HashMap$Node; @ 203 c2
Event: 14.192 Thread 0x00000130ae649340 DEOPT PACKING pc=0x00000130bf60215c sp=0x000000256ecfd750
Event: 14.192 Thread 0x00000130ae649340 DEOPT UNPACKING pc=0x00000130bee869a3 sp=0x000000256ecfd6e0 mode 2
Event: 14.249 Thread 0x00000130ae649340 Uncommon trap: trap_request=0xffffff45 fr.pc=0x00000130bf9b1df8 relative=0x0000000000000238
Event: 14.249 Thread 0x00000130ae649340 Uncommon trap: reason=unstable_if action=reinterpret pc=0x00000130bf9b1df8 method=org.jetbrains.kotlin.utils.SmartSet.iterator()Ljava/util/Iterator; @ 49 c2
Event: 14.249 Thread 0x00000130ae649340 DEOPT PACKING pc=0x00000130bf9b1df8 sp=0x000000256ecfd430
Event: 14.249 Thread 0x00000130ae649340 DEOPT UNPACKING pc=0x00000130bee869a3 sp=0x000000256ecfd3e0 mode 2

Classes loaded (20 events):
Event: 6.034 Loading class java/util/regex/Pattern$LookBehindEndNode
Event: 6.034 Loading class java/util/regex/Pattern$LookBehindEndNode done
Event: 6.034 Loading class java/util/regex/Pattern$NotBehind
Event: 6.035 Loading class java/util/regex/Pattern$NotBehind done
Event: 10.041 Loading class java/text/MessageFormat
Event: 10.044 Loading class java/text/MessageFormat done
Event: 10.058 Loading class jdk/internal/reflect/UnsafeBooleanFieldAccessorImpl
Event: 10.061 Loading class jdk/internal/reflect/UnsafeBooleanFieldAccessorImpl done
Event: 10.062 Loading class jdk/internal/reflect/UnsafeQualifiedObjectFieldAccessorImpl
Event: 10.062 Loading class jdk/internal/reflect/UnsafeQualifiedFieldAccessorImpl
Event: 10.062 Loading class jdk/internal/reflect/UnsafeQualifiedFieldAccessorImpl done
Event: 10.062 Loading class jdk/internal/reflect/UnsafeQualifiedObjectFieldAccessorImpl done
Event: 10.116 Loading class java/text/ChoiceFormat
Event: 10.118 Loading class java/text/ChoiceFormat done
Event: 10.138 Loading class java/text/MessageFormat$Field
Event: 10.138 Loading class java/text/MessageFormat$Field done
Event: 13.503 Loading class java/lang/TypeNotPresentException
Event: 13.503 Loading class java/lang/TypeNotPresentException done
Event: 13.638 Loading class java/util/Vector$Itr
Event: 13.639 Loading class java/util/Vector$Itr done

Classes unloaded (0 events):
No events

Classes redefined (0 events):
No events

Internal exceptions (20 events):
Event: 3.173 Thread 0x00000130ae649340 Exception <a 'java/lang/NoSuchMethodError'{0x00000006085b9730}: 'java.lang.Object java.lang.invoke.DirectMethodHandle$Holder.invokeStatic(java.lang.Object, int, java.lang.Object)'> (0x00000006085b9730) 
thrown [s\src\hotspot\share\interpreter\linkResolver.cpp, line 759]
Event: 3.374 Thread 0x00000130ae649340 Exception <a 'java/lang/NoSuchMethodError'{0x0000000608161470}: 'java.lang.Object java.lang.invoke.DirectMethodHandle$Holder.invokeInterface(java.lang.Object, java.lang.Object, java.lang.Object)'> (0x0000000608161470) 
thrown [s\src\hotspot\share\interpreter\linkResolver.cpp, line 759]
Event: 3.375 Thread 0x00000130ae649340 Exception <a 'java/lang/IncompatibleClassChangeError'{0x0000000608165330}: Found class java.lang.Object, but interface was expected> (0x0000000608165330) 
thrown [s\src\hotspot\share\interpreter\linkResolver.cpp, line 826]
Event: 3.759 Thread 0x00000130ae649340 Exception <a 'java/lang/NoSuchMethodError'{0x0000000607583c28}: 'int java.lang.invoke.DirectMethodHandle$Holder.invokeStaticInit(java.lang.Object, int)'> (0x0000000607583c28) 
thrown [s\src\hotspot\share\interpreter\linkResolver.cpp, line 759]
Event: 3.778 Thread 0x00000130ae649340 Exception <a 'java/lang/NoSuchMethodError'{0x00000006075fb5e0}: 'java.lang.Object java.lang.invoke.DirectMethodHandle$Holder.newInvokeSpecial(java.lang.Object, java.lang.Object, java.lang.Object, java.lang.Object, java.lang.Object, java.lang.Object, java.lang.Object)'> (0x00000006075fb5e0) 
thrown [s\src\hotspot\share\interpreter\linkResolver.cpp, line 759]
Event: 3.779 Thread 0x00000130ae649340 Exception <a 'java/lang/NoSuchMethodError'{0x0000000607600440}: 'java.lang.Object java.lang.invoke.Invokers$Holder.linkToTargetMethod(java.lang.Object, java.lang.Object, java.lang.Object, java.lang.Object, java.lang.Object, java.lang.Object, java.lang.Object)'> (0x0000000607600440) 
thrown [s\src\hotspot\share\interpreter\linkResolver.cpp, line 759]
Event: 5.577 Thread 0x00000130ae649340 Exception <a 'java/lang/NoSuchMethodError'{0x0000000608faa7f0}: 'java.lang.Object java.lang.invoke.DirectMethodHandle$Holder.newInvokeSpecial(java.lang.Object, int, java.lang.Object, java.lang.Object)'> (0x0000000608faa7f0) 
thrown [s\src\hotspot\share\interpreter\linkResolver.cpp, line 759]
Event: 5.578 Thread 0x00000130ae649340 Exception <a 'java/lang/NoSuchMethodError'{0x0000000608faf738}: 'java.lang.Object java.lang.invoke.DirectMethodHandle$Holder.invokeSpecial(java.lang.Object, java.lang.Object, int, java.lang.Object, java.lang.Object)'> (0x0000000608faf738) 
thrown [s\src\hotspot\share\interpreter\linkResolver.cpp, line 759]
Event: 6.519 Thread 0x00000130ae649340 Implicit null exception at 0x00000130bf650713 to 0x00000130bf650b2c
Event: 10.029 Thread 0x00000130ae649340 Implicit null exception at 0x00000130bfa95133 to 0x00000130bfa9529c
Event: 10.104 Thread 0x00000130ae649340 Exception <a 'java/lang/NoSuchMethodError'{0x000000060865df88}: 'java.lang.Object java.lang.invoke.DirectMethodHandle$Holder.invokeStaticInit(java.lang.Object, java.lang.Object, java.lang.Object, java.lang.Object)'> (0x000000060865df88) 
thrown [s\src\hotspot\share\interpreter\linkResolver.cpp, line 759]
Event: 10.622 Thread 0x00000130ae649340 Exception <a 'java/lang/NoSuchMethodError'{0x0000000622d86e70}: 'java.lang.Object java.lang.invoke.DirectMethodHandle$Holder.newInvokeSpecial(java.lang.Object, java.lang.Object, java.lang.Object, int, int)'> (0x0000000622d86e70) 
thrown [s\src\hotspot\share\interpreter\linkResolver.cpp, line 759]
Event: 10.623 Thread 0x00000130ae649340 Exception <a 'java/lang/NoSuchMethodError'{0x0000000622d8acb0}: 'java.lang.Object java.lang.invoke.DirectMethodHandle$Holder.invokeSpecial(java.lang.Object, java.lang.Object, java.lang.Object, java.lang.Object, int, int)'> (0x0000000622d8acb0) 
thrown [s\src\hotspot\share\interpreter\linkResolver.cpp, line 759]
Event: 10.682 Thread 0x00000130ae649340 Exception <a 'java/lang/NoSuchMethodError'{0x0000000622ebf668}: 'java.lang.Object java.lang.invoke.Invokers$Holder.linkToTargetMethod(java.lang.Object, java.lang.Object, int, int, java.lang.Object, java.lang.Object, java.lang.Object, java.lang.Object, java.lang.Object)'> (0x0000000622ebf668) 
thrown [s\src\hotspot\share\interpreter\linkResolver.cpp, line 759]
Event: 10.826 Thread 0x00000130ae649340 Exception <a 'java/lang/NoSuchMethodError'{0x000000060968c320}: 'java.lang.Object java.lang.invoke.DirectMethodHandle$Holder.newInvokeSpecial(java.lang.Object, java.lang.Object, int, int, java.lang.Object, java.lang.Object, java.lang.Object)'> (0x000000060968c320) 
thrown [s\src\hotspot\share\interpreter\linkResolver.cpp, line 759]
Event: 10.826 Thread 0x00000130ae649340 Exception <a 'java/lang/NoSuchMethodError'{0x0000000609690920}: 'java.lang.Object java.lang.invoke.DirectMethodHandle$Holder.invokeSpecial(java.lang.Object, java.lang.Object, java.lang.Object, int, int, java.lang.Object, java.lang.Object, java.lang.Object)'> (0x0000000609690920) 
thrown [s\src\hotspot\share\interpreter\linkResolver.cpp, line 759]
Event: 11.036 Thread 0x00000130ae649340 Exception <a 'java/lang/NoSuchMethodError'{0x0000000609086450}: 'java.lang.Object java.lang.invoke.DirectMethodHandle$Holder.invokeStatic(java.lang.Object, java.lang.Object, java.lang.Object, int, int, java.lang.Object, java.lang.Object, java.lang.Object, java.lang.Object)'> (0x0000000609086450) 
thrown [s\src\hotspot\share\interpreter\linkResolver.cpp, line 759]
Event: 11.037 Thread 0x00000130ae649340 Exception <a 'java/lang/NoSuchMethodError'{0x0000000609090718}: 'java.lang.Object java.lang.invoke.DirectMethodHandle$Holder.newInvokeSpecial(java.lang.Object, java.lang.Object, java.lang.Object, int, int, java.lang.Object)'> (0x0000000609090718) 
thrown [s\src\hotspot\share\interpreter\linkResolver.cpp, line 759]
Event: 11.038 Thread 0x00000130ae649340 Exception <a 'java/lang/NoSuchMethodError'{0x00000006090980b8}: 'java.lang.Object java.lang.invoke.Invokers$Holder.linkToTargetMethod(java.lang.Object, java.lang.Object, int, int, java.lang.Object, java.lang.Object)'> (0x00000006090980b8) 
thrown [s\src\hotspot\share\interpreter\linkResolver.cpp, line 759]
Event: 11.866 Thread 0x00000130ae649340 Implicit null exception at 0x00000130bfa62447 to 0x00000130bfa62bec

VM Operations (20 events):
Event: 13.549 Executing VM operation: G1CollectForAllocation
Event: 13.559 Executing VM operation: G1CollectForAllocation done
Event: 13.786 Executing VM operation: HandshakeAllThreads
Event: 13.786 Executing VM operation: HandshakeAllThreads done
Event: 13.831 Executing VM operation: HandshakeAllThreads
Event: 13.831 Executing VM operation: HandshakeAllThreads done
Event: 13.855 Executing VM operation: HandshakeAllThreads
Event: 13.855 Executing VM operation: HandshakeAllThreads done
Event: 13.864 Executing VM operation: ICBufferFull
Event: 13.864 Executing VM operation: ICBufferFull done
Event: 14.017 Executing VM operation: HandshakeAllThreads
Event: 14.017 Executing VM operation: HandshakeAllThreads done
Event: 14.054 Executing VM operation: HandshakeAllThreads
Event: 14.054 Executing VM operation: HandshakeAllThreads done
Event: 14.086 Executing VM operation: ICBufferFull
Event: 14.087 Executing VM operation: ICBufferFull done
Event: 14.186 Executing VM operation: ICBufferFull
Event: 14.186 Executing VM operation: ICBufferFull done
Event: 14.230 Executing VM operation: HandshakeAllThreads
Event: 14.243 Executing VM operation: HandshakeAllThreads done

Memory protections (0 events):
No events

Nmethod flushes (20 events):
Event: 12.254 Thread 0x00000130dd942300 flushing  nmethod 0x00000130b9450590
Event: 12.254 Thread 0x00000130dd942300 flushing  nmethod 0x00000130b9555510
Event: 12.255 Thread 0x00000130dd942300 flushing  nmethod 0x00000130b970b110
Event: 12.255 Thread 0x00000130dd942300 flushing  nmethod 0x00000130b970cb90
Event: 12.255 Thread 0x00000130dd942300 flushing  nmethod 0x00000130b9710210
Event: 12.255 Thread 0x00000130dd942300 flushing  nmethod 0x00000130b9712210
Event: 12.255 Thread 0x00000130dd942300 flushing  nmethod 0x00000130b9742d90
Event: 12.255 Thread 0x00000130dd942300 flushing  nmethod 0x00000130b974de10
Event: 12.256 Thread 0x00000130dd942300 flushing  nmethod 0x00000130b976e710
Event: 12.256 Thread 0x00000130dd942300 flushing  nmethod 0x00000130b9798190
Event: 12.256 Thread 0x00000130dd942300 flushing  nmethod 0x00000130b979cb10
Event: 12.256 Thread 0x00000130dd942300 flushing  nmethod 0x00000130b9821690
Event: 12.256 Thread 0x00000130dd942300 flushing  nmethod 0x00000130b9822110
Event: 12.256 Thread 0x00000130dd942300 flushing  nmethod 0x00000130b982a910
Event: 12.256 Thread 0x00000130dd942300 flushing  nmethod 0x00000130b9850f90
Event: 12.257 Thread 0x00000130dd942300 flushing  nmethod 0x00000130b98d8f90
Event: 13.844 Thread 0x00000130dd942300 flushing  nmethod 0x00000130bfa61790
Event: 13.850 Thread 0x00000130dd942300 flushing  nmethod 0x00000130b8434b10
Event: 13.850 Thread 0x00000130dd942300 flushing  nmethod 0x00000130b846e890
Event: 13.850 Thread 0x00000130dd942300 flushing  nmethod 0x00000130b8530f90

Events (20 events):
Event: 6.610 Thread 0x00000131238e9600 Thread exited: 0x00000131238e9600
Event: 7.679 Thread 0x00000131234083f0 Thread exited: 0x00000131234083f0
Event: 8.883 Thread 0x00000130dd92cf90 Thread added: 0x0000013129f71630
Event: 10.273 Thread 0x0000013129f71630 Thread exited: 0x0000013129f71630
Event: 10.274 Thread 0x00000130ddad48a0 Thread exited: 0x00000130ddad48a0
Event: 10.829 Thread 0x00000130dd92da40 Thread added: 0x000001312956d8c0
Event: 11.424 Thread 0x000001312313a960 Thread added: 0x000001312956be30
Event: 11.476 Thread 0x00000130dd92da40 Thread added: 0x0000013129566930
Event: 12.209 Thread 0x0000013129566930 Thread exited: 0x0000013129566930
Event: 13.195 Thread 0x0000013123259790 Thread added: 0x0000013128b3ab00
Event: 13.587 Thread 0x0000013128b3ab00 Thread exited: 0x0000013128b3ab00
Event: 13.588 Thread 0x000001312956be30 Thread exited: 0x000001312956be30
Event: 13.588 Thread 0x000001312956d8c0 Thread exited: 0x000001312956d8c0
Event: 14.197 Thread 0x00000130dda817a0 Thread added: 0x0000013128b3c590
Event: 14.200 Thread 0x0000013123259790 Thread added: 0x0000013128b3fab0
Event: 14.208 Thread 0x0000013123259790 Thread added: 0x0000013128b3f010
Event: 14.219 Thread 0x00000130dda817a0 Thread added: 0x0000013128b41540
Event: 14.220 Thread 0x00000130dda817a0 Thread added: 0x0000013128b40ff0
Event: 14.224 Thread 0x00000130dda817a0 Thread added: 0x0000013128b3a5b0
Event: 14.226 Thread 0x00000130dd92da40 Thread added: 0x0000013128b3ab00


Dynamic libraries:
0x00007ff737410000 - 0x00007ff73741e000 	C:\Program Files\Eclipse Adoptium\jdk-17.0.16.8-hotspot\bin\java.exe
0x00007ffe40d90000 - 0x00007ffe40f88000 	C:\Windows\SYSTEM32\ntdll.dll
0x00007ffe3edf0000 - 0x00007ffe3eead000 	C:\Windows\System32\KERNEL32.DLL
0x00007ffe3ea10000 - 0x00007ffe3ed06000 	C:\Windows\System32\KERNELBASE.dll
0x00007ffe3e470000 - 0x00007ffe3e570000 	C:\Windows\System32\ucrtbase.dll
0x00007ffe13540000 - 0x00007ffe1355e000 	C:\Program Files\Eclipse Adoptium\jdk-17.0.16.8-hotspot\bin\VCRUNTIME140.dll
0x00007ffe1bb10000 - 0x00007ffe1bb27000 	C:\Program Files\Eclipse Adoptium\jdk-17.0.16.8-hotspot\bin\jli.dll
0x00007ffe3f250000 - 0x00007ffe3f3ee000 	C:\Windows\System32\USER32.dll
0x00007ffe3e770000 - 0x00007ffe3e792000 	C:\Windows\System32\win32u.dll
0x00007ffe3f180000 - 0x00007ffe3f1ac000 	C:\Windows\System32\GDI32.dll
0x00007ffe2a0c0000 - 0x00007ffe2a35a000 	C:\Windows\WinSxS\amd64_microsoft.windows.common-controls_6595b64144ccf1df_6.0.19041.3636_none_60b6a03d71f818d5\COMCTL32.dll
0x00007ffe3e5c0000 - 0x00007ffe3e6da000 	C:\Windows\System32\gdi32full.dll
0x00007ffe3e7a0000 - 0x00007ffe3e83d000 	C:\Windows\System32\msvcp_win.dll
0x00007ffe3f1b0000 - 0x00007ffe3f24e000 	C:\Windows\System32\msvcrt.dll
0x00007ffe40d20000 - 0x00007ffe40d50000 	C:\Windows\System32\IMM32.DLL
0x00007ffe24c40000 - 0x00007ffe24c4c000 	C:\Program Files\Eclipse Adoptium\jdk-17.0.16.8-hotspot\bin\vcruntime140_1.dll
0x00007ffe0cd10000 - 0x00007ffe0cd9d000 	C:\Program Files\Eclipse Adoptium\jdk-17.0.16.8-hotspot\bin\msvcp140.dll
0x00007ffd88930000 - 0x00007ffd8959b000 	C:\Program Files\Eclipse Adoptium\jdk-17.0.16.8-hotspot\bin\server\jvm.dll
0x00007ffe409b0000 - 0x00007ffe40a5f000 	C:\Windows\System32\ADVAPI32.dll
0x00007ffe405f0000 - 0x00007ffe4068c000 	C:\Windows\System32\sechost.dll
0x00007ffe3eeb0000 - 0x00007ffe3efd6000 	C:\Windows\System32\RPCRT4.dll
0x00007ffe40690000 - 0x00007ffe406fb000 	C:\Windows\System32\WS2_32.dll
0x00007ffe3da20000 - 0x00007ffe3da6b000 	C:\Windows\SYSTEM32\POWRPROF.dll
0x00007ffe38c50000 - 0x00007ffe38c5a000 	C:\Windows\SYSTEM32\VERSION.dll
0x00007ffe2c1b0000 - 0x00007ffe2c1d7000 	C:\Windows\SYSTEM32\WINMM.dll
0x00007ffe3d890000 - 0x00007ffe3d8a2000 	C:\Windows\SYSTEM32\UMPDC.dll
0x00007ffe3c350000 - 0x00007ffe3c362000 	C:\Windows\SYSTEM32\kernel.appcore.dll
0x00007ffe22420000 - 0x00007ffe2242a000 	C:\Program Files\Eclipse Adoptium\jdk-17.0.16.8-hotspot\bin\jimage.dll
0x00007ffe2a550000 - 0x00007ffe2a734000 	C:\Windows\SYSTEM32\DBGHELP.DLL
0x00007ffe28050000 - 0x00007ffe28084000 	C:\Windows\SYSTEM32\dbgcore.DLL
0x00007ffe3e6e0000 - 0x00007ffe3e762000 	C:\Windows\System32\bcryptPrimitives.dll
0x00007ffe134d0000 - 0x00007ffe134f5000 	C:\Program Files\Eclipse Adoptium\jdk-17.0.16.8-hotspot\bin\java.dll
0x00007ffe0cc30000 - 0x00007ffe0cd07000 	C:\Program Files\Eclipse Adoptium\jdk-17.0.16.8-hotspot\bin\jsvml.dll
0x00007ffe3fea0000 - 0x00007ffe405e5000 	C:\Windows\System32\SHELL32.dll
0x00007ffe3c550000 - 0x00007ffe3cceb000 	C:\Windows\SYSTEM32\windows.storage.dll
0x00007ffe3f8f0000 - 0x00007ffe3fc44000 	C:\Windows\System32\combase.dll
0x00007ffe3deb0000 - 0x00007ffe3dedd000 	C:\Windows\SYSTEM32\Wldp.dll
0x00007ffe40a60000 - 0x00007ffe40b0d000 	C:\Windows\System32\SHCORE.dll
0x00007ffe40950000 - 0x00007ffe409a5000 	C:\Windows\System32\shlwapi.dll
0x00007ffe3e3a0000 - 0x00007ffe3e3c5000 	C:\Windows\SYSTEM32\profapi.dll
0x00007ffe134b0000 - 0x00007ffe134c9000 	C:\Program Files\Eclipse Adoptium\jdk-17.0.16.8-hotspot\bin\net.dll
0x00007ffe382c0000 - 0x00007ffe383ca000 	C:\Windows\SYSTEM32\WINHTTP.dll
0x00007ffe3dc10000 - 0x00007ffe3dc7a000 	C:\Windows\system32\mswsock.dll
0x00007ffe13490000 - 0x00007ffe134a6000 	C:\Program Files\Eclipse Adoptium\jdk-17.0.16.8-hotspot\bin\nio.dll
0x00007ffe0e8f0000 - 0x00007ffe0e908000 	C:\Program Files\Eclipse Adoptium\jdk-17.0.16.8-hotspot\bin\zip.dll
0x00007ffe21a70000 - 0x00007ffe21a80000 	C:\Program Files\Eclipse Adoptium\jdk-17.0.16.8-hotspot\bin\verify.dll

dbghelp: loaded successfully - version: 4.0.5 - missing functions: none
symbol engine: initialized successfully - sym options: 0x614 - pdb path: .;C:\Program Files\Eclipse Adoptium\jdk-17.0.16.8-hotspot\bin;C:\Windows\SYSTEM32;C:\Windows\WinSxS\amd64_microsoft.windows.common-controls_6595b64144ccf1df_6.0.19041.3636_none_60b6a03d71f818d5;C:\Program Files\Eclipse Adoptium\jdk-17.0.16.8-hotspot\bin\server

VM Arguments:
java_command: org.jetbrains.kotlin.cli.jvm.K2JVMCompiler @E:\AI\cursor\ChatApp\app\whoxa-flutter-app\build\audioplayers_android\20250920_15272333938174893250.compiler.options
java_class_path (initial): C:\Users\Administrator\.gradle\caches\modules-2\files-2.1\org.jetbrains.kotlin\kotlin-compiler-embeddable\1.9.25\6e698f23ca1f74d6672827f61e92c2fe015d1b88\kotlin-compiler-embeddable-1.9.25.jar;C:\Users\Administrator\.gradle\caches\modules-2\files-2.1\org.jetbrains.kotlin\kotlin-stdlib\1.9.25\f700a2f2b8f0d6d0fde48f56d894dc722fb029d7\kotlin-stdlib-1.9.25.jar;C:\Users\Administrator\.gradle\caches\modules-2\files-2.1\org.jetbrains.kotlin\kotlin-script-runtime\1.9.25\43cdc99e4582c67c2b60f609d0e4c015d33a8e89\kotlin-script-runtime-1.9.25.jar;C:\Users\Administrator\.gradle\caches\modules-2\files-2.1\org.jetbrains.kotlin\kotlin-reflect\1.6.10\1cbe9c92c12a94eea200d23c2bbaedaf3daf5132\kotlin-reflect-1.6.10.jar;C:\Users\Administrator\.gradle\caches\modules-2\files-2.1\org.jetbrains.kotlin\kotlin-daemon-embeddable\1.9.25\3a1ebb4f98ed480e4774f45e3be215626eb3ae02\kotlin-daemon-embeddable-1.9.25.jar;C:\Users\Administrator\.gradle\caches\modules-2\files-2.1\org.jetbrains.intellij.deps\trove4j\1.0.20200330\3afb14d5f9ceb459d724e907a21145e8ff394f02\trove4j-1.0.20200330.jar;C:\Users\Administrator\.gradle\caches\modules-2\files-2.1\org.jetbrains\annotations\13.0\919f0dfe192fb4e063e7dacadee7f8bb9a2672a9\annotations-13.0.jar
Launcher Type: SUN_STANDARD

[Global flags]
     intx CICompilerCount                          = 12                                        {product} {ergonomic}
     uint ConcGCThreads                            = 3                                         {product} {ergonomic}
     uint G1ConcRefinementThreads                  = 13                                        {product} {ergonomic}
   size_t G1HeapRegionSize                         = 4194304                                   {product} {ergonomic}
    uintx GCDrainStackTargetSize                   = 64                                        {product} {ergonomic}
   size_t InitialHeapSize                          = 536870912                                 {product} {ergonomic}
   size_t MarkStackSize                            = 4194304                                   {product} {ergonomic}
   size_t MaxHeapSize                              = 8539602944                                {product} {ergonomic}
   size_t MaxNewSize                               = 5121245184                                {product} {ergonomic}
   size_t MinHeapDeltaBytes                        = 4194304                                   {product} {ergonomic}
   size_t MinHeapSize                              = 8388608                                   {product} {ergonomic}
    uintx NonNMethodCodeHeapSize                   = 7602480                                {pd product} {ergonomic}
    uintx NonProfiledCodeHeapSize                  = 122027880                              {pd product} {ergonomic}
    uintx ProfiledCodeHeapSize                     = 122027880                              {pd product} {ergonomic}
    uintx ReservedCodeCacheSize                    = 251658240                              {pd product} {ergonomic}
     bool SegmentedCodeCache                       = true                                      {product} {ergonomic}
   size_t SoftMaxHeapSize                          = 8539602944                             {manageable} {ergonomic}
     bool UseCompressedClassPointers               = true                           {product lp64_product} {ergonomic}
     bool UseCompressedOops                        = true                           {product lp64_product} {ergonomic}
     bool UseG1GC                                  = true                                      {product} {ergonomic}
     bool UseLargePagesIndividualAllocation        = false                                  {pd product} {ergonomic}

Logging:
Log output configuration:
 #0: stdout all=warning uptime,level,tags
 #1: stderr all=off uptime,level,tags

Environment Variables:
JAVA_HOME=C:\Program Files\Eclipse Adoptium\jdk-17.0.16.8-hotspot
CLASSPATH=E:\AI\cursor\ChatApp\app\whoxa-flutter-app\android\\gradle\wrapper\gradle-wrapper.jar
PATH=C:\Program Files\Eclipse Adoptium\jdk-17.0.16.8-hotspot\bin;D:\Flutter4\flutter\bin;C:\Program Files\Eclipse Adoptium\jdk-17.0.16.8-hotspot\bin;C:\Program Files\Eclipse Adoptium\jdk-17.0.16.8-hotspot\bin;C:\Windows\system32;C:\Windows;C:\Windows\System32\Wbem;C:\Windows\System32\WindowsPowerShell\v1.0\;C:\Windows\System32\OpenSSH\;C:\Users\Administrator\AppData\Local\Microsoft\WindowsApps;C:\Users\Administrator\Desktop\useself\ai\cursor\cursor\resources\app\bin;D:\Flutter\install\flutter\bin;;D:\Flutter4\flutter\bin\mingit\cmd
USERNAME=Administrator
OS=Windows_NT
PROCESSOR_IDENTIFIER=Intel64 Family 6 Model 183 Stepping 1, GenuineIntel
TMP=C:\Users\ADMINI~1\AppData\Local\Temp
TEMP=C:\Users\ADMINI~1\AppData\Local\Temp



Periodic native trim disabled


---------------  S Y S T E M  ---------------

OS:
 Windows 10 , 64 bit Build 19041 (10.0.19041.3636)
OS uptime: 0 days 22:13 hours

CPU: total 16 (initial active 16) (8 cores per cpu, 2 threads per core) family 6 model 183 stepping 1 microcode 0x12c, cx8, cmov, fxsr, ht, mmx, 3dnowpref, sse, sse2, sse3, ssse3, sse4.1, sse4.2, popcnt, lzcnt, tsc, tscinvbit, avx, avx2, aes, erms, clmul, bmi1, bmi2, adx, sha, fma, vzeroupper, clflush, clflushopt, clwb
Processor Information for all 16 processors :
  Max Mhz: 2500, Current Mhz: 2500, Mhz Limit: 2500

Memory: 4k page, system-wide physical 32561M (2833M free)
TotalPageFile size 51761M (AvailPageFile size 4M)
current process WorkingSet (physical memory assigned to process): 354M, peak: 354M
current process commit charge ("private bytes"): 406M, peak: 685M

vm_info: OpenJDK 64-Bit Server VM (17.0.16+8) for windows-amd64 JRE (17.0.16+8), built on Jul 16 2025 10:37:56 by "admin" with MS VC++ 17.7 (VS2022)

END.
