#
# There is insufficient memory for the Java Runtime Environment to continue.
# Native memory allocation (malloc) failed to allocate 386192 bytes. Error detail: Chunk::new
# Possible reasons:
#   The system is out of physical RAM or swap space
#   This process is running with CompressedOops enabled, and the Java Heap may be blocking the growth of the native heap
# Possible solutions:
#   Reduce memory load on the system
#   Increase physical memory or swap space
#   Check if swap backing store is full
#   Decrease Java heap size (-Xmx/-Xms)
#   Decrease number of Java threads
#   Decrease Java thread stack sizes (-Xss)
#   Set larger code cache with -XX:ReservedCodeCacheSize=
#   JVM is running with Zero Based Compressed Oops mode in which the Java heap is
#     placed in the first 32GB address space. The Java Heap base address is the
#     maximum limit for the native heap growth. Please use -XX:HeapBaseMinAddress
#     to set the Java Heap base and to place the Java Heap above 32GB virtual address.
# This output file may be truncated or incomplete.
#
#  Out of Memory Error (arena.cpp:191), pid=30804, tid=23860
#
# JRE version: OpenJDK Runtime Environment Temurin-17.0.16+8 (17.0.16+8) (build 17.0.16+8)
# Java VM: OpenJDK 64-Bit Server VM Temurin-17.0.16+8 (17.0.16+8, mixed mode, sharing, tiered, compressed oops, compressed class ptrs, g1 gc, windows-amd64)
# No core dump will be written. Minidumps are not enabled by default on client versions of Windows
#

---------------  S U M M A R Y ------------

Command Line: org.jetbrains.kotlin.cli.jvm.K2JVMCompiler @E:\AI\cursor\ChatApp\app\whoxa-flutter-app\build\flutter_webrtc\20250920_11634804746786518572.compiler.options

Host: 13th Gen Intel(R) Core(TM) i5-13400F, 16 cores, 31G,  Windows 10 , 64 bit Build 19041 (10.0.19041.3636)
Time: Sat Sep 20 13:23:42 2025  Windows 10 , 64 bit Build 19041 (10.0.19041.3636) elapsed time: 8.941458 seconds (0d 0h 0m 8s)

---------------  T H R E A D  ---------------

Current thread (0x000002117b2a9110):  JavaThread "C2 CompilerThread2" daemon [_thread_in_native, id=23860, stack(0x000000572bb00000,0x000000572bc00000)]


Current CompileTask:
C2:   8941 6739       4       jdk.internal.loader.ClassLoaders$AppClassLoader::defineOrCheckPackage (8 bytes)

Stack: [0x000000572bb00000,0x000000572bc00000]
Native frames: (J=compiled Java code, j=interpreted, Vv=VM code, C=native code)
V  [jvm.dll+0x683169]
V  [jvm.dll+0x839ac8]
V  [jvm.dll+0x83b573]
V  [jvm.dll+0x83bbe3]
V  [jvm.dll+0x2473ff]
V  [jvm.dll+0xace94]
V  [jvm.dll+0xad52c]
V  [jvm.dll+0x11df54]
V  [jvm.dll+0x615213]
V  [jvm.dll+0x6138ac]
V  [jvm.dll+0x21819e]
V  [jvm.dll+0x21775f]
V  [jvm.dll+0x1a32a0]
V  [jvm.dll+0x227b3c]
V  [jvm.dll+0x225ccb]
V  [jvm.dll+0x7ef2d8]
V  [jvm.dll+0x7e979c]
V  [jvm.dll+0x682047]
C  [ucrtbase.dll+0x21bb2]
C  [KERNEL32.DLL+0x17344]
C  [ntdll.dll+0x526b1]


---------------  P R O C E S S  ---------------

Threads class SMR info:
_java_thread_list=0x0000021178c1d7f0, length=17, elements={
0x00000211459944c0, 0x0000021171fa3ea0, 0x0000021171fa4d20, 0x0000021171fbe8f0,
0x0000021171fc04c0, 0x0000021171fc2e90, 0x0000021171fc3850, 0x0000021171fc4540,
0x0000021171fc4ff0, 0x0000021171fcd720, 0x0000021171fee680, 0x0000021172da9e80,
0x0000021172dac610, 0x0000021172f57200, 0x000002117727f820, 0x000002117a8c8060,
0x000002117b2a9110
}

Java Threads: ( => current thread )
  0x00000211459944c0 JavaThread "main" [_thread_in_vm, id=19320, stack(0x0000005729700000,0x0000005729800000)]
  0x0000021171fa3ea0 JavaThread "Reference Handler" daemon [_thread_blocked, id=18916, stack(0x0000005729e00000,0x0000005729f00000)]
  0x0000021171fa4d20 JavaThread "Finalizer" daemon [_thread_blocked, id=29020, stack(0x0000005729f00000,0x000000572a000000)]
  0x0000021171fbe8f0 JavaThread "Signal Dispatcher" daemon [_thread_blocked, id=32860, stack(0x000000572a000000,0x000000572a100000)]
  0x0000021171fc04c0 JavaThread "Attach Listener" daemon [_thread_blocked, id=34892, stack(0x000000572a100000,0x000000572a200000)]
  0x0000021171fc2e90 JavaThread "Service Thread" daemon [_thread_blocked, id=23144, stack(0x000000572a200000,0x000000572a300000)]
  0x0000021171fc3850 JavaThread "Monitor Deflation Thread" daemon [_thread_blocked, id=27252, stack(0x000000572a300000,0x000000572a400000)]
  0x0000021171fc4540 JavaThread "C2 CompilerThread0" daemon [_thread_blocked, id=35712, stack(0x000000572a400000,0x000000572a500000)]
  0x0000021171fc4ff0 JavaThread "C1 CompilerThread0" daemon [_thread_blocked, id=28696, stack(0x000000572a500000,0x000000572a600000)]
  0x0000021171fcd720 JavaThread "Sweeper thread" daemon [_thread_blocked, id=9488, stack(0x000000572a600000,0x000000572a700000)]
  0x0000021171fee680 JavaThread "C1 CompilerThread1" daemon [_thread_blocked, id=31924, stack(0x000000572a700000,0x000000572a800000)]
  0x0000021172da9e80 JavaThread "Notification Thread" daemon [_thread_blocked, id=16972, stack(0x000000572a800000,0x000000572a900000)]
  0x0000021172dac610 JavaThread "Common-Cleaner" daemon [_thread_blocked, id=9656, stack(0x000000572aa00000,0x000000572ab00000)]
  0x0000021172f57200 JavaThread "C1 CompilerThread2" daemon [_thread_blocked, id=10908, stack(0x000000572ac00000,0x000000572ad00000)]
  0x000002117727f820 JavaThread "C1 CompilerThread3" daemon [_thread_blocked, id=35448, stack(0x000000572ad00000,0x000000572ae00000)]
  0x000002117a8c8060 JavaThread "C2 CompilerThread1" daemon [_thread_blocked, id=20740, stack(0x000000572ba00000,0x000000572bb00000)]
=>0x000002117b2a9110 JavaThread "C2 CompilerThread2" daemon [_thread_in_native, id=23860, stack(0x000000572bb00000,0x000000572bc00000)]

Other Threads:
  0x0000021171f97af0 VMThread "VM Thread" [stack: 0x0000005729d00000,0x0000005729e00000] [id=28476]
  0x0000021172daa360 WatcherThread [stack: 0x000000572a900000,0x000000572aa00000] [id=20176]
  0x0000021145a454b0 GCTaskThread "GC Thread#0" [stack: 0x0000005729800000,0x0000005729900000] [id=25432]
  0x00000211773769d0 GCTaskThread "GC Thread#1" [stack: 0x000000572ae00000,0x000000572af00000] [id=11976]
  0x0000021177399340 GCTaskThread "GC Thread#2" [stack: 0x000000572af00000,0x000000572b000000] [id=30704]
  0x0000021177399600 GCTaskThread "GC Thread#3" [stack: 0x000000572b000000,0x000000572b100000] [id=18168]
  0x00000211773998c0 GCTaskThread "GC Thread#4" [stack: 0x000000572b100000,0x000000572b200000] [id=35500]
  0x0000021177399b80 GCTaskThread "GC Thread#5" [stack: 0x000000572b200000,0x000000572b300000] [id=5696]
  0x0000021177399e40 GCTaskThread "GC Thread#6" [stack: 0x000000572b300000,0x000000572b400000] [id=27504]
  0x00000211773ba750 GCTaskThread "GC Thread#7" [stack: 0x000000572b400000,0x000000572b500000] [id=25104]
  0x00000211773baa10 GCTaskThread "GC Thread#8" [stack: 0x000000572b500000,0x000000572b600000] [id=17480]
  0x00000211773a6cc0 GCTaskThread "GC Thread#9" [stack: 0x000000572b600000,0x000000572b700000] [id=31436]
  0x00000211773a6f80 GCTaskThread "GC Thread#10" [stack: 0x000000572b700000,0x000000572b800000] [id=8040]
  0x00000211773a7a80 GCTaskThread "GC Thread#11" [stack: 0x000000572b800000,0x000000572b900000] [id=23016]
  0x00000211791a3320 GCTaskThread "GC Thread#12" [stack: 0x000000572ab00000,0x000000572ac00000] [id=17220]
  0x0000021145a56280 ConcurrentGCThread "G1 Main Marker" [stack: 0x0000005729900000,0x0000005729a00000] [id=34368]
  0x0000021145a56ca0 ConcurrentGCThread "G1 Conc#0" [stack: 0x0000005729a00000,0x0000005729b00000] [id=13436]
  0x00000211773a82c0 ConcurrentGCThread "G1 Conc#1" [stack: 0x000000572bc00000,0x000000572bd00000] [id=35192]
  0x00000211791a38a0 ConcurrentGCThread "G1 Conc#2" [stack: 0x000000572bd00000,0x000000572be00000] [id=18200]
  0x0000021171ed2ae0 ConcurrentGCThread "G1 Refine#0" [stack: 0x0000005729b00000,0x0000005729c00000] [id=5264]
  0x0000021178b886f0 ConcurrentGCThread "G1 Refine#1" [stack: 0x000000572b900000,0x000000572ba00000] [id=24144]
  0x0000021171ed3510 ConcurrentGCThread "G1 Service" [stack: 0x0000005729c00000,0x0000005729d00000] [id=2988]

Threads with active compile tasks:
C2 CompilerThread2     8955 6739       4       jdk.internal.loader.ClassLoaders$AppClassLoader::defineOrCheckPackage (8 bytes)

VM state: not at safepoint (normal execution)

VM Mutex/Monitor currently owned by a thread:  ([mutex/lock_event])
[0x0000021143949b70] Metaspace_lock - owner thread: 0x00000211459944c0

Heap address: 0x0000000603000000, size: 8144 MB, Compressed Oops mode: Zero based, Oop shift amount: 3

CDS archive(s) mapped at: [0x0000021100000000-0x0000021100bb0000-0x0000021100bb0000), size 12255232, SharedBaseAddress: 0x0000021100000000, ArchiveRelocationMode: 1.
Compressed class space mapped at: 0x0000021101000000-0x0000021141000000, reserved size: 1073741824
Narrow klass base: 0x0000021100000000, Narrow klass shift: 0, Narrow klass range: 0x100000000

GC Precious Log:
 CPUs: 16 total, 16 available
 Memory: 32561M
 Large Page Support: Disabled
 NUMA Support: Disabled
 Compressed Oops: Enabled (Zero based)
 Heap Region Size: 4M
 Heap Min Capacity: 8M
 Heap Initial Capacity: 512M
 Heap Max Capacity: 8144M
 Pre-touch: Disabled
 Parallel Workers: 13
 Concurrent Workers: 3
 Concurrent Refinement Workers: 13
 Periodic GC: Disabled

Heap:
 garbage-first heap   total 299008K, used 37970K [0x0000000603000000, 0x0000000800000000)
  region size 4096K, 4 young (16384K), 1 survivors (4096K)
 Metaspace       used 54617K, committed 54848K, reserved 1114112K
  class space    used 6215K, committed 6336K, reserved 1048576K

Heap Regions: E=young(eden), S=young(survivor), O=old, HS=humongous(starts), HC=humongous(continues), CS=collection set, F=free, OA=open archive, CA=closed archive, TAMS=top-at-mark-start (previous, next)
|   0|0x0000000603000000, 0x0000000603400000, 0x0000000603400000|100%|HS|  |TAMS 0x0000000603400000, 0x0000000603000000| Complete 
|   1|0x0000000603400000, 0x0000000603800000, 0x0000000603800000|100%| O|  |TAMS 0x0000000603400000, 0x0000000603400000| Untracked 
|   2|0x0000000603800000, 0x0000000603c00000, 0x0000000603c00000|100%| O|  |TAMS 0x0000000603c00000, 0x0000000603800000| Untracked 
|   3|0x0000000603c00000, 0x0000000604000000, 0x0000000604000000|100%| O|  |TAMS 0x0000000604000000, 0x0000000603c00000| Untracked 
|   4|0x0000000604000000, 0x0000000604400000, 0x0000000604400000|100%| O|  |TAMS 0x0000000604400000, 0x0000000604000000| Untracked 
|   5|0x0000000604400000, 0x0000000604800000, 0x0000000604800000|100%| O|  |TAMS 0x000000060443b200, 0x0000000604400000| Untracked 
|   6|0x0000000604800000, 0x0000000604ac8600, 0x0000000604c00000| 69%| O|  |TAMS 0x0000000604800000, 0x0000000604800000| Untracked 
|   7|0x0000000604c00000, 0x0000000604c00000, 0x0000000605000000|  0%| F|  |TAMS 0x0000000604c00000, 0x0000000604c00000| Untracked 
|   8|0x0000000605000000, 0x0000000605000000, 0x0000000605400000|  0%| F|  |TAMS 0x0000000605000000, 0x0000000605000000| Untracked 
|   9|0x0000000605400000, 0x0000000605400000, 0x0000000605800000|  0%| F|  |TAMS 0x0000000605400000, 0x0000000605400000| Untracked 
|  10|0x0000000605800000, 0x0000000605a4c2a0, 0x0000000605c00000| 57%| S|CS|TAMS 0x0000000605800000, 0x0000000605800000| Complete 
|  11|0x0000000605c00000, 0x0000000605c00000, 0x0000000606000000|  0%| F|  |TAMS 0x0000000605c00000, 0x0000000605c00000| Untracked 
|  12|0x0000000606000000, 0x0000000606000000, 0x0000000606400000|  0%| F|  |TAMS 0x0000000606000000, 0x0000000606000000| Untracked 
|  13|0x0000000606400000, 0x0000000606400000, 0x0000000606800000|  0%| F|  |TAMS 0x0000000606400000, 0x0000000606400000| Untracked 
|  14|0x0000000606800000, 0x0000000606800000, 0x0000000606c00000|  0%| F|  |TAMS 0x0000000606800000, 0x0000000606800000| Untracked 
|  15|0x0000000606c00000, 0x0000000606c00000, 0x0000000607000000|  0%| F|  |TAMS 0x0000000606c00000, 0x0000000606c00000| Untracked 
|  16|0x0000000607000000, 0x0000000607000000, 0x0000000607400000|  0%| F|  |TAMS 0x0000000607000000, 0x0000000607000000| Untracked 
|  17|0x0000000607400000, 0x0000000607400000, 0x0000000607800000|  0%| F|  |TAMS 0x0000000607400000, 0x0000000607400000| Untracked 
|  18|0x0000000607800000, 0x0000000607800000, 0x0000000607c00000|  0%| F|  |TAMS 0x0000000607800000, 0x0000000607800000| Untracked 
|  19|0x0000000607c00000, 0x0000000607c00000, 0x0000000608000000|  0%| F|  |TAMS 0x0000000607c00000, 0x0000000607c00000| Untracked 
|  20|0x0000000608000000, 0x0000000608000000, 0x0000000608400000|  0%| F|  |TAMS 0x0000000608000000, 0x0000000608000000| Untracked 
|  21|0x0000000608400000, 0x0000000608400000, 0x0000000608800000|  0%| F|  |TAMS 0x0000000608400000, 0x0000000608400000| Untracked 
|  22|0x0000000608800000, 0x0000000608800000, 0x0000000608c00000|  0%| F|  |TAMS 0x0000000608800000, 0x0000000608800000| Untracked 
|  23|0x0000000608c00000, 0x0000000608c00000, 0x0000000609000000|  0%| F|  |TAMS 0x0000000608c00000, 0x0000000608c00000| Untracked 
|  24|0x0000000609000000, 0x0000000609000000, 0x0000000609400000|  0%| F|  |TAMS 0x0000000609000000, 0x0000000609000000| Untracked 
|  25|0x0000000609400000, 0x0000000609400000, 0x0000000609800000|  0%| F|  |TAMS 0x0000000609400000, 0x0000000609400000| Untracked 
|  26|0x0000000609800000, 0x0000000609800000, 0x0000000609c00000|  0%| F|  |TAMS 0x0000000609800000, 0x0000000609800000| Untracked 
|  27|0x0000000609c00000, 0x0000000609c00000, 0x000000060a000000|  0%| F|  |TAMS 0x0000000609c00000, 0x0000000609c00000| Untracked 
|  28|0x000000060a000000, 0x000000060a000000, 0x000000060a400000|  0%| F|  |TAMS 0x000000060a000000, 0x000000060a000000| Untracked 
|  29|0x000000060a400000, 0x000000060a400000, 0x000000060a800000|  0%| F|  |TAMS 0x000000060a400000, 0x000000060a400000| Untracked 
|  30|0x000000060a800000, 0x000000060a800000, 0x000000060ac00000|  0%| F|  |TAMS 0x000000060a800000, 0x000000060a800000| Untracked 
|  31|0x000000060ac00000, 0x000000060ac00000, 0x000000060b000000|  0%| F|  |TAMS 0x000000060ac00000, 0x000000060ac00000| Untracked 
|  32|0x000000060b000000, 0x000000060b000000, 0x000000060b400000|  0%| F|  |TAMS 0x000000060b000000, 0x000000060b000000| Untracked 
|  33|0x000000060b400000, 0x000000060b400000, 0x000000060b800000|  0%| F|  |TAMS 0x000000060b400000, 0x000000060b400000| Untracked 
|  34|0x000000060b800000, 0x000000060b800000, 0x000000060bc00000|  0%| F|  |TAMS 0x000000060b800000, 0x000000060b800000| Untracked 
|  35|0x000000060bc00000, 0x000000060bc00000, 0x000000060c000000|  0%| F|  |TAMS 0x000000060bc00000, 0x000000060bc00000| Untracked 
|  36|0x000000060c000000, 0x000000060c000000, 0x000000060c400000|  0%| F|  |TAMS 0x000000060c000000, 0x000000060c000000| Untracked 
|  37|0x000000060c400000, 0x000000060c400000, 0x000000060c800000|  0%| F|  |TAMS 0x000000060c400000, 0x000000060c400000| Untracked 
|  38|0x000000060c800000, 0x000000060c800000, 0x000000060cc00000|  0%| F|  |TAMS 0x000000060c800000, 0x000000060c800000| Untracked 
|  39|0x000000060cc00000, 0x000000060cc00000, 0x000000060d000000|  0%| F|  |TAMS 0x000000060cc00000, 0x000000060cc00000| Untracked 
|  40|0x000000060d000000, 0x000000060d000000, 0x000000060d400000|  0%| F|  |TAMS 0x000000060d000000, 0x000000060d000000| Untracked 
|  41|0x000000060d400000, 0x000000060d400000, 0x000000060d800000|  0%| F|  |TAMS 0x000000060d400000, 0x000000060d400000| Untracked 
|  42|0x000000060d800000, 0x000000060d800000, 0x000000060dc00000|  0%| F|  |TAMS 0x000000060d800000, 0x000000060d800000| Untracked 
|  43|0x000000060dc00000, 0x000000060dc00000, 0x000000060e000000|  0%| F|  |TAMS 0x000000060dc00000, 0x000000060dc00000| Untracked 
|  44|0x000000060e000000, 0x000000060e000000, 0x000000060e400000|  0%| F|  |TAMS 0x000000060e000000, 0x000000060e000000| Untracked 
|  45|0x000000060e400000, 0x000000060e400000, 0x000000060e800000|  0%| F|  |TAMS 0x000000060e400000, 0x000000060e400000| Untracked 
|  46|0x000000060e800000, 0x000000060e800000, 0x000000060ec00000|  0%| F|  |TAMS 0x000000060e800000, 0x000000060e800000| Untracked 
|  47|0x000000060ec00000, 0x000000060ec00000, 0x000000060f000000|  0%| F|  |TAMS 0x000000060ec00000, 0x000000060ec00000| Untracked 
|  48|0x000000060f000000, 0x000000060f000000, 0x000000060f400000|  0%| F|  |TAMS 0x000000060f000000, 0x000000060f000000| Untracked 
|  49|0x000000060f400000, 0x000000060f400000, 0x000000060f800000|  0%| F|  |TAMS 0x000000060f400000, 0x000000060f400000| Untracked 
|  50|0x000000060f800000, 0x000000060f800000, 0x000000060fc00000|  0%| F|  |TAMS 0x000000060f800000, 0x000000060f800000| Untracked 
|  51|0x000000060fc00000, 0x000000060fc00000, 0x0000000610000000|  0%| F|  |TAMS 0x000000060fc00000, 0x000000060fc00000| Untracked 
|  52|0x0000000610000000, 0x0000000610000000, 0x0000000610400000|  0%| F|  |TAMS 0x0000000610000000, 0x0000000610000000| Untracked 
|  53|0x0000000610400000, 0x0000000610400000, 0x0000000610800000|  0%| F|  |TAMS 0x0000000610400000, 0x0000000610400000| Untracked 
|  54|0x0000000610800000, 0x0000000610800000, 0x0000000610c00000|  0%| F|  |TAMS 0x0000000610800000, 0x0000000610800000| Untracked 
|  55|0x0000000610c00000, 0x0000000610c00000, 0x0000000611000000|  0%| F|  |TAMS 0x0000000610c00000, 0x0000000610c00000| Untracked 
|  56|0x0000000611000000, 0x0000000611000000, 0x0000000611400000|  0%| F|  |TAMS 0x0000000611000000, 0x0000000611000000| Untracked 
|  57|0x0000000611400000, 0x0000000611400000, 0x0000000611800000|  0%| F|  |TAMS 0x0000000611400000, 0x0000000611400000| Untracked 
|  58|0x0000000611800000, 0x0000000611800000, 0x0000000611c00000|  0%| F|  |TAMS 0x0000000611800000, 0x0000000611800000| Untracked 
|  59|0x0000000611c00000, 0x0000000611c00000, 0x0000000612000000|  0%| F|  |TAMS 0x0000000611c00000, 0x0000000611c00000| Untracked 
|  60|0x0000000612000000, 0x0000000612000000, 0x0000000612400000|  0%| F|  |TAMS 0x0000000612000000, 0x0000000612000000| Untracked 
|  61|0x0000000612400000, 0x0000000612400000, 0x0000000612800000|  0%| F|  |TAMS 0x0000000612400000, 0x0000000612400000| Untracked 
|  62|0x0000000612800000, 0x0000000612800000, 0x0000000612c00000|  0%| F|  |TAMS 0x0000000612800000, 0x0000000612800000| Untracked 
|  63|0x0000000612c00000, 0x0000000612c00000, 0x0000000613000000|  0%| F|  |TAMS 0x0000000612c00000, 0x0000000612c00000| Untracked 
|  64|0x0000000613000000, 0x0000000613000000, 0x0000000613400000|  0%| F|  |TAMS 0x0000000613000000, 0x0000000613000000| Untracked 
|  65|0x0000000613400000, 0x0000000613400000, 0x0000000613800000|  0%| F|  |TAMS 0x0000000613400000, 0x0000000613400000| Untracked 
|  66|0x0000000613800000, 0x0000000613800000, 0x0000000613c00000|  0%| F|  |TAMS 0x0000000613800000, 0x0000000613800000| Untracked 
|  67|0x0000000613c00000, 0x0000000613c00000, 0x0000000614000000|  0%| F|  |TAMS 0x0000000613c00000, 0x0000000613c00000| Untracked 
|  68|0x0000000614000000, 0x0000000614000000, 0x0000000614400000|  0%| F|  |TAMS 0x0000000614000000, 0x0000000614000000| Untracked 
|  69|0x0000000614400000, 0x0000000614400000, 0x0000000614800000|  0%| F|  |TAMS 0x0000000614400000, 0x0000000614400000| Untracked 
| 115|0x000000061fc00000, 0x000000061fe00000, 0x0000000620000000| 50%| E|  |TAMS 0x000000061fc00000, 0x000000061fc00000| Complete 
| 116|0x0000000620000000, 0x0000000620400000, 0x0000000620400000|100%| E|CS|TAMS 0x0000000620000000, 0x0000000620000000| Complete 
| 127|0x0000000622c00000, 0x0000000623000000, 0x0000000623000000|100%| E|CS|TAMS 0x0000000622c00000, 0x0000000622c00000| Complete 

Card table byte_map: [0x000002115dd70000,0x000002115ed60000] _byte_map_base: 0x000002115ad58000

Marking Bits (Prev, Next): (CMBitMap*) 0x0000021145a45ad0, (CMBitMap*) 0x0000021145a45b10
 Prev Bits: [0x000002115fd50000, 0x0000021167c90000)
 Next Bits: [0x0000021167c90000, 0x000002116fbd0000)

Polling page: 0x0000021143820000

Metaspace:

Usage:
  Non-class:     47.27 MB used.
      Class:      6.07 MB used.
       Both:     53.34 MB used.

Virtual space:
  Non-class space:       64.00 MB reserved,      47.38 MB ( 74%) committed,  1 nodes.
      Class space:        1.00 GB reserved,       6.19 MB ( <1%) committed,  1 nodes.
             Both:        1.06 GB reserved,      53.56 MB (  5%) committed. 

Chunk freelists:
   Non-Class:  15.17 MB
       Class:  9.81 MB
        Both:  24.98 MB

MaxMetaspaceSize: unlimited
CompressedClassSpaceSize: 1.00 GB
Initial GC threshold: 21.00 MB
Current GC threshold: 58.88 MB
CDS: on
MetaspaceReclaimPolicy: balanced
 - commit_granule_bytes: 65536.
 - commit_granule_words: 8192.
 - virtual_space_node_default_size: 8388608.
 - enlarge_chunks_in_place: 1.
 - new_chunks_are_fully_committed: 0.
 - uncommit_free_chunks: 1.
 - use_allocation_guard: 0.
 - handle_deallocations: 1.


Internal statistics:

num_allocs_failed_limit: 6.
num_arena_births: 224.
num_arena_deaths: 0.
num_vsnodes_births: 2.
num_vsnodes_deaths: 0.
num_space_committed: 855.
num_space_uncommitted: 0.
num_chunks_returned_to_freelist: 6.
num_chunks_taken_from_freelist: 2095.
num_chunk_merges: 6.
num_chunk_splits: 1755.
num_chunks_enlarged: 1602.
num_inconsistent_stats: 0.

CodeHeap 'non-profiled nmethods': size=119168Kb used=3149Kb max_used=3149Kb free=116018Kb
 bounds [0x00000211550a0000, 0x00000211553c0000, 0x000002115c500000]
CodeHeap 'profiled nmethods': size=119104Kb used=17361Kb max_used=17361Kb free=101742Kb
 bounds [0x000002114d500000, 0x000002114e600000, 0x0000021154950000]
CodeHeap 'non-nmethods': size=7488Kb used=3075Kb max_used=3123Kb free=4412Kb
 bounds [0x0000021154950000, 0x0000021154c70000, 0x00000211550a0000]
 total_blobs=7081 nmethods=6369 adapters=618
 compilation: enabled
              stopped_count=0, restarted_count=0
 full_count=0

Compilation events (20 events):
Event: 8.903 Thread 0x0000021171fc4ff0 7092       3       org.jetbrains.kotlin.ir.declarations.lazy.IrLazyDeclarationBase$createLazyParent$1::<init> (7 bytes)
Event: 8.903 Thread 0x0000021171fee680 nmethod 7090 0x000002114e5e2810 code [0x000002114e5e29c0, 0x000002114e5e2ba8]
Event: 8.903 Thread 0x0000021171fc4ff0 nmethod 7092 0x000002114e5e2c90 code [0x000002114e5e2e40, 0x000002114e5e2f88]
Event: 8.903 Thread 0x0000021171fee680 7093       3       org.jetbrains.kotlin.ir.util.IrUtilsKt$functions$1::invoke (9 bytes)
Event: 8.903 Thread 0x0000021171fc4ff0 7094       3       org.jetbrains.kotlin.ir.util.IrUtilsKt$functions$1::invoke (11 bytes)
Event: 8.903 Thread 0x0000021171fee680 nmethod 7093 0x000002114e5e3010 code [0x000002114e5e3240, 0x000002114e5e3a08]
Event: 8.903 Thread 0x0000021171fc4ff0 nmethod 7094 0x000002114e5e3c90 code [0x000002114e5e3ec0, 0x000002114e5e4528]
Event: 8.903 Thread 0x0000021172f57200 nmethod 7091 0x000002114e5e4790 code [0x000002114e5e4a80, 0x000002114e5e5a58]
Event: 8.904 Thread 0x0000021171fee680 7095       3       org.jetbrains.kotlin.ir.visitors.IrElementTransformerVoid::visitGetValue (16 bytes)
Event: 8.904 Thread 0x0000021171fee680 nmethod 7095 0x000002114e5e6010 code [0x000002114e5e6240, 0x000002114e5e68a8]
Event: 8.905 Thread 0x0000021171fee680 7096       3       org.jetbrains.kotlin.ir.visitors.IrElementTransformerVoid::visitValueAccess (16 bytes)
Event: 8.906 Thread 0x0000021171fee680 nmethod 7096 0x000002114e5e6b10 code [0x000002114e5e6d40, 0x000002114e5e73a8]
Event: 8.907 Thread 0x0000021171fee680 7097       3       org.jetbrains.kotlin.backend.common.IrElementTransformerVoidWithContext::visitValueParameterNew (12 bytes)
Event: 8.907 Thread 0x0000021171fee680 nmethod 7097 0x000002114e5e7610 code [0x000002114e5e78c0, 0x000002114e5e8428]
Event: 8.930 Thread 0x0000021171fee680 7098       3       org.jetbrains.kotlin.ir.visitors.IrElementTransformerVoid::visitFieldAccess (16 bytes)
Event: 8.930 Thread 0x0000021171fee680 nmethod 7098 0x000002114e5e8810 code [0x000002114e5e8a40, 0x000002114e5e90a8]
Event: 8.930 Thread 0x0000021171fee680 7099       3       org.jetbrains.kotlin.backend.common.IrElementTransformerVoidWithContext::visitFunctionNew (12 bytes)
Event: 8.931 Thread 0x0000021171fee680 nmethod 7099 0x000002114e5e9310 code [0x000002114e5e95c0, 0x000002114e5ea128]
Event: 8.940 Thread 0x000002117727f820 7100       3       org.jetbrains.kotlin.utils.SmartList::set (96 bytes)
Event: 8.940 Thread 0x000002117727f820 nmethod 7100 0x000002114e5ea510 code [0x000002114e5ea7a0, 0x000002114e5eb358]

GC Heap History (20 events):
Event: 2.060 GC heap before
{Heap before GC invocations=2 (full 0):
 garbage-first heap   total 524288K, used 45590K [0x0000000603000000, 0x0000000800000000)
  region size 4096K, 11 young (45056K), 1 survivors (4096K)
 Metaspace       used 21345K, committed 21504K, reserved 1114112K
  class space    used 2888K, committed 2944K, reserved 1048576K
}
Event: 2.063 GC heap after
{Heap after GC invocations=3 (full 0):
 garbage-first heap   total 524288K, used 13794K [0x0000000603000000, 0x0000000800000000)
  region size 4096K, 2 young (8192K), 2 survivors (8192K)
 Metaspace       used 21345K, committed 21504K, reserved 1114112K
  class space    used 2888K, committed 2944K, reserved 1048576K
}
Event: 3.160 GC heap before
{Heap before GC invocations=4 (full 0):
 garbage-first heap   total 69632K, used 46562K [0x0000000603000000, 0x0000000800000000)
  region size 4096K, 10 young (40960K), 2 survivors (8192K)
 Metaspace       used 27082K, committed 27328K, reserved 1114112K
  class space    used 3432K, committed 3520K, reserved 1048576K
}
Event: 3.164 GC heap after
{Heap after GC invocations=5 (full 0):
 garbage-first heap   total 69632K, used 16899K [0x0000000603000000, 0x0000000800000000)
  region size 4096K, 1 young (4096K), 1 survivors (4096K)
 Metaspace       used 27082K, committed 27328K, reserved 1114112K
  class space    used 3432K, committed 3520K, reserved 1048576K
}
Event: 3.319 GC heap before
{Heap before GC invocations=5 (full 0):
 garbage-first heap   total 69632K, used 20995K [0x0000000603000000, 0x0000000800000000)
  region size 4096K, 2 young (8192K), 1 survivors (4096K)
 Metaspace       used 28192K, committed 28352K, reserved 1114112K
  class space    used 3562K, committed 3648K, reserved 1048576K
}
Event: 3.325 GC heap after
{Heap after GC invocations=6 (full 0):
 garbage-first heap   total 69632K, used 17279K [0x0000000603000000, 0x0000000800000000)
  region size 4096K, 1 young (4096K), 1 survivors (4096K)
 Metaspace       used 28192K, committed 28352K, reserved 1114112K
  class space    used 3562K, committed 3648K, reserved 1048576K
}
Event: 4.113 GC heap before
{Heap before GC invocations=6 (full 0):
 garbage-first heap   total 69632K, used 41855K [0x0000000603000000, 0x0000000800000000)
  region size 4096K, 7 young (28672K), 1 survivors (4096K)
 Metaspace       used 33604K, committed 33920K, reserved 1114112K
  class space    used 4195K, committed 4352K, reserved 1048576K
}
Event: 4.117 GC heap after
{Heap after GC invocations=7 (full 0):
 garbage-first heap   total 69632K, used 20416K [0x0000000603000000, 0x0000000800000000)
  region size 4096K, 1 young (4096K), 1 survivors (4096K)
 Metaspace       used 33604K, committed 33920K, reserved 1114112K
  class space    used 4195K, committed 4352K, reserved 1048576K
}
Event: 4.462 GC heap before
{Heap before GC invocations=7 (full 0):
 garbage-first heap   total 69632K, used 28608K [0x0000000603000000, 0x0000000800000000)
  region size 4096K, 4 young (16384K), 1 survivors (4096K)
 Metaspace       used 35888K, committed 36096K, reserved 1114112K
  class space    used 4447K, committed 4544K, reserved 1048576K
}
Event: 4.468 GC heap after
{Heap after GC invocations=8 (full 0):
 garbage-first heap   total 69632K, used 21488K [0x0000000603000000, 0x0000000800000000)
  region size 4096K, 1 young (4096K), 1 survivors (4096K)
 Metaspace       used 35888K, committed 36096K, reserved 1114112K
  class space    used 4447K, committed 4544K, reserved 1048576K
}
Event: 4.745 GC heap before
{Heap before GC invocations=9 (full 0):
 garbage-first heap   total 69632K, used 41968K [0x0000000603000000, 0x0000000800000000)
  region size 4096K, 7 young (28672K), 1 survivors (4096K)
 Metaspace       used 36452K, committed 36672K, reserved 1114112K
  class space    used 4512K, committed 4672K, reserved 1048576K
}
Event: 4.749 GC heap after
{Heap after GC invocations=10 (full 0):
 garbage-first heap   total 69632K, used 23163K [0x0000000603000000, 0x0000000800000000)
  region size 4096K, 1 young (4096K), 1 survivors (4096K)
 Metaspace       used 36452K, committed 36672K, reserved 1114112K
  class space    used 4512K, committed 4672K, reserved 1048576K
}
Event: 5.629 GC heap before
{Heap before GC invocations=10 (full 0):
 garbage-first heap   total 69632K, used 47739K [0x0000000603000000, 0x0000000800000000)
  region size 4096K, 7 young (28672K), 1 survivors (4096K)
 Metaspace       used 39738K, committed 40000K, reserved 1114112K
  class space    used 4864K, committed 4992K, reserved 1048576K
}
Event: 5.636 GC heap after
{Heap after GC invocations=11 (full 0):
 garbage-first heap   total 69632K, used 24336K [0x0000000603000000, 0x0000000800000000)
  region size 4096K, 1 young (4096K), 1 survivors (4096K)
 Metaspace       used 39738K, committed 40000K, reserved 1114112K
  class space    used 4864K, committed 4992K, reserved 1048576K
}
Event: 7.265 GC heap before
{Heap before GC invocations=11 (full 0):
 garbage-first heap   total 69632K, used 44816K [0x0000000603000000, 0x0000000800000000)
  region size 4096K, 7 young (28672K), 1 survivors (4096K)
 Metaspace       used 42943K, committed 43200K, reserved 1114112K
  class space    used 5065K, committed 5184K, reserved 1048576K
}
Event: 7.273 GC heap after
{Heap after GC invocations=12 (full 0):
 garbage-first heap   total 69632K, used 27276K [0x0000000603000000, 0x0000000800000000)
  region size 4096K, 1 young (4096K), 1 survivors (4096K)
 Metaspace       used 42943K, committed 43200K, reserved 1114112K
  class space    used 5065K, committed 5184K, reserved 1048576K
}
Event: 8.028 GC heap before
{Heap before GC invocations=12 (full 0):
 garbage-first heap   total 69632K, used 47756K [0x0000000603000000, 0x0000000800000000)
  region size 4096K, 6 young (24576K), 1 survivors (4096K)
 Metaspace       used 47369K, committed 47616K, reserved 1114112K
  class space    used 5502K, committed 5632K, reserved 1048576K
}
Event: 8.036 GC heap after
{Heap after GC invocations=13 (full 0):
 garbage-first heap   total 69632K, used 29281K [0x0000000603000000, 0x0000000800000000)
  region size 4096K, 1 young (4096K), 1 survivors (4096K)
 Metaspace       used 47369K, committed 47616K, reserved 1114112K
  class space    used 5502K, committed 5632K, reserved 1048576K
}
Event: 8.734 GC heap before
{Heap before GC invocations=13 (full 0):
 garbage-first heap   total 69632K, used 49761K [0x0000000603000000, 0x0000000800000000)
  region size 4096K, 6 young (24576K), 1 survivors (4096K)
 Metaspace       used 52591K, committed 52864K, reserved 1114112K
  class space    used 5992K, committed 6144K, reserved 1048576K
}
Event: 8.740 GC heap after
{Heap after GC invocations=14 (full 0):
 garbage-first heap   total 299008K, used 29778K [0x0000000603000000, 0x0000000800000000)
  region size 4096K, 1 young (4096K), 1 survivors (4096K)
 Metaspace       used 52591K, committed 52864K, reserved 1114112K
  class space    used 5992K, committed 6144K, reserved 1048576K
}

Dll operation events (7 events):
Event: 0.026 Loaded shared library C:\Program Files\Eclipse Adoptium\jdk-17.0.16.8-hotspot\bin\java.dll
Event: 0.081 Loaded shared library C:\Program Files\Eclipse Adoptium\jdk-17.0.16.8-hotspot\bin\jsvml.dll
Event: 0.159 Loaded shared library C:\Program Files\Eclipse Adoptium\jdk-17.0.16.8-hotspot\bin\net.dll
Event: 0.161 Loaded shared library C:\Program Files\Eclipse Adoptium\jdk-17.0.16.8-hotspot\bin\nio.dll
Event: 0.195 Loaded shared library C:\Program Files\Eclipse Adoptium\jdk-17.0.16.8-hotspot\bin\zip.dll
Event: 0.216 Loaded shared library C:\Program Files\Eclipse Adoptium\jdk-17.0.16.8-hotspot\bin\jimage.dll
Event: 0.933 Loaded shared library C:\Program Files\Eclipse Adoptium\jdk-17.0.16.8-hotspot\bin\verify.dll

Deoptimization events (20 events):
Event: 8.124 Thread 0x00000211459944c0 DEOPT PACKING pc=0x0000021155318c58 sp=0x00000057297fb170
Event: 8.124 Thread 0x00000211459944c0 DEOPT UNPACKING pc=0x00000211549a69a3 sp=0x00000057297fb128 mode 2
Event: 8.477 Thread 0x00000211459944c0 DEOPT PACKING pc=0x000002114e3ab204 sp=0x00000057297fda50
Event: 8.477 Thread 0x00000211459944c0 DEOPT UNPACKING pc=0x00000211549a7143 sp=0x00000057297fd098 mode 0
Event: 8.477 Thread 0x00000211459944c0 DEOPT PACKING pc=0x000002114e3ad12c sp=0x00000057297fdda0
Event: 8.477 Thread 0x00000211459944c0 DEOPT UNPACKING pc=0x00000211549a7143 sp=0x00000057297fd3e8 mode 0
Event: 8.519 Thread 0x00000211459944c0 Uncommon trap: trap_request=0xffffff45 fr.pc=0x0000021155341334 relative=0x0000000000003b14
Event: 8.519 Thread 0x00000211459944c0 Uncommon trap: reason=unstable_if action=reinterpret pc=0x0000021155341334 method=org.jetbrains.org.objectweb.asm.ClassReader.readMethod(Lorg/jetbrains/org/objectweb/asm/ClassVisitor;Lorg/jetbrains/org/objectweb/asm/Context;I)I @ 414 c2
Event: 8.519 Thread 0x00000211459944c0 DEOPT PACKING pc=0x0000021155341334 sp=0x00000057297fd930
Event: 8.519 Thread 0x00000211459944c0 DEOPT UNPACKING pc=0x00000211549a69a3 sp=0x00000057297fd8c8 mode 2
Event: 8.734 Thread 0x00000211459944c0 Uncommon trap: trap_request=0xffffff45 fr.pc=0x00000211553a9820 relative=0x0000000000000200
Event: 8.734 Thread 0x00000211459944c0 Uncommon trap: reason=unstable_if action=reinterpret pc=0x00000211553a9820 method=kotlin.sequences.FilteringSequence$iterator$1.hasNext()Z @ 5 c2
Event: 8.734 Thread 0x00000211459944c0 DEOPT PACKING pc=0x00000211553a9820 sp=0x00000057297fbac0
Event: 8.734 Thread 0x00000211459944c0 DEOPT UNPACKING pc=0x00000211549a69a3 sp=0x00000057297fba80 mode 2
Event: 8.790 Thread 0x00000211459944c0 DEOPT PACKING pc=0x000002114e5325c4 sp=0x00000057297fc330
Event: 8.790 Thread 0x00000211459944c0 DEOPT UNPACKING pc=0x00000211549a7143 sp=0x00000057297fb7a8 mode 0
Event: 8.790 Thread 0x00000211459944c0 DEOPT PACKING pc=0x000002114e54e42c sp=0x00000057297fcc30
Event: 8.790 Thread 0x00000211459944c0 DEOPT UNPACKING pc=0x00000211549a7143 sp=0x00000057297fc080 mode 0
Event: 8.790 Thread 0x00000211459944c0 DEOPT PACKING pc=0x000002114e54298c sp=0x00000057297fd090
Event: 8.790 Thread 0x00000211459944c0 DEOPT UNPACKING pc=0x00000211549a7143 sp=0x00000057297fc560 mode 0

Classes loaded (20 events):
Event: 3.772 Loading class java/security/AccessControlException
Event: 3.772 Loading class java/security/AccessControlException done
Event: 3.799 Loading class java/text/StringCharacterIterator
Event: 3.799 Loading class java/text/CharacterIterator
Event: 3.799 Loading class java/text/CharacterIterator done
Event: 3.799 Loading class java/text/StringCharacterIterator done
Event: 3.833 Loading class java/lang/annotation/ElementType
Event: 3.834 Loading class java/lang/annotation/ElementType done
Event: 3.834 Loading class java/lang/Override
Event: 3.834 Loading class java/lang/Override done
Event: 3.880 Loading class java/util/ArrayList$SubList$1
Event: 3.880 Loading class java/util/ArrayList$SubList$1 done
Event: 4.044 Loading class java/util/stream/IntPipeline$1
Event: 4.044 Loading class java/util/stream/IntPipeline$1 done
Event: 4.052 Loading class java/util/stream/IntPipeline$1$1
Event: 4.052 Loading class java/util/stream/IntPipeline$1$1 done
Event: 4.097 Loading class java/util/function/IntUnaryOperator
Event: 4.097 Loading class java/util/function/IntUnaryOperator done
Event: 4.234 Loading class java/util/RegularEnumSet$EnumSetIterator
Event: 4.234 Loading class java/util/RegularEnumSet$EnumSetIterator done

Classes unloaded (0 events):
No events

Classes redefined (0 events):
No events

Internal exceptions (20 events):
Event: 4.428 Thread 0x00000211459944c0 Exception <a 'java/lang/NoSuchMethodError'{0x000000061fcbfeb0}: 'java.lang.Object java.lang.invoke.DirectMethodHandle$Holder.newInvokeSpecial(java.lang.Object, java.lang.Object, java.lang.Object, java.lang.Object, java.lang.Object)'> (0x000000061fcbfeb0) 
thrown [s\src\hotspot\share\interpreter\linkResolver.cpp, line 759]
Event: 4.503 Thread 0x00000211459944c0 Implicit null exception at 0x00000211551d8b0d to 0x00000211551d8f08
Event: 5.270 Thread 0x00000211459944c0 Implicit null exception at 0x0000021155189fd5 to 0x000002115518b5dc
Event: 5.270 Thread 0x00000211459944c0 Implicit null exception at 0x000002115518c33b to 0x000002115518caa8
Event: 5.297 Thread 0x00000211459944c0 Exception <a 'java/lang/NoSuchMethodError'{0x00000006063bbef0}: 'java.lang.Object java.lang.invoke.DirectMethodHandle$Holder.invokeInterface(java.lang.Object, java.lang.Object, java.lang.Object)'> (0x00000006063bbef0) 
thrown [s\src\hotspot\share\interpreter\linkResolver.cpp, line 759]
Event: 5.297 Thread 0x00000211459944c0 Exception <a 'java/lang/IncompatibleClassChangeError'{0x00000006063bf860}: Found class java.lang.Object, but interface was expected> (0x00000006063bf860) 
thrown [s\src\hotspot\share\interpreter\linkResolver.cpp, line 826]
Event: 5.300 Thread 0x00000211459944c0 Implicit null exception at 0x00000211550d4e2f to 0x00000211550d4ea9
Event: 5.303 Thread 0x00000211459944c0 Implicit null exception at 0x000002115519154c to 0x0000021155191634
Event: 5.477 Thread 0x00000211459944c0 Exception <a 'java/lang/NoSuchMethodError'{0x0000000605dcc290}: 'java.lang.Object java.lang.invoke.DirectMethodHandle$Holder.newInvokeSpecial(java.lang.Object, java.lang.Object, java.lang.Object, java.lang.Object, java.lang.Object, java.lang.Object, java.lang.Object)'> (0x0000000605dcc290) 
thrown [s\src\hotspot\share\interpreter\linkResolver.cpp, line 759]
Event: 5.477 Thread 0x00000211459944c0 Exception <a 'java/lang/NoSuchMethodError'{0x0000000605dd0e48}: 'java.lang.Object java.lang.invoke.Invokers$Holder.linkToTargetMethod(java.lang.Object, java.lang.Object, java.lang.Object, java.lang.Object, java.lang.Object, java.lang.Object, java.lang.Object)'> (0x0000000605dd0e48) 
thrown [s\src\hotspot\share\interpreter\linkResolver.cpp, line 759]
Event: 5.789 Thread 0x00000211459944c0 Exception <a 'java/lang/NoSuchMethodError'{0x00000006200c7650}: 'java.lang.Object java.lang.invoke.DirectMethodHandle$Holder.newInvokeSpecial(java.lang.Object, int, java.lang.Object)'> (0x00000006200c7650) 
thrown [s\src\hotspot\share\interpreter\linkResolver.cpp, line 759]
Event: 5.791 Thread 0x00000211459944c0 Exception <a 'java/lang/NoSuchMethodError'{0x00000006200ce208}: 'int java.lang.invoke.DirectMethodHandle$Holder.invokeInterface(java.lang.Object, java.lang.Object)'> (0x00000006200ce208) 
thrown [s\src\hotspot\share\interpreter\linkResolver.cpp, line 759]
Event: 5.800 Thread 0x00000211459944c0 Implicit null exception at 0x0000021155144114 to 0x0000021155144534
Event: 6.529 Thread 0x00000211459944c0 Exception <a 'java/lang/NoSuchMethodError'{0x00000006067bc598}: 'int java.lang.invoke.DirectMethodHandle$Holder.invokeStaticInit(java.lang.Object, int)'> (0x00000006067bc598) 
thrown [s\src\hotspot\share\interpreter\linkResolver.cpp, line 759]
Event: 7.290 Thread 0x00000211459944c0 Implicit null exception at 0x000002115513a394 to 0x000002115513a7b8
Event: 8.037 Thread 0x00000211459944c0 Implicit null exception at 0x000002115515b419 to 0x000002115515b8b4
Event: 8.104 Thread 0x00000211459944c0 Exception <a 'java/lang/NoSuchMethodError'{0x0000000622d3ecd8}: 'java.lang.Object java.lang.invoke.DirectMethodHandle$Holder.invokeStatic(java.lang.Object, int, java.lang.Object)'> (0x0000000622d3ecd8) 
thrown [s\src\hotspot\share\interpreter\linkResolver.cpp, line 759]
Event: 8.111 Thread 0x00000211459944c0 Exception <a 'java/lang/NoSuchMethodError'{0x0000000622d69380}: 'java.lang.Object java.lang.invoke.DirectMethodHandle$Holder.newInvokeSpecial(java.lang.Object, int, java.lang.Object, java.lang.Object)'> (0x0000000622d69380) 
thrown [s\src\hotspot\share\interpreter\linkResolver.cpp, line 759]
Event: 8.114 Thread 0x00000211459944c0 Exception <a 'java/lang/NoSuchMethodError'{0x0000000622d6dd78}: 'java.lang.Object java.lang.invoke.DirectMethodHandle$Holder.invokeSpecial(java.lang.Object, java.lang.Object, int, java.lang.Object, java.lang.Object)'> (0x0000000622d6dd78) 
thrown [s\src\hotspot\share\interpreter\linkResolver.cpp, line 759]
Event: 8.122 Thread 0x00000211459944c0 Exception <a 'java/lang/NoSuchMethodError'{0x0000000622d8e7f8}: 'java.lang.Object java.lang.invoke.DirectMethodHandle$Holder.invokeSpecial(java.lang.Object, java.lang.Object, int, int, java.lang.Object, java.lang.Object, java.lang.Object, java.lang.Object, java.lang.Object)'> (0x0000000622d8e7f8) 
thrown [s\src\hotspot\share\interpreter\linkResolver.cpp, line 759]

VM Operations (20 events):
Event: 8.535 Executing VM operation: HandshakeAllThreads
Event: 8.535 Executing VM operation: HandshakeAllThreads done
Event: 8.535 Executing VM operation: HandshakeAllThreads
Event: 8.535 Executing VM operation: HandshakeAllThreads done
Event: 8.537 Executing VM operation: ICBufferFull
Event: 8.537 Executing VM operation: ICBufferFull done
Event: 8.614 Executing VM operation: HandshakeAllThreads
Event: 8.614 Executing VM operation: HandshakeAllThreads done
Event: 8.636 Executing VM operation: ICBufferFull
Event: 8.636 Executing VM operation: ICBufferFull done
Event: 8.709 Executing VM operation: HandshakeAllThreads
Event: 8.709 Executing VM operation: HandshakeAllThreads done
Event: 8.713 Executing VM operation: HandshakeAllThreads
Event: 8.713 Executing VM operation: HandshakeAllThreads done
Event: 8.734 Executing VM operation: G1CollectForAllocation
Event: 8.740 Executing VM operation: G1CollectForAllocation done
Event: 8.773 Executing VM operation: HandshakeAllThreads
Event: 8.773 Executing VM operation: HandshakeAllThreads done
Event: 8.867 Executing VM operation: HandshakeAllThreads
Event: 8.867 Executing VM operation: HandshakeAllThreads done

Memory protections (0 events):
No events

Nmethod flushes (20 events):
Event: 7.108 Thread 0x0000021171fcd720 flushing  nmethod 0x000002114dd65910
Event: 7.108 Thread 0x0000021171fcd720 flushing  nmethod 0x000002114dd6a010
Event: 7.108 Thread 0x0000021171fcd720 flushing  nmethod 0x000002114dd6aa90
Event: 7.108 Thread 0x0000021171fcd720 flushing  nmethod 0x000002114dd7c190
Event: 7.108 Thread 0x0000021171fcd720 flushing  nmethod 0x000002114dd91d10
Event: 7.108 Thread 0x0000021171fcd720 flushing  nmethod 0x000002114dd97e10
Event: 7.108 Thread 0x0000021171fcd720 flushing  nmethod 0x000002114ddc2290
Event: 7.108 Thread 0x0000021171fcd720 flushing  nmethod 0x000002114ddc5110
Event: 7.108 Thread 0x0000021171fcd720 flushing  nmethod 0x000002114ddeb690
Event: 7.108 Thread 0x0000021171fcd720 flushing  nmethod 0x000002114de0ac90
Event: 7.108 Thread 0x0000021171fcd720 flushing  nmethod 0x000002114de21f90
Event: 7.108 Thread 0x0000021171fcd720 flushing  nmethod 0x000002114de3a190
Event: 7.108 Thread 0x0000021171fcd720 flushing  nmethod 0x000002114de5e790
Event: 7.108 Thread 0x0000021171fcd720 flushing  nmethod 0x000002114de79f10
Event: 7.108 Thread 0x0000021171fcd720 flushing  nmethod 0x000002114df07410
Event: 7.109 Thread 0x0000021171fcd720 flushing  nmethod 0x000002114df0ec10
Event: 7.109 Thread 0x0000021171fcd720 flushing  nmethod 0x000002114dffc490
Event: 7.109 Thread 0x0000021171fcd720 flushing  nmethod 0x000002114e03a290
Event: 7.109 Thread 0x0000021171fcd720 flushing  nmethod 0x000002114e095f10
Event: 8.540 Thread 0x0000021171fcd720 flushing  nmethod 0x000002114d95f990

Events (20 events):
Event: 2.957 Thread 0x0000021171fc4540 Thread added: 0x0000021178b51cb0
Event: 2.957 Thread 0x0000021171fc4540 Thread added: 0x0000021178b521d0
Event: 3.095 Thread 0x0000021178b521d0 Thread exited: 0x0000021178b521d0
Event: 3.106 Thread 0x0000021178b51cb0 Thread exited: 0x0000021178b51cb0
Event: 3.629 Thread 0x0000021172f57200 Thread added: 0x0000021178597190
Event: 4.620 Thread 0x0000021171fc4540 Thread added: 0x0000021179adce40
Event: 4.634 Thread 0x0000021171fee680 Thread added: 0x0000021179b0f310
Event: 4.638 Thread 0x000002117727f820 Thread added: 0x0000021179b0f830
Event: 4.640 Thread 0x0000021171fee680 Thread added: 0x0000021179a4a270
Event: 4.640 Thread 0x0000021171fee680 Thread added: 0x0000021179a4a790
Event: 4.641 Thread 0x0000021171fee680 Thread added: 0x0000021179a4acb0
Event: 5.037 Thread 0x0000021179a4acb0 Thread exited: 0x0000021179a4acb0
Event: 5.046 Thread 0x0000021179a4a790 Thread exited: 0x0000021179a4a790
Event: 5.598 Thread 0x0000021179a4a270 Thread exited: 0x0000021179a4a270
Event: 5.598 Thread 0x0000021179b0f830 Thread exited: 0x0000021179b0f830
Event: 6.698 Thread 0x0000021179b0f310 Thread exited: 0x0000021179b0f310
Event: 6.698 Thread 0x0000021179adce40 Thread exited: 0x0000021179adce40
Event: 8.046 Thread 0x0000021178597190 Thread exited: 0x0000021178597190
Event: 8.753 Thread 0x0000021171fc4ff0 Thread added: 0x000002117a8c8060
Event: 8.827 Thread 0x0000021171fc4ff0 Thread added: 0x000002117b2a9110


Dynamic libraries:
0x00007ff737410000 - 0x00007ff73741e000 	C:\Program Files\Eclipse Adoptium\jdk-17.0.16.8-hotspot\bin\java.exe
0x00007ffe40d90000 - 0x00007ffe40f88000 	C:\Windows\SYSTEM32\ntdll.dll
0x00007ffe3edf0000 - 0x00007ffe3eead000 	C:\Windows\System32\KERNEL32.DLL
0x00007ffe3ea10000 - 0x00007ffe3ed06000 	C:\Windows\System32\KERNELBASE.dll
0x00007ffe3e470000 - 0x00007ffe3e570000 	C:\Windows\System32\ucrtbase.dll
0x00007ffe1bb10000 - 0x00007ffe1bb27000 	C:\Program Files\Eclipse Adoptium\jdk-17.0.16.8-hotspot\bin\jli.dll
0x00007ffe3f250000 - 0x00007ffe3f3ee000 	C:\Windows\System32\USER32.dll
0x00007ffe3e770000 - 0x00007ffe3e792000 	C:\Windows\System32\win32u.dll
0x00007ffe3f180000 - 0x00007ffe3f1ac000 	C:\Windows\System32\GDI32.dll
0x00007ffe3e5c0000 - 0x00007ffe3e6da000 	C:\Windows\System32\gdi32full.dll
0x00007ffe3e7a0000 - 0x00007ffe3e83d000 	C:\Windows\System32\msvcp_win.dll
0x00007ffe13540000 - 0x00007ffe1355e000 	C:\Program Files\Eclipse Adoptium\jdk-17.0.16.8-hotspot\bin\VCRUNTIME140.dll
0x00007ffe2a0c0000 - 0x00007ffe2a35a000 	C:\Windows\WinSxS\amd64_microsoft.windows.common-controls_6595b64144ccf1df_6.0.19041.3636_none_60b6a03d71f818d5\COMCTL32.dll
0x00007ffe3f1b0000 - 0x00007ffe3f24e000 	C:\Windows\System32\msvcrt.dll
0x00007ffe40d20000 - 0x00007ffe40d50000 	C:\Windows\System32\IMM32.DLL
0x00007ffe24c40000 - 0x00007ffe24c4c000 	C:\Program Files\Eclipse Adoptium\jdk-17.0.16.8-hotspot\bin\vcruntime140_1.dll
0x00007ffe0cd10000 - 0x00007ffe0cd9d000 	C:\Program Files\Eclipse Adoptium\jdk-17.0.16.8-hotspot\bin\msvcp140.dll
0x00007ffd88930000 - 0x00007ffd8959b000 	C:\Program Files\Eclipse Adoptium\jdk-17.0.16.8-hotspot\bin\server\jvm.dll
0x00007ffe409b0000 - 0x00007ffe40a5f000 	C:\Windows\System32\ADVAPI32.dll
0x00007ffe405f0000 - 0x00007ffe4068c000 	C:\Windows\System32\sechost.dll
0x00007ffe3eeb0000 - 0x00007ffe3efd6000 	C:\Windows\System32\RPCRT4.dll
0x00007ffe40690000 - 0x00007ffe406fb000 	C:\Windows\System32\WS2_32.dll
0x00007ffe3da20000 - 0x00007ffe3da6b000 	C:\Windows\SYSTEM32\POWRPROF.dll
0x00007ffe2c1b0000 - 0x00007ffe2c1d7000 	C:\Windows\SYSTEM32\WINMM.dll
0x00007ffe38c50000 - 0x00007ffe38c5a000 	C:\Windows\SYSTEM32\VERSION.dll
0x00007ffe3d890000 - 0x00007ffe3d8a2000 	C:\Windows\SYSTEM32\UMPDC.dll
0x00007ffe3c350000 - 0x00007ffe3c362000 	C:\Windows\SYSTEM32\kernel.appcore.dll
0x00007ffe22420000 - 0x00007ffe2242a000 	C:\Program Files\Eclipse Adoptium\jdk-17.0.16.8-hotspot\bin\jimage.dll
0x00007ffe2a550000 - 0x00007ffe2a734000 	C:\Windows\SYSTEM32\DBGHELP.DLL
0x00007ffe28050000 - 0x00007ffe28084000 	C:\Windows\SYSTEM32\dbgcore.DLL
0x00007ffe3e6e0000 - 0x00007ffe3e762000 	C:\Windows\System32\bcryptPrimitives.dll
0x00007ffe134d0000 - 0x00007ffe134f5000 	C:\Program Files\Eclipse Adoptium\jdk-17.0.16.8-hotspot\bin\java.dll
0x00007ffe0cc30000 - 0x00007ffe0cd07000 	C:\Program Files\Eclipse Adoptium\jdk-17.0.16.8-hotspot\bin\jsvml.dll
0x00007ffe3fea0000 - 0x00007ffe405e5000 	C:\Windows\System32\SHELL32.dll
0x00007ffe3c550000 - 0x00007ffe3cceb000 	C:\Windows\SYSTEM32\windows.storage.dll
0x00007ffe3f8f0000 - 0x00007ffe3fc44000 	C:\Windows\System32\combase.dll
0x00007ffe3deb0000 - 0x00007ffe3dedd000 	C:\Windows\SYSTEM32\Wldp.dll
0x00007ffe40a60000 - 0x00007ffe40b0d000 	C:\Windows\System32\SHCORE.dll
0x00007ffe40950000 - 0x00007ffe409a5000 	C:\Windows\System32\shlwapi.dll
0x00007ffe3e3a0000 - 0x00007ffe3e3c5000 	C:\Windows\SYSTEM32\profapi.dll
0x00007ffe134b0000 - 0x00007ffe134c9000 	C:\Program Files\Eclipse Adoptium\jdk-17.0.16.8-hotspot\bin\net.dll
0x00007ffe382c0000 - 0x00007ffe383ca000 	C:\Windows\SYSTEM32\WINHTTP.dll
0x00007ffe3dc10000 - 0x00007ffe3dc7a000 	C:\Windows\system32\mswsock.dll
0x00007ffe13490000 - 0x00007ffe134a6000 	C:\Program Files\Eclipse Adoptium\jdk-17.0.16.8-hotspot\bin\nio.dll
0x00007ffe0e8f0000 - 0x00007ffe0e908000 	C:\Program Files\Eclipse Adoptium\jdk-17.0.16.8-hotspot\bin\zip.dll
0x00007ffe21a70000 - 0x00007ffe21a80000 	C:\Program Files\Eclipse Adoptium\jdk-17.0.16.8-hotspot\bin\verify.dll

dbghelp: loaded successfully - version: 4.0.5 - missing functions: none
symbol engine: initialized successfully - sym options: 0x614 - pdb path: .;C:\Program Files\Eclipse Adoptium\jdk-17.0.16.8-hotspot\bin;C:\Windows\SYSTEM32;C:\Windows\WinSxS\amd64_microsoft.windows.common-controls_6595b64144ccf1df_6.0.19041.3636_none_60b6a03d71f818d5;C:\Program Files\Eclipse Adoptium\jdk-17.0.16.8-hotspot\bin\server

VM Arguments:
java_command: org.jetbrains.kotlin.cli.jvm.K2JVMCompiler @E:\AI\cursor\ChatApp\app\whoxa-flutter-app\build\flutter_webrtc\20250920_11634804746786518572.compiler.options
java_class_path (initial): C:\Users\Administrator\.gradle\caches\modules-2\files-2.1\org.jetbrains.kotlin\kotlin-compiler-embeddable\1.9.25\6e698f23ca1f74d6672827f61e92c2fe015d1b88\kotlin-compiler-embeddable-1.9.25.jar;C:\Users\Administrator\.gradle\caches\modules-2\files-2.1\org.jetbrains.kotlin\kotlin-stdlib\1.9.25\f700a2f2b8f0d6d0fde48f56d894dc722fb029d7\kotlin-stdlib-1.9.25.jar;C:\Users\Administrator\.gradle\caches\modules-2\files-2.1\org.jetbrains.kotlin\kotlin-script-runtime\1.9.25\43cdc99e4582c67c2b60f609d0e4c015d33a8e89\kotlin-script-runtime-1.9.25.jar;C:\Users\Administrator\.gradle\caches\modules-2\files-2.1\org.jetbrains.kotlin\kotlin-reflect\1.6.10\1cbe9c92c12a94eea200d23c2bbaedaf3daf5132\kotlin-reflect-1.6.10.jar;C:\Users\Administrator\.gradle\caches\modules-2\files-2.1\org.jetbrains.kotlin\kotlin-daemon-embeddable\1.9.25\3a1ebb4f98ed480e4774f45e3be215626eb3ae02\kotlin-daemon-embeddable-1.9.25.jar;C:\Users\Administrator\.gradle\caches\modules-2\files-2.1\org.jetbrains.intellij.deps\trove4j\1.0.20200330\3afb14d5f9ceb459d724e907a21145e8ff394f02\trove4j-1.0.20200330.jar;C:\Users\Administrator\.gradle\caches\modules-2\files-2.1\org.jetbrains\annotations\13.0\919f0dfe192fb4e063e7dacadee7f8bb9a2672a9\annotations-13.0.jar
Launcher Type: SUN_STANDARD

[Global flags]
     intx CICompilerCount                          = 12                                        {product} {ergonomic}
     uint ConcGCThreads                            = 3                                         {product} {ergonomic}
     uint G1ConcRefinementThreads                  = 13                                        {product} {ergonomic}
   size_t G1HeapRegionSize                         = 4194304                                   {product} {ergonomic}
    uintx GCDrainStackTargetSize                   = 64                                        {product} {ergonomic}
   size_t InitialHeapSize                          = 536870912                                 {product} {ergonomic}
   size_t MarkStackSize                            = 4194304                                   {product} {ergonomic}
   size_t MaxHeapSize                              = 8539602944                                {product} {ergonomic}
   size_t MaxNewSize                               = 5121245184                                {product} {ergonomic}
   size_t MinHeapDeltaBytes                        = 4194304                                   {product} {ergonomic}
   size_t MinHeapSize                              = 8388608                                   {product} {ergonomic}
    uintx NonNMethodCodeHeapSize                   = 7602480                                {pd product} {ergonomic}
    uintx NonProfiledCodeHeapSize                  = 122027880                              {pd product} {ergonomic}
    uintx ProfiledCodeHeapSize                     = 122027880                              {pd product} {ergonomic}
    uintx ReservedCodeCacheSize                    = 251658240                              {pd product} {ergonomic}
     bool SegmentedCodeCache                       = true                                      {product} {ergonomic}
   size_t SoftMaxHeapSize                          = 8539602944                             {manageable} {ergonomic}
     bool UseCompressedClassPointers               = true                           {product lp64_product} {ergonomic}
     bool UseCompressedOops                        = true                           {product lp64_product} {ergonomic}
     bool UseG1GC                                  = true                                      {product} {ergonomic}
     bool UseLargePagesIndividualAllocation        = false                                  {pd product} {ergonomic}

Logging:
Log output configuration:
 #0: stdout all=warning uptime,level,tags
 #1: stderr all=off uptime,level,tags

Environment Variables:
JAVA_HOME=C:\Program Files\Eclipse Adoptium\jdk-17.0.16.8-hotspot
CLASSPATH=E:\AI\cursor\ChatApp\app\whoxa-flutter-app\android\\gradle\wrapper\gradle-wrapper.jar
PATH=C:\Program Files\Eclipse Adoptium\jdk-17.0.16.8-hotspot\bin;D:\Flutter4\flutter\bin;C:\Program Files\Eclipse Adoptium\jdk-17.0.16.8-hotspot\bin;C:\Program Files\Eclipse Adoptium\jdk-17.0.16.8-hotspot\bin;C:\Windows\system32;C:\Windows;C:\Windows\System32\Wbem;C:\Windows\System32\WindowsPowerShell\v1.0\;C:\Windows\System32\OpenSSH\;C:\Users\Administrator\AppData\Local\Microsoft\WindowsApps;C:\Users\Administrator\Desktop\useself\ai\cursor\cursor\resources\app\bin;D:\Flutter\install\flutter\bin;;D:\Flutter4\flutter\bin\mingit\cmd
USERNAME=Administrator
OS=Windows_NT
PROCESSOR_IDENTIFIER=Intel64 Family 6 Model 183 Stepping 1, GenuineIntel
TMP=C:\Users\ADMINI~1\AppData\Local\Temp
TEMP=C:\Users\ADMINI~1\AppData\Local\Temp



Periodic native trim disabled


---------------  S Y S T E M  ---------------

OS:
 Windows 10 , 64 bit Build 19041 (10.0.19041.3636)
OS uptime: 0 days 22:13 hours

CPU: total 16 (initial active 16) (8 cores per cpu, 2 threads per core) family 6 model 183 stepping 1 microcode 0x12c, cx8, cmov, fxsr, ht, mmx, 3dnowpref, sse, sse2, sse3, ssse3, sse4.1, sse4.2, popcnt, lzcnt, tsc, tscinvbit, avx, avx2, aes, erms, clmul, bmi1, bmi2, adx, sha, fma, vzeroupper, clflush, clflushopt, clwb
Processor Information for all 16 processors :
  Max Mhz: 2500, Current Mhz: 2500, Mhz Limit: 2500

Memory: 4k page, system-wide physical 32561M (2835M free)
TotalPageFile size 51761M (AvailPageFile size 4M)
current process WorkingSet (physical memory assigned to process): 242M, peak: 252M
current process commit charge ("private bytes"): 526M, peak: 681M

vm_info: OpenJDK 64-Bit Server VM (17.0.16+8) for windows-amd64 JRE (17.0.16+8), built on Jul 16 2025 10:37:56 by "admin" with MS VC++ 17.7 (VS2022)

END.
