#
# There is insufficient memory for the Java Runtime Environment to continue.
# Native memory allocation (malloc) failed to allocate 179184 bytes. Error detail: Chunk::new
# Possible reasons:
#   The system is out of physical RAM or swap space
#   This process is running with CompressedOops enabled, and the Java Heap may be blocking the growth of the native heap
# Possible solutions:
#   Reduce memory load on the system
#   Increase physical memory or swap space
#   Check if swap backing store is full
#   Decrease Java heap size (-Xmx/-Xms)
#   Decrease number of Java threads
#   Decrease Java thread stack sizes (-Xss)
#   Set larger code cache with -XX:ReservedCodeCacheSize=
#   JVM is running with Zero Based Compressed Oops mode in which the Java heap is
#     placed in the first 32GB address space. The Java Heap base address is the
#     maximum limit for the native heap growth. Please use -XX:HeapBaseMinAddress
#     to set the Java Heap base and to place the Java Heap above 32GB virtual address.
# This output file may be truncated or incomplete.
#
#  Out of Memory Error (arena.cpp:191), pid=26516, tid=32460
#
# JRE version: OpenJDK Runtime Environment Temurin-17.0.16+8 (17.0.16+8) (build 17.0.16+8)
# Java VM: OpenJDK 64-Bit Server VM Temurin-17.0.16+8 (17.0.16+8, mixed mode, sharing, tiered, compressed oops, compressed class ptrs, g1 gc, windows-amd64)
# No core dump will be written. Minidumps are not enabled by default on client versions of Windows
#

---------------  S U M M A R Y ------------

Command Line: org.jetbrains.kotlin.cli.jvm.K2JVMCompiler @E:\AI\cursor\ChatApp\app\whoxa-flutter-app\build\fluttertoast\20250921_13111154213166600995.compiler.options

Host: 13th Gen Intel(R) Core(TM) i5-13400F, 16 cores, 31G,  Windows 10 , 64 bit Build 19041 (10.0.19041.3636)
Time: Sun Sep 21 08:34:01 2025  Windows 10 , 64 bit Build 19041 (10.0.19041.3636) elapsed time: 8.332076 seconds (0d 0h 0m 8s)

---------------  T H R E A D  ---------------

Current thread (0x000001da822f7a20):  JavaThread "C2 CompilerThread0" daemon [_thread_in_native, id=32460, stack(0x000000a1b4e00000,0x000000a1b4f00000)]


Current CompileTask:
C2:   8332 6326       4       org.jetbrains.kotlin.storage.LockBasedStorageManager$LockBasedNotNullLazyValue::invoke (35 bytes)

Stack: [0x000000a1b4e00000,0x000000a1b4f00000]
Native frames: (J=compiled Java code, j=interpreted, Vv=VM code, C=native code)
V  [jvm.dll+0x683169]
V  [jvm.dll+0x839ac8]
V  [jvm.dll+0x83b573]
V  [jvm.dll+0x83bbe3]
V  [jvm.dll+0x2473ff]
V  [jvm.dll+0xace94]
V  [jvm.dll+0xad52c]
V  [jvm.dll+0x365e0e]
V  [jvm.dll+0x32fff8]
V  [jvm.dll+0x32f47a]
V  [jvm.dll+0x21831f]
V  [jvm.dll+0x21775f]
V  [jvm.dll+0x1a32a0]
V  [jvm.dll+0x227b3c]
V  [jvm.dll+0x225ccb]
V  [jvm.dll+0x7ef2d8]
V  [jvm.dll+0x7e979c]
V  [jvm.dll+0x682047]
C  [ucrtbase.dll+0x21bb2]
C  [KERNEL32.DLL+0x17344]
C  [ntdll.dll+0x526b1]


---------------  P R O C E S S  ---------------

Threads class SMR info:
_java_thread_list=0x000001dac98adf10, length=16, elements={
0x000001dad5cc5380, 0x000001da822d52f0, 0x000001da822d63f0, 0x000001da822eddc0,
0x000001da822f2990, 0x000001da822f6370, 0x000001da822f6d30, 0x000001da822f7a20,
0x000001da82303930, 0x000001da8230b320, 0x000001dac41a21d0, 0x000001dac41a77a0,
0x000001dac41af320, 0x000001dac46ae260, 0x000001dac467af60, 0x000001dacb6362b0
}

Java Threads: ( => current thread )
  0x000001dad5cc5380 JavaThread "main" [_thread_in_Java, id=26860, stack(0x000000a1b4100000,0x000000a1b4200000)]
  0x000001da822d52f0 JavaThread "Reference Handler" daemon [_thread_blocked, id=5984, stack(0x000000a1b4800000,0x000000a1b4900000)]
  0x000001da822d63f0 JavaThread "Finalizer" daemon [_thread_blocked, id=13736, stack(0x000000a1b4900000,0x000000a1b4a00000)]
  0x000001da822eddc0 JavaThread "Signal Dispatcher" daemon [_thread_blocked, id=26700, stack(0x000000a1b4a00000,0x000000a1b4b00000)]
  0x000001da822f2990 JavaThread "Attach Listener" daemon [_thread_blocked, id=9172, stack(0x000000a1b4b00000,0x000000a1b4c00000)]
  0x000001da822f6370 JavaThread "Service Thread" daemon [_thread_blocked, id=33108, stack(0x000000a1b4c00000,0x000000a1b4d00000)]
  0x000001da822f6d30 JavaThread "Monitor Deflation Thread" daemon [_thread_blocked, id=34984, stack(0x000000a1b4d00000,0x000000a1b4e00000)]
=>0x000001da822f7a20 JavaThread "C2 CompilerThread0" daemon [_thread_in_native, id=32460, stack(0x000000a1b4e00000,0x000000a1b4f00000)]
  0x000001da82303930 JavaThread "C1 CompilerThread0" daemon [_thread_blocked, id=31284, stack(0x000000a1b4f00000,0x000000a1b5000000)]
  0x000001da8230b320 JavaThread "Sweeper thread" daemon [_thread_blocked, id=6548, stack(0x000000a1b5000000,0x000000a1b5100000)]
  0x000001dac41a21d0 JavaThread "Notification Thread" daemon [_thread_blocked, id=11976, stack(0x000000a1b5100000,0x000000a1b5200000)]
  0x000001dac41a77a0 JavaThread "Common-Cleaner" daemon [_thread_blocked, id=26836, stack(0x000000a1b5300000,0x000000a1b5400000)]
  0x000001dac41af320 JavaThread "C1 CompilerThread1" daemon [_thread_blocked, id=1644, stack(0x000000a1b5400000,0x000000a1b5500000)]
  0x000001dac46ae260 JavaThread "C1 CompilerThread2" daemon [_thread_blocked, id=1504, stack(0x000000a1b5600000,0x000000a1b5700000)]
  0x000001dac467af60 JavaThread "C1 CompilerThread3" daemon [_thread_blocked, id=8760, stack(0x000000a1b5700000,0x000000a1b5800000)]
  0x000001dacb6362b0 JavaThread "C2 CompilerThread1" daemon [_thread_blocked, id=1232, stack(0x000000a1b6400000,0x000000a1b6500000)]

Other Threads:
  0x000001da822ccf80 VMThread "VM Thread" [stack: 0x000000a1b4700000,0x000000a1b4800000] [id=24472]
  0x000001dac41a46c0 WatcherThread [stack: 0x000000a1b5200000,0x000000a1b5300000] [id=25504]
  0x000001dad5d76310 GCTaskThread "GC Thread#0" [stack: 0x000000a1b4200000,0x000000a1b4300000] [id=23296]
  0x000001dac476ffd0 GCTaskThread "GC Thread#1" [stack: 0x000000a1b5800000,0x000000a1b5900000] [id=27988]
  0x000001dac4770290 GCTaskThread "GC Thread#2" [stack: 0x000000a1b5900000,0x000000a1b5a00000] [id=26864]
  0x000001dac4770550 GCTaskThread "GC Thread#3" [stack: 0x000000a1b5a00000,0x000000a1b5b00000] [id=17208]
  0x000001dac4770810 GCTaskThread "GC Thread#4" [stack: 0x000000a1b5b00000,0x000000a1b5c00000] [id=27612]
  0x000001dac4770ad0 GCTaskThread "GC Thread#5" [stack: 0x000000a1b5c00000,0x000000a1b5d00000] [id=25324]
  0x000001dac4788670 GCTaskThread "GC Thread#6" [stack: 0x000000a1b5d00000,0x000000a1b5e00000] [id=2032]
  0x000001dac4788930 GCTaskThread "GC Thread#7" [stack: 0x000000a1b5e00000,0x000000a1b5f00000] [id=30368]
  0x000001dac4788bf0 GCTaskThread "GC Thread#8" [stack: 0x000000a1b5f00000,0x000000a1b6000000] [id=32828]
  0x000001dac4788eb0 GCTaskThread "GC Thread#9" [stack: 0x000000a1b6000000,0x000000a1b6100000] [id=25780]
  0x000001dac4789170 GCTaskThread "GC Thread#10" [stack: 0x000000a1b6100000,0x000000a1b6200000] [id=23832]
  0x000001dac4789430 GCTaskThread "GC Thread#11" [stack: 0x000000a1b6200000,0x000000a1b6300000] [id=31060]
  0x000001dac4b91400 GCTaskThread "GC Thread#12" [stack: 0x000000a1b5500000,0x000000a1b5600000] [id=22608]
  0x000001dad5d870e0 ConcurrentGCThread "G1 Main Marker" [stack: 0x000000a1b4300000,0x000000a1b4400000] [id=22020]
  0x000001dad5d87b00 ConcurrentGCThread "G1 Conc#0" [stack: 0x000000a1b4400000,0x000000a1b4500000] [id=7140]
  0x000001dac4b91c40 ConcurrentGCThread "G1 Conc#1" [stack: 0x000000a1b6500000,0x000000a1b6600000] [id=29904]
  0x000001dac4b91980 ConcurrentGCThread "G1 Conc#2" [stack: 0x000000a1b6600000,0x000000a1b6700000] [id=20692]
  0x000001da82209270 ConcurrentGCThread "G1 Refine#0" [stack: 0x000000a1b4500000,0x000000a1b4600000] [id=21056]
  0x000001dac99ca420 ConcurrentGCThread "G1 Refine#1" [stack: 0x000000a1b6300000,0x000000a1b6400000] [id=20320]
  0x000001da82209ca0 ConcurrentGCThread "G1 Service" [stack: 0x000000a1b4600000,0x000000a1b4700000] [id=16088]

Threads with active compile tasks:
C2 CompilerThread0     8339 6326       4       org.jetbrains.kotlin.storage.LockBasedStorageManager$LockBasedNotNullLazyValue::invoke (35 bytes)

VM state: not at safepoint (normal execution)

VM Mutex/Monitor currently owned by a thread: None

Heap address: 0x0000000603000000, size: 8144 MB, Compressed Oops mode: Zero based, Oop shift amount: 3

CDS archive(s) mapped at: [0x000001da83000000-0x000001da83bb0000-0x000001da83bb0000), size 12255232, SharedBaseAddress: 0x000001da83000000, ArchiveRelocationMode: 1.
Compressed class space mapped at: 0x000001da84000000-0x000001dac4000000, reserved size: 1073741824
Narrow klass base: 0x000001da83000000, Narrow klass shift: 0, Narrow klass range: 0x100000000

GC Precious Log:
 CPUs: 16 total, 16 available
 Memory: 32561M
 Large Page Support: Disabled
 NUMA Support: Disabled
 Compressed Oops: Enabled (Zero based)
 Heap Region Size: 4M
 Heap Min Capacity: 8M
 Heap Initial Capacity: 512M
 Heap Max Capacity: 8144M
 Pre-touch: Disabled
 Parallel Workers: 13
 Concurrent Workers: 3
 Concurrent Refinement Workers: 13
 Periodic GC: Disabled

Heap:
 garbage-first heap   total 69632K, used 43508K [0x0000000603000000, 0x0000000800000000)
  region size 4096K, 5 young (20480K), 1 survivors (4096K)
 Metaspace       used 49577K, committed 49856K, reserved 1114112K
  class space    used 5754K, committed 5888K, reserved 1048576K

Heap Regions: E=young(eden), S=young(survivor), O=old, HS=humongous(starts), HC=humongous(continues), CS=collection set, F=free, OA=open archive, CA=closed archive, TAMS=top-at-mark-start (previous, next)
|   0|0x0000000603000000, 0x0000000603400000, 0x0000000603400000|100%|HS|  |TAMS 0x0000000603400000, 0x0000000603000000| Complete 
|   1|0x0000000603400000, 0x0000000603800000, 0x0000000603800000|100%| O|  |TAMS 0x0000000603400000, 0x0000000603400000| Untracked 
|   2|0x0000000603800000, 0x0000000603c00000, 0x0000000603c00000|100%| O|  |TAMS 0x0000000603c00000, 0x0000000603800000| Untracked 
|   3|0x0000000603c00000, 0x0000000604000000, 0x0000000604000000|100%| O|  |TAMS 0x0000000604000000, 0x0000000603c00000| Untracked 
|   4|0x0000000604000000, 0x0000000604400000, 0x0000000604400000|100%| O|  |TAMS 0x0000000604400000, 0x0000000604000000| Untracked 
|   5|0x0000000604400000, 0x0000000604800000, 0x0000000604800000|100%| O|  |TAMS 0x0000000604400000, 0x0000000604400000| Untracked 
|   6|0x0000000604800000, 0x0000000604c00000, 0x0000000604c00000|100%| O|  |TAMS 0x0000000604800000, 0x0000000604800000| Untracked 
|   7|0x0000000604c00000, 0x0000000604cf6a00, 0x0000000605000000| 24%| O|  |TAMS 0x0000000604c00000, 0x0000000604c00000| Untracked 
|   8|0x0000000605000000, 0x0000000605000000, 0x0000000605400000|  0%| F|  |TAMS 0x0000000605000000, 0x0000000605000000| Untracked 
|   9|0x0000000605400000, 0x0000000605400000, 0x0000000605800000|  0%| F|  |TAMS 0x0000000605400000, 0x0000000605400000| Untracked 
|  10|0x0000000605800000, 0x0000000605800000, 0x0000000605c00000|  0%| F|  |TAMS 0x0000000605800000, 0x0000000605800000| Untracked 
|  11|0x0000000605c00000, 0x0000000605c00000, 0x0000000606000000|  0%| F|  |TAMS 0x0000000605c00000, 0x0000000605c00000| Untracked 
|  12|0x0000000606000000, 0x0000000606186930, 0x0000000606400000| 38%| S|CS|TAMS 0x0000000606000000, 0x0000000606000000| Complete 
|  13|0x0000000606400000, 0x0000000606451538, 0x0000000606800000|  7%| E|  |TAMS 0x0000000606400000, 0x0000000606400000| Complete 
| 115|0x000000061fc00000, 0x0000000620000000, 0x0000000620000000|100%| E|CS|TAMS 0x000000061fc00000, 0x000000061fc00000| Complete 
| 116|0x0000000620000000, 0x0000000620400000, 0x0000000620400000|100%| E|CS|TAMS 0x0000000620000000, 0x0000000620000000| Complete 
| 127|0x0000000622c00000, 0x0000000623000000, 0x0000000623000000|100%| E|CS|TAMS 0x0000000622c00000, 0x0000000622c00000| Complete 

Card table byte_map: [0x000001daee0a0000,0x000001daef090000] _byte_map_base: 0x000001daeb088000

Marking Bits (Prev, Next): (CMBitMap*) 0x000001dad5d76930, (CMBitMap*) 0x000001dad5d76970
 Prev Bits: [0x000001daf0080000, 0x000001daf7fc0000)
 Next Bits: [0x000001daf7fc0000, 0x000001dafff00000)

Polling page: 0x000001dad3cc0000

Metaspace:

Usage:
  Non-class:     42.80 MB used.
      Class:      5.62 MB used.
       Both:     48.42 MB used.

Virtual space:
  Non-class space:       64.00 MB reserved,      42.94 MB ( 67%) committed,  1 nodes.
      Class space:        1.00 GB reserved,       5.75 MB ( <1%) committed,  1 nodes.
             Both:        1.06 GB reserved,      48.69 MB (  4%) committed. 

Chunk freelists:
   Non-Class:  3.77 MB
       Class:  10.27 MB
        Both:  14.03 MB

MaxMetaspaceSize: unlimited
CompressedClassSpaceSize: 1.00 GB
Initial GC threshold: 21.00 MB
Current GC threshold: 59.06 MB
CDS: on
MetaspaceReclaimPolicy: balanced
 - commit_granule_bytes: 65536.
 - commit_granule_words: 8192.
 - virtual_space_node_default_size: 8388608.
 - enlarge_chunks_in_place: 1.
 - new_chunks_are_fully_committed: 0.
 - uncommit_free_chunks: 1.
 - use_allocation_guard: 0.
 - handle_deallocations: 1.


Internal statistics:

num_allocs_failed_limit: 6.
num_arena_births: 234.
num_arena_deaths: 0.
num_vsnodes_births: 2.
num_vsnodes_deaths: 0.
num_space_committed: 777.
num_space_uncommitted: 0.
num_chunks_returned_to_freelist: 6.
num_chunks_taken_from_freelist: 1950.
num_chunk_merges: 6.
num_chunk_splits: 1600.
num_chunks_enlarged: 1441.
num_inconsistent_stats: 0.

CodeHeap 'non-profiled nmethods': size=119168Kb used=2876Kb max_used=3273Kb free=116291Kb
 bounds [0x000001dae53d0000, 0x000001dae5710000, 0x000001daec830000]
CodeHeap 'profiled nmethods': size=119104Kb used=14148Kb max_used=15890Kb free=104955Kb
 bounds [0x000001dadd830000, 0x000001dade7c0000, 0x000001dae4c80000]
CodeHeap 'non-nmethods': size=7488Kb used=3054Kb max_used=3079Kb free=4434Kb
 bounds [0x000001dae4c80000, 0x000001dae4f90000, 0x000001dae53d0000]
 total_blobs=6255 nmethods=5559 adapters=604
 compilation: enabled
              stopped_count=0, restarted_count=0
 full_count=0

Compilation events (20 events):
Event: 8.326 Thread 0x000001dac467af60 nmethod 6323 0x000001dae5400310 code [0x000001dae54004a0, 0x000001dae5400578]
Event: 8.327 Thread 0x000001dacb6362b0 nmethod 6322 0x000001dae5400010 code [0x000001dae54001a0, 0x000001dae5400278]
Event: 8.327 Thread 0x000001dac467af60 6324       3       org.jetbrains.kotlin.ir.expressions.IrDeclarationReference::<init> (5 bytes)
Event: 8.327 Thread 0x000001dac467af60 nmethod 6324 0x000001dadde69310 code [0x000001dadde694c0, 0x000001dadde69758]
Event: 8.327 Thread 0x000001dac467af60 6325       3       org.jetbrains.kotlin.resolve.lazy.descriptors.LazyClassDescriptor::getKind (14 bytes)
Event: 8.328 Thread 0x000001dac467af60 nmethod 6325 0x000001dadda3b990 code [0x000001dadda3bb40, 0x000001dadda3bcc8]
Event: 8.328 Thread 0x000001da822f7a20 6326       4       org.jetbrains.kotlin.storage.LockBasedStorageManager$LockBasedNotNullLazyValue::invoke (35 bytes)
Event: 8.328 Thread 0x000001dac41af320 6327       3       org.jetbrains.kotlin.storage.LockBasedStorageManager$LockBasedLazyValueWithPostCompute::<init> (28 bytes)
Event: 8.328 Thread 0x000001dac41af320 nmethod 6327 0x000001dadd9c5310 code [0x000001dadd9c54e0, 0x000001dadd9c5768]
Event: 8.329 Thread 0x000001dac46ae260 6328       1       org.jetbrains.kotlin.psi2ir.intermediate.CallBuilder::getIrValueArgumentsByIndex (5 bytes)
Event: 8.329 Thread 0x000001dac46ae260 nmethod 6328 0x000001dae53ffd10 code [0x000001dae53ffea0, 0x000001dae53fff78]
Event: 8.329 Thread 0x000001dac46ae260 6329       3       org.jetbrains.kotlin.descriptors.impl.PropertyDescriptorImpl::getOriginal (5 bytes)
Event: 8.329 Thread 0x000001da82303930 nmethod 6314 0x000001dade644590 code [0x000001dade645580, 0x000001dade64f688]
Event: 8.329 Thread 0x000001dac46ae260 nmethod 6329 0x000001dadda4d810 code [0x000001dadda4d9e0, 0x000001dadda4dd58]
Event: 8.330 Thread 0x000001da82303930 6330       3       org.jetbrains.kotlin.resolve.calls.util.CallMaker$3::getValueArguments (18 bytes)
Event: 8.330 Thread 0x000001dac46ae260 6331       3       org.jetbrains.kotlin.psi2ir.generators.StatementGenerator::toIrType (15 bytes)
Event: 8.330 Thread 0x000001da82303930 nmethod 6330 0x000001daddc09e90 code [0x000001daddc0a040, 0x000001daddc0a298]
Event: 8.331 Thread 0x000001dac46ae260 nmethod 6331 0x000001dadde2a610 code [0x000001dadde2a8c0, 0x000001dadde2b5e8]
Event: 8.331 Thread 0x000001da82303930 6332       1       org.jetbrains.kotlin.psi2ir.intermediate.CallBuilder::getOriginal (5 bytes)
Event: 8.331 Thread 0x000001da82303930 nmethod 6332 0x000001dae53ffa10 code [0x000001dae53ffba0, 0x000001dae53ffc78]

GC Heap History (20 events):
Event: 1.398 GC heap before
{Heap before GC invocations=1 (full 0):
 garbage-first heap   total 524288K, used 31522K [0x0000000603000000, 0x0000000800000000)
  region size 4096K, 8 young (32768K), 1 survivors (4096K)
 Metaspace       used 15294K, committed 15488K, reserved 1114112K
  class space    used 2018K, committed 2112K, reserved 1048576K
}
Event: 1.401 GC heap after
{Heap after GC invocations=2 (full 0):
 garbage-first heap   total 524288K, used 8952K [0x0000000603000000, 0x0000000800000000)
  region size 4096K, 1 young (4096K), 1 survivors (4096K)
 Metaspace       used 15294K, committed 15488K, reserved 1114112K
  class space    used 2018K, committed 2112K, reserved 1048576K
}
Event: 2.003 GC heap before
{Heap before GC invocations=2 (full 0):
 garbage-first heap   total 524288K, used 45816K [0x0000000603000000, 0x0000000800000000)
  region size 4096K, 11 young (45056K), 1 survivors (4096K)
 Metaspace       used 21372K, committed 21504K, reserved 1114112K
  class space    used 2889K, committed 2944K, reserved 1048576K
}
Event: 2.006 GC heap after
{Heap after GC invocations=3 (full 0):
 garbage-first heap   total 524288K, used 13695K [0x0000000603000000, 0x0000000800000000)
  region size 4096K, 2 young (8192K), 2 survivors (8192K)
 Metaspace       used 21372K, committed 21504K, reserved 1114112K
  class space    used 2889K, committed 2944K, reserved 1048576K
}
Event: 3.051 GC heap before
{Heap before GC invocations=4 (full 0):
 garbage-first heap   total 69632K, used 46463K [0x0000000603000000, 0x0000000800000000)
  region size 4096K, 10 young (40960K), 2 survivors (8192K)
 Metaspace       used 27116K, committed 27328K, reserved 1114112K
  class space    used 3432K, committed 3520K, reserved 1048576K
}
Event: 3.056 GC heap after
{Heap after GC invocations=5 (full 0):
 garbage-first heap   total 69632K, used 16895K [0x0000000603000000, 0x0000000800000000)
  region size 4096K, 1 young (4096K), 1 survivors (4096K)
 Metaspace       used 27116K, committed 27328K, reserved 1114112K
  class space    used 3432K, committed 3520K, reserved 1048576K
}
Event: 3.141 GC heap before
{Heap before GC invocations=5 (full 0):
 garbage-first heap   total 69632K, used 20991K [0x0000000603000000, 0x0000000800000000)
  region size 4096K, 2 young (8192K), 1 survivors (4096K)
 Metaspace       used 28204K, committed 28352K, reserved 1114112K
  class space    used 3561K, committed 3648K, reserved 1048576K
}
Event: 3.147 GC heap after
{Heap after GC invocations=6 (full 0):
 garbage-first heap   total 69632K, used 17040K [0x0000000603000000, 0x0000000800000000)
  region size 4096K, 1 young (4096K), 1 survivors (4096K)
 Metaspace       used 28204K, committed 28352K, reserved 1114112K
  class space    used 3561K, committed 3648K, reserved 1048576K
}
Event: 3.839 GC heap before
{Heap before GC invocations=6 (full 0):
 garbage-first heap   total 69632K, used 45712K [0x0000000603000000, 0x0000000800000000)
  region size 4096K, 8 young (32768K), 1 survivors (4096K)
 Metaspace       used 34713K, committed 35008K, reserved 1114112K
  class space    used 4330K, committed 4480K, reserved 1048576K
}
Event: 3.845 GC heap after
{Heap after GC invocations=7 (full 0):
 garbage-first heap   total 69632K, used 20480K [0x0000000603000000, 0x0000000800000000)
  region size 4096K, 1 young (4096K), 1 survivors (4096K)
 Metaspace       used 34713K, committed 35008K, reserved 1114112K
  class space    used 4330K, committed 4480K, reserved 1048576K
}
Event: 4.142 GC heap before
{Heap before GC invocations=7 (full 0):
 garbage-first heap   total 69632K, used 24576K [0x0000000603000000, 0x0000000800000000)
  region size 4096K, 3 young (12288K), 1 survivors (4096K)
 Metaspace       used 35855K, committed 36096K, reserved 1114112K
  class space    used 4456K, committed 4608K, reserved 1048576K
}
Event: 4.148 GC heap after
{Heap after GC invocations=8 (full 0):
 garbage-first heap   total 69632K, used 21119K [0x0000000603000000, 0x0000000800000000)
  region size 4096K, 1 young (4096K), 1 survivors (4096K)
 Metaspace       used 35855K, committed 36096K, reserved 1114112K
  class space    used 4456K, committed 4608K, reserved 1048576K
}
Event: 4.628 GC heap before
{Heap before GC invocations=9 (full 0):
 garbage-first heap   total 69632K, used 45695K [0x0000000603000000, 0x0000000800000000)
  region size 4096K, 7 young (28672K), 1 survivors (4096K)
 Metaspace       used 37840K, committed 38016K, reserved 1114112K
  class space    used 4692K, committed 4800K, reserved 1048576K
}
Event: 4.632 GC heap after
{Heap after GC invocations=10 (full 0):
 garbage-first heap   total 69632K, used 22568K [0x0000000603000000, 0x0000000800000000)
  region size 4096K, 1 young (4096K), 1 survivors (4096K)
 Metaspace       used 37840K, committed 38016K, reserved 1114112K
  class space    used 4692K, committed 4800K, reserved 1048576K
}
Event: 5.404 GC heap before
{Heap before GC invocations=10 (full 0):
 garbage-first heap   total 69632K, used 47144K [0x0000000603000000, 0x0000000800000000)
  region size 4096K, 7 young (28672K), 1 survivors (4096K)
 Metaspace       used 39507K, committed 39808K, reserved 1114112K
  class space    used 4848K, committed 4992K, reserved 1048576K
}
Event: 5.409 GC heap after
{Heap after GC invocations=11 (full 0):
 garbage-first heap   total 69632K, used 24031K [0x0000000603000000, 0x0000000800000000)
  region size 4096K, 1 young (4096K), 1 survivors (4096K)
 Metaspace       used 39507K, committed 39808K, reserved 1114112K
  class space    used 4848K, committed 4992K, reserved 1048576K
}
Event: 7.373 GC heap before
{Heap before GC invocations=11 (full 0):
 garbage-first heap   total 69632K, used 52703K [0x0000000603000000, 0x0000000800000000)
  region size 4096K, 8 young (32768K), 1 survivors (4096K)
 Metaspace       used 42988K, committed 43264K, reserved 1114112K
  class space    used 5108K, committed 5248K, reserved 1048576K
}
Event: 7.386 GC heap after
{Heap after GC invocations=12 (full 0):
 garbage-first heap   total 69632K, used 29154K [0x0000000603000000, 0x0000000800000000)
  region size 4096K, 1 young (4096K), 1 survivors (4096K)
 Metaspace       used 42988K, committed 43264K, reserved 1114112K
  class space    used 5108K, committed 5248K, reserved 1048576K
}
Event: 7.979 GC heap before
{Heap before GC invocations=12 (full 0):
 garbage-first heap   total 69632K, used 45538K [0x0000000603000000, 0x0000000800000000)
  region size 4096K, 5 young (20480K), 1 survivors (4096K)
 Metaspace       used 46793K, committed 47104K, reserved 1114112K
  class space    used 5488K, committed 5632K, reserved 1048576K
}
Event: 7.988 GC heap after
{Heap after GC invocations=13 (full 0):
 garbage-first heap   total 69632K, used 31220K [0x0000000603000000, 0x0000000800000000)
  region size 4096K, 1 young (4096K), 1 survivors (4096K)
 Metaspace       used 46793K, committed 47104K, reserved 1114112K
  class space    used 5488K, committed 5632K, reserved 1048576K
}

Dll operation events (7 events):
Event: 0.007 Loaded shared library C:\Program Files\Eclipse Adoptium\jdk-17.0.16.8-hotspot\bin\java.dll
Event: 0.072 Loaded shared library C:\Program Files\Eclipse Adoptium\jdk-17.0.16.8-hotspot\bin\jsvml.dll
Event: 0.125 Loaded shared library C:\Program Files\Eclipse Adoptium\jdk-17.0.16.8-hotspot\bin\net.dll
Event: 0.127 Loaded shared library C:\Program Files\Eclipse Adoptium\jdk-17.0.16.8-hotspot\bin\nio.dll
Event: 0.147 Loaded shared library C:\Program Files\Eclipse Adoptium\jdk-17.0.16.8-hotspot\bin\zip.dll
Event: 0.170 Loaded shared library C:\Program Files\Eclipse Adoptium\jdk-17.0.16.8-hotspot\bin\jimage.dll
Event: 1.017 Loaded shared library C:\Program Files\Eclipse Adoptium\jdk-17.0.16.8-hotspot\bin\verify.dll

Deoptimization events (20 events):
Event: 7.973 Thread 0x000001dad5cc5380 Uncommon trap: trap_request=0xffffffc6 fr.pc=0x000001dae564ab38 relative=0x0000000000000818
Event: 7.973 Thread 0x000001dad5cc5380 Uncommon trap: reason=bimorphic_or_optimized_type_check action=maybe_recompile pc=0x000001dae564ab38 method=org.jetbrains.kotlin.storage.LockBasedStorageManager$LockBasedLazyValue.invoke()Ljava/lang/Object; @ 181 c2
Event: 7.973 Thread 0x000001dad5cc5380 DEOPT PACKING pc=0x000001dae564ab38 sp=0x000000a1b41fe590
Event: 7.973 Thread 0x000001dad5cc5380 DEOPT UNPACKING pc=0x000001dae4cd69a3 sp=0x000000a1b41fe4e0 mode 2
Event: 7.973 Thread 0x000001dad5cc5380 Uncommon trap: trap_request=0xffffffc6 fr.pc=0x000001dae564ab38 relative=0x0000000000000818
Event: 7.973 Thread 0x000001dad5cc5380 Uncommon trap: reason=bimorphic_or_optimized_type_check action=maybe_recompile pc=0x000001dae564ab38 method=org.jetbrains.kotlin.storage.LockBasedStorageManager$LockBasedLazyValue.invoke()Ljava/lang/Object; @ 181 c2
Event: 7.973 Thread 0x000001dad5cc5380 DEOPT PACKING pc=0x000001dae564ab38 sp=0x000000a1b41fe2a0
Event: 7.973 Thread 0x000001dad5cc5380 DEOPT UNPACKING pc=0x000001dae4cd69a3 sp=0x000000a1b41fe1f8 mode 2
Event: 8.315 Thread 0x000001dad5cc5380 Uncommon trap: trap_request=0xffffffc6 fr.pc=0x000001dae564ab38 relative=0x0000000000000818
Event: 8.315 Thread 0x000001dad5cc5380 Uncommon trap: reason=bimorphic_or_optimized_type_check action=maybe_recompile pc=0x000001dae564ab38 method=org.jetbrains.kotlin.storage.LockBasedStorageManager$LockBasedLazyValue.invoke()Ljava/lang/Object; @ 181 c2
Event: 8.315 Thread 0x000001dad5cc5380 DEOPT PACKING pc=0x000001dae564ab38 sp=0x000000a1b41fc420
Event: 8.315 Thread 0x000001dad5cc5380 DEOPT UNPACKING pc=0x000001dae4cd69a3 sp=0x000000a1b41fc370 mode 2
Event: 8.315 Thread 0x000001dad5cc5380 Uncommon trap: trap_request=0xffffffc6 fr.pc=0x000001dae564ab38 relative=0x0000000000000818
Event: 8.315 Thread 0x000001dad5cc5380 Uncommon trap: reason=bimorphic_or_optimized_type_check action=maybe_recompile pc=0x000001dae564ab38 method=org.jetbrains.kotlin.storage.LockBasedStorageManager$LockBasedLazyValue.invoke()Ljava/lang/Object; @ 181 c2
Event: 8.315 Thread 0x000001dad5cc5380 DEOPT PACKING pc=0x000001dae564ab38 sp=0x000000a1b41fc5b0
Event: 8.315 Thread 0x000001dad5cc5380 DEOPT UNPACKING pc=0x000001dae4cd69a3 sp=0x000000a1b41fc508 mode 2
Event: 8.315 Thread 0x000001dad5cc5380 Uncommon trap: trap_request=0xffffffc6 fr.pc=0x000001dae5644958 relative=0x0000000000000838
Event: 8.315 Thread 0x000001dad5cc5380 Uncommon trap: reason=bimorphic_or_optimized_type_check action=maybe_recompile pc=0x000001dae5644958 method=org.jetbrains.kotlin.storage.LockBasedStorageManager$LockBasedLazyValue.invoke()Ljava/lang/Object; @ 181 c2
Event: 8.315 Thread 0x000001dad5cc5380 DEOPT PACKING pc=0x000001dae5644958 sp=0x000000a1b41fc500
Event: 8.315 Thread 0x000001dad5cc5380 DEOPT UNPACKING pc=0x000001dae4cd69a3 sp=0x000000a1b41fc4b8 mode 2

Classes loaded (20 events):
Event: 3.658 Loading class java/util/stream/IntPipeline$1
Event: 3.658 Loading class java/util/stream/IntPipeline$1 done
Event: 3.659 Loading class java/util/stream/IntPipeline$1$1
Event: 3.659 Loading class java/util/stream/IntPipeline$1$1 done
Event: 3.920 Loading class java/util/RegularEnumSet$EnumSetIterator
Event: 3.921 Loading class java/util/RegularEnumSet$EnumSetIterator done
Event: 7.704 Loading class java/text/MessageFormat
Event: 7.704 Loading class java/text/MessageFormat done
Event: 7.710 Loading class jdk/internal/reflect/UnsafeBooleanFieldAccessorImpl
Event: 7.710 Loading class jdk/internal/reflect/UnsafeBooleanFieldAccessorImpl done
Event: 7.710 Loading class jdk/internal/reflect/UnsafeQualifiedObjectFieldAccessorImpl
Event: 7.710 Loading class jdk/internal/reflect/UnsafeQualifiedFieldAccessorImpl
Event: 7.710 Loading class jdk/internal/reflect/UnsafeQualifiedFieldAccessorImpl done
Event: 7.710 Loading class jdk/internal/reflect/UnsafeQualifiedObjectFieldAccessorImpl done
Event: 7.753 Loading class java/text/ChoiceFormat
Event: 7.753 Loading class java/text/ChoiceFormat done
Event: 7.754 Loading class jdk/internal/math/FloatingDecimal$ASCIIToBinaryBuffer
Event: 7.754 Loading class jdk/internal/math/FloatingDecimal$ASCIIToBinaryBuffer done
Event: 7.772 Loading class java/text/MessageFormat$Field
Event: 7.772 Loading class java/text/MessageFormat$Field done

Classes unloaded (0 events):
No events

Classes redefined (0 events):
No events

Internal exceptions (20 events):
Event: 3.294 Thread 0x000001dad5cc5380 Exception <a 'java/lang/NoSuchMethodError'{0x000000061fc71568}: 'java.lang.Object java.lang.invoke.DirectMethodHandle$Holder.invokeSpecial(java.lang.Object, java.lang.Object, java.lang.Object, java.lang.Object, int)'> (0x000000061fc71568) 
thrown [s\src\hotspot\share\interpreter\linkResolver.cpp, line 759]
Event: 3.294 Thread 0x000001dad5cc5380 Exception <a 'java/lang/NoSuchMethodError'{0x000000061fc753d8}: 'java.lang.Object java.lang.invoke.Invokers$Holder.linkToTargetMethod(java.lang.Object, java.lang.Object, int, java.lang.Object)'> (0x000000061fc753d8) 
thrown [s\src\hotspot\share\interpreter\linkResolver.cpp, line 759]
Event: 3.916 Thread 0x000001dad5cc5380 Exception <a 'java/lang/NoSuchMethodError'{0x0000000622cdbc10}: 'java.lang.Object java.lang.invoke.DirectMethodHandle$Holder.invokeSpecial(java.lang.Object, java.lang.Object, java.lang.Object, java.lang.Object, java.lang.Object, java.lang.Object, int)'> (0x0000000622cdbc10) 
thrown [s\src\hotspot\share\interpreter\linkResolver.cpp, line 759]
Event: 3.917 Thread 0x000001dad5cc5380 Exception <a 'java/lang/NoSuchMethodError'{0x0000000622ce5500}: 'java.lang.Object java.lang.invoke.DirectMethodHandle$Holder.newInvokeSpecial(java.lang.Object, java.lang.Object, java.lang.Object, java.lang.Object, java.lang.Object, java.lang.Object)'> (0x0000000622ce5500) 
thrown [s\src\hotspot\share\interpreter\linkResolver.cpp, line 759]
Event: 4.090 Thread 0x000001dad5cc5380 Exception <a 'java/lang/NoSuchMethodError'{0x0000000622e6d070}: 'java.lang.Object java.lang.invoke.DirectMethodHandle$Holder.newInvokeSpecial(java.lang.Object, java.lang.Object, java.lang.Object, java.lang.Object, java.lang.Object)'> (0x0000000622e6d070) 
thrown [s\src\hotspot\share\interpreter\linkResolver.cpp, line 759]
Event: 4.374 Thread 0x000001dad5cc5380 Implicit null exception at 0x000001dae54c184c to 0x000001dae54c1934
Event: 4.449 Thread 0x000001dad5cc5380 Implicit null exception at 0x000001dae54b5c3e to 0x000001dae54b67c0
Event: 4.449 Thread 0x000001dad5cc5380 Implicit null exception at 0x000001dae54032af to 0x000001dae5403329
Event: 4.945 Thread 0x000001dad5cc5380 Exception <a 'java/lang/NoSuchMethodError'{0x000000060609ff38}: 'java.lang.Object java.lang.invoke.DirectMethodHandle$Holder.invokeInterface(java.lang.Object, java.lang.Object, java.lang.Object)'> (0x000000060609ff38) 
thrown [s\src\hotspot\share\interpreter\linkResolver.cpp, line 759]
Event: 4.946 Thread 0x000001dad5cc5380 Exception <a 'java/lang/IncompatibleClassChangeError'{0x00000006060a38a8}: Found class java.lang.Object, but interface was expected> (0x00000006060a38a8) 
thrown [s\src\hotspot\share\interpreter\linkResolver.cpp, line 826]
Event: 5.153 Thread 0x000001dad5cc5380 Exception <a 'java/lang/NoSuchMethodError'{0x00000006063aa860}: 'java.lang.Object java.lang.invoke.DirectMethodHandle$Holder.newInvokeSpecial(java.lang.Object, java.lang.Object, java.lang.Object, java.lang.Object, java.lang.Object, java.lang.Object, java.lang.Object)'> (0x00000006063aa860) 
thrown [s\src\hotspot\share\interpreter\linkResolver.cpp, line 759]
Event: 5.153 Thread 0x000001dad5cc5380 Exception <a 'java/lang/NoSuchMethodError'{0x00000006063af418}: 'java.lang.Object java.lang.invoke.Invokers$Holder.linkToTargetMethod(java.lang.Object, java.lang.Object, java.lang.Object, java.lang.Object, java.lang.Object, java.lang.Object, java.lang.Object)'> (0x00000006063af418) 
thrown [s\src\hotspot\share\interpreter\linkResolver.cpp, line 759]
Event: 5.354 Thread 0x000001dad5cc5380 Exception <a 'java/lang/NoSuchMethodError'{0x0000000605fa1d18}: 'java.lang.Object java.lang.invoke.DirectMethodHandle$Holder.invokeSpecial(java.lang.Object, java.lang.Object, int, java.lang.Object, java.lang.Object)'> (0x0000000605fa1d18) 
thrown [s\src\hotspot\share\interpreter\linkResolver.cpp, line 759]
Event: 5.708 Thread 0x000001dad5cc5380 Exception <a 'java/lang/NoSuchMethodError'{0x0000000620160c08}: 'java.lang.Object java.lang.invoke.DirectMethodHandle$Holder.invokeStatic(java.lang.Object, int, java.lang.Object, java.lang.Object)'> (0x0000000620160c08) 
thrown [s\src\hotspot\share\interpreter\linkResolver.cpp, line 759]
Event: 5.709 Thread 0x000001dad5cc5380 Exception <a 'java/lang/NoSuchMethodError'{0x00000006201693b0}: 'java.lang.Object java.lang.invoke.DirectMethodHandle$Holder.newInvokeSpecial(java.lang.Object, int, java.lang.Object)'> (0x00000006201693b0) 
thrown [s\src\hotspot\share\interpreter\linkResolver.cpp, line 759]
Event: 5.710 Thread 0x000001dad5cc5380 Exception <a 'java/lang/NoSuchMethodError'{0x000000062016fd38}: 'int java.lang.invoke.DirectMethodHandle$Holder.invokeInterface(java.lang.Object, java.lang.Object)'> (0x000000062016fd38) 
thrown [s\src\hotspot\share\interpreter\linkResolver.cpp, line 759]
Event: 6.230 Thread 0x000001dad5cc5380 Exception <a 'java/lang/NoSuchMethodError'{0x0000000606038170}: 'java.lang.Object java.lang.invoke.DirectMethodHandle$Holder.invokeStatic(java.lang.Object, int, java.lang.Object)'> (0x0000000606038170) 
thrown [s\src\hotspot\share\interpreter\linkResolver.cpp, line 759]
Event: 7.022 Thread 0x000001dad5cc5380 Exception <a 'java/lang/NoSuchMethodError'{0x0000000605e7a9f0}: 'int java.lang.invoke.DirectMethodHandle$Holder.invokeStaticInit(java.lang.Object, int)'> (0x0000000605e7a9f0) 
thrown [s\src\hotspot\share\interpreter\linkResolver.cpp, line 759]
Event: 7.731 Thread 0x000001dad5cc5380 Exception <a 'java/lang/NoSuchMethodError'{0x0000000620370b68}: 'java.lang.Object java.lang.invoke.DirectMethodHandle$Holder.invokeStaticInit(java.lang.Object, java.lang.Object, java.lang.Object, java.lang.Object)'> (0x0000000620370b68) 
thrown [s\src\hotspot\share\interpreter\linkResolver.cpp, line 759]
Event: 8.286 Thread 0x000001dad5cc5380 Exception <a 'java/lang/NoSuchMethodError'{0x000000061ff785a0}: 'java.lang.Object java.lang.invoke.DirectMethodHandle$Holder.invokeSpecial(java.lang.Object, java.lang.Object, int, int, java.lang.Object, java.lang.Object, java.lang.Object, java.lang.Object, java.lang.Object)'> (0x000000061ff785a0) 
thrown [s\src\hotspot\share\interpreter\linkResolver.cpp, line 759]

VM Operations (20 events):
Event: 7.669 Executing VM operation: ICBufferFull
Event: 7.670 Executing VM operation: ICBufferFull done
Event: 7.754 Executing VM operation: HandshakeAllThreads
Event: 7.754 Executing VM operation: HandshakeAllThreads done
Event: 7.921 Executing VM operation: HandshakeAllThreads
Event: 7.921 Executing VM operation: HandshakeAllThreads done
Event: 7.921 Executing VM operation: HandshakeAllThreads
Event: 7.921 Executing VM operation: HandshakeAllThreads done
Event: 7.946 Executing VM operation: HandshakeAllThreads
Event: 7.946 Executing VM operation: HandshakeAllThreads done
Event: 7.946 Executing VM operation: HandshakeAllThreads
Event: 7.946 Executing VM operation: HandshakeAllThreads done
Event: 7.962 Executing VM operation: HandshakeAllThreads
Event: 7.962 Executing VM operation: HandshakeAllThreads done
Event: 7.979 Executing VM operation: G1CollectForAllocation
Event: 7.988 Executing VM operation: G1CollectForAllocation done
Event: 8.073 Executing VM operation: HandshakeAllThreads
Event: 8.074 Executing VM operation: HandshakeAllThreads done
Event: 8.188 Executing VM operation: HandshakeAllThreads
Event: 8.188 Executing VM operation: HandshakeAllThreads done

Memory protections (0 events):
No events

Nmethod flushes (20 events):
Event: 8.079 Thread 0x000001da8230b320 flushing  nmethod 0x000001dade0d6c10
Event: 8.079 Thread 0x000001da8230b320 flushing  nmethod 0x000001dade0d8190
Event: 8.079 Thread 0x000001da8230b320 flushing  nmethod 0x000001dade0da290
Event: 8.079 Thread 0x000001da8230b320 flushing  nmethod 0x000001dade0e5d10
Event: 8.079 Thread 0x000001da8230b320 flushing  nmethod 0x000001dade18c590
Event: 8.079 Thread 0x000001da8230b320 flushing  nmethod 0x000001dade19ac90
Event: 8.079 Thread 0x000001da8230b320 flushing  nmethod 0x000001dade19d610
Event: 8.080 Thread 0x000001da8230b320 flushing  nmethod 0x000001dade288090
Event: 8.080 Thread 0x000001da8230b320 flushing  nmethod 0x000001dade2b7d10
Event: 8.080 Thread 0x000001da8230b320 flushing  nmethod 0x000001dade35ce10
Event: 8.081 Thread 0x000001da8230b320 flushing  nmethod 0x000001dade3f3110
Event: 8.081 Thread 0x000001da8230b320 flushing  nmethod 0x000001dade424110
Event: 8.081 Thread 0x000001da8230b320 flushing  nmethod 0x000001dade428490
Event: 8.081 Thread 0x000001da8230b320 flushing  nmethod 0x000001dade446a10
Event: 8.081 Thread 0x000001da8230b320 flushing  nmethod 0x000001dade457390
Event: 8.081 Thread 0x000001da8230b320 flushing  nmethod 0x000001dade45ef90
Event: 8.083 Thread 0x000001da8230b320 flushing  nmethod 0x000001dade642410
Event: 8.083 Thread 0x000001da8230b320 flushing  nmethod 0x000001dade676f90
Event: 8.083 Thread 0x000001da8230b320 flushing  nmethod 0x000001dade680790
Event: 8.083 Thread 0x000001da8230b320 flushing  nmethod 0x000001dade6e3a10

Events (20 events):
Event: 4.041 Thread 0x000001dacabda330 Thread exited: 0x000001dacabda330
Event: 4.462 Thread 0x000001da82303930 Thread added: 0x000001dacafaa0b0
Event: 4.561 Thread 0x000001dac467af60 Thread added: 0x000001dacae37420
Event: 4.585 Thread 0x000001dac41af320 Thread added: 0x000001dacb485230
Event: 4.589 Thread 0x000001da82303930 Thread added: 0x000001dacb485750
Event: 4.589 Thread 0x000001da82303930 Thread added: 0x000001dacb485c70
Event: 4.603 Thread 0x000001dac46ae260 Thread added: 0x000001dacb9f23f0
Event: 4.605 Thread 0x000001da82303930 Thread added: 0x000001dacb9f2910
Event: 5.190 Thread 0x000001dacb9f2910 Thread exited: 0x000001dacb9f2910
Event: 5.190 Thread 0x000001dacb9f23f0 Thread exited: 0x000001dacb9f23f0
Event: 5.236 Thread 0x000001dacb485c70 Thread exited: 0x000001dacb485c70
Event: 5.236 Thread 0x000001dacb485750 Thread exited: 0x000001dacb485750
Event: 5.591 Thread 0x000001dacb485230 Thread exited: 0x000001dacb485230
Event: 5.685 Thread 0x000001da82303930 Thread added: 0x000001daccfdcc70
Event: 6.608 Thread 0x000001daccfdcc70 Thread exited: 0x000001daccfdcc70
Event: 6.608 Thread 0x000001dacae37420 Thread exited: 0x000001dacae37420
Event: 6.608 Thread 0x000001dacafaa0b0 Thread exited: 0x000001dacafaa0b0
Event: 6.961 Thread 0x000001dac41af320 Thread added: 0x000001dacb6362b0
Event: 7.766 Thread 0x000001dac46ae260 Thread added: 0x000001daccfb49d0
Event: 8.269 Thread 0x000001daccfb49d0 Thread exited: 0x000001daccfb49d0


Dynamic libraries:
0x00007ff737410000 - 0x00007ff73741e000 	C:\Program Files\Eclipse Adoptium\jdk-17.0.16.8-hotspot\bin\java.exe
0x00007ffe40d90000 - 0x00007ffe40f88000 	C:\Windows\SYSTEM32\ntdll.dll
0x00007ffe3edf0000 - 0x00007ffe3eead000 	C:\Windows\System32\KERNEL32.DLL
0x00007ffe3ea10000 - 0x00007ffe3ed06000 	C:\Windows\System32\KERNELBASE.dll
0x00007ffe3e470000 - 0x00007ffe3e570000 	C:\Windows\System32\ucrtbase.dll
0x00007ffe227e0000 - 0x00007ffe227fe000 	C:\Program Files\Eclipse Adoptium\jdk-17.0.16.8-hotspot\bin\VCRUNTIME140.dll
0x00007ffe370c0000 - 0x00007ffe370d7000 	C:\Program Files\Eclipse Adoptium\jdk-17.0.16.8-hotspot\bin\jli.dll
0x00007ffe3f250000 - 0x00007ffe3f3ee000 	C:\Windows\System32\USER32.dll
0x00007ffe3e770000 - 0x00007ffe3e792000 	C:\Windows\System32\win32u.dll
0x00007ffe2a0c0000 - 0x00007ffe2a35a000 	C:\Windows\WinSxS\amd64_microsoft.windows.common-controls_6595b64144ccf1df_6.0.19041.3636_none_60b6a03d71f818d5\COMCTL32.dll
0x00007ffe3f180000 - 0x00007ffe3f1ac000 	C:\Windows\System32\GDI32.dll
0x00007ffe3f1b0000 - 0x00007ffe3f24e000 	C:\Windows\System32\msvcrt.dll
0x00007ffe3e5c0000 - 0x00007ffe3e6da000 	C:\Windows\System32\gdi32full.dll
0x00007ffe3e7a0000 - 0x00007ffe3e83d000 	C:\Windows\System32\msvcp_win.dll
0x00007ffe40d20000 - 0x00007ffe40d50000 	C:\Windows\System32\IMM32.DLL
0x00007ffe39e60000 - 0x00007ffe39e6c000 	C:\Program Files\Eclipse Adoptium\jdk-17.0.16.8-hotspot\bin\vcruntime140_1.dll
0x00007ffe11890000 - 0x00007ffe1191d000 	C:\Program Files\Eclipse Adoptium\jdk-17.0.16.8-hotspot\bin\msvcp140.dll
0x00007ffddb0d0000 - 0x00007ffddbd3b000 	C:\Program Files\Eclipse Adoptium\jdk-17.0.16.8-hotspot\bin\server\jvm.dll
0x00007ffe409b0000 - 0x00007ffe40a5f000 	C:\Windows\System32\ADVAPI32.dll
0x00007ffe405f0000 - 0x00007ffe4068c000 	C:\Windows\System32\sechost.dll
0x00007ffe3eeb0000 - 0x00007ffe3efd6000 	C:\Windows\System32\RPCRT4.dll
0x00007ffe40690000 - 0x00007ffe406fb000 	C:\Windows\System32\WS2_32.dll
0x00007ffe3da20000 - 0x00007ffe3da6b000 	C:\Windows\SYSTEM32\POWRPROF.dll
0x00007ffe2c1b0000 - 0x00007ffe2c1d7000 	C:\Windows\SYSTEM32\WINMM.dll
0x00007ffe38c50000 - 0x00007ffe38c5a000 	C:\Windows\SYSTEM32\VERSION.dll
0x00007ffe3d890000 - 0x00007ffe3d8a2000 	C:\Windows\SYSTEM32\UMPDC.dll
0x00007ffe3c350000 - 0x00007ffe3c362000 	C:\Windows\SYSTEM32\kernel.appcore.dll
0x00007ffe27cb0000 - 0x00007ffe27cba000 	C:\Program Files\Eclipse Adoptium\jdk-17.0.16.8-hotspot\bin\jimage.dll
0x00007ffe2a550000 - 0x00007ffe2a734000 	C:\Windows\SYSTEM32\DBGHELP.DLL
0x00007ffe28050000 - 0x00007ffe28084000 	C:\Windows\SYSTEM32\dbgcore.DLL
0x00007ffe3e6e0000 - 0x00007ffe3e762000 	C:\Windows\System32\bcryptPrimitives.dll
0x00007ffe144a0000 - 0x00007ffe144c5000 	C:\Program Files\Eclipse Adoptium\jdk-17.0.16.8-hotspot\bin\java.dll
0x00007ffe114e0000 - 0x00007ffe115b7000 	C:\Program Files\Eclipse Adoptium\jdk-17.0.16.8-hotspot\bin\jsvml.dll
0x00007ffe3fea0000 - 0x00007ffe405e5000 	C:\Windows\System32\SHELL32.dll
0x00007ffe3c550000 - 0x00007ffe3cceb000 	C:\Windows\SYSTEM32\windows.storage.dll
0x00007ffe3f8f0000 - 0x00007ffe3fc44000 	C:\Windows\System32\combase.dll
0x00007ffe3deb0000 - 0x00007ffe3dedd000 	C:\Windows\SYSTEM32\Wldp.dll
0x00007ffe40a60000 - 0x00007ffe40b0d000 	C:\Windows\System32\SHCORE.dll
0x00007ffe40950000 - 0x00007ffe409a5000 	C:\Windows\System32\shlwapi.dll
0x00007ffe3e3a0000 - 0x00007ffe3e3c5000 	C:\Windows\SYSTEM32\profapi.dll
0x00007ffe1bb10000 - 0x00007ffe1bb29000 	C:\Program Files\Eclipse Adoptium\jdk-17.0.16.8-hotspot\bin\net.dll
0x00007ffe382c0000 - 0x00007ffe383ca000 	C:\Windows\SYSTEM32\WINHTTP.dll
0x00007ffe3dc10000 - 0x00007ffe3dc7a000 	C:\Windows\system32\mswsock.dll
0x00007ffe18430000 - 0x00007ffe18446000 	C:\Program Files\Eclipse Adoptium\jdk-17.0.16.8-hotspot\bin\nio.dll
0x00007ffe14390000 - 0x00007ffe143a8000 	C:\Program Files\Eclipse Adoptium\jdk-17.0.16.8-hotspot\bin\zip.dll
0x00007ffe24c80000 - 0x00007ffe24c90000 	C:\Program Files\Eclipse Adoptium\jdk-17.0.16.8-hotspot\bin\verify.dll

dbghelp: loaded successfully - version: 4.0.5 - missing functions: none
symbol engine: initialized successfully - sym options: 0x614 - pdb path: .;C:\Program Files\Eclipse Adoptium\jdk-17.0.16.8-hotspot\bin;C:\Windows\SYSTEM32;C:\Windows\WinSxS\amd64_microsoft.windows.common-controls_6595b64144ccf1df_6.0.19041.3636_none_60b6a03d71f818d5;C:\Program Files\Eclipse Adoptium\jdk-17.0.16.8-hotspot\bin\server

VM Arguments:
java_command: org.jetbrains.kotlin.cli.jvm.K2JVMCompiler @E:\AI\cursor\ChatApp\app\whoxa-flutter-app\build\fluttertoast\20250921_13111154213166600995.compiler.options
java_class_path (initial): C:\Users\Administrator\.gradle\caches\modules-2\files-2.1\org.jetbrains.kotlin\kotlin-compiler-embeddable\1.9.25\6e698f23ca1f74d6672827f61e92c2fe015d1b88\kotlin-compiler-embeddable-1.9.25.jar;C:\Users\Administrator\.gradle\caches\modules-2\files-2.1\org.jetbrains.kotlin\kotlin-stdlib\1.9.25\f700a2f2b8f0d6d0fde48f56d894dc722fb029d7\kotlin-stdlib-1.9.25.jar;C:\Users\Administrator\.gradle\caches\modules-2\files-2.1\org.jetbrains.kotlin\kotlin-script-runtime\1.9.25\43cdc99e4582c67c2b60f609d0e4c015d33a8e89\kotlin-script-runtime-1.9.25.jar;C:\Users\Administrator\.gradle\caches\modules-2\files-2.1\org.jetbrains.kotlin\kotlin-reflect\1.6.10\1cbe9c92c12a94eea200d23c2bbaedaf3daf5132\kotlin-reflect-1.6.10.jar;C:\Users\Administrator\.gradle\caches\modules-2\files-2.1\org.jetbrains.kotlin\kotlin-daemon-embeddable\1.9.25\3a1ebb4f98ed480e4774f45e3be215626eb3ae02\kotlin-daemon-embeddable-1.9.25.jar;C:\Users\Administrator\.gradle\caches\modules-2\files-2.1\org.jetbrains.intellij.deps\trove4j\1.0.20200330\3afb14d5f9ceb459d724e907a21145e8ff394f02\trove4j-1.0.20200330.jar;C:\Users\Administrator\.gradle\caches\modules-2\files-2.1\org.jetbrains\annotations\13.0\919f0dfe192fb4e063e7dacadee7f8bb9a2672a9\annotations-13.0.jar
Launcher Type: SUN_STANDARD

[Global flags]
     intx CICompilerCount                          = 12                                        {product} {ergonomic}
     uint ConcGCThreads                            = 3                                         {product} {ergonomic}
     uint G1ConcRefinementThreads                  = 13                                        {product} {ergonomic}
   size_t G1HeapRegionSize                         = 4194304                                   {product} {ergonomic}
    uintx GCDrainStackTargetSize                   = 64                                        {product} {ergonomic}
   size_t InitialHeapSize                          = 536870912                                 {product} {ergonomic}
   size_t MarkStackSize                            = 4194304                                   {product} {ergonomic}
   size_t MaxHeapSize                              = 8539602944                                {product} {ergonomic}
   size_t MaxNewSize                               = 5121245184                                {product} {ergonomic}
   size_t MinHeapDeltaBytes                        = 4194304                                   {product} {ergonomic}
   size_t MinHeapSize                              = 8388608                                   {product} {ergonomic}
    uintx NonNMethodCodeHeapSize                   = 7602480                                {pd product} {ergonomic}
    uintx NonProfiledCodeHeapSize                  = 122027880                              {pd product} {ergonomic}
    uintx ProfiledCodeHeapSize                     = 122027880                              {pd product} {ergonomic}
    uintx ReservedCodeCacheSize                    = 251658240                              {pd product} {ergonomic}
     bool SegmentedCodeCache                       = true                                      {product} {ergonomic}
   size_t SoftMaxHeapSize                          = 8539602944                             {manageable} {ergonomic}
     bool UseCompressedClassPointers               = true                           {product lp64_product} {ergonomic}
     bool UseCompressedOops                        = true                           {product lp64_product} {ergonomic}
     bool UseG1GC                                  = true                                      {product} {ergonomic}
     bool UseLargePagesIndividualAllocation        = false                                  {pd product} {ergonomic}

Logging:
Log output configuration:
 #0: stdout all=warning uptime,level,tags
 #1: stderr all=off uptime,level,tags

Environment Variables:
JAVA_HOME=C:\Program Files\Eclipse Adoptium\jdk-17.0.16.8-hotspot
CLASSPATH=E:\AI\cursor\ChatApp\app\whoxa-flutter-app\android\\gradle\wrapper\gradle-wrapper.jar
PATH=C:\Program Files\Eclipse Adoptium\jdk-17.0.16.8-hotspot\bin;D:\Flutter4\flutter\bin;C:\Program Files\Eclipse Adoptium\jdk-17.0.16.8-hotspot\bin;C:\Program Files\Eclipse Adoptium\jdk-17.0.16.8-hotspot\bin;C:\Windows\system32;C:\Windows;C:\Windows\System32\Wbem;C:\Windows\System32\WindowsPowerShell\v1.0\;C:\Windows\System32\OpenSSH\;C:\Users\Administrator\AppData\Local\Microsoft\WindowsApps;C:\Users\Administrator\Desktop\useself\ai\cursor\cursor\resources\app\bin;D:\Flutter\install\flutter\bin;;D:\Flutter4\flutter\bin\mingit\cmd
USERNAME=Administrator
OS=Windows_NT
PROCESSOR_IDENTIFIER=Intel64 Family 6 Model 183 Stepping 1, GenuineIntel
TMP=C:\Users\ADMINI~1\AppData\Local\Temp
TEMP=C:\Users\ADMINI~1\AppData\Local\Temp



Periodic native trim disabled


---------------  S Y S T E M  ---------------

OS:
 Windows 10 , 64 bit Build 19041 (10.0.19041.3636)
OS uptime: 1 days 17:23 hours

CPU: total 16 (initial active 16) (8 cores per cpu, 2 threads per core) family 6 model 183 stepping 1 microcode 0x12c, cx8, cmov, fxsr, ht, mmx, 3dnowpref, sse, sse2, sse3, ssse3, sse4.1, sse4.2, popcnt, lzcnt, tsc, tscinvbit, avx, avx2, aes, erms, clmul, bmi1, bmi2, adx, sha, fma, vzeroupper, clflush, clflushopt, clwb
Processor Information for all 16 processors :
  Max Mhz: 2500, Current Mhz: 2500, Mhz Limit: 2500

Memory: 4k page, system-wide physical 32561M (5215M free)
TotalPageFile size 51761M (AvailPageFile size 5M)
current process WorkingSet (physical memory assigned to process): 240M, peak: 247M
current process commit charge ("private bytes"): 292M, peak: 682M

vm_info: OpenJDK 64-Bit Server VM (17.0.16+8) for windows-amd64 JRE (17.0.16+8), built on Jul 16 2025 10:37:56 by "admin" with MS VC++ 17.7 (VS2022)

END.
