#
# There is insufficient memory for the Java Runtime Environment to continue.
# Native memory allocation (mmap) failed to map 65536 bytes. Error detail: Failed to commit metaspace.
# Possible reasons:
#   The system is out of physical RAM or swap space
#   This process is running with CompressedOops enabled, and the Java Heap may be blocking the growth of the native heap
# Possible solutions:
#   Reduce memory load on the system
#   Increase physical memory or swap space
#   Check if swap backing store is full
#   Decrease Java heap size (-Xmx/-Xms)
#   Decrease number of Java threads
#   Decrease Java thread stack sizes (-Xss)
#   Set larger code cache with -XX:ReservedCodeCacheSize=
#   JVM is running with Zero Based Compressed Oops mode in which the Java heap is
#     placed in the first 32GB address space. The Java Heap base address is the
#     maximum limit for the native heap growth. Please use -XX:HeapBaseMinAddress
#     to set the Java Heap base and to place the Java Heap above 32GB virtual address.
# This output file may be truncated or incomplete.
#
#  Out of Memory Error (virtualSpaceNode.cpp:110), pid=29616, tid=20892
#
# JRE version: OpenJDK Runtime Environment Temurin-17.0.16+8 (17.0.16+8) (build 17.0.16+8)
# Java VM: OpenJDK 64-Bit Server VM Temurin-17.0.16+8 (17.0.16+8, mixed mode, sharing, tiered, compressed oops, compressed class ptrs, g1 gc, windows-amd64)
# No core dump will be written. Minidumps are not enabled by default on client versions of Windows
#

---------------  S U M M A R Y ------------

Command Line: org.jetbrains.kotlin.cli.jvm.K2JVMCompiler @E:\AI\cursor\ChatApp\app\whoxa-flutter-app\build\pdf_render\20250921_13902798442586375355.compiler.options

Host: 13th Gen Intel(R) Core(TM) i5-13400F, 16 cores, 31G,  Windows 10 , 64 bit Build 19041 (10.0.19041.3636)
Time: Sun Sep 21 08:34:01 2025  Windows 10 , 64 bit Build 19041 (10.0.19041.3636) elapsed time: 2.527450 seconds (0d 0h 0m 2s)

---------------  T H R E A D  ---------------

Current thread (0x00000238aa9b5260):  JavaThread "main" [_thread_in_vm, id=20892, stack(0x00000084fe200000,0x00000084fe300000)]

Stack: [0x00000084fe200000,0x00000084fe300000]
Native frames: (J=compiled Java code, j=interpreted, Vv=VM code, C=native code)
V  [jvm.dll+0x683169]
V  [jvm.dll+0x839ac8]
V  [jvm.dll+0x83b573]
V  [jvm.dll+0x83bbe3]
V  [jvm.dll+0x2473ff]
V  [jvm.dll+0x83589d]
V  [jvm.dll+0x627dae]
V  [jvm.dll+0x1bf274]
V  [jvm.dll+0x62a71f]
V  [jvm.dll+0x628776]
V  [jvm.dll+0x23c600]
V  [jvm.dll+0x1e98b7]
V  [jvm.dll+0x1df481]
V  [jvm.dll+0x54689b]
V  [jvm.dll+0x7b3818]
V  [jvm.dll+0x7b3904]
V  [jvm.dll+0x412e83]
V  [jvm.dll+0x4199a9]
C  [java.dll+0x17ec]

Java frames: (J=compiled Java code, j=interpreted, Vv=VM code)
J 279  java.lang.ClassLoader.defineClass1(Ljava/lang/ClassLoader;Ljava/lang/String;[BIILjava/security/ProtectionDomain;Ljava/lang/String;)Ljava/lang/Class; java.base@17.0.16 (0 bytes) @ 0x00000238ba0d6f03 [0x00000238ba0d6e40+0x00000000000000c3]
J 636 c1 java.lang.ClassLoader.defineClass(Ljava/lang/String;[BIILjava/security/ProtectionDomain;)Ljava/lang/Class; java.base@17.0.16 (43 bytes) @ 0x00000238b2634c54 [0x00000238b2634900+0x0000000000000354]
J 679 c1 java.security.SecureClassLoader.defineClass(Ljava/lang/String;[BIILjava/security/CodeSource;)Ljava/lang/Class; java.base@17.0.16 (16 bytes) @ 0x00000238b264b60c [0x00000238b264b540+0x00000000000000cc]
J 1244 c1 jdk.internal.loader.BuiltinClassLoader.defineClass(Ljava/lang/String;Ljdk/internal/loader/Resource;)Ljava/lang/Class; java.base@17.0.16 (121 bytes) @ 0x00000238b271b1f4 [0x00000238b2719ec0+0x0000000000001334]
J 496 c1 jdk.internal.loader.BuiltinClassLoader.findClassOnClassPathOrNull(Ljava/lang/String;)Ljava/lang/Class; java.base@17.0.16 (64 bytes) @ 0x00000238b25de484 [0x00000238b25dd400+0x0000000000001084]
J 238 c1 jdk.internal.loader.BuiltinClassLoader.loadClassOrNull(Ljava/lang/String;Z)Ljava/lang/Class; java.base@17.0.16 (143 bytes) @ 0x00000238b2567904 [0x00000238b2566a40+0x0000000000000ec4]
J 351 c1 jdk.internal.loader.ClassLoaders$AppClassLoader.loadClass(Ljava/lang/String;Z)Ljava/lang/Class; java.base@17.0.16 (40 bytes) @ 0x00000238b259bfec [0x00000238b259b9e0+0x000000000000060c]
J 350 c1 java.lang.ClassLoader.loadClass(Ljava/lang/String;)Ljava/lang/Class; java.base@17.0.16 (7 bytes) @ 0x00000238b259aacc [0x00000238b259a9c0+0x000000000000010c]
v  ~StubRoutines::call_stub
j  org.jetbrains.kotlin.descriptors.impl.FunctionDescriptorImpl.<init>(Lorg/jetbrains/kotlin/descriptors/DeclarationDescriptor;Lorg/jetbrains/kotlin/descriptors/FunctionDescriptor;Lorg/jetbrains/kotlin/descriptors/annotations/Annotations;Lorg/jetbrains/kotlin/name/Name;Lorg/jetbrains/kotlin/descriptors/CallableMemberDescriptor$Kind;Lorg/jetbrains/kotlin/descriptors/SourceElement;)V+54
j  org.jetbrains.kotlin.descriptors.impl.ClassConstructorDescriptorImpl.<init>(Lorg/jetbrains/kotlin/descriptors/ClassDescriptor;Lorg/jetbrains/kotlin/descriptors/ConstructorDescriptor;Lorg/jetbrains/kotlin/descriptors/annotations/Annotations;ZLorg/jetbrains/kotlin/descriptors/CallableMemberDescriptor$Kind;Lorg/jetbrains/kotlin/descriptors/SourceElement;)V+45
j  org.jetbrains.kotlin.descriptors.impl.ClassConstructorDescriptorImpl.create(Lorg/jetbrains/kotlin/descriptors/ClassDescriptor;Lorg/jetbrains/kotlin/descriptors/annotations/Annotations;ZLorg/jetbrains/kotlin/descriptors/SourceElement;)Lorg/jetbrains/kotlin/descriptors/impl/ClassConstructorDescriptorImpl;+37
j  org.jetbrains.kotlin.types.error.ErrorClassDescriptor.<init>(Lorg/jetbrains/kotlin/name/Name;)V+54
j  org.jetbrains.kotlin.types.error.ErrorUtils.<clinit>()V+70
v  ~StubRoutines::call_stub
j  org.jetbrains.kotlin.types.TypeUtils.<clinit>()V+23
v  ~StubRoutines::call_stub
j  org.jetbrains.kotlin.descriptors.impl.AbstractClassDescriptor$1.invoke()Lorg/jetbrains/kotlin/types/SimpleType;+19
j  org.jetbrains.kotlin.descriptors.impl.AbstractClassDescriptor$1.invoke()Ljava/lang/Object;+1
j  org.jetbrains.kotlin.storage.LockBasedStorageManager$LockBasedLazyValue.invoke()Ljava/lang/Object;+156
j  org.jetbrains.kotlin.storage.LockBasedStorageManager$LockBasedNotNullLazyValue.invoke()Ljava/lang/Object;+1
j  org.jetbrains.kotlin.descriptors.impl.AbstractClassDescriptor.getDefaultType()Lorg/jetbrains/kotlin/types/SimpleType;+4
j  org.jetbrains.kotlin.builtins.jvm.JvmBuiltInsCustomizer.createMockJavaIoSerializableType(Lorg/jetbrains/kotlin/storage/StorageManager;)Lorg/jetbrains/kotlin/types/KotlinType;+102
j  org.jetbrains.kotlin.builtins.jvm.JvmBuiltInsCustomizer.<init>(Lorg/jetbrains/kotlin/descriptors/ModuleDescriptor;Lorg/jetbrains/kotlin/storage/StorageManager;Lkotlin/jvm/functions/Function0;)V+48
j  org.jetbrains.kotlin.builtins.jvm.JvmBuiltIns$customizer$2.invoke()Lorg/jetbrains/kotlin/builtins/jvm/JvmBuiltInsCustomizer;+38
j  org.jetbrains.kotlin.builtins.jvm.JvmBuiltIns$customizer$2.invoke()Ljava/lang/Object;+1
j  org.jetbrains.kotlin.storage.LockBasedStorageManager$LockBasedLazyValue.invoke()Ljava/lang/Object;+156
j  org.jetbrains.kotlin.storage.LockBasedStorageManager$LockBasedNotNullLazyValue.invoke()Ljava/lang/Object;+1
j  org.jetbrains.kotlin.storage.StorageKt.getValue(Lorg/jetbrains/kotlin/storage/NotNullLazyValue;Ljava/lang/Object;Lkotlin/reflect/KProperty;)Ljava/lang/Object;+13
j  org.jetbrains.kotlin.builtins.jvm.JvmBuiltIns.getCustomizer()Lorg/jetbrains/kotlin/builtins/jvm/JvmBuiltInsCustomizer;+10
j  org.jetbrains.kotlin.builtins.jvm.JvmBuiltIns.getPlatformDependentDeclarationFilter()Lorg/jetbrains/kotlin/descriptors/deserialization/PlatformDependentDeclarationFilter;+1
j  org.jetbrains.kotlin.builtins.KotlinBuiltIns.createBuiltInsModule(Z)V+43
j  org.jetbrains.kotlin.builtins.jvm.JvmBuiltIns.<init>(Lorg/jetbrains/kotlin/storage/StorageManager;Lorg/jetbrains/kotlin/builtins/jvm/JvmBuiltIns$Kind;)V+97
j  org.jetbrains.kotlin.cli.jvm.compiler.TopDownAnalyzerFacadeForJVM.createContainer(Lorg/jetbrains/kotlin/com/intellij/openapi/project/Project;Ljava/util/Collection;Lorg/jetbrains/kotlin/resolve/BindingTrace;Lorg/jetbrains/kotlin/config/CompilerConfiguration;Lkotlin/jvm/functions/Function1;Lkotlin/jvm/functions/Function2;Lorg/jetbrains/kotlin/resolve/TargetEnvironment;Lorg/jetbrains/kotlin/com/intellij/psi/search/GlobalSearchScope;Ljava/util/List;Lorg/jetbrains/kotlin/resolve/calls/tower/ImplicitsExtensionsResolutionFilter;Ljava/util/List;Ljava/util/List;Ljava/util/Map;)Lorg/jetbrains/kotlin/container/ComponentProvider;+440
j  org.jetbrains.kotlin.cli.jvm.compiler.TopDownAnalyzerFacadeForJVM.createContainer$default(Lorg/jetbrains/kotlin/cli/jvm/compiler/TopDownAnalyzerFacadeForJVM;Lorg/jetbrains/kotlin/com/intellij/openapi/project/Project;Ljava/util/Collection;Lorg/jetbrains/kotlin/resolve/BindingTrace;Lorg/jetbrains/kotlin/config/CompilerConfiguration;Lkotlin/jvm/functions/Function1;Lkotlin/jvm/functions/Function2;Lorg/jetbrains/kotlin/resolve/TargetEnvironment;Lorg/jetbrains/kotlin/com/intellij/psi/search/GlobalSearchScope;Ljava/util/List;Lorg/jetbrains/kotlin/resolve/calls/tower/ImplicitsExtensionsResolutionFilter;Ljava/util/List;Ljava/util/List;Ljava/util/Map;ILjava/lang/Object;)Lorg/jetbrains/kotlin/container/ComponentProvider;+125
j  org.jetbrains.kotlin.cli.jvm.compiler.TopDownAnalyzerFacadeForJVM.analyzeFilesWithJavaIntegration(Lorg/jetbrains/kotlin/com/intellij/openapi/project/Project;Ljava/util/Collection;Lorg/jetbrains/kotlin/resolve/BindingTrace;Lorg/jetbrains/kotlin/config/CompilerConfiguration;Lkotlin/jvm/functions/Function1;Lkotlin/jvm/functions/Function2;Lorg/jetbrains/kotlin/com/intellij/psi/search/GlobalSearchScope;Ljava/util/List;Ljava/util/List;Ljava/util/List;Lorg/jetbrains/kotlin/resolve/TargetEnvironment;)Lorg/jetbrains/kotlin/analyzer/AnalysisResult;+100
j  org.jetbrains.kotlin.cli.jvm.compiler.TopDownAnalyzerFacadeForJVM.analyzeFilesWithJavaIntegration$default(Lorg/jetbrains/kotlin/com/intellij/openapi/project/Project;Ljava/util/Collection;Lorg/jetbrains/kotlin/resolve/BindingTrace;Lorg/jetbrains/kotlin/config/CompilerConfiguration;Lkotlin/jvm/functions/Function1;Lkotlin/jvm/functions/Function2;Lorg/jetbrains/kotlin/com/intellij/psi/search/GlobalSearchScope;Ljava/util/List;Ljava/util/List;Ljava/util/List;Lorg/jetbrains/kotlin/resolve/TargetEnvironment;ILjava/lang/Object;)Lorg/jetbrains/kotlin/analyzer/AnalysisResult;+111
j  org.jetbrains.kotlin.cli.jvm.compiler.KotlinToJVMBytecodeCompiler$analyze$1.invoke()Lorg/jetbrains/kotlin/analyzer/AnalysisResult;+273
j  org.jetbrains.kotlin.cli.jvm.compiler.KotlinToJVMBytecodeCompiler$analyze$1.invoke()Ljava/lang/Object;+1
j  org.jetbrains.kotlin.cli.common.messages.AnalyzerWithCompilerReport.analyzeAndReport(Ljava/util/Collection;Lkotlin/jvm/functions/Function0;)V+16
j  org.jetbrains.kotlin.cli.jvm.compiler.KotlinToJVMBytecodeCompiler.analyze(Lorg/jetbrains/kotlin/cli/jvm/compiler/KotlinCoreEnvironment;)Lorg/jetbrains/kotlin/analyzer/AnalysisResult;+160
j  org.jetbrains.kotlin.cli.jvm.compiler.KotlinToJVMBytecodeCompiler.compileModules$cli(Lorg/jetbrains/kotlin/cli/jvm/compiler/KotlinCoreEnvironment;Ljava/io/File;Ljava/util/List;Z)Z+406
j  org.jetbrains.kotlin.cli.jvm.compiler.KotlinToJVMBytecodeCompiler.compileModules$cli$default(Lorg/jetbrains/kotlin/cli/jvm/compiler/KotlinToJVMBytecodeCompiler;Lorg/jetbrains/kotlin/cli/jvm/compiler/KotlinCoreEnvironment;Ljava/io/File;Ljava/util/List;ZILjava/lang/Object;)Z+17
j  org.jetbrains.kotlin.cli.jvm.K2JVMCompiler.doExecute(Lorg/jetbrains/kotlin/cli/common/arguments/K2JVMCompilerArguments;Lorg/jetbrains/kotlin/config/CompilerConfiguration;Lorg/jetbrains/kotlin/com/intellij/openapi/Disposable;Lorg/jetbrains/kotlin/utils/KotlinPaths;)Lorg/jetbrains/kotlin/cli/common/ExitCode;+1046
j  org.jetbrains.kotlin.cli.jvm.K2JVMCompiler.doExecute(Lorg/jetbrains/kotlin/cli/common/arguments/CommonCompilerArguments;Lorg/jetbrains/kotlin/config/CompilerConfiguration;Lorg/jetbrains/kotlin/com/intellij/openapi/Disposable;Lorg/jetbrains/kotlin/utils/KotlinPaths;)Lorg/jetbrains/kotlin/cli/common/ExitCode;+9
j  org.jetbrains.kotlin.cli.common.CLICompiler.execImpl(Lorg/jetbrains/kotlin/cli/common/messages/MessageCollector;Lorg/jetbrains/kotlin/config/Services;Lorg/jetbrains/kotlin/cli/common/arguments/CommonCompilerArguments;)Lorg/jetbrains/kotlin/cli/common/ExitCode;+220
j  org.jetbrains.kotlin.cli.common.CLICompiler.execImpl(Lorg/jetbrains/kotlin/cli/common/messages/MessageCollector;Lorg/jetbrains/kotlin/config/Services;Lorg/jetbrains/kotlin/cli/common/arguments/CommonToolArguments;)Lorg/jetbrains/kotlin/cli/common/ExitCode;+7
j  org.jetbrains.kotlin.cli.common.CLITool.exec(Lorg/jetbrains/kotlin/cli/common/messages/MessageCollector;Lorg/jetbrains/kotlin/config/Services;Lorg/jetbrains/kotlin/cli/common/arguments/CommonToolArguments;)Lorg/jetbrains/kotlin/cli/common/ExitCode;+76
j  org.jetbrains.kotlin.cli.common.CLITool.exec(Ljava/io/PrintStream;Lorg/jetbrains/kotlin/config/Services;Lorg/jetbrains/kotlin/cli/common/messages/MessageRenderer;[Ljava/lang/String;)Lorg/jetbrains/kotlin/cli/common/ExitCode;+239
j  org.jetbrains.kotlin.cli.common.CLITool.exec(Ljava/io/PrintStream;Lorg/jetbrains/kotlin/cli/common/messages/MessageRenderer;[Ljava/lang/String;)Lorg/jetbrains/kotlin/cli/common/ExitCode;+25
j  org.jetbrains.kotlin.cli.common.CLITool$Companion.doMainNoExit(Lorg/jetbrains/kotlin/cli/common/CLITool;[Ljava/lang/String;Lorg/jetbrains/kotlin/cli/common/messages/MessageRenderer;)Lorg/jetbrains/kotlin/cli/common/ExitCode;+39
j  org.jetbrains.kotlin.cli.common.CLITool$Companion.doMainNoExit$default(Lorg/jetbrains/kotlin/cli/common/CLITool$Companion;Lorg/jetbrains/kotlin/cli/common/CLITool;[Ljava/lang/String;Lorg/jetbrains/kotlin/cli/common/messages/MessageRenderer;ILjava/lang/Object;)Lorg/jetbrains/kotlin/cli/common/ExitCode;+16
j  org.jetbrains.kotlin.cli.common.CLITool$Companion.doMain(Lorg/jetbrains/kotlin/cli/common/CLITool;[Ljava/lang/String;)V+54
j  org.jetbrains.kotlin.cli.jvm.K2JVMCompiler$Companion.main([Ljava/lang/String;)V+20
j  org.jetbrains.kotlin.cli.jvm.K2JVMCompiler.main([Ljava/lang/String;)V+4
v  ~StubRoutines::call_stub

Compiled method (n/a)    2535  279     n 0       java.lang.ClassLoader::defineClass1 (native)
 total in heap  [0x00000238ba0d6c90,0x00000238ba0d7190] = 1280
 relocation     [0x00000238ba0d6df0,0x00000238ba0d6e28] = 56
 main code      [0x00000238ba0d6e40,0x00000238ba0d7190] = 848

[Constant Pool (empty)]

[MachCode]
[Entry Point]
  # {method} {0x00000238d8010f28} 'defineClass1' '(Ljava/lang/ClassLoader;Ljava/lang/String;[BIILjava/security/ProtectionDomain;Ljava/lang/String;)Ljava/lang/Class;' in 'java/lang/ClassLoader'
  # parm0:    rdx:rdx   = 'java/lang/ClassLoader'
  # parm1:    r8:r8     = 'java/lang/String'
  # parm2:    r9:r9     = '[B'
  # parm3:    rdi       = int
  # parm4:    rsi       = int
  # parm5:    rcx:rcx   = 'java/security/ProtectionDomain'
  # parm6:    [sp+0xa0]   = 'java/lang/String'  (sp of caller)
  0x00000238ba0d6e40: 448b 5208 | 49bb 0000 | 00d8 3802 | 0000 4d03 | d349 3bc2 | 0f84 0600 

  0x00000238ba0d6e58: ;   {runtime_call ic_miss_stub}
  0x00000238ba0d6e58: 0000 e921 | a28e ff90 
[Verified Entry Point]
  0x00000238ba0d6e60: 8984 2400 | 90ff ff55 | 488b ec48 | 81ec 9000 | 0000 4881 | 7d10 0000 | 0000 488d | 4510 480f 
  0x00000238ba0d6e80: 4445 1048 | 8944 2440 | 4889 4c24 | 7048 83f9 | 0048 8d44 | 2470 480f | 4444 2470 | 4889 4424 
  0x00000238ba0d6ea0: 3848 8974 | 2430 4889 | 7c24 284c | 894c 2458 | 4983 f900 | 488d 4424 | 5848 0f44 | 4424 5848 
  0x00000238ba0d6ec0: 8944 2420 | 4c89 4424 | 5049 83f8 | 004c 8d4c | 2450 4c0f | 444c 2450 | 4889 5424 | 4848 83fa 
  0x00000238ba0d6ee0: 004c 8d44 | 2448 4c0f | 4444 2448 

  0x00000238ba0d6eec: ;   {oop(a 'java/lang/Class'{0x00000006034135c8} = 'java/lang/ClassLoader')}
  0x00000238ba0d6eec: 49be c835 | 4103 0600 | 0000 4c89 | 7424 784c | 8d74 2478 | 498b d6c5 

  0x00000238ba0d6f04: ;   {internal_word}
  0x00000238ba0d6f04: f877 49ba | 036f 0dba | 3802 0000 | 4d89 97a0 | 0200 0049 | 89a7 9802 

  0x00000238ba0d6f1c: ;   {external_word}
  0x00000238ba0d6f1c: 0000 49ba | c2c6 c5db | fd7f 0000 | 4180 3a00 | 0f84 5200 | 0000 5241 

  0x00000238ba0d6f34: ;   {metadata({method} {0x00000238d8010f28} 'defineClass1' '(Ljava/lang/ClassLoader;Ljava/lang/String;[BIILjava/security/ProtectionDomain;Ljava/lang/String;)Ljava/lang/Class;' in 'java/lang/ClassLoader')}
  0x00000238ba0d6f34: 5041 5148 | ba20 0f01 | d838 0200 | 0049 8bcf | 4883 ec20 | f7c4 0f00 | 0000 0f84 | 1a00 0000 
  0x00000238ba0d6f54: 4883 ec08 

  0x00000238ba0d6f58: ;   {runtime_call}
  0x00000238ba0d6f58: 49ba 508d | 7bdb fd7f | 0000 41ff | d248 83c4 | 08e9 0d00 

  0x00000238ba0d6f6c: ;   {runtime_call}
  0x00000238ba0d6f6c: 0000 49ba | 508d 7bdb | fd7f 0000 | 41ff d248 | 83c4 2041 | 5941 585a | 498d 8fb8 | 0200 0041 
  0x00000238ba0d6f8c: c787 4003 | 0000 0400 

  0x00000238ba0d6f94: ;   {runtime_call}
  0x00000238ba0d6f94: 0000 49ba | ac16 4a14 | fe7f 0000 | 41ff d2c5 | f877 41c7 | 8740 0300 | 0005 0000 | 00f0 8344 
  0x00000238ba0d6fb4: 24c0 0049 | 3baf 4803 | 0000 0f87 | 1100 0000 | 4181 bf30 | 0300 0000 | 0000 000f | 842c 0000 
  0x00000238ba0d6fd4: 00c5 f877 | 4889 45f8 | 498b cf4c | 8be4 4883 | ec20 4883 

  0x00000238ba0d6fe8: ;   {runtime_call}
  0x00000238ba0d6fe8: e4f0 49ba | 509c 8bdb | fd7f 0000 | 41ff d249 | 8be4 4d33 | e448 8b45 | f841 c787 | 4003 0000 
  0x00000238ba0d7008: 0800 0000 | 4181 bfb0 | 0300 0002 | 0000 000f | 843f 0100 

  0x00000238ba0d701c: ;   {external_word}
  0x00000238ba0d701c: 0049 bac2 | c6c5 dbfd | 7f00 0041 | 803a 000f | 8450 0000 | 0048 8945 

  0x00000238ba0d7034: ;   {metadata({method} {0x00000238d8010f28} 'defineClass1' '(Ljava/lang/ClassLoader;Ljava/lang/String;[BIILjava/security/ProtectionDomain;Ljava/lang/String;)Ljava/lang/Class;' in 'java/lang/ClassLoader')}
  0x00000238ba0d7034: f848 ba20 | 0f01 d838 | 0200 0049 | 8bcf 4883 | ec20 f7c4 | 0f00 0000 | 0f84 1a00 | 0000 4883 
  0x00000238ba0d7054: ;   {runtime_call}
  0x00000238ba0d7054: ec08 49ba | 508d 7bdb | fd7f 0000 | 41ff d248 | 83c4 08e9 | 0d00 0000 

  0x00000238ba0d706c: ;   {runtime_call}
  0x00000238ba0d706c: 49ba 508d | 7bdb fd7f | 0000 41ff | d248 83c4 | 2048 8b45 | f849 c787 | 9802 0000 | 0000 0000 
  0x00000238ba0d708c: 49c7 87a0 | 0200 0000 | 0000 00c5 | f877 4885 | c00f 8493 | 0000 0048 | f7c0 0100 | 0000 0f84 
  0x00000238ba0d70ac: 8300 0000 | 488b 40ff | 4180 7f38 | 000f 846f | 0000 0048 | 83f8 000f | 8465 0000 | 0049 8b4f 
  0x00000238ba0d70cc: 2048 83f9 | 000f 8414 | 0000 0048 | 83e9 0849 | 894f 2049 | 034f 3048 | 8901 e943 | 0000 0050 
  0x00000238ba0d70ec: 498b d748 | 8bc8 4883 | ec20 f7c4 | 0f00 0000 | 0f84 1a00 | 0000 4883 

  0x00000238ba0d7104: ;   {runtime_call}
  0x00000238ba0d7104: ec08 49ba | 102a 3adb | fd7f 0000 | 41ff d248 | 83c4 08e9 | 0d00 0000 

  0x00000238ba0d711c: ;   {runtime_call}
  0x00000238ba0d711c: 49ba 102a | 3adb fd7f | 0000 41ff | d248 83c4 | 2058 e903 | 0000 0048 | 8b00 498b | 8fd8 0000 
  0x00000238ba0d713c: 00c7 8100 | 0100 0000 | 0000 00c9 | 4981 7f08 | 0000 0000 | 0f85 0100 

  0x00000238ba0d7154: ;   {runtime_call StubRoutines (1)}
  0x00000238ba0d7154: 0000 c3e9 | a49d 89ff | c5f8 7748 | 8945 f84c | 8be4 4883 | ec20 4883 

  0x00000238ba0d716c: ;   {runtime_call}
  0x00000238ba0d716c: e4f0 49ba | 70be 7bdb | fd7f 0000 | 41ff d249 | 8be4 4d33 | e448 8b45 | f8e9 93fe | ffff f4f4 
  0x00000238ba0d718c: f4f4 f4f4 
[/MachCode]


Compiled method (c1)    2539  636       3       java.lang.ClassLoader::defineClass (43 bytes)
 total in heap  [0x00000238b2634710,0x00000238b2635048] = 2360
 relocation     [0x00000238b2634870,0x00000238b2634900] = 144
 main code      [0x00000238b2634900,0x00000238b2634da0] = 1184
 stub code      [0x00000238b2634da0,0x00000238b2634e18] = 120
 metadata       [0x00000238b2634e18,0x00000238b2634e48] = 48
 scopes data    [0x00000238b2634e48,0x00000238b2634f38] = 240
 scopes pcs     [0x00000238b2634f38,0x00000238b2635018] = 224
 dependencies   [0x00000238b2635018,0x00000238b2635020] = 8
 nul chk table  [0x00000238b2635020,0x00000238b2635048] = 40

[Constant Pool (empty)]

[MachCode]
[Entry Point]
  # {method} {0x00000238d8010cc0} 'defineClass' '(Ljava/lang/String;[BIILjava/security/ProtectionDomain;)Ljava/lang/Class;' in 'java/lang/ClassLoader'
  # this:     rdx:rdx   = 'java/lang/ClassLoader'
  # parm0:    r8:r8     = 'java/lang/String'
  # parm1:    r9:r9     = '[B'
  # parm2:    rdi       = int
  # parm3:    rsi       = int
  # parm4:    rcx:rcx   = 'java/security/ProtectionDomain'
  #           [sp+0xc0]  (sp of caller)
  0x00000238b2634900: 448b 5208 | 49bb 0000 | 00d8 3802 | 0000 4d03 | d34c 3bd0 

  0x00000238b2634914: ;   {runtime_call ic_miss_stub}
  0x00000238b2634914: 0f85 66c7 | 3807 660f | 1f44 0000 
[Verified Entry Point]
  0x00000238b2634920: 8984 2400 | 90ff ff55 | 4881 ecb0 | 0000 0048 | 8954 2478 

  0x00000238b2634934: ;   {metadata(method data for {method} {0x00000238d8010cc0} 'defineClass' '(Ljava/lang/String;[BIILjava/security/ProtectionDomain;)Ljava/lang/Class;' in 'java/lang/ClassLoader')}
  0x00000238b2634934: 48bb 00e8 | 1119 3902 | 0000 8b83 | cc00 0000 | 83c0 0289 | 83cc 0000 | 0081 e0fe | 0700 0083 
  0x00000238b2634954: f800 0f84 | 4e03 0000 | 89b4 2494 | 0000 0089 | bc24 9000 | 0000 4c89 | 8c24 8800 | 0000 488b 
  0x00000238b2634974: ;   {metadata(method data for {method} {0x00000238d8010cc0} 'defineClass' '(Ljava/lang/String;[BIILjava/security/ProtectionDomain;)Ljava/lang/Class;' in 'java/lang/ClassLoader')}
  0x00000238b2634974: da48 b800 | e811 1939 | 0200 0048 | 8380 1001 | 0000 0149 | 8bd8 4c8b | c34c 8bc9 | 488b ca48 
  0x00000238b2634994: 8bd1 4889 | 9c24 8000 

  0x00000238b263499c: ;   {optimized virtual_call}
  0x00000238b263499c: 0000 90e8 

  0x00000238b26349a0: ; ImmutableOopMap {[120]=Oop [136]=Oop [128]=Oop }
                      ;*invokevirtual preDefineClass {reexecute=0 rethrow=0 return_oop=0}
                      ; - java.lang.ClassLoader::defineClass@4 (line 1015)
  0x00000238b26349a0: 7c27 0000 | 4889 8424 | 9800 0000 | 488b 5424 

  0x00000238b26349b0: ;   {metadata(method data for {method} {0x00000238d8010cc0} 'defineClass' '(Ljava/lang/String;[BIILjava/security/ProtectionDomain;)Ljava/lang/Class;' in 'java/lang/ClassLoader')}
  0x00000238b26349b0: 7849 b800 | e811 1939 | 0200 0049 | 8380 4801 

  0x00000238b26349c0: ;   {metadata(method data for {method} {0x00000238d8010ed0} 'defineClassSourceLocation' '(Ljava/security/ProtectionDomain;)Ljava/lang/String;' in 'java/lang/ClassLoader')}
  0x00000238b26349c0: 0000 0149 | b818 ef11 | 1939 0200 | 0041 8b90 | cc00 0000 | 83c2 0241 | 8990 cc00 | 0000 81e2 
  0x00000238b26349e0: feff 1f00 | 83fa 000f | 84de 0200 | 0048 3b00 

  0x00000238b26349f0: ;   {metadata(method data for {method} {0x00000238d8010ed0} 'defineClassSourceLocation' '(Ljava/security/ProtectionDomain;)Ljava/lang/String;' in 'java/lang/ClassLoader')}
  0x00000238b26349f0: 4c8b c048 | ba18 ef11 | 1939 0200 | 0048 8382 | 1001 0000 | 0144 8b40 | 1049 c1e0 | 0349 83f8 
  0x00000238b2634a10: ;   {metadata(method data for {method} {0x00000238d8010ed0} 'defineClassSourceLocation' '(Ljava/security/ProtectionDomain;)Ljava/lang/String;' in 'java/lang/ClassLoader')}
  0x00000238b2634a10: 0048 ba18 | ef11 1939 | 0200 0048 | c7c6 5801 | 0000 0f85 | 0700 0000 | 48c7 c648 | 0100 0048 
  0x00000238b2634a30: 8b3c 3248 | 8d7f 0148 | 893c 320f | 850f 0000 

  0x00000238b2634a40: ;   {oop(NULL)}
  0x00000238b2634a40: 0048 bb00 | 0000 0000 | 0000 00e9 | af01 0000 

  0x00000238b2634a50: ; implicit exception: dispatches to 0x00000238b2634cf1
  0x00000238b2634a50: 493b 0049 

  0x00000238b2634a54: ;   {metadata(method data for {method} {0x00000238d8010ed0} 'defineClassSourceLocation' '(Ljava/security/ProtectionDomain;)Ljava/lang/String;' in 'java/lang/ClassLoader')}
  0x00000238b2634a54: 8bd0 48be | 18ef 1119 | 3902 0000 | 4883 8668 | 0100 0001 | 418b 500c | 48c1 e203 | 4883 fa00 
  0x00000238b2634a74: ;   {metadata(method data for {method} {0x00000238d8010ed0} 'defineClassSourceLocation' '(Ljava/security/ProtectionDomain;)Ljava/lang/String;' in 'java/lang/ClassLoader')}
  0x00000238b2634a74: 48be 18ef | 1119 3902 | 0000 48c7 | c7b0 0100 | 000f 8507 | 0000 0048 | c7c7 a001 | 0000 488b 
  0x00000238b2634a94: 1c3e 488d | 5b01 4889 | 1c3e 0f85 | 0f00 0000 

  0x00000238b2634aa4: ;   {oop(NULL)}
  0x00000238b2634aa4: 48bb 0000 | 0000 0000 | 0000 e94c 

  0x00000238b2634ab0: ;   {metadata(method data for {method} {0x00000238d8010ed0} 'defineClassSourceLocation' '(Ljava/security/ProtectionDomain;)Ljava/lang/String;' in 'java/lang/ClassLoader')}
  0x00000238b2634ab0: 0100 0048 | be18 ef11 | 1939 0200 | 0048 8386 | c001 0000 | 0148 3b02 

  0x00000238b2634ac8: ;   {metadata(method data for {method} {0x00000238d8010ed0} 'defineClassSourceLocation' '(Ljava/security/ProtectionDomain;)Ljava/lang/String;' in 'java/lang/ClassLoader')}
  0x00000238b2634ac8: 4c8b c248 | be18 ef11 | 1939 0200 | 0048 8386 | f801 0000 

  0x00000238b2634adc: ;   {metadata(method data for {method} {0x00000238d8068a78} 'toString' '()Ljava/lang/String;' in 'java/net/URL')}
  0x00000238b2634adc: 0149 b858 | 020f 1939 | 0200 0041 | 8bb0 cc00 | 0000 83c6 | 0241 89b0 | cc00 0000 | 81e6 feff 
  0x00000238b2634afc: 1f00 83fe | 000f 84f4 | 0100 004c 

  0x00000238b2634b08: ;   {metadata(method data for {method} {0x00000238d8068a78} 'toString' '()Ljava/lang/String;' in 'java/net/URL')}
  0x00000238b2634b08: 8bc2 48be | 5802 0f19 | 3902 0000 | 4883 8610 | 0100 0001 

  0x00000238b2634b1c: ;   {metadata(method data for {method} {0x00000238d8069310} 'toExternalForm' '()Ljava/lang/String;' in 'java/net/URL')}
  0x00000238b2634b1c: 49b8 8005 | 0f19 3902 | 0000 418b | b0cc 0000 | 0083 c602 | 4189 b0cc | 0000 0081 | e6fe ff1f 
  0x00000238b2634b3c: 0083 fe00 | 0f84 d601 | 0000 8b72 | 3848 c1e6 | 0348 3b06 

  0x00000238b2634b50: ;   {metadata(method data for {method} {0x00000238d8069310} 'toExternalForm' '()Ljava/lang/String;' in 'java/net/URL')}
  0x00000238b2634b50: 4c8b c648 | bf80 050f | 1939 0200 | 0045 8b40 | 0849 ba00 | 0000 d838 | 0200 004d | 03c2 4c3b 
  0x00000238b2634b70: 8720 0100 | 0075 0d48 | 8387 2801 | 0000 01e9 | 6600 0000 | 4c3b 8730 | 0100 0075 | 0d48 8387 
  0x00000238b2634b90: 3801 0000 | 01e9 5000 | 0000 4881 | bf20 0100 | 0000 0000 | 0075 174c | 8987 2001 | 0000 48c7 
  0x00000238b2634bb0: 8728 0100 | 0001 0000 | 00e9 2c00 | 0000 4881 | bf30 0100 | 0000 0000 | 0075 174c | 8987 3001 
  0x00000238b2634bd0: 0000 48c7 | 8738 0100 | 0001 0000 | 00e9 0800 | 0000 4883 | 8710 0100 | 0001 4c8b | c248 8bd6 
  0x00000238b2634bf0: 0f1f 8000 

  0x00000238b2634bf4: ;   {optimized virtual_call}
  0x00000238b2634bf4: 0000 00e8 

  0x00000238b2634bf8: ; ImmutableOopMap {[120]=Oop [136]=Oop [128]=Oop [152]=Oop }
                      ;*invokevirtual toExternalForm {reexecute=0 rethrow=0 return_oop=0}
                      ; - java.net.URL::toExternalForm@5 (line 1039)
                      ; - java.net.URL::toString@1 (line 1025)
                      ; - java.lang.ClassLoader::defineClassSourceLocation@22 (line 917)
                      ; - java.lang.ClassLoader::defineClass@12 (line 1016)
  0x00000238b2634bf8: e450 fcff | 488b d848 | 8b84 2498 | 0000 008b | b424 9400 | 0000 8bbc | 2490 0000 | 004c 8b8c 
  0x00000238b2634c18: 2488 0000 | 004c 8b84 | 2480 0000 | 0048 8b54 

  0x00000238b2634c28: ;   {metadata(method data for {method} {0x00000238d8010cc0} 'defineClass' '(Ljava/lang/String;[BIILjava/security/ProtectionDomain;)Ljava/lang/Class;' in 'java/lang/ClassLoader')}
  0x00000238b2634c28: 2478 48b9 | 00e8 1119 | 3902 0000 | 4883 8180 | 0100 0001 | 4c8b da49 | 8bd3 488b | c848 891c 
  0x00000238b2634c48: 2466 0f1f 

  0x00000238b2634c4c: ;   {static_call}
  0x00000238b2634c4c: 4400 00e8 

  0x00000238b2634c50: ; ImmutableOopMap {[152]=Oop [120]=Oop }
                      ;*invokestatic defineClass1 {reexecute=0 rethrow=0 return_oop=0}
                      ; - java.lang.ClassLoader::defineClass@27 (line 1017)
  0x00000238b2634c50: 0c22 aa07 | 488b 5424 

  0x00000238b2634c58: ;   {metadata(method data for {method} {0x00000238d8010cc0} 'defineClass' '(Ljava/lang/String;[BIILjava/security/ProtectionDomain;)Ljava/lang/Class;' in 'java/lang/ClassLoader')}
  0x00000238b2634c58: 7849 b800 | e811 1939 | 0200 0049 | 8380 9001 | 0000 014c | 8bc0 4c8b | 8c24 9800 | 0000 488b 
  0x00000238b2634c78: 5424 7848 | 8984 24a0 | 0000 000f 

  0x00000238b2634c84: ;   {optimized virtual_call}
  0x00000238b2634c84: 1f40 00e8 

  0x00000238b2634c88: ; ImmutableOopMap {[160]=Oop }
                      ;*invokevirtual postDefineClass {reexecute=0 rethrow=0 return_oop=0}
                      ; - java.lang.ClassLoader::defineClass@37 (line 1018)
  0x00000238b2634c88: 941e fdff | 488b 8424 | a000 0000 | 4881 c4b0 | 0000 005d 

  0x00000238b2634c9c: ;   {poll_return}
  0x00000238b2634c9c: 493b a748 | 0300 000f | 8799 0000 

  0x00000238b2634ca8: ;   {metadata({method} {0x00000238d8010cc0} 'defineClass' '(Ljava/lang/String;[BIILjava/security/ProtectionDomain;)Ljava/lang/Class;' in 'java/lang/ClassLoader')}
  0x00000238b2634ca8: 00c3 49ba | b80c 01d8 | 3802 0000 | 4c89 5424 | 0848 c704 | 24ff ffff 

  0x00000238b2634cc0: ;   {runtime_call counter_overflow Runtime1 stub}
  0x00000238b2634cc0: ffe8 3ac6 

  0x00000238b2634cc4: ; ImmutableOopMap {rdx=Oop [120]=Oop r8=Oop r9=Oop rcx=Oop }
                      ;*synchronization entry
                      ; - java.lang.ClassLoader::defineClass@-1 (line 1015)
  0x00000238b2634cc4: 4307 e991 

  0x00000238b2634cc8: ;   {metadata({method} {0x00000238d8010ed0} 'defineClassSourceLocation' '(Ljava/security/ProtectionDomain;)Ljava/lang/String;' in 'java/lang/ClassLoader')}
  0x00000238b2634cc8: fcff ff49 | bac8 0e01 | d838 0200 | 004c 8954 | 2408 48c7 | 0424 ffff 

  0x00000238b2634ce0: ;   {runtime_call counter_overflow Runtime1 stub}
  0x00000238b2634ce0: ffff e819 

  0x00000238b2634ce4: ; ImmutableOopMap {[120]=Oop [136]=Oop [128]=Oop rax=Oop [152]=Oop }
                      ;*synchronization entry
                      ; - java.lang.ClassLoader::defineClassSourceLocation@-1 (line 914)
                      ; - java.lang.ClassLoader::defineClass@12 (line 1016)
  0x00000238b2634ce4: c643 07e9 | 01fd ffff 

  0x00000238b2634cec: ;   {runtime_call throw_null_pointer_exception Runtime1 stub}
  0x00000238b2634cec: e82f 7543 

  0x00000238b2634cf0: ; ImmutableOopMap {[120]=Oop [136]=Oop [128]=Oop rax=Oop [152]=Oop }
                      ;*invokevirtual getCodeSource {reexecute=0 rethrow=0 return_oop=0}
                      ; - java.lang.ClassLoader::defineClassSourceLocation@1 (line 914)
                      ; - java.lang.ClassLoader::defineClass@12 (line 1016)
                      ;   {runtime_call throw_null_pointer_exception Runtime1 stub}
  0x00000238b2634cf0: 07e8 2a75 

  0x00000238b2634cf4: ; ImmutableOopMap {[120]=Oop [136]=Oop [128]=Oop rax=Oop [152]=Oop r8=Oop }
                      ;*invokevirtual getLocation {reexecute=0 rethrow=0 return_oop=0}
                      ; - java.lang.ClassLoader::defineClassSourceLocation@12 (line 916)
                      ; - java.lang.ClassLoader::defineClass@12 (line 1016)
                      ;   {runtime_call throw_null_pointer_exception Runtime1 stub}
  0x00000238b2634cf4: 4307 e825 

  0x00000238b2634cf8: ; ImmutableOopMap {[120]=Oop [136]=Oop [128]=Oop [152]=Oop rdx=Oop }
                      ;*invokevirtual toString {reexecute=0 rethrow=0 return_oop=0}
                      ; - java.lang.ClassLoader::defineClassSourceLocation@22 (line 917)
                      ; - java.lang.ClassLoader::defineClass@12 (line 1016)
                      ;   {metadata({method} {0x00000238d8068a78} 'toString' '()Ljava/lang/String;' in 'java/net/URL')}
  0x00000238b2634cf8: 7543 0749 | ba70 8a06 | d838 0200 | 004c 8954 | 2408 48c7 | 0424 ffff 

  0x00000238b2634d10: ;   {runtime_call counter_overflow Runtime1 stub}
  0x00000238b2634d10: ffff e8e9 

  0x00000238b2634d14: ; ImmutableOopMap {[120]=Oop [136]=Oop [128]=Oop [152]=Oop rdx=Oop }
                      ;*synchronization entry
                      ; - java.net.URL::toString@-1 (line 1025)
                      ; - java.lang.ClassLoader::defineClassSourceLocation@22 (line 917)
                      ; - java.lang.ClassLoader::defineClass@12 (line 1016)
  0x00000238b2634d14: c543 07e9 | ebfd ffff 

  0x00000238b2634d1c: ;   {metadata({method} {0x00000238d8069310} 'toExternalForm' '()Ljava/lang/String;' in 'java/net/URL')}
  0x00000238b2634d1c: 49ba 0893 | 06d8 3802 | 0000 4c89 | 5424 0848 | c704 24ff 

  0x00000238b2634d30: ;   {runtime_call counter_overflow Runtime1 stub}
  0x00000238b2634d30: ffff ffe8 

  0x00000238b2634d34: ; ImmutableOopMap {[120]=Oop [136]=Oop [128]=Oop [152]=Oop rdx=Oop }
                      ;*synchronization entry
                      ; - java.net.URL::toExternalForm@-1 (line 1039)
                      ; - java.net.URL::toString@1 (line 1025)
                      ; - java.lang.ClassLoader::defineClassSourceLocation@22 (line 917)
                      ; - java.lang.ClassLoader::defineClass@12 (line 1016)
  0x00000238b2634d34: c8c5 4307 | e909 feff 

  0x00000238b2634d3c: ;   {runtime_call throw_null_pointer_exception Runtime1 stub}
  0x00000238b2634d3c: ffe8 de74 

  0x00000238b2634d40: ; ImmutableOopMap {[120]=Oop [136]=Oop [128]=Oop [152]=Oop rdx=Oop rsi=Oop }
                      ;*invokevirtual toExternalForm {reexecute=0 rethrow=0 return_oop=0}
                      ; - java.net.URL::toExternalForm@5 (line 1039)
                      ; - java.net.URL::toString@1 (line 1025)
                      ; - java.lang.ClassLoader::defineClassSourceLocation@22 (line 917)
                      ; - java.lang.ClassLoader::defineClass@12 (line 1016)
                      ;   {internal_word}
  0x00000238b2634d40: 4307 49ba | 9c4c 63b2 | 3802 0000 | 4d89 9760 

  0x00000238b2634d50: ;   {runtime_call SafepointBlob}
  0x00000238b2634d50: 0300 00e9 | a82c 3907 | 9090 498b | 87d8 0300 | 0049 c787 | d803 0000 | 0000 0000 | 49c7 87e0 
  0x00000238b2634d70: 0300 0000 | 0000 0048 | 81c4 b000 

  0x00000238b2634d7c: ;   {runtime_call unwind_exception Runtime1 stub}
  0x00000238b2634d7c: 0000 5de9 | 7c65 4307 | f4f4 f4f4 | f4f4 f4f4 | f4f4 f4f4 | f4f4 f4f4 | f4f4 f4f4 | f4f4 f4f4 
  0x00000238b2634d9c: f4f4 f4f4 
[Stub Code]
  0x00000238b2634da0: ;   {no_reloc}
  0x00000238b2634da0: 0f1f 4400 

  0x00000238b2634da4: ;   {static_stub}
  0x00000238b2634da4: 0048 bb70 | 0e01 d838 

  0x00000238b2634dac: ;   {runtime_call I2C/C2I adapters}
  0x00000238b2634dac: 0200 00e9 | 2d8c 3807 

  0x00000238b2634db4: ;   {static_stub}
  0x00000238b2634db4: 9048 bb00 | 0000 0000 

  0x00000238b2634dbc: ;   {runtime_call}
  0x00000238b2634dbc: 0000 00e9 | fbff ffff 

  0x00000238b2634dc4: ;   {static_stub}
  0x00000238b2634dc4: 9048 bb00 | 0000 0000 

  0x00000238b2634dcc: ;   {runtime_call}
  0x00000238b2634dcc: 0000 00e9 | fbff ffff 

  0x00000238b2634dd4: ;   {static_stub}
  0x00000238b2634dd4: 9048 bb00 | 0000 0000 

  0x00000238b2634ddc: ;   {runtime_call}
  0x00000238b2634ddc: 0000 00e9 | fbff ffff 
[Exception Handler]
  0x00000238b2634de4: ;   {runtime_call handle_exception_from_callee Runtime1 stub}
  0x00000238b2634de4: e817 9243 

  0x00000238b2634de8: ;   {external_word}
  0x00000238b2634de8: 0748 b9a0 | e99f dbfd | 7f00 0048 

  0x00000238b2634df4: ;   {runtime_call}
  0x00000238b2634df4: 83e4 f049 | ba10 7968 | dbfd 7f00 | 0041 ffd2 

  0x00000238b2634e04: ;   {section_word}
  0x00000238b2634e04: f449 ba05 | 4e63 b238 | 0200 0041 

  0x00000238b2634e10: ;   {runtime_call DeoptimizationBlob}
  0x00000238b2634e10: 52e9 8a1e | 3907 f4f4 
[/MachCode]


Compiled method (c1)    2547  679       3       java.security.SecureClassLoader::defineClass (16 bytes)
 total in heap  [0x00000238b264b390,0x00000238b264b780] = 1008
 relocation     [0x00000238b264b4f0,0x00000238b264b538] = 72
 main code      [0x00000238b264b540,0x00000238b264b680] = 320
 stub code      [0x00000238b264b680,0x00000238b264b6d8] = 88
 metadata       [0x00000238b264b6d8,0x00000238b264b6e0] = 8
 scopes data    [0x00000238b264b6e0,0x00000238b264b728] = 72
 scopes pcs     [0x00000238b264b728,0x00000238b264b778] = 80
 dependencies   [0x00000238b264b778,0x00000238b264b780] = 8

[Constant Pool (empty)]

[MachCode]
[Entry Point]
  # {method} {0x00000238d8434f30} 'defineClass' '(Ljava/lang/String;[BIILjava/security/CodeSource;)Ljava/lang/Class;' in 'java/security/SecureClassLoader'
  # this:     rdx:rdx   = 'java/security/SecureClassLoader'
  # parm0:    r8:r8     = 'java/lang/String'
  # parm1:    r9:r9     = '[B'
  # parm2:    rdi       = int
  # parm3:    rsi       = int
  # parm4:    rcx:rcx   = 'java/security/CodeSource'
  #           [sp+0x80]  (sp of caller)
  0x00000238b264b540: 448b 5208 | 49bb 0000 | 00d8 3802 | 0000 4d03 | d34c 3bd0 

  0x00000238b264b554: ;   {runtime_call ic_miss_stub}
  0x00000238b264b554: 0f85 265b | 3707 660f | 1f44 0000 
[Verified Entry Point]
  0x00000238b264b560: 8984 2400 | 90ff ff55 | 4883 ec70 

  0x00000238b264b56c: ;   {metadata(method data for {method} {0x00000238d8434f30} 'defineClass' '(Ljava/lang/String;[BIILjava/security/CodeSource;)Ljava/lang/Class;' in 'java/security/SecureClassLoader')}
  0x00000238b264b56c: 48bb 40a5 | 1119 3902 | 0000 8b83 | cc00 0000 | 83c0 0289 | 83cc 0000 | 0081 e0fe | 0700 0083 
  0x00000238b264b58c: f800 0f84 | 8b00 0000 | 8974 245c | 897c 2458 | 4c89 4c24 | 504c 8944 | 2448 488b 

  0x00000238b264b5a8: ;   {metadata(method data for {method} {0x00000238d8434f30} 'defineClass' '(Ljava/lang/String;[BIILjava/security/CodeSource;)Ljava/lang/Class;' in 'java/security/SecureClassLoader')}
  0x00000238b264b5a8: da48 b840 | a511 1939 | 0200 0048 | 8380 1001 | 0000 014c | 8bc1 488b | c248 8bd0 | 4889 4424 
  0x00000238b264b5c8: 4066 0f1f 

  0x00000238b264b5cc: ;   {optimized virtual_call}
  0x00000238b264b5cc: 4400 00e8 

  0x00000238b264b5d0: ; ImmutableOopMap {[80]=Oop [64]=Oop [72]=Oop }
                      ;*invokevirtual getProtectionDomain {reexecute=0 rethrow=0 return_oop=0}
                      ; - java.security.SecureClassLoader::defineClass@9 (line 150)
  0x00000238b264b5d0: 4c67 feff | 488b 5424 

  0x00000238b264b5d8: ;   {metadata(method data for {method} {0x00000238d8434f30} 'defineClass' '(Ljava/lang/String;[BIILjava/security/CodeSource;)Ljava/lang/Class;' in 'java/security/SecureClassLoader')}
  0x00000238b264b5d8: 4049 b840 | a511 1939 | 0200 0049 | 8380 4801 | 0000 014c | 8b44 2448 | 4c8b 4c24 | 508b 7c24 
  0x00000238b264b5f8: 588b 7424 | 5c48 8bc8 | 488b 5424 

  0x00000238b264b604: ;   {optimized virtual_call}
  0x00000238b264b604: 4066 90e8 

  0x00000238b264b608: ; ImmutableOopMap {}
                      ;*invokevirtual defineClass {reexecute=0 rethrow=0 return_oop=0}
                      ; - java.security.SecureClassLoader::defineClass@12 (line 150)
  0x00000238b264b608: 1493 feff | 4883 c470 

  0x00000238b264b610: ;   {poll_return}
  0x00000238b264b610: 5d49 3ba7 | 4803 0000 | 0f87 2200 

  0x00000238b264b61c: ;   {metadata({method} {0x00000238d8434f30} 'defineClass' '(Ljava/lang/String;[BIILjava/security/CodeSource;)Ljava/lang/Class;' in 'java/security/SecureClassLoader')}
  0x00000238b264b61c: 0000 c349 | ba28 4f43 | d838 0200 | 004c 8954 | 2408 48c7 | 0424 ffff 

  0x00000238b264b634: ;   {runtime_call counter_overflow Runtime1 stub}
  0x00000238b264b634: ffff e8c5 

  0x00000238b264b638: ; ImmutableOopMap {rdx=Oop r8=Oop r9=Oop rcx=Oop }
                      ;*synchronization entry
                      ; - java.security.SecureClassLoader::defineClass@-1 (line 150)
  0x00000238b264b638: 5c42 07e9 | 54ff ffff 

  0x00000238b264b640: ;   {internal_word}
  0x00000238b264b640: 49ba 11b6 | 64b2 3802 | 0000 4d89 | 9760 0300 

  0x00000238b264b650: ;   {runtime_call SafepointBlob}
  0x00000238b264b650: 00e9 aac3 | 3707 9090 | 498b 87d8 | 0300 0049 | c787 d803 | 0000 0000 | 0000 49c7 | 87e0 0300 
  0x00000238b264b670: 0000 0000 | 0048 83c4 

  0x00000238b264b678: ;   {runtime_call unwind_exception Runtime1 stub}
  0x00000238b264b678: 705d e981 | fc41 07f4 
[Stub Code]
  0x00000238b264b680: ;   {no_reloc}
  0x00000238b264b680: 0f1f 4400 

  0x00000238b264b684: ;   {static_stub}
  0x00000238b264b684: 0048 bb00 | 0000 0000 

  0x00000238b264b68c: ;   {runtime_call}
  0x00000238b264b68c: 0000 00e9 | fbff ffff 

  0x00000238b264b694: ;   {static_stub}
  0x00000238b264b694: 9048 bb00 | 0000 0000 

  0x00000238b264b69c: ;   {runtime_call}
  0x00000238b264b69c: 0000 00e9 | fbff ffff 
[Exception Handler]
  0x00000238b264b6a4: ;   {runtime_call handle_exception_from_callee Runtime1 stub}
  0x00000238b264b6a4: e857 2942 

  0x00000238b264b6a8: ;   {external_word}
  0x00000238b264b6a8: 0748 b9a0 | e99f dbfd | 7f00 0048 

  0x00000238b264b6b4: ;   {runtime_call}
  0x00000238b264b6b4: 83e4 f049 | ba10 7968 | dbfd 7f00 | 0041 ffd2 

  0x00000238b264b6c4: ;   {section_word}
  0x00000238b264b6c4: f449 bac5 | b664 b238 | 0200 0041 

  0x00000238b264b6d0: ;   {runtime_call DeoptimizationBlob}
  0x00000238b264b6d0: 52e9 cab5 | 3707 f4f4 
[/MachCode]


---------------  P R O C E S S  ---------------

Threads class SMR info:
_java_thread_list=0x000002391e5f2ac0, length=15, elements={
0x00000238aa9b5260, 0x00000238d6fea300, 0x00000238d6feb180, 0x00000238d7c59f70,
0x00000238d7c5aa40, 0x00000238d7c5e420, 0x00000238d7c5ede0, 0x00000238d7c5fad0,
0x00000238d7c60ce0, 0x00000238d7c636f0, 0x00000238d700e910, 0x00000238d7ce0920,
0x00000238d7c501b0, 0x00000238d7d89ca0, 0x00000238d7d90590
}

Java Threads: ( => current thread )
=>0x00000238aa9b5260 JavaThread "main" [_thread_in_vm, id=20892, stack(0x00000084fe200000,0x00000084fe300000)]
  0x00000238d6fea300 JavaThread "Reference Handler" daemon [_thread_blocked, id=25972, stack(0x00000084fe900000,0x00000084fea00000)]
  0x00000238d6feb180 JavaThread "Finalizer" daemon [_thread_blocked, id=31716, stack(0x00000084fea00000,0x00000084feb00000)]
  0x00000238d7c59f70 JavaThread "Signal Dispatcher" daemon [_thread_blocked, id=26188, stack(0x00000084feb00000,0x00000084fec00000)]
  0x00000238d7c5aa40 JavaThread "Attach Listener" daemon [_thread_blocked, id=18792, stack(0x00000084fec00000,0x00000084fed00000)]
  0x00000238d7c5e420 JavaThread "Service Thread" daemon [_thread_blocked, id=28240, stack(0x00000084fed00000,0x00000084fee00000)]
  0x00000238d7c5ede0 JavaThread "Monitor Deflation Thread" daemon [_thread_blocked, id=16920, stack(0x00000084fee00000,0x00000084fef00000)]
  0x00000238d7c5fad0 JavaThread "C2 CompilerThread0" daemon [_thread_blocked, id=28844, stack(0x00000084fef00000,0x00000084ff000000)]
  0x00000238d7c60ce0 JavaThread "C1 CompilerThread0" daemon [_thread_blocked, id=33844, stack(0x00000084ff000000,0x00000084ff100000)]
  0x00000238d7c636f0 JavaThread "Sweeper thread" daemon [_thread_blocked, id=24872, stack(0x00000084ff100000,0x00000084ff200000)]
  0x00000238d700e910 JavaThread "C1 CompilerThread1" daemon [_thread_blocked, id=25140, stack(0x00000084ff200000,0x00000084ff300000)]
  0x00000238d7ce0920 JavaThread "C1 CompilerThread2" daemon [_thread_blocked, id=26376, stack(0x00000084ff300000,0x00000084ff400000)]
  0x00000238d7c501b0 JavaThread "C1 CompilerThread3" daemon [_thread_blocked, id=34064, stack(0x00000084ff400000,0x00000084ff500000)]
  0x00000238d7d89ca0 JavaThread "Notification Thread" daemon [_thread_blocked, id=30744, stack(0x00000084ff500000,0x00000084ff600000)]
  0x00000238d7d90590 JavaThread "Common-Cleaner" daemon [_thread_blocked, id=26132, stack(0x00000084ff700000,0x00000084ff800000)]

Other Threads:
  0x00000238d6fe2c50 VMThread "VM Thread" [stack: 0x00000084fe800000,0x00000084fe900000] [id=7372]
  0x00000238d7ce0e40 WatcherThread [stack: 0x00000084ff600000,0x00000084ff700000] [id=16888]
  0x00000238aaa66290 GCTaskThread "GC Thread#0" [stack: 0x00000084fe300000,0x00000084fe400000] [id=26432]
  0x000002391d3fa0b0 GCTaskThread "GC Thread#1" [stack: 0x00000084ff800000,0x00000084ff900000] [id=19320]
  0x000002391d2c6f50 GCTaskThread "GC Thread#2" [stack: 0x00000084ff900000,0x00000084ffa00000] [id=30348]
  0x000002391d2c7210 GCTaskThread "GC Thread#3" [stack: 0x00000084ffa00000,0x00000084ffb00000] [id=23748]
  0x000002391d2c74d0 GCTaskThread "GC Thread#4" [stack: 0x00000084ffb00000,0x00000084ffc00000] [id=21744]
  0x000002391d2c7790 GCTaskThread "GC Thread#5" [stack: 0x00000084ffc00000,0x00000084ffd00000] [id=2040]
  0x000002391d3c5680 GCTaskThread "GC Thread#6" [stack: 0x00000084ffd00000,0x00000084ffe00000] [id=26228]
  0x000002391d3c5940 GCTaskThread "GC Thread#7" [stack: 0x00000084ffe00000,0x00000084fff00000] [id=5340]
  0x000002391d3c5c00 GCTaskThread "GC Thread#8" [stack: 0x00000084fff00000,0x0000008500000000] [id=19536]
  0x000002391d3c5ec0 GCTaskThread "GC Thread#9" [stack: 0x0000008480000000,0x0000008480100000] [id=8720]
  0x000002391d39a030 GCTaskThread "GC Thread#10" [stack: 0x0000008480100000,0x0000008480200000] [id=34688]
  0x000002391d39a2f0 GCTaskThread "GC Thread#11" [stack: 0x0000008480200000,0x0000008480300000] [id=26440]
  0x00000238aaa77060 ConcurrentGCThread "G1 Main Marker" [stack: 0x00000084fe400000,0x00000084fe500000] [id=17612]
  0x00000238aaa77a80 ConcurrentGCThread "G1 Conc#0" [stack: 0x00000084fe500000,0x00000084fe600000] [id=3776]
  0x00000238d6f1cd20 ConcurrentGCThread "G1 Refine#0" [stack: 0x00000084fe600000,0x00000084fe700000] [id=26416]
  0x00000238d6f1d750 ConcurrentGCThread "G1 Service" [stack: 0x00000084fe700000,0x00000084fe800000] [id=13476]

Threads with active compile tasks:

VM state: not at safepoint (normal execution)

VM Mutex/Monitor currently owned by a thread:  ([mutex/lock_event])
[0x00000238a890b130] Metaspace_lock - owner thread: 0x00000238aa9b5260

Heap address: 0x0000000603000000, size: 8144 MB, Compressed Oops mode: Zero based, Oop shift amount: 3

CDS archive(s) mapped at: [0x00000238d8000000-0x00000238d8bb0000-0x00000238d8bb0000), size 12255232, SharedBaseAddress: 0x00000238d8000000, ArchiveRelocationMode: 1.
Compressed class space mapped at: 0x00000238d9000000-0x0000023919000000, reserved size: 1073741824
Narrow klass base: 0x00000238d8000000, Narrow klass shift: 0, Narrow klass range: 0x100000000

GC Precious Log:
 CPUs: 16 total, 16 available
 Memory: 32561M
 Large Page Support: Disabled
 NUMA Support: Disabled
 Compressed Oops: Enabled (Zero based)
 Heap Region Size: 4M
 Heap Min Capacity: 8M
 Heap Initial Capacity: 512M
 Heap Max Capacity: 8144M
 Pre-touch: Disabled
 Parallel Workers: 13
 Concurrent Workers: 3
 Concurrent Refinement Workers: 13
 Periodic GC: Disabled

Heap:
 garbage-first heap   total 524288K, used 29282K [0x0000000603000000, 0x0000000800000000)
  region size 4096K, 7 young (28672K), 1 survivors (4096K)
 Metaspace       used 18141K, committed 18304K, reserved 1114112K
  class space    used 2552K, committed 2624K, reserved 1048576K

Heap Regions: E=young(eden), S=young(survivor), O=old, HS=humongous(starts), HC=humongous(continues), CS=collection set, F=free, OA=open archive, CA=closed archive, TAMS=top-at-mark-start (previous, next)
|   0|0x0000000603000000, 0x0000000603400000, 0x0000000603400000|100%|HS|  |TAMS 0x0000000603000000, 0x0000000603000000| Complete 
|   1|0x0000000603400000, 0x00000006036b2e00, 0x0000000603800000| 67%| O|  |TAMS 0x0000000603400000, 0x0000000603400000| Untracked 
|   2|0x0000000603800000, 0x0000000603800000, 0x0000000603c00000|  0%| F|  |TAMS 0x0000000603800000, 0x0000000603800000| Untracked 
|   3|0x0000000603c00000, 0x0000000603c00000, 0x0000000604000000|  0%| F|  |TAMS 0x0000000603c00000, 0x0000000603c00000| Untracked 
|   4|0x0000000604000000, 0x0000000604000000, 0x0000000604400000|  0%| F|  |TAMS 0x0000000604000000, 0x0000000604000000| Untracked 
|   5|0x0000000604400000, 0x0000000604400000, 0x0000000604800000|  0%| F|  |TAMS 0x0000000604400000, 0x0000000604400000| Untracked 
|   6|0x0000000604800000, 0x0000000604800000, 0x0000000604c00000|  0%| F|  |TAMS 0x0000000604800000, 0x0000000604800000| Untracked 
|   7|0x0000000604c00000, 0x0000000604c00000, 0x0000000605000000|  0%| F|  |TAMS 0x0000000604c00000, 0x0000000604c00000| Untracked 
|   8|0x0000000605000000, 0x0000000605000000, 0x0000000605400000|  0%| F|  |TAMS 0x0000000605000000, 0x0000000605000000| Untracked 
|   9|0x0000000605400000, 0x0000000605400000, 0x0000000605800000|  0%| F|  |TAMS 0x0000000605400000, 0x0000000605400000| Untracked 
|  10|0x0000000605800000, 0x0000000605800000, 0x0000000605c00000|  0%| F|  |TAMS 0x0000000605800000, 0x0000000605800000| Untracked 
|  11|0x0000000605c00000, 0x0000000605c00000, 0x0000000606000000|  0%| F|  |TAMS 0x0000000605c00000, 0x0000000605c00000| Untracked 
|  12|0x0000000606000000, 0x0000000606000000, 0x0000000606400000|  0%| F|  |TAMS 0x0000000606000000, 0x0000000606000000| Untracked 
|  13|0x0000000606400000, 0x0000000606400000, 0x0000000606800000|  0%| F|  |TAMS 0x0000000606400000, 0x0000000606400000| Untracked 
|  14|0x0000000606800000, 0x0000000606800000, 0x0000000606c00000|  0%| F|  |TAMS 0x0000000606800000, 0x0000000606800000| Untracked 
|  15|0x0000000606c00000, 0x0000000606c00000, 0x0000000607000000|  0%| F|  |TAMS 0x0000000606c00000, 0x0000000606c00000| Untracked 
|  16|0x0000000607000000, 0x0000000607000000, 0x0000000607400000|  0%| F|  |TAMS 0x0000000607000000, 0x0000000607000000| Untracked 
|  17|0x0000000607400000, 0x0000000607400000, 0x0000000607800000|  0%| F|  |TAMS 0x0000000607400000, 0x0000000607400000| Untracked 
|  18|0x0000000607800000, 0x0000000607800000, 0x0000000607c00000|  0%| F|  |TAMS 0x0000000607800000, 0x0000000607800000| Untracked 
|  19|0x0000000607c00000, 0x0000000607c00000, 0x0000000608000000|  0%| F|  |TAMS 0x0000000607c00000, 0x0000000607c00000| Untracked 
|  20|0x0000000608000000, 0x0000000608000000, 0x0000000608400000|  0%| F|  |TAMS 0x0000000608000000, 0x0000000608000000| Untracked 
|  21|0x0000000608400000, 0x0000000608400000, 0x0000000608800000|  0%| F|  |TAMS 0x0000000608400000, 0x0000000608400000| Untracked 
|  22|0x0000000608800000, 0x0000000608800000, 0x0000000608c00000|  0%| F|  |TAMS 0x0000000608800000, 0x0000000608800000| Untracked 
|  23|0x0000000608c00000, 0x0000000608c00000, 0x0000000609000000|  0%| F|  |TAMS 0x0000000608c00000, 0x0000000608c00000| Untracked 
|  24|0x0000000609000000, 0x0000000609000000, 0x0000000609400000|  0%| F|  |TAMS 0x0000000609000000, 0x0000000609000000| Untracked 
|  25|0x0000000609400000, 0x0000000609400000, 0x0000000609800000|  0%| F|  |TAMS 0x0000000609400000, 0x0000000609400000| Untracked 
|  26|0x0000000609800000, 0x0000000609800000, 0x0000000609c00000|  0%| F|  |TAMS 0x0000000609800000, 0x0000000609800000| Untracked 
|  27|0x0000000609c00000, 0x0000000609c00000, 0x000000060a000000|  0%| F|  |TAMS 0x0000000609c00000, 0x0000000609c00000| Untracked 
|  28|0x000000060a000000, 0x000000060a000000, 0x000000060a400000|  0%| F|  |TAMS 0x000000060a000000, 0x000000060a000000| Untracked 
|  29|0x000000060a400000, 0x000000060a400000, 0x000000060a800000|  0%| F|  |TAMS 0x000000060a400000, 0x000000060a400000| Untracked 
|  30|0x000000060a800000, 0x000000060a800000, 0x000000060ac00000|  0%| F|  |TAMS 0x000000060a800000, 0x000000060a800000| Untracked 
|  31|0x000000060ac00000, 0x000000060ac00000, 0x000000060b000000|  0%| F|  |TAMS 0x000000060ac00000, 0x000000060ac00000| Untracked 
|  32|0x000000060b000000, 0x000000060b000000, 0x000000060b400000|  0%| F|  |TAMS 0x000000060b000000, 0x000000060b000000| Untracked 
|  33|0x000000060b400000, 0x000000060b400000, 0x000000060b800000|  0%| F|  |TAMS 0x000000060b400000, 0x000000060b400000| Untracked 
|  34|0x000000060b800000, 0x000000060b800000, 0x000000060bc00000|  0%| F|  |TAMS 0x000000060b800000, 0x000000060b800000| Untracked 
|  35|0x000000060bc00000, 0x000000060bc00000, 0x000000060c000000|  0%| F|  |TAMS 0x000000060bc00000, 0x000000060bc00000| Untracked 
|  36|0x000000060c000000, 0x000000060c000000, 0x000000060c400000|  0%| F|  |TAMS 0x000000060c000000, 0x000000060c000000| Untracked 
|  37|0x000000060c400000, 0x000000060c400000, 0x000000060c800000|  0%| F|  |TAMS 0x000000060c400000, 0x000000060c400000| Untracked 
|  38|0x000000060c800000, 0x000000060c800000, 0x000000060cc00000|  0%| F|  |TAMS 0x000000060c800000, 0x000000060c800000| Untracked 
|  39|0x000000060cc00000, 0x000000060cc00000, 0x000000060d000000|  0%| F|  |TAMS 0x000000060cc00000, 0x000000060cc00000| Untracked 
|  40|0x000000060d000000, 0x000000060d000000, 0x000000060d400000|  0%| F|  |TAMS 0x000000060d000000, 0x000000060d000000| Untracked 
|  41|0x000000060d400000, 0x000000060d400000, 0x000000060d800000|  0%| F|  |TAMS 0x000000060d400000, 0x000000060d400000| Untracked 
|  42|0x000000060d800000, 0x000000060d800000, 0x000000060dc00000|  0%| F|  |TAMS 0x000000060d800000, 0x000000060d800000| Untracked 
|  43|0x000000060dc00000, 0x000000060dc00000, 0x000000060e000000|  0%| F|  |TAMS 0x000000060dc00000, 0x000000060dc00000| Untracked 
|  44|0x000000060e000000, 0x000000060e000000, 0x000000060e400000|  0%| F|  |TAMS 0x000000060e000000, 0x000000060e000000| Untracked 
|  45|0x000000060e400000, 0x000000060e400000, 0x000000060e800000|  0%| F|  |TAMS 0x000000060e400000, 0x000000060e400000| Untracked 
|  46|0x000000060e800000, 0x000000060e800000, 0x000000060ec00000|  0%| F|  |TAMS 0x000000060e800000, 0x000000060e800000| Untracked 
|  47|0x000000060ec00000, 0x000000060ec00000, 0x000000060f000000|  0%| F|  |TAMS 0x000000060ec00000, 0x000000060ec00000| Untracked 
|  48|0x000000060f000000, 0x000000060f000000, 0x000000060f400000|  0%| F|  |TAMS 0x000000060f000000, 0x000000060f000000| Untracked 
|  49|0x000000060f400000, 0x000000060f400000, 0x000000060f800000|  0%| F|  |TAMS 0x000000060f400000, 0x000000060f400000| Untracked 
|  50|0x000000060f800000, 0x000000060f800000, 0x000000060fc00000|  0%| F|  |TAMS 0x000000060f800000, 0x000000060f800000| Untracked 
|  51|0x000000060fc00000, 0x000000060fc00000, 0x0000000610000000|  0%| F|  |TAMS 0x000000060fc00000, 0x000000060fc00000| Untracked 
|  52|0x0000000610000000, 0x0000000610000000, 0x0000000610400000|  0%| F|  |TAMS 0x0000000610000000, 0x0000000610000000| Untracked 
|  53|0x0000000610400000, 0x0000000610400000, 0x0000000610800000|  0%| F|  |TAMS 0x0000000610400000, 0x0000000610400000| Untracked 
|  54|0x0000000610800000, 0x0000000610800000, 0x0000000610c00000|  0%| F|  |TAMS 0x0000000610800000, 0x0000000610800000| Untracked 
|  55|0x0000000610c00000, 0x0000000610c00000, 0x0000000611000000|  0%| F|  |TAMS 0x0000000610c00000, 0x0000000610c00000| Untracked 
|  56|0x0000000611000000, 0x0000000611000000, 0x0000000611400000|  0%| F|  |TAMS 0x0000000611000000, 0x0000000611000000| Untracked 
|  57|0x0000000611400000, 0x0000000611400000, 0x0000000611800000|  0%| F|  |TAMS 0x0000000611400000, 0x0000000611400000| Untracked 
|  58|0x0000000611800000, 0x0000000611800000, 0x0000000611c00000|  0%| F|  |TAMS 0x0000000611800000, 0x0000000611800000| Untracked 
|  59|0x0000000611c00000, 0x0000000611c00000, 0x0000000612000000|  0%| F|  |TAMS 0x0000000611c00000, 0x0000000611c00000| Untracked 
|  60|0x0000000612000000, 0x0000000612000000, 0x0000000612400000|  0%| F|  |TAMS 0x0000000612000000, 0x0000000612000000| Untracked 
|  61|0x0000000612400000, 0x0000000612400000, 0x0000000612800000|  0%| F|  |TAMS 0x0000000612400000, 0x0000000612400000| Untracked 
|  62|0x0000000612800000, 0x0000000612800000, 0x0000000612c00000|  0%| F|  |TAMS 0x0000000612800000, 0x0000000612800000| Untracked 
|  63|0x0000000612c00000, 0x0000000612c00000, 0x0000000613000000|  0%| F|  |TAMS 0x0000000612c00000, 0x0000000612c00000| Untracked 
|  64|0x0000000613000000, 0x0000000613000000, 0x0000000613400000|  0%| F|  |TAMS 0x0000000613000000, 0x0000000613000000| Untracked 
|  65|0x0000000613400000, 0x0000000613400000, 0x0000000613800000|  0%| F|  |TAMS 0x0000000613400000, 0x0000000613400000| Untracked 
|  66|0x0000000613800000, 0x0000000613800000, 0x0000000613c00000|  0%| F|  |TAMS 0x0000000613800000, 0x0000000613800000| Untracked 
|  67|0x0000000613c00000, 0x0000000613c00000, 0x0000000614000000|  0%| F|  |TAMS 0x0000000613c00000, 0x0000000613c00000| Untracked 
|  68|0x0000000614000000, 0x0000000614000000, 0x0000000614400000|  0%| F|  |TAMS 0x0000000614000000, 0x0000000614000000| Untracked 
|  69|0x0000000614400000, 0x0000000614400000, 0x0000000614800000|  0%| F|  |TAMS 0x0000000614400000, 0x0000000614400000| Untracked 
|  70|0x0000000614800000, 0x0000000614800000, 0x0000000614c00000|  0%| F|  |TAMS 0x0000000614800000, 0x0000000614800000| Untracked 
|  71|0x0000000614c00000, 0x0000000614c00000, 0x0000000615000000|  0%| F|  |TAMS 0x0000000614c00000, 0x0000000614c00000| Untracked 
|  72|0x0000000615000000, 0x0000000615000000, 0x0000000615400000|  0%| F|  |TAMS 0x0000000615000000, 0x0000000615000000| Untracked 
|  73|0x0000000615400000, 0x0000000615400000, 0x0000000615800000|  0%| F|  |TAMS 0x0000000615400000, 0x0000000615400000| Untracked 
|  74|0x0000000615800000, 0x0000000615800000, 0x0000000615c00000|  0%| F|  |TAMS 0x0000000615800000, 0x0000000615800000| Untracked 
|  75|0x0000000615c00000, 0x0000000615c00000, 0x0000000616000000|  0%| F|  |TAMS 0x0000000615c00000, 0x0000000615c00000| Untracked 
|  76|0x0000000616000000, 0x0000000616000000, 0x0000000616400000|  0%| F|  |TAMS 0x0000000616000000, 0x0000000616000000| Untracked 
|  77|0x0000000616400000, 0x0000000616400000, 0x0000000616800000|  0%| F|  |TAMS 0x0000000616400000, 0x0000000616400000| Untracked 
|  78|0x0000000616800000, 0x0000000616800000, 0x0000000616c00000|  0%| F|  |TAMS 0x0000000616800000, 0x0000000616800000| Untracked 
|  79|0x0000000616c00000, 0x0000000616c00000, 0x0000000617000000|  0%| F|  |TAMS 0x0000000616c00000, 0x0000000616c00000| Untracked 
|  80|0x0000000617000000, 0x0000000617000000, 0x0000000617400000|  0%| F|  |TAMS 0x0000000617000000, 0x0000000617000000| Untracked 
|  81|0x0000000617400000, 0x0000000617400000, 0x0000000617800000|  0%| F|  |TAMS 0x0000000617400000, 0x0000000617400000| Untracked 
|  82|0x0000000617800000, 0x0000000617800000, 0x0000000617c00000|  0%| F|  |TAMS 0x0000000617800000, 0x0000000617800000| Untracked 
|  83|0x0000000617c00000, 0x0000000617c00000, 0x0000000618000000|  0%| F|  |TAMS 0x0000000617c00000, 0x0000000617c00000| Untracked 
|  84|0x0000000618000000, 0x0000000618000000, 0x0000000618400000|  0%| F|  |TAMS 0x0000000618000000, 0x0000000618000000| Untracked 
|  85|0x0000000618400000, 0x0000000618400000, 0x0000000618800000|  0%| F|  |TAMS 0x0000000618400000, 0x0000000618400000| Untracked 
|  86|0x0000000618800000, 0x0000000618800000, 0x0000000618c00000|  0%| F|  |TAMS 0x0000000618800000, 0x0000000618800000| Untracked 
|  87|0x0000000618c00000, 0x0000000618c00000, 0x0000000619000000|  0%| F|  |TAMS 0x0000000618c00000, 0x0000000618c00000| Untracked 
|  88|0x0000000619000000, 0x0000000619000000, 0x0000000619400000|  0%| F|  |TAMS 0x0000000619000000, 0x0000000619000000| Untracked 
|  89|0x0000000619400000, 0x0000000619400000, 0x0000000619800000|  0%| F|  |TAMS 0x0000000619400000, 0x0000000619400000| Untracked 
|  90|0x0000000619800000, 0x0000000619800000, 0x0000000619c00000|  0%| F|  |TAMS 0x0000000619800000, 0x0000000619800000| Untracked 
|  91|0x0000000619c00000, 0x0000000619c00000, 0x000000061a000000|  0%| F|  |TAMS 0x0000000619c00000, 0x0000000619c00000| Untracked 
|  92|0x000000061a000000, 0x000000061a000000, 0x000000061a400000|  0%| F|  |TAMS 0x000000061a000000, 0x000000061a000000| Untracked 
|  93|0x000000061a400000, 0x000000061a400000, 0x000000061a800000|  0%| F|  |TAMS 0x000000061a400000, 0x000000061a400000| Untracked 
|  94|0x000000061a800000, 0x000000061a800000, 0x000000061ac00000|  0%| F|  |TAMS 0x000000061a800000, 0x000000061a800000| Untracked 
|  95|0x000000061ac00000, 0x000000061ac00000, 0x000000061b000000|  0%| F|  |TAMS 0x000000061ac00000, 0x000000061ac00000| Untracked 
|  96|0x000000061b000000, 0x000000061b000000, 0x000000061b400000|  0%| F|  |TAMS 0x000000061b000000, 0x000000061b000000| Untracked 
|  97|0x000000061b400000, 0x000000061b400000, 0x000000061b800000|  0%| F|  |TAMS 0x000000061b400000, 0x000000061b400000| Untracked 
|  98|0x000000061b800000, 0x000000061b800000, 0x000000061bc00000|  0%| F|  |TAMS 0x000000061b800000, 0x000000061b800000| Untracked 
|  99|0x000000061bc00000, 0x000000061bc00000, 0x000000061c000000|  0%| F|  |TAMS 0x000000061bc00000, 0x000000061bc00000| Untracked 
| 100|0x000000061c000000, 0x000000061c000000, 0x000000061c400000|  0%| F|  |TAMS 0x000000061c000000, 0x000000061c000000| Untracked 
| 101|0x000000061c400000, 0x000000061c400000, 0x000000061c800000|  0%| F|  |TAMS 0x000000061c400000, 0x000000061c400000| Untracked 
| 102|0x000000061c800000, 0x000000061c800000, 0x000000061cc00000|  0%| F|  |TAMS 0x000000061c800000, 0x000000061c800000| Untracked 
| 103|0x000000061cc00000, 0x000000061cc00000, 0x000000061d000000|  0%| F|  |TAMS 0x000000061cc00000, 0x000000061cc00000| Untracked 
| 104|0x000000061d000000, 0x000000061d000000, 0x000000061d400000|  0%| F|  |TAMS 0x000000061d000000, 0x000000061d000000| Untracked 
| 105|0x000000061d400000, 0x000000061d400000, 0x000000061d800000|  0%| F|  |TAMS 0x000000061d400000, 0x000000061d400000| Untracked 
| 106|0x000000061d800000, 0x000000061d800000, 0x000000061dc00000|  0%| F|  |TAMS 0x000000061d800000, 0x000000061d800000| Untracked 
| 107|0x000000061dc00000, 0x000000061dc00000, 0x000000061e000000|  0%| F|  |TAMS 0x000000061dc00000, 0x000000061dc00000| Untracked 
| 108|0x000000061e000000, 0x000000061e000000, 0x000000061e400000|  0%| F|  |TAMS 0x000000061e000000, 0x000000061e000000| Untracked 
| 109|0x000000061e400000, 0x000000061e400000, 0x000000061e800000|  0%| F|  |TAMS 0x000000061e400000, 0x000000061e400000| Untracked 
| 110|0x000000061e800000, 0x000000061e800000, 0x000000061ec00000|  0%| F|  |TAMS 0x000000061e800000, 0x000000061e800000| Untracked 
| 111|0x000000061ec00000, 0x000000061ec00000, 0x000000061f000000|  0%| F|  |TAMS 0x000000061ec00000, 0x000000061ec00000| Untracked 
| 112|0x000000061f000000, 0x000000061f000000, 0x000000061f400000|  0%| F|  |TAMS 0x000000061f000000, 0x000000061f000000| Untracked 
| 113|0x000000061f400000, 0x000000061f400000, 0x000000061f800000|  0%| F|  |TAMS 0x000000061f400000, 0x000000061f400000| Untracked 
| 114|0x000000061f800000, 0x000000061f800000, 0x000000061fc00000|  0%| F|  |TAMS 0x000000061f800000, 0x000000061f800000| Untracked 
| 115|0x000000061fc00000, 0x000000061fc00000, 0x0000000620000000|  0%| F|  |TAMS 0x000000061fc00000, 0x000000061fc00000| Untracked 
| 116|0x0000000620000000, 0x0000000620000000, 0x0000000620400000|  0%| F|  |TAMS 0x0000000620000000, 0x0000000620000000| Untracked 
| 117|0x0000000620400000, 0x0000000620400000, 0x0000000620800000|  0%| F|  |TAMS 0x0000000620400000, 0x0000000620400000| Untracked 
| 118|0x0000000620800000, 0x0000000620800000, 0x0000000620c00000|  0%| F|  |TAMS 0x0000000620800000, 0x0000000620800000| Untracked 
| 119|0x0000000620c00000, 0x0000000620de5c98, 0x0000000621000000| 47%| S|CS|TAMS 0x0000000620c00000, 0x0000000620c00000| Complete 
| 120|0x0000000621000000, 0x0000000621000000, 0x0000000621400000|  0%| F|  |TAMS 0x0000000621000000, 0x0000000621000000| Untracked 
| 121|0x0000000621400000, 0x0000000621400000, 0x0000000621800000|  0%| F|  |TAMS 0x0000000621400000, 0x0000000621400000| Untracked 
| 122|0x0000000621800000, 0x0000000621c00000, 0x0000000621c00000|100%| E|  |TAMS 0x0000000621800000, 0x0000000621800000| Complete 
| 123|0x0000000621c00000, 0x0000000622000000, 0x0000000622000000|100%| E|CS|TAMS 0x0000000621c00000, 0x0000000621c00000| Complete 
| 124|0x0000000622000000, 0x0000000622400000, 0x0000000622400000|100%| E|CS|TAMS 0x0000000622000000, 0x0000000622000000| Complete 
| 125|0x0000000622400000, 0x0000000622800000, 0x0000000622800000|100%| E|CS|TAMS 0x0000000622400000, 0x0000000622400000| Complete 
| 126|0x0000000622800000, 0x0000000622c00000, 0x0000000622c00000|100%| E|CS|TAMS 0x0000000622800000, 0x0000000622800000| Complete 
| 127|0x0000000622c00000, 0x0000000623000000, 0x0000000623000000|100%| E|CS|TAMS 0x0000000622c00000, 0x0000000622c00000| Complete 

Card table byte_map: [0x00000238c2d90000,0x00000238c3d80000] _byte_map_base: 0x00000238bfd78000

Marking Bits (Prev, Next): (CMBitMap*) 0x00000238aaa668b0, (CMBitMap*) 0x00000238aaa668f0
 Prev Bits: [0x00000238c4d70000, 0x00000238cccb0000)
 Next Bits: [0x00000238cccb0000, 0x00000238d4bf0000)

Polling page: 0x00000238a87f0000

Metaspace:

Usage:
  Non-class:     15.22 MB used.
      Class:      2.49 MB used.
       Both:     17.72 MB used.

Virtual space:
  Non-class space:       64.00 MB reserved,      15.31 MB ( 24%) committed,  1 nodes.
      Class space:        1.00 GB reserved,       2.56 MB ( <1%) committed,  1 nodes.
             Both:        1.06 GB reserved,      17.88 MB (  2%) committed. 

Chunk freelists:
   Non-Class:  14.55 MB
       Class:  13.38 MB
        Both:  27.92 MB

MaxMetaspaceSize: unlimited
CompressedClassSpaceSize: 1.00 GB
Initial GC threshold: 21.00 MB
Current GC threshold: 21.00 MB
CDS: on
MetaspaceReclaimPolicy: balanced
 - commit_granule_bytes: 65536.
 - commit_granule_words: 8192.
 - virtual_space_node_default_size: 8388608.
 - enlarge_chunks_in_place: 1.
 - new_chunks_are_fully_committed: 0.
 - uncommit_free_chunks: 1.
 - use_allocation_guard: 0.
 - handle_deallocations: 1.


Internal statistics:

num_allocs_failed_limit: 0.
num_arena_births: 110.
num_arena_deaths: 0.
num_vsnodes_births: 2.
num_vsnodes_deaths: 0.
num_space_committed: 285.
num_space_uncommitted: 0.
num_chunks_returned_to_freelist: 0.
num_chunks_taken_from_freelist: 707.
num_chunk_merges: 0.
num_chunk_splits: 565.
num_chunks_enlarged: 514.
num_inconsistent_stats: 0.

CodeHeap 'non-profiled nmethods': size=119168Kb used=571Kb max_used=571Kb free=118596Kb
 bounds [0x00000238ba0c0000, 0x00000238ba330000, 0x00000238c1520000]
CodeHeap 'profiled nmethods': size=119104Kb used=2043Kb max_used=2043Kb free=117060Kb
 bounds [0x00000238b2520000, 0x00000238b2790000, 0x00000238b9970000]
CodeHeap 'non-nmethods': size=7488Kb used=2885Kb max_used=2915Kb free=4602Kb
 bounds [0x00000238b9970000, 0x00000238b9c50000, 0x00000238ba0c0000]
 total_blobs=1755 nmethods=1255 adapters=410
 compilation: enabled
              stopped_count=0, restarted_count=0
 full_count=0

Compilation events (20 events):
Event: 2.495 Thread 0x00000238d7c501b0 nmethod 1246 0x00000238b2718090 code [0x00000238b2718240, 0x00000238b2718408]
Event: 2.495 Thread 0x00000238d7c501b0 1247  s!   3       java.util.jar.JarFile::ensureInitialization (74 bytes)
Event: 2.495 Thread 0x00000238d700e910 nmethod 1245 0x00000238b2718510 code [0x00000238b2718740, 0x00000238b2718de8]
Event: 2.495 Thread 0x00000238d7c501b0 nmethod 1247 0x00000238b2719110 code [0x00000238b2719320, 0x00000238b2719958]
Event: 2.496 Thread 0x00000238d7c60ce0 nmethod 1244 0x00000238b2719b10 code [0x00000238b2719ec0, 0x00000238b271b758]
Event: 2.496 Thread 0x00000238d7c501b0 1248       3       jdk.internal.loader.Resource::getByteBuffer (24 bytes)
Event: 2.496 Thread 0x00000238d7ce0920 1249       3       jdk.internal.loader.URLClassPath$JarLoader$2::getCodeSigners (8 bytes)
Event: 2.496 Thread 0x00000238d7c501b0 nmethod 1248 0x00000238b271c190 code [0x00000238b271c380, 0x00000238b271cb18]
Event: 2.496 Thread 0x00000238d7ce0920 nmethod 1249 0x00000238b271cd10 code [0x00000238b271cec0, 0x00000238b271d0a8]
Event: 2.516 Thread 0x00000238d7c501b0 1250       3       java.util.regex.Pattern::isSupplementary (21 bytes)
Event: 2.516 Thread 0x00000238d7c60ce0 1251       3       java.lang.Character::isSurrogate (18 bytes)
Event: 2.516 Thread 0x00000238d7ce0920 1252       3       java.lang.String::checkIndex (48 bytes)
Event: 2.516 Thread 0x00000238d7c60ce0 nmethod 1251 0x00000238b271d190 code [0x00000238b271d320, 0x00000238b271d498]
Event: 2.516 Thread 0x00000238d7c501b0 nmethod 1250 0x00000238b271d510 code [0x00000238b271d6c0, 0x00000238b271d938]
Event: 2.516 Thread 0x00000238d700e910 1253       3       java.lang.String::codePointAt (50 bytes)
Event: 2.516 Thread 0x00000238d700e910 nmethod 1253 0x00000238b271da10 code [0x00000238b271dc00, 0x00000238b271dfa8]
Event: 2.516 Thread 0x00000238d7ce0920 nmethod 1252 0x00000238b271e190 code [0x00000238b271e400, 0x00000238b271eb78]
Event: 2.524 Thread 0x00000238d7c5fad0 1254       4       java.lang.ClassLoader::getClassLoadingLock (35 bytes)
Event: 2.525 Thread 0x00000238d7c5fad0 nmethod 1254 0x00000238ba14d610 code [0x00000238ba14d7a0, 0x00000238ba14d8e8]
Event: 2.525 Thread 0x00000238d7c5fad0 1255       4       jdk.internal.loader.BuiltinClassLoader::findLoadedModule (33 bytes)

GC Heap History (4 events):
Event: 1.006 GC heap before
{Heap before GC invocations=0 (full 0):
 garbage-first heap   total 524288K, used 24576K [0x0000000603000000, 0x0000000800000000)
  region size 4096K, 6 young (24576K), 0 survivors (0K)
 Metaspace       used 6763K, committed 6912K, reserved 1114112K
  class space    used 699K, committed 768K, reserved 1048576K
}
Event: 1.044 GC heap after
{Heap after GC invocations=1 (full 0):
 garbage-first heap   total 524288K, used 6904K [0x0000000603000000, 0x0000000800000000)
  region size 4096K, 1 young (4096K), 1 survivors (4096K)
 Metaspace       used 6763K, committed 6912K, reserved 1114112K
  class space    used 699K, committed 768K, reserved 1048576K
}
Event: 2.088 GC heap before
{Heap before GC invocations=1 (full 0):
 garbage-first heap   total 524288K, used 35576K [0x0000000603000000, 0x0000000800000000)
  region size 4096K, 8 young (32768K), 1 survivors (4096K)
 Metaspace       used 15257K, committed 15488K, reserved 1114112K
  class space    used 2016K, committed 2112K, reserved 1048576K
}
Event: 2.090 GC heap after
{Heap after GC invocations=2 (full 0):
 garbage-first heap   total 524288K, used 8802K [0x0000000603000000, 0x0000000800000000)
  region size 4096K, 1 young (4096K), 1 survivors (4096K)
 Metaspace       used 15257K, committed 15488K, reserved 1114112K
  class space    used 2016K, committed 2112K, reserved 1048576K
}

Dll operation events (7 events):
Event: 0.006 Loaded shared library C:\Program Files\Eclipse Adoptium\jdk-17.0.16.8-hotspot\bin\java.dll
Event: 0.030 Loaded shared library C:\Program Files\Eclipse Adoptium\jdk-17.0.16.8-hotspot\bin\jsvml.dll
Event: 0.131 Loaded shared library C:\Program Files\Eclipse Adoptium\jdk-17.0.16.8-hotspot\bin\net.dll
Event: 0.133 Loaded shared library C:\Program Files\Eclipse Adoptium\jdk-17.0.16.8-hotspot\bin\nio.dll
Event: 0.156 Loaded shared library C:\Program Files\Eclipse Adoptium\jdk-17.0.16.8-hotspot\bin\zip.dll
Event: 0.178 Loaded shared library C:\Program Files\Eclipse Adoptium\jdk-17.0.16.8-hotspot\bin\jimage.dll
Event: 1.565 Loaded shared library C:\Program Files\Eclipse Adoptium\jdk-17.0.16.8-hotspot\bin\verify.dll

Deoptimization events (20 events):
Event: 2.062 Thread 0x00000238aa9b5260 DEOPT PACKING pc=0x00000238b26c548a sp=0x00000084fe2fe2f0
Event: 2.062 Thread 0x00000238aa9b5260 DEOPT UNPACKING pc=0x00000238b99c7143 sp=0x00000084fe2fd7f0 mode 0
Event: 2.062 Thread 0x00000238aa9b5260 DEOPT PACKING pc=0x00000238b26c548a sp=0x00000084fe2fe2f0
Event: 2.062 Thread 0x00000238aa9b5260 DEOPT UNPACKING pc=0x00000238b99c7143 sp=0x00000084fe2fd7f0 mode 0
Event: 2.063 Thread 0x00000238aa9b5260 DEOPT PACKING pc=0x00000238b26c548a sp=0x00000084fe2fe2f0
Event: 2.063 Thread 0x00000238aa9b5260 DEOPT UNPACKING pc=0x00000238b99c7143 sp=0x00000084fe2fd7f0 mode 0
Event: 2.063 Thread 0x00000238aa9b5260 DEOPT PACKING pc=0x00000238b26c548a sp=0x00000084fe2fe2f0
Event: 2.063 Thread 0x00000238aa9b5260 DEOPT UNPACKING pc=0x00000238b99c7143 sp=0x00000084fe2fd7f0 mode 0
Event: 2.064 Thread 0x00000238aa9b5260 DEOPT PACKING pc=0x00000238b26c548a sp=0x00000084fe2fe2f0
Event: 2.064 Thread 0x00000238aa9b5260 DEOPT UNPACKING pc=0x00000238b99c7143 sp=0x00000084fe2fd7f0 mode 0
Event: 2.069 Thread 0x00000238aa9b5260 DEOPT PACKING pc=0x00000238b26c548a sp=0x00000084fe2fe2f0
Event: 2.069 Thread 0x00000238aa9b5260 DEOPT UNPACKING pc=0x00000238b99c7143 sp=0x00000084fe2fd7f0 mode 0
Event: 2.074 Thread 0x00000238aa9b5260 Uncommon trap: trap_request=0xffffff6e fr.pc=0x00000238ba0f251c relative=0x00000000000003fc
Event: 2.074 Thread 0x00000238aa9b5260 Uncommon trap: reason=loop_limit_check action=maybe_recompile pc=0x00000238ba0f251c method=java.lang.StringLatin1.indexOf([BI[BII)I @ 37 c2
Event: 2.074 Thread 0x00000238aa9b5260 DEOPT PACKING pc=0x00000238ba0f251c sp=0x00000084fe2fe2d0
Event: 2.074 Thread 0x00000238aa9b5260 DEOPT UNPACKING pc=0x00000238b99c69a3 sp=0x00000084fe2fe230 mode 2
Event: 2.477 Thread 0x00000238aa9b5260 Uncommon trap: trap_request=0xffffff45 fr.pc=0x00000238ba0e8fec relative=0x000000000000062c
Event: 2.477 Thread 0x00000238aa9b5260 Uncommon trap: reason=unstable_if action=reinterpret pc=0x00000238ba0e8fec method=java.lang.AbstractStringBuilder.append(Ljava/lang/String;)Ljava/lang/AbstractStringBuilder; @ 1 c2
Event: 2.477 Thread 0x00000238aa9b5260 DEOPT PACKING pc=0x00000238ba0e8fec sp=0x00000084fe2fdef0
Event: 2.477 Thread 0x00000238aa9b5260 DEOPT UNPACKING pc=0x00000238b99c69a3 sp=0x00000084fe2fde70 mode 2

Classes loaded (20 events):
Event: 2.427 Loading class java/net/JarURLConnection done
Event: 2.427 Loading class sun/net/www/protocol/jar/JarURLConnection done
Event: 2.427 Loading class sun/net/www/protocol/jar/JarFileFactory
Event: 2.427 Loading class sun/net/www/protocol/jar/URLJarFile$URLJarFileCloseController
Event: 2.427 Loading class sun/net/www/protocol/jar/URLJarFile$URLJarFileCloseController done
Event: 2.427 Loading class sun/net/www/protocol/jar/JarFileFactory done
Event: 2.427 Loading class sun/net/www/protocol/file/FileURLConnection
Event: 2.427 Loading class sun/net/www/URLConnection
Event: 2.427 Loading class sun/net/www/URLConnection done
Event: 2.427 Loading class sun/net/www/protocol/file/FileURLConnection done
Event: 2.427 Loading class sun/net/www/MessageHeader
Event: 2.428 Loading class sun/net/www/MessageHeader done
Event: 2.428 Loading class sun/net/www/protocol/jar/URLJarFile
Event: 2.428 Loading class sun/net/www/protocol/jar/URLJarFile done
Event: 2.429 Loading class sun/net/www/protocol/jar/URLJarFile$URLJarFileEntry
Event: 2.430 Loading class sun/net/www/protocol/jar/URLJarFile$URLJarFileEntry done
Event: 2.430 Loading class sun/net/www/protocol/jar/JarURLConnection$JarURLInputStream
Event: 2.430 Loading class sun/net/www/protocol/jar/JarURLConnection$JarURLInputStream done
Event: 2.516 Loading class java/util/Formatter$FixedString
Event: 2.516 Loading class java/util/Formatter$FixedString done

Classes unloaded (0 events):
No events

Classes redefined (0 events):
No events

Internal exceptions (20 events):
Event: 1.123 Thread 0x00000238aa9b5260 Exception <a 'java/lang/NoSuchMethodError'{0x0000000622f169f0}: 'int java.lang.invoke.DirectMethodHandle$Holder.invokeStaticInit(java.lang.Object, java.lang.Object, java.lang.Object, java.lang.Object)'> (0x0000000622f169f0) 
thrown [s\src\hotspot\share\interpreter\linkResolver.cpp, line 759]
Event: 1.164 Thread 0x00000238aa9b5260 Exception <a 'java/lang/NoSuchMethodError'{0x00000006228daa40}: 'long java.lang.invoke.Invokers$Holder.invoke_MT(java.lang.Object, java.lang.Object, java.lang.Object, java.lang.Object)'> (0x00000006228daa40) 
thrown [s\src\hotspot\share\interpreter\linkResolver.cpp, line 759]
Event: 1.168 Thread 0x00000238aa9b5260 Exception <a 'java/lang/NoSuchMethodError'{0x00000006228e60d0}: 'int java.lang.invoke.DirectMethodHandle$Holder.invokeSpecial(java.lang.Object, java.lang.Object, java.lang.Object)'> (0x00000006228e60d0) 
thrown [s\src\hotspot\share\interpreter\linkResolver.cpp, line 759]
Event: 1.168 Thread 0x00000238aa9b5260 Exception <a 'java/lang/NoSuchMethodError'{0x00000006228e9dc0}: 'int java.lang.invoke.DirectMethodHandle$Holder.invokeSpecial(java.lang.Object, java.lang.Object, java.lang.Object, java.lang.Object)'> (0x00000006228e9dc0) 
thrown [s\src\hotspot\share\interpreter\linkResolver.cpp, line 759]
Event: 1.172 Thread 0x00000238aa9b5260 Exception <a 'java/lang/NoSuchMethodError'{0x00000006228ed428}: 'int java.lang.invoke.Invokers$Holder.invoke_MT(java.lang.Object, java.lang.Object, java.lang.Object, java.lang.Object)'> (0x00000006228ed428) 
thrown [s\src\hotspot\share\interpreter\linkResolver.cpp, line 759]
Event: 1.177 Thread 0x00000238aa9b5260 Exception <a 'java/lang/NoSuchMethodError'{0x00000006228fc9b0}: 'void java.lang.invoke.DelegatingMethodHandle$Holder.reinvoke_L(java.lang.Object, java.lang.Object, java.lang.Object, long, java.lang.Object)'> (0x00000006228fc9b0) 
thrown [s\src\hotspot\share\interpreter\linkResolver.cpp, line 759]
Event: 1.179 Thread 0x00000238aa9b5260 Exception <a 'java/lang/NoSuchMethodError'{0x00000006229045e8}: 'java.lang.Object java.lang.invoke.DirectMethodHandle$Holder.invokeSpecial(java.lang.Object, java.lang.Object, java.lang.Object, java.lang.Object, long)'> (0x00000006229045e8) 
thrown [s\src\hotspot\share\interpreter\linkResolver.cpp, line 759]
Event: 1.181 Thread 0x00000238aa9b5260 Exception <a 'java/lang/NoSuchMethodError'{0x00000006229139a8}: 'int java.lang.invoke.DelegatingMethodHandle$Holder.reinvoke_L(java.lang.Object, java.lang.Object, java.lang.Object, long, java.lang.Object, java.lang.Object)'> (0x00000006229139a8) 
thrown [s\src\hotspot\share\interpreter\linkResolver.cpp, line 759]
Event: 1.183 Thread 0x00000238aa9b5260 Exception <a 'java/lang/NoSuchMethodError'{0x00000006229b1d60}: 'int java.lang.invoke.DelegatingMethodHandle$Holder.reinvoke_L(java.lang.Object, java.lang.Object, java.lang.Object, long, int, int)'> (0x00000006229b1d60) 
thrown [s\src\hotspot\share\interpreter\linkResolver.cpp, line 759]
Event: 1.185 Thread 0x00000238aa9b5260 Exception <a 'java/lang/NoSuchMethodError'{0x00000006229c07c0}: 'int java.lang.invoke.DelegatingMethodHandle$Holder.reinvoke_L(java.lang.Object, java.lang.Object, java.lang.Object, long, long, long)'> (0x00000006229c07c0) 
thrown [s\src\hotspot\share\interpreter\linkResolver.cpp, line 759]
Event: 1.186 Thread 0x00000238aa9b5260 Exception <a 'java/lang/NoSuchMethodError'{0x00000006229cedd8}: 'int java.lang.invoke.DelegatingMethodHandle$Holder.reinvoke_L(java.lang.Object, java.lang.Object, java.lang.Object, long, int)'> (0x00000006229cedd8) 
thrown [s\src\hotspot\share\interpreter\linkResolver.cpp, line 759]
Event: 1.206 Thread 0x00000238aa9b5260 Exception <a 'java/lang/NoSuchMethodError'{0x0000000622abee50}: 'int java.lang.invoke.DirectMethodHandle$Holder.invokeStaticInit(java.lang.Object, java.lang.Object, java.lang.Object)'> (0x0000000622abee50) 
thrown [s\src\hotspot\share\interpreter\linkResolver.cpp, line 759]
Event: 1.214 Thread 0x00000238aa9b5260 Exception <a 'java/lang/NoSuchMethodError'{0x0000000622ae7eb8}: 'int java.lang.invoke.DirectMethodHandle$Holder.invokeStaticInit(java.lang.Object, java.lang.Object)'> (0x0000000622ae7eb8) 
thrown [s\src\hotspot\share\interpreter\linkResolver.cpp, line 759]
Event: 1.238 Thread 0x00000238aa9b5260 Exception <a 'java/lang/NoSuchMethodError'{0x0000000622bc7fd0}: 'void java.lang.invoke.DirectMethodHandle$Holder.invokeSpecial(java.lang.Object, java.lang.Object, java.lang.Object)'> (0x0000000622bc7fd0) 
thrown [s\src\hotspot\share\interpreter\linkResolver.cpp, line 759]
Event: 1.356 Thread 0x00000238aa9b5260 Exception <a 'java/lang/NoSuchMethodError'{0x00000006226ec858}: 'void java.lang.invoke.DirectMethodHandle$Holder.invokeStatic(java.lang.Object, java.lang.Object, java.lang.Object, java.lang.Object)'> (0x00000006226ec858) 
thrown [s\src\hotspot\share\interpreter\linkResolver.cpp, line 759]
Event: 1.498 Thread 0x00000238aa9b5260 Exception <a 'java/lang/NoSuchMethodError'{0x00000006222b44e8}: 'void java.lang.invoke.DirectMethodHandle$Holder.invokeStaticInit(java.lang.Object, java.lang.Object)'> (0x00000006222b44e8) 
thrown [s\src\hotspot\share\interpreter\linkResolver.cpp, line 759]
Event: 1.653 Thread 0x00000238aa9b5260 Exception <a 'java/lang/NoSuchMethodError'{0x0000000621f71788}: 'void java.lang.invoke.DirectMethodHandle$Holder.invokeVirtual(java.lang.Object, java.lang.Object)'> (0x0000000621f71788) 
thrown [s\src\hotspot\share\interpreter\linkResolver.cpp, line 759]
Event: 1.662 Thread 0x00000238aa9b5260 Exception <a 'java/lang/NoSuchMethodError'{0x0000000621fec300}: 'int java.lang.invoke.DirectMethodHandle$Holder.invokeVirtual(java.lang.Object, java.lang.Object)'> (0x0000000621fec300) 
thrown [s\src\hotspot\share\interpreter\linkResolver.cpp, line 759]
Event: 1.707 Thread 0x00000238aa9b5260 Exception <a 'java/lang/NoSuchMethodError'{0x00000006218a7c60}: 'java.lang.Object java.lang.invoke.Invokers$Holder.invokeExact_MT(java.lang.Object, java.lang.Object, java.lang.Object, java.lang.Object, java.lang.Object, java.lang.Object)'> (0x00000006218a7c60) 
thrown [s\src\hotspot\share\interpreter\linkResolver.cpp, line 759]
Event: 2.477 Thread 0x00000238aa9b5260 Implicit null exception at 0x00000238ba0e89f2 to 0x00000238ba0e8fd4

VM Operations (16 events):
Event: 0.157 Executing VM operation: HandshakeAllThreads
Event: 0.157 Executing VM operation: HandshakeAllThreads done
Event: 0.601 Executing VM operation: HandshakeAllThreads
Event: 0.601 Executing VM operation: HandshakeAllThreads done
Event: 0.743 Executing VM operation: HandshakeAllThreads
Event: 0.743 Executing VM operation: HandshakeAllThreads done
Event: 1.006 Executing VM operation: G1CollectForAllocation
Event: 1.044 Executing VM operation: G1CollectForAllocation done
Event: 2.056 Executing VM operation: Cleanup
Event: 2.057 Executing VM operation: Cleanup done
Event: 2.079 Executing VM operation: G1CollectForAllocation
Event: 2.090 Executing VM operation: G1CollectForAllocation done
Event: 2.428 Executing VM operation: HandshakeAllThreads
Event: 2.428 Executing VM operation: HandshakeAllThreads done
Event: 2.428 Executing VM operation: HandshakeAllThreads
Event: 2.428 Executing VM operation: HandshakeAllThreads done

Memory protections (0 events):
No events

Nmethod flushes (0 events):
No events

Events (20 events):
Event: 0.119 Thread 0x00000238d7c60ce0 Thread added: 0x00000238d7ce0920
Event: 0.119 Thread 0x00000238d7c60ce0 Thread added: 0x00000238d7c501b0
Event: 0.125 Thread 0x00000238aa9b5260 Thread added: 0x00000238d7d89ca0
Event: 0.127 Thread 0x00000238aa9b5260 Thread added: 0x00000238d7d90590
Event: 0.144 Thread 0x00000238d7c5fad0 Thread added: 0x00000238d7dc0c80
Event: 0.308 Thread 0x00000238d7dc0c80 Thread exited: 0x00000238d7dc0c80
Event: 2.068 Thread 0x00000238d7c60ce0 Thread added: 0x000002391d66c700
Event: 2.094 Thread 0x000002391d66c700 Thread added: 0x000002391d73cb80
Event: 2.106 Thread 0x000002391d66c700 Thread added: 0x000002391d661060
Event: 2.143 Thread 0x00000238d7c5fad0 Thread added: 0x000002391deb1f20
Event: 2.143 Thread 0x00000238d7c5fad0 Thread added: 0x000002391dbc4190
Event: 2.143 Thread 0x00000238d7c5fad0 Thread added: 0x000002391dbc46b0
Event: 2.144 Thread 0x00000238d7c5fad0 Thread added: 0x000002391dd4c960
Event: 2.318 Thread 0x000002391dbc4190 Thread exited: 0x000002391dbc4190
Event: 2.318 Thread 0x000002391dd4c960 Thread exited: 0x000002391dd4c960
Event: 2.318 Thread 0x000002391dbc46b0 Thread exited: 0x000002391dbc46b0
Event: 2.371 Thread 0x000002391deb1f20 Thread exited: 0x000002391deb1f20
Event: 2.371 Thread 0x000002391d661060 Thread exited: 0x000002391d661060
Event: 2.426 Thread 0x000002391d73cb80 Thread exited: 0x000002391d73cb80
Event: 2.426 Thread 0x000002391d66c700 Thread exited: 0x000002391d66c700


Dynamic libraries:
0x00007ff737410000 - 0x00007ff73741e000 	C:\Program Files\Eclipse Adoptium\jdk-17.0.16.8-hotspot\bin\java.exe
0x00007ffe40d90000 - 0x00007ffe40f88000 	C:\Windows\SYSTEM32\ntdll.dll
0x00007ffe3edf0000 - 0x00007ffe3eead000 	C:\Windows\System32\KERNEL32.DLL
0x00007ffe3ea10000 - 0x00007ffe3ed06000 	C:\Windows\System32\KERNELBASE.dll
0x00007ffe3e470000 - 0x00007ffe3e570000 	C:\Windows\System32\ucrtbase.dll
0x00007ffe370c0000 - 0x00007ffe370d7000 	C:\Program Files\Eclipse Adoptium\jdk-17.0.16.8-hotspot\bin\jli.dll
0x00007ffe3f250000 - 0x00007ffe3f3ee000 	C:\Windows\System32\USER32.dll
0x00007ffe3e770000 - 0x00007ffe3e792000 	C:\Windows\System32\win32u.dll
0x00007ffe3f180000 - 0x00007ffe3f1ac000 	C:\Windows\System32\GDI32.dll
0x00007ffe3e5c0000 - 0x00007ffe3e6da000 	C:\Windows\System32\gdi32full.dll
0x00007ffe3e7a0000 - 0x00007ffe3e83d000 	C:\Windows\System32\msvcp_win.dll
0x00007ffe227e0000 - 0x00007ffe227fe000 	C:\Program Files\Eclipse Adoptium\jdk-17.0.16.8-hotspot\bin\VCRUNTIME140.dll
0x00007ffe2a0c0000 - 0x00007ffe2a35a000 	C:\Windows\WinSxS\amd64_microsoft.windows.common-controls_6595b64144ccf1df_6.0.19041.3636_none_60b6a03d71f818d5\COMCTL32.dll
0x00007ffe3f1b0000 - 0x00007ffe3f24e000 	C:\Windows\System32\msvcrt.dll
0x00007ffe40d20000 - 0x00007ffe40d50000 	C:\Windows\System32\IMM32.DLL
0x00007ffe39e60000 - 0x00007ffe39e6c000 	C:\Program Files\Eclipse Adoptium\jdk-17.0.16.8-hotspot\bin\vcruntime140_1.dll
0x00007ffe11890000 - 0x00007ffe1191d000 	C:\Program Files\Eclipse Adoptium\jdk-17.0.16.8-hotspot\bin\msvcp140.dll
0x00007ffddb0d0000 - 0x00007ffddbd3b000 	C:\Program Files\Eclipse Adoptium\jdk-17.0.16.8-hotspot\bin\server\jvm.dll
0x00007ffe409b0000 - 0x00007ffe40a5f000 	C:\Windows\System32\ADVAPI32.dll
0x00007ffe405f0000 - 0x00007ffe4068c000 	C:\Windows\System32\sechost.dll
0x00007ffe3eeb0000 - 0x00007ffe3efd6000 	C:\Windows\System32\RPCRT4.dll
0x00007ffe40690000 - 0x00007ffe406fb000 	C:\Windows\System32\WS2_32.dll
0x00007ffe3da20000 - 0x00007ffe3da6b000 	C:\Windows\SYSTEM32\POWRPROF.dll
0x00007ffe2c1b0000 - 0x00007ffe2c1d7000 	C:\Windows\SYSTEM32\WINMM.dll
0x00007ffe38c50000 - 0x00007ffe38c5a000 	C:\Windows\SYSTEM32\VERSION.dll
0x00007ffe3d890000 - 0x00007ffe3d8a2000 	C:\Windows\SYSTEM32\UMPDC.dll
0x00007ffe3c350000 - 0x00007ffe3c362000 	C:\Windows\SYSTEM32\kernel.appcore.dll
0x00007ffe27cb0000 - 0x00007ffe27cba000 	C:\Program Files\Eclipse Adoptium\jdk-17.0.16.8-hotspot\bin\jimage.dll
0x00007ffe2a550000 - 0x00007ffe2a734000 	C:\Windows\SYSTEM32\DBGHELP.DLL
0x00007ffe28050000 - 0x00007ffe28084000 	C:\Windows\SYSTEM32\dbgcore.DLL
0x00007ffe3e6e0000 - 0x00007ffe3e762000 	C:\Windows\System32\bcryptPrimitives.dll
0x00007ffe144a0000 - 0x00007ffe144c5000 	C:\Program Files\Eclipse Adoptium\jdk-17.0.16.8-hotspot\bin\java.dll
0x00007ffe114e0000 - 0x00007ffe115b7000 	C:\Program Files\Eclipse Adoptium\jdk-17.0.16.8-hotspot\bin\jsvml.dll
0x00007ffe3fea0000 - 0x00007ffe405e5000 	C:\Windows\System32\SHELL32.dll
0x00007ffe3c550000 - 0x00007ffe3cceb000 	C:\Windows\SYSTEM32\windows.storage.dll
0x00007ffe3f8f0000 - 0x00007ffe3fc44000 	C:\Windows\System32\combase.dll
0x00007ffe3deb0000 - 0x00007ffe3dedd000 	C:\Windows\SYSTEM32\Wldp.dll
0x00007ffe40a60000 - 0x00007ffe40b0d000 	C:\Windows\System32\SHCORE.dll
0x00007ffe40950000 - 0x00007ffe409a5000 	C:\Windows\System32\shlwapi.dll
0x00007ffe3e3a0000 - 0x00007ffe3e3c5000 	C:\Windows\SYSTEM32\profapi.dll
0x00007ffe1bb10000 - 0x00007ffe1bb29000 	C:\Program Files\Eclipse Adoptium\jdk-17.0.16.8-hotspot\bin\net.dll
0x00007ffe382c0000 - 0x00007ffe383ca000 	C:\Windows\SYSTEM32\WINHTTP.dll
0x00007ffe3dc10000 - 0x00007ffe3dc7a000 	C:\Windows\system32\mswsock.dll
0x00007ffe18430000 - 0x00007ffe18446000 	C:\Program Files\Eclipse Adoptium\jdk-17.0.16.8-hotspot\bin\nio.dll
0x00007ffe14390000 - 0x00007ffe143a8000 	C:\Program Files\Eclipse Adoptium\jdk-17.0.16.8-hotspot\bin\zip.dll
0x00007ffe24c80000 - 0x00007ffe24c90000 	C:\Program Files\Eclipse Adoptium\jdk-17.0.16.8-hotspot\bin\verify.dll

dbghelp: loaded successfully - version: 4.0.5 - missing functions: none
symbol engine: initialized successfully - sym options: 0x614 - pdb path: .;C:\Program Files\Eclipse Adoptium\jdk-17.0.16.8-hotspot\bin;C:\Windows\SYSTEM32;C:\Windows\WinSxS\amd64_microsoft.windows.common-controls_6595b64144ccf1df_6.0.19041.3636_none_60b6a03d71f818d5;C:\Program Files\Eclipse Adoptium\jdk-17.0.16.8-hotspot\bin\server

VM Arguments:
java_command: org.jetbrains.kotlin.cli.jvm.K2JVMCompiler @E:\AI\cursor\ChatApp\app\whoxa-flutter-app\build\pdf_render\20250921_13902798442586375355.compiler.options
java_class_path (initial): C:\Users\Administrator\.gradle\caches\modules-2\files-2.1\org.jetbrains.kotlin\kotlin-compiler-embeddable\1.9.25\6e698f23ca1f74d6672827f61e92c2fe015d1b88\kotlin-compiler-embeddable-1.9.25.jar;C:\Users\Administrator\.gradle\caches\modules-2\files-2.1\org.jetbrains.kotlin\kotlin-stdlib\1.9.25\f700a2f2b8f0d6d0fde48f56d894dc722fb029d7\kotlin-stdlib-1.9.25.jar;C:\Users\Administrator\.gradle\caches\modules-2\files-2.1\org.jetbrains.kotlin\kotlin-script-runtime\1.9.25\43cdc99e4582c67c2b60f609d0e4c015d33a8e89\kotlin-script-runtime-1.9.25.jar;C:\Users\Administrator\.gradle\caches\modules-2\files-2.1\org.jetbrains.kotlin\kotlin-reflect\1.6.10\1cbe9c92c12a94eea200d23c2bbaedaf3daf5132\kotlin-reflect-1.6.10.jar;C:\Users\Administrator\.gradle\caches\modules-2\files-2.1\org.jetbrains.kotlin\kotlin-daemon-embeddable\1.9.25\3a1ebb4f98ed480e4774f45e3be215626eb3ae02\kotlin-daemon-embeddable-1.9.25.jar;C:\Users\Administrator\.gradle\caches\modules-2\files-2.1\org.jetbrains.intellij.deps\trove4j\1.0.20200330\3afb14d5f9ceb459d724e907a21145e8ff394f02\trove4j-1.0.20200330.jar;C:\Users\Administrator\.gradle\caches\modules-2\files-2.1\org.jetbrains\annotations\13.0\919f0dfe192fb4e063e7dacadee7f8bb9a2672a9\annotations-13.0.jar
Launcher Type: SUN_STANDARD

[Global flags]
     intx CICompilerCount                          = 12                                        {product} {ergonomic}
     uint ConcGCThreads                            = 3                                         {product} {ergonomic}
     uint G1ConcRefinementThreads                  = 13                                        {product} {ergonomic}
   size_t G1HeapRegionSize                         = 4194304                                   {product} {ergonomic}
    uintx GCDrainStackTargetSize                   = 64                                        {product} {ergonomic}
   size_t InitialHeapSize                          = 536870912                                 {product} {ergonomic}
   size_t MarkStackSize                            = 4194304                                   {product} {ergonomic}
   size_t MaxHeapSize                              = 8539602944                                {product} {ergonomic}
   size_t MaxNewSize                               = 5121245184                                {product} {ergonomic}
   size_t MinHeapDeltaBytes                        = 4194304                                   {product} {ergonomic}
   size_t MinHeapSize                              = 8388608                                   {product} {ergonomic}
    uintx NonNMethodCodeHeapSize                   = 7602480                                {pd product} {ergonomic}
    uintx NonProfiledCodeHeapSize                  = 122027880                              {pd product} {ergonomic}
    uintx ProfiledCodeHeapSize                     = 122027880                              {pd product} {ergonomic}
    uintx ReservedCodeCacheSize                    = 251658240                              {pd product} {ergonomic}
     bool SegmentedCodeCache                       = true                                      {product} {ergonomic}
   size_t SoftMaxHeapSize                          = 8539602944                             {manageable} {ergonomic}
     bool UseCompressedClassPointers               = true                           {product lp64_product} {ergonomic}
     bool UseCompressedOops                        = true                           {product lp64_product} {ergonomic}
     bool UseG1GC                                  = true                                      {product} {ergonomic}
     bool UseLargePagesIndividualAllocation        = false                                  {pd product} {ergonomic}

Logging:
Log output configuration:
 #0: stdout all=warning uptime,level,tags
 #1: stderr all=off uptime,level,tags

Environment Variables:
JAVA_HOME=C:\Program Files\Eclipse Adoptium\jdk-17.0.16.8-hotspot
CLASSPATH=E:\AI\cursor\ChatApp\app\whoxa-flutter-app\android\\gradle\wrapper\gradle-wrapper.jar
PATH=C:\Program Files\Eclipse Adoptium\jdk-17.0.16.8-hotspot\bin;D:\Flutter4\flutter\bin;C:\Program Files\Eclipse Adoptium\jdk-17.0.16.8-hotspot\bin;C:\Program Files\Eclipse Adoptium\jdk-17.0.16.8-hotspot\bin;C:\Windows\system32;C:\Windows;C:\Windows\System32\Wbem;C:\Windows\System32\WindowsPowerShell\v1.0\;C:\Windows\System32\OpenSSH\;C:\Users\Administrator\AppData\Local\Microsoft\WindowsApps;C:\Users\Administrator\Desktop\useself\ai\cursor\cursor\resources\app\bin;D:\Flutter\install\flutter\bin;;D:\Flutter4\flutter\bin\mingit\cmd
USERNAME=Administrator
OS=Windows_NT
PROCESSOR_IDENTIFIER=Intel64 Family 6 Model 183 Stepping 1, GenuineIntel
TMP=C:\Users\ADMINI~1\AppData\Local\Temp
TEMP=C:\Users\ADMINI~1\AppData\Local\Temp



Periodic native trim disabled


---------------  S Y S T E M  ---------------

OS:
 Windows 10 , 64 bit Build 19041 (10.0.19041.3636)
OS uptime: 1 days 17:23 hours

CPU: total 16 (initial active 16) (8 cores per cpu, 2 threads per core) family 6 model 183 stepping 1 microcode 0x12c, cx8, cmov, fxsr, ht, mmx, 3dnowpref, sse, sse2, sse3, ssse3, sse4.1, sse4.2, popcnt, lzcnt, tsc, tscinvbit, avx, avx2, aes, erms, clmul, bmi1, bmi2, adx, sha, fma, vzeroupper, clflush, clflushopt, clwb
Processor Information for all 16 processors :
  Max Mhz: 2500, Current Mhz: 2500, Mhz Limit: 2500

Memory: 4k page, system-wide physical 32561M (5511M free)
TotalPageFile size 51761M (AvailPageFile size 471M)
current process WorkingSet (physical memory assigned to process): 117M, peak: 117M
current process commit charge ("private bytes"): 661M, peak: 662M

vm_info: OpenJDK 64-Bit Server VM (17.0.16+8) for windows-amd64 JRE (17.0.16+8), built on Jul 16 2025 10:37:56 by "admin" with MS VC++ 17.7 (VS2022)

END.
